=== LLaDA åç«¯æœåŠ¡æ—¥å¿— ===
å¯åŠ¨æ—¶é—´: Sun Jul 13 23:28:34 CST 2025
æ—¥å¿—ä¼šè¯: 20250713_232829
Pythonç‰ˆæœ¬: Python 3.12.3
å·¥ä½œç›®å½•: /root/LLaDA-main/lldm
è®¾å¤‡æ£€æµ‹: CUDAå¯ç”¨: True
==========================

2025-07-13 23:28:37 - INFO - [server.py:97] - åˆå§‹åŒ–è®¾å¤‡: cuda
2025-07-13 23:28:37 - INFO - [server.py:104] - GPUæ€»å†…å­˜: 23.5GB
2025-07-13 23:28:37 - INFO - [server.py:107] - å¼€å§‹åŠ è½½tokenizer...
2025-07-13 23:28:38 - INFO - [server.py:109] - TokenizeråŠ è½½æˆåŠŸ
2025-07-13 23:28:38 - INFO - [server.py:111] - å¼€å§‹åŠ è½½æ¨¡å‹...
2025-07-13 23:28:39 - INFO - [modeling.py:991] - We will use 90% of the memory on device 0 for storing the model, and 10% for the buffer to avoid OOM. You can set `max_memory` in to a higher value to use more memory (at your own risk).
2025-07-13 23:28:39 - WARNING - [modeling.py:1114] - The model weights are not tied. Please use the `tie_weights` method before using the `infer_auto_device` function.
2025-07-13 23:28:43 - INFO - [server.py:129] - æ¨¡å‹åŠ è½½æˆåŠŸï¼Œè®¾å¤‡: cuda
2025-07-13 23:28:43 - INFO - [server.py:132] - GPUå·²åˆ†é…å†…å­˜: 14.9GB
2025-07-13 23:28:43 - INFO - [_internal.py:97] - [31m[1mWARNING: This is a development server. Do not use it in a production deployment. Use a production WSGI server instead.[0m
 * Running on all addresses (0.0.0.0)
 * Running on http://127.0.0.1:9000
 * Running on http://172.17.0.3:9000
2025-07-13 23:28:43 - INFO - [_internal.py:97] - [33mPress CTRL+C to quit[0m
2025-07-13 23:28:44 - INFO - [server.py:73] - æ”¶åˆ°è¯·æ±‚: {
  "method": "GET",
  "url": "http://localhost:9000/health",
  "remote_addr": "127.0.0.1",
  "user_agent": "curl/7.81.0",
  "timestamp": "2025-07-13T23:28:44.469205"
}
2025-07-13 23:28:44 - INFO - [server.py:92] - å‘é€å“åº”: {
  "status_code": 200,
  "content_length": 37,
  "content_type": "application/json",
  "timestamp": "2025-07-13T23:28:44.470377",
  "response_body": "{\"device\":\"cuda\",\"status\":\"healthy\"}\n"
}
2025-07-13 23:28:44 - INFO - [_internal.py:97] - 127.0.0.1 - - [13/Jul/2025 23:28:44] "GET /health HTTP/1.1" 200 -
2025-07-13 23:28:49 - INFO - [server.py:73] - æ”¶åˆ°è¯·æ±‚: {
  "method": "GET",
  "url": "http://localhost:9000/health",
  "remote_addr": "127.0.0.1",
  "user_agent": "python-requests/2.31.0",
  "timestamp": "2025-07-13T23:28:49.387567"
}
2025-07-13 23:28:49 - INFO - [server.py:92] - å‘é€å“åº”: {
  "status_code": 200,
  "content_length": 37,
  "content_type": "application/json",
  "timestamp": "2025-07-13T23:28:49.388468",
  "response_body": "{\"device\":\"cuda\",\"status\":\"healthy\"}\n"
}
2025-07-13 23:28:49 - INFO - [_internal.py:97] - 127.0.0.1 - - [13/Jul/2025 23:28:49] "GET /health HTTP/1.1" 200 -
2025-07-13 23:28:50 - INFO - [server.py:73] - æ”¶åˆ°è¯·æ±‚: {
  "method": "POST",
  "url": "http://localhost:9000/generate",
  "remote_addr": "127.0.0.1",
  "user_agent": "python-requests/2.31.0",
  "timestamp": "2025-07-13T23:28:50.396259",
  "json_data": {
    "messages": [
      {
        "role": "user",
        "content": "ä½ å¥½"
      }
    ],
    "settings": {
      "gen_length": 16,
      "steps": 8,
      "temperature": 0.0,
      "cfg_scale": 0.0
    }
  }
}
2025-07-13 23:28:50 - INFO - [server.py:443] - [req_1752420530397] æ”¶åˆ°ç”Ÿæˆè¯·æ±‚
2025-07-13 23:28:50 - INFO - [server.py:451] - [req_1752420530397] è¯·æ±‚æ•°æ®è¯¦æƒ…:
2025-07-13 23:28:50 - INFO - [server.py:452] - [req_1752420530397] - æ¶ˆæ¯æ•°é‡: 1
2025-07-13 23:28:50 - INFO - [server.py:453] - [req_1752420530397] - è®¾ç½®å‚æ•°: {
  "gen_length": 16,
  "steps": 8,
  "temperature": 0.0,
  "cfg_scale": 0.0
}
2025-07-13 23:28:50 - DEBUG - [server.py:454] - [req_1752420530397] - å®Œæ•´æ¶ˆæ¯åˆ—è¡¨: [
  {
    "role": "user",
    "content": "ä½ å¥½"
  }
]
2025-07-13 23:28:50 - INFO - [server.py:465] - [req_1752420530397] å¼€å§‹ç”Ÿæˆå“åº”...
2025-07-13 23:28:50 - INFO - [server.py:201] - ============================================================
2025-07-13 23:28:50 - INFO - [server.py:202] - å¼€å§‹ç”Ÿæˆå“åº”
2025-07-13 23:28:50 - INFO - [server.py:203] - è¾“å…¥æ¶ˆæ¯æ•°é‡: 1
2025-07-13 23:28:50 - INFO - [server.py:205] - æ¶ˆæ¯ 1: è§’è‰²=user, å†…å®¹é•¿åº¦=2
2025-07-13 23:28:50 - DEBUG - [server.py:206] - æ¶ˆæ¯ 1 å†…å®¹: ä½ å¥½
2025-07-13 23:28:50 - INFO - [server.py:208] - è®¾ç½®å‚æ•°: {
  "gen_length": 16,
  "steps": 8,
  "temperature": 0.0,
  "cfg_scale": 0.0
}
2025-07-13 23:28:50 - INFO - [server.py:220] - è§£æåçš„çº¦æŸ: {}
2025-07-13 23:28:50 - INFO - [server.py:225] - ç”Ÿæˆå‰GPUå†…å­˜ä½¿ç”¨: 14.93GB
2025-07-13 23:28:50 - INFO - [server.py:228] - å‡†å¤‡è¾“å…¥prompt...
2025-07-13 23:28:50 - DEBUG - [server.py:230] - æ ¼å¼åŒ–åçš„chatè¾“å…¥: <|startoftext|><|start_header_id|>user<|end_header_id|>

ä½ å¥½<|eot_id|><|start_header_id|>assistant<|end_header_id|>


2025-07-13 23:28:50 - INFO - [server.py:234] - è¾“å…¥tokenæ•°é‡: 14
2025-07-13 23:28:50 - INFO - [server.py:241] - åºåˆ—æ€»é•¿åº¦: 30, prompté•¿åº¦: 14, ç”Ÿæˆé•¿åº¦: 16
2025-07-13 23:28:50 - INFO - [server.py:250] - åº”ç”¨çº¦æŸæ•°é‡: 0
2025-07-13 23:28:50 - INFO - [server.py:270] - å—å¤„ç†é…ç½®: å—é•¿åº¦=16, å—æ•°é‡=1, æ¯å—æ­¥æ•°=8
2025-07-13 23:28:50 - INFO - [server.py:274] - å¤„ç†ç¬¬ 1/1 å—...
2025-07-13 23:28:50 - DEBUG - [server.py:289] - å— 1, æ­¥éª¤ 1/8
2025-07-13 23:28:50 - DEBUG - [server.py:289] - å— 1, æ­¥éª¤ 2/8
2025-07-13 23:28:50 - DEBUG - [server.py:289] - å— 1, æ­¥éª¤ 3/8
2025-07-13 23:28:50 - DEBUG - [server.py:289] - å— 1, æ­¥éª¤ 4/8
2025-07-13 23:28:50 - DEBUG - [server.py:289] - å— 1, æ­¥éª¤ 5/8
2025-07-13 23:28:50 - DEBUG - [server.py:289] - å— 1, æ­¥éª¤ 6/8
2025-07-13 23:28:51 - DEBUG - [server.py:289] - å— 1, æ­¥éª¤ 7/8
2025-07-13 23:28:51 - DEBUG - [server.py:289] - å— 1, æ­¥éª¤ 8/8
2025-07-13 23:28:51 - INFO - [server.py:395] - ç”ŸæˆåGPUå†…å­˜ä½¿ç”¨: 15.36GB
2025-07-13 23:28:51 - INFO - [server.py:397] - ç”Ÿæˆå®Œæˆ!
2025-07-13 23:28:51 - INFO - [server.py:398] - å“åº”æ–‡æœ¬é•¿åº¦: 17
2025-07-13 23:28:51 - INFO - [server.py:399] - å¯è§†åŒ–æ­¥éª¤æ•°: 9
2025-07-13 23:28:51 - INFO - [server.py:400] - ç”Ÿæˆè€—æ—¶: 0.75ç§’
2025-07-13 23:28:51 - DEBUG - [server.py:401] - ç”Ÿæˆçš„å“åº”æ–‡æœ¬: ä½ å¥½ï¼æœ‰ä»€ä¹ˆæˆ‘å¯ä»¥å¯ä»¥å¸®åŠ©ä½ çš„å—ï¼Ÿ
2025-07-13 23:28:51 - INFO - [server.py:402] - ============================================================
2025-07-13 23:28:51 - INFO - [server.py:474] - [req_1752420530397] ç”ŸæˆæˆåŠŸ!
2025-07-13 23:28:51 - INFO - [server.py:475] - [req_1752420530397] å“åº”é•¿åº¦: 17
2025-07-13 23:28:51 - INFO - [server.py:476] - [req_1752420530397] å¯è§†åŒ–æ­¥éª¤: 9
2025-07-13 23:28:51 - INFO - [server.py:477] - [req_1752420530397] æ€»è€—æ—¶: 0.75ç§’
2025-07-13 23:28:51 - DEBUG - [server.py:478] - [req_1752420530397] å“åº”æ–‡æœ¬: ä½ å¥½ï¼æœ‰ä»€ä¹ˆæˆ‘å¯ä»¥å¯ä»¥å¸®åŠ©ä½ çš„å—ï¼Ÿ
2025-07-13 23:28:51 - INFO - [server.py:92] - å‘é€å“åº”: {
  "status_code": 200,
  "content_length": 3111,
  "content_type": "application/json",
  "timestamp": "2025-07-13T23:28:51.148791"
}
2025-07-13 23:28:51 - INFO - [_internal.py:97] - 127.0.0.1 - - [13/Jul/2025 23:28:51] "POST /generate HTTP/1.1" 200 -
2025-07-13 23:28:52 - INFO - [server.py:73] - æ”¶åˆ°è¯·æ±‚: {
  "method": "POST",
  "url": "http://localhost:9000/generate",
  "remote_addr": "127.0.0.1",
  "user_agent": "python-requests/2.31.0",
  "timestamp": "2025-07-13T23:28:52.155823",
  "json_data": {
    "messages": [
      {
        "role": "user",
        "content": "ä»Šå¤©å¤©æ°”æ€ä¹ˆæ ·ï¼Ÿ"
      }
    ],
    "settings": {
      "gen_length": 12,
      "steps": 6,
      "temperature": 0.0,
      "constraints": "0:ä»Šå¤©, 2:å¤©æ°”, 4:å¾ˆå¥½"
    }
  }
}
2025-07-13 23:28:52 - INFO - [server.py:443] - [req_1752420532156] æ”¶åˆ°ç”Ÿæˆè¯·æ±‚
2025-07-13 23:28:52 - INFO - [server.py:451] - [req_1752420532156] è¯·æ±‚æ•°æ®è¯¦æƒ…:
2025-07-13 23:28:52 - INFO - [server.py:452] - [req_1752420532156] - æ¶ˆæ¯æ•°é‡: 1
2025-07-13 23:28:52 - INFO - [server.py:453] - [req_1752420532156] - è®¾ç½®å‚æ•°: {
  "gen_length": 12,
  "steps": 6,
  "temperature": 0.0,
  "constraints": "0:ä»Šå¤©, 2:å¤©æ°”, 4:å¾ˆå¥½"
}
2025-07-13 23:28:52 - DEBUG - [server.py:454] - [req_1752420532156] - å®Œæ•´æ¶ˆæ¯åˆ—è¡¨: [
  {
    "role": "user",
    "content": "ä»Šå¤©å¤©æ°”æ€ä¹ˆæ ·ï¼Ÿ"
  }
]
2025-07-13 23:28:52 - INFO - [server.py:465] - [req_1752420532156] å¼€å§‹ç”Ÿæˆå“åº”...
2025-07-13 23:28:52 - INFO - [server.py:201] - ============================================================
2025-07-13 23:28:52 - INFO - [server.py:202] - å¼€å§‹ç”Ÿæˆå“åº”
2025-07-13 23:28:52 - INFO - [server.py:203] - è¾“å…¥æ¶ˆæ¯æ•°é‡: 1
2025-07-13 23:28:52 - INFO - [server.py:205] - æ¶ˆæ¯ 1: è§’è‰²=user, å†…å®¹é•¿åº¦=8
2025-07-13 23:28:52 - DEBUG - [server.py:206] - æ¶ˆæ¯ 1 å†…å®¹: ä»Šå¤©å¤©æ°”æ€ä¹ˆæ ·ï¼Ÿ
2025-07-13 23:28:52 - INFO - [server.py:208] - è®¾ç½®å‚æ•°: {
  "gen_length": 12,
  "steps": 6,
  "temperature": 0.0,
  "constraints": "0:ä»Šå¤©, 2:å¤©æ°”, 4:å¾ˆå¥½"
}
2025-07-13 23:28:52 - INFO - [server.py:220] - è§£æåçš„çº¦æŸ: {0: 'ä»Šå¤©', 2: 'å¤©æ°”', 4: 'å¾ˆå¥½'}
2025-07-13 23:28:52 - INFO - [server.py:225] - ç”Ÿæˆå‰GPUå†…å­˜ä½¿ç”¨: 14.94GB
2025-07-13 23:28:52 - INFO - [server.py:228] - å‡†å¤‡è¾“å…¥prompt...
2025-07-13 23:28:52 - DEBUG - [server.py:230] - æ ¼å¼åŒ–åçš„chatè¾“å…¥: <|startoftext|><|start_header_id|>user<|end_header_id|>

ä»Šå¤©å¤©æ°”æ€ä¹ˆæ ·ï¼Ÿ<|eot_id|><|start_header_id|>assistant<|end_header_id|>


2025-07-13 23:28:52 - INFO - [server.py:234] - è¾“å…¥tokenæ•°é‡: 17
2025-07-13 23:28:52 - INFO - [server.py:241] - åºåˆ—æ€»é•¿åº¦: 29, prompté•¿åº¦: 17, ç”Ÿæˆé•¿åº¦: 12
2025-07-13 23:28:52 - INFO - [server.py:250] - åº”ç”¨çº¦æŸæ•°é‡: 5
2025-07-13 23:28:52 - DEBUG - [server.py:255] - çº¦æŸä½ç½® 0 (ç»å¯¹ä½ç½® 17): token_id=34808
2025-07-13 23:28:52 - DEBUG - [server.py:255] - çº¦æŸä½ç½® 2 (ç»å¯¹ä½ç½® 19): token_id=220
2025-07-13 23:28:52 - DEBUG - [server.py:255] - çº¦æŸä½ç½® 3 (ç»å¯¹ä½ç½® 20): token_id=13092
2025-07-13 23:28:52 - DEBUG - [server.py:255] - çº¦æŸä½ç½® 4 (ç»å¯¹ä½ç½® 21): token_id=220
2025-07-13 23:28:52 - DEBUG - [server.py:255] - çº¦æŸä½ç½® 5 (ç»å¯¹ä½ç½® 22): token_id=9052
2025-07-13 23:28:52 - INFO - [server.py:270] - å—å¤„ç†é…ç½®: å—é•¿åº¦=12, å—æ•°é‡=1, æ¯å—æ­¥æ•°=6
2025-07-13 23:28:52 - INFO - [server.py:274] - å¤„ç†ç¬¬ 1/1 å—...
2025-07-13 23:28:52 - DEBUG - [server.py:289] - å— 1, æ­¥éª¤ 1/6
2025-07-13 23:28:52 - DEBUG - [server.py:289] - å— 1, æ­¥éª¤ 2/6
2025-07-13 23:28:52 - DEBUG - [server.py:289] - å— 1, æ­¥éª¤ 3/6
2025-07-13 23:28:52 - DEBUG - [server.py:289] - å— 1, æ­¥éª¤ 4/6
2025-07-13 23:28:52 - DEBUG - [server.py:289] - å— 1, æ­¥éª¤ 5/6
2025-07-13 23:28:52 - DEBUG - [server.py:289] - å— 1, æ­¥éª¤ 6/6
2025-07-13 23:28:52 - INFO - [server.py:395] - ç”ŸæˆåGPUå†…å­˜ä½¿ç”¨: 15.35GB
2025-07-13 23:28:52 - INFO - [server.py:397] - ç”Ÿæˆå®Œæˆ!
2025-07-13 23:28:52 - INFO - [server.py:398] - å“åº”æ–‡æœ¬é•¿åº¦: 22
2025-07-13 23:28:52 - INFO - [server.py:399] - å¯è§†åŒ–æ­¥éª¤æ•°: 7
2025-07-13 23:28:52 - INFO - [server.py:400] - ç”Ÿæˆè€—æ—¶: 0.31ç§’
2025-07-13 23:28:52 - DEBUG - [server.py:401] - ç”Ÿæˆçš„å“åº”æ–‡æœ¬:  ä»Šå¤© çš„ å¤©æ°” å¾ˆå¥½ï¼Œé˜³å…‰æ˜åªšï¼Œæ°”æ¸©é€‚å®œã€‚
2025-07-13 23:28:52 - INFO - [server.py:402] - ============================================================
2025-07-13 23:28:52 - INFO - [server.py:474] - [req_1752420532156] ç”ŸæˆæˆåŠŸ!
2025-07-13 23:28:52 - INFO - [server.py:475] - [req_1752420532156] å“åº”é•¿åº¦: 22
2025-07-13 23:28:52 - INFO - [server.py:476] - [req_1752420532156] å¯è§†åŒ–æ­¥éª¤: 7
2025-07-13 23:28:52 - INFO - [server.py:477] - [req_1752420532156] æ€»è€—æ—¶: 0.32ç§’
2025-07-13 23:28:52 - DEBUG - [server.py:478] - [req_1752420532156] å“åº”æ–‡æœ¬:  ä»Šå¤© çš„ å¤©æ°” å¾ˆå¥½ï¼Œé˜³å…‰æ˜åªšï¼Œæ°”æ¸©é€‚å®œã€‚
2025-07-13 23:28:52 - INFO - [server.py:92] - å‘é€å“åº”: {
  "status_code": 200,
  "content_length": 2097,
  "content_type": "application/json",
  "timestamp": "2025-07-13T23:28:52.475462"
}
2025-07-13 23:28:52 - INFO - [_internal.py:97] - 127.0.0.1 - - [13/Jul/2025 23:28:52] "POST /generate HTTP/1.1" 200 -
2025-07-13 23:28:59 - INFO - [server.py:73] - æ”¶åˆ°è¯·æ±‚: {
  "method": "GET",
  "url": "http://localhost:9000/health",
  "remote_addr": "127.0.0.1",
  "user_agent": "Mozilla/5.0 (Windows NT 10.0; Win64; x64) AppleWebKit/537.36 (KHTML, like Gecko) Chrome/138.0.0.0 Safari/537.36 Edg/138.0.0.0",
  "timestamp": "2025-07-13T23:28:59.927227"
}
2025-07-13 23:28:59 - INFO - [server.py:92] - å‘é€å“åº”: {
  "status_code": 200,
  "content_length": 37,
  "content_type": "application/json",
  "timestamp": "2025-07-13T23:28:59.928214",
  "response_body": "{\"device\":\"cuda\",\"status\":\"healthy\"}\n"
}
2025-07-13 23:28:59 - INFO - [_internal.py:97] - 127.0.0.1 - - [13/Jul/2025 23:28:59] "GET /health HTTP/1.1" 200 -
2025-07-13 23:29:00 - INFO - [server.py:73] - æ”¶åˆ°è¯·æ±‚: {
  "method": "GET",
  "url": "http://localhost:9000/health",
  "remote_addr": "127.0.0.1",
  "user_agent": "Mozilla/5.0 (Windows NT 10.0; Win64; x64) AppleWebKit/537.36 (KHTML, like Gecko) Chrome/138.0.0.0 Safari/537.36 Edg/138.0.0.0",
  "timestamp": "2025-07-13T23:29:00.398987"
}
2025-07-13 23:29:00 - INFO - [server.py:92] - å‘é€å“åº”: {
  "status_code": 200,
  "content_length": 37,
  "content_type": "application/json",
  "timestamp": "2025-07-13T23:29:00.399834",
  "response_body": "{\"device\":\"cuda\",\"status\":\"healthy\"}\n"
}
2025-07-13 23:29:00 - INFO - [_internal.py:97] - 127.0.0.1 - - [13/Jul/2025 23:29:00] "GET /health HTTP/1.1" 200 -
2025-07-13 23:29:14 - INFO - [server.py:73] - æ”¶åˆ°è¯·æ±‚: {
  "method": "OPTIONS",
  "url": "http://localhost:9000/generate",
  "remote_addr": "127.0.0.1",
  "user_agent": "Mozilla/5.0 (Windows NT 10.0; Win64; x64) AppleWebKit/537.36 (KHTML, like Gecko) Chrome/138.0.0.0 Safari/537.36 Edg/138.0.0.0",
  "timestamp": "2025-07-13T23:29:14.432458"
}
2025-07-13 23:29:14 - INFO - [server.py:92] - å‘é€å“åº”: {
  "status_code": 200,
  "content_length": null,
  "content_type": "text/html; charset=utf-8",
  "timestamp": "2025-07-13T23:29:14.433781"
}
2025-07-13 23:29:14 - INFO - [_internal.py:97] - 127.0.0.1 - - [13/Jul/2025 23:29:14] "OPTIONS /generate HTTP/1.1" 200 -
2025-07-13 23:29:14 - INFO - [server.py:73] - æ”¶åˆ°è¯·æ±‚: {
  "method": "POST",
  "url": "http://localhost:9000/generate",
  "remote_addr": "127.0.0.1",
  "user_agent": "Mozilla/5.0 (Windows NT 10.0; Win64; x64) AppleWebKit/537.36 (KHTML, like Gecko) Chrome/138.0.0.0 Safari/537.36 Edg/138.0.0.0",
  "timestamp": "2025-07-13T23:29:14.889921",
  "json_data": {
    "messages": [
      {
        "role": "user",
        "content": "What's YOLO"
      }
    ],
    "settings": {
      "temperature": 0,
      "top_p": 0.95,
      "gen_length": 50,
      "num_beams": 4,
      "steps": 32,
      "cfg_scale": 1,
      "constraints": ""
    }
  }
}
2025-07-13 23:29:14 - INFO - [server.py:443] - [req_1752420554890] æ”¶åˆ°ç”Ÿæˆè¯·æ±‚
2025-07-13 23:29:14 - INFO - [server.py:451] - [req_1752420554890] è¯·æ±‚æ•°æ®è¯¦æƒ…:
2025-07-13 23:29:14 - INFO - [server.py:452] - [req_1752420554890] - æ¶ˆæ¯æ•°é‡: 1
2025-07-13 23:29:14 - INFO - [server.py:453] - [req_1752420554890] - è®¾ç½®å‚æ•°: {
  "temperature": 0,
  "top_p": 0.95,
  "gen_length": 50,
  "num_beams": 4,
  "steps": 32,
  "cfg_scale": 1,
  "constraints": ""
}
2025-07-13 23:29:14 - DEBUG - [server.py:454] - [req_1752420554890] - å®Œæ•´æ¶ˆæ¯åˆ—è¡¨: [
  {
    "role": "user",
    "content": "What's YOLO"
  }
]
2025-07-13 23:29:14 - INFO - [server.py:465] - [req_1752420554890] å¼€å§‹ç”Ÿæˆå“åº”...
2025-07-13 23:29:14 - INFO - [server.py:201] - ============================================================
2025-07-13 23:29:14 - INFO - [server.py:202] - å¼€å§‹ç”Ÿæˆå“åº”
2025-07-13 23:29:14 - INFO - [server.py:203] - è¾“å…¥æ¶ˆæ¯æ•°é‡: 1
2025-07-13 23:29:14 - INFO - [server.py:205] - æ¶ˆæ¯ 1: è§’è‰²=user, å†…å®¹é•¿åº¦=11
2025-07-13 23:29:14 - DEBUG - [server.py:206] - æ¶ˆæ¯ 1 å†…å®¹: What's YOLO
2025-07-13 23:29:14 - INFO - [server.py:208] - è®¾ç½®å‚æ•°: {
  "temperature": 0,
  "top_p": 0.95,
  "gen_length": 50,
  "num_beams": 4,
  "steps": 32,
  "cfg_scale": 1,
  "constraints": ""
}
2025-07-13 23:29:14 - INFO - [server.py:220] - è§£æåçš„çº¦æŸ: {}
2025-07-13 23:29:14 - INFO - [server.py:225] - ç”Ÿæˆå‰GPUå†…å­˜ä½¿ç”¨: 14.94GB
2025-07-13 23:29:14 - INFO - [server.py:228] - å‡†å¤‡è¾“å…¥prompt...
2025-07-13 23:29:14 - DEBUG - [server.py:230] - æ ¼å¼åŒ–åçš„chatè¾“å…¥: <|startoftext|><|start_header_id|>user<|end_header_id|>

What's YOLO<|eot_id|><|start_header_id|>assistant<|end_header_id|>


2025-07-13 23:29:14 - INFO - [server.py:234] - è¾“å…¥tokenæ•°é‡: 17
2025-07-13 23:29:14 - INFO - [server.py:241] - åºåˆ—æ€»é•¿åº¦: 67, prompté•¿åº¦: 17, ç”Ÿæˆé•¿åº¦: 50
2025-07-13 23:29:14 - INFO - [server.py:250] - åº”ç”¨çº¦æŸæ•°é‡: 0
2025-07-13 23:29:14 - INFO - [server.py:270] - å—å¤„ç†é…ç½®: å—é•¿åº¦=32, å—æ•°é‡=2, æ¯å—æ­¥æ•°=16
2025-07-13 23:29:14 - INFO - [server.py:274] - å¤„ç†ç¬¬ 1/2 å—...
2025-07-13 23:29:14 - DEBUG - [server.py:289] - å— 1, æ­¥éª¤ 1/16
2025-07-13 23:29:14 - DEBUG - [server.py:289] - å— 1, æ­¥éª¤ 2/16
2025-07-13 23:29:15 - DEBUG - [server.py:289] - å— 1, æ­¥éª¤ 3/16
2025-07-13 23:29:15 - DEBUG - [server.py:289] - å— 1, æ­¥éª¤ 4/16
2025-07-13 23:29:15 - DEBUG - [server.py:289] - å— 1, æ­¥éª¤ 5/16
2025-07-13 23:29:15 - DEBUG - [server.py:289] - å— 1, æ­¥éª¤ 6/16
2025-07-13 23:29:15 - DEBUG - [server.py:289] - å— 1, æ­¥éª¤ 7/16
2025-07-13 23:29:15 - DEBUG - [server.py:289] - å— 1, æ­¥éª¤ 8/16
2025-07-13 23:29:15 - DEBUG - [server.py:289] - å— 1, æ­¥éª¤ 9/16
2025-07-13 23:29:15 - DEBUG - [server.py:289] - å— 1, æ­¥éª¤ 10/16
2025-07-13 23:29:15 - DEBUG - [server.py:289] - å— 1, æ­¥éª¤ 11/16
2025-07-13 23:29:15 - DEBUG - [server.py:289] - å— 1, æ­¥éª¤ 12/16
2025-07-13 23:29:15 - DEBUG - [server.py:289] - å— 1, æ­¥éª¤ 13/16
2025-07-13 23:29:15 - DEBUG - [server.py:289] - å— 1, æ­¥éª¤ 14/16
2025-07-13 23:29:15 - DEBUG - [server.py:289] - å— 1, æ­¥éª¤ 15/16
2025-07-13 23:29:15 - DEBUG - [server.py:289] - å— 1, æ­¥éª¤ 16/16
2025-07-13 23:29:15 - INFO - [server.py:274] - å¤„ç†ç¬¬ 2/2 å—...
2025-07-13 23:29:15 - DEBUG - [server.py:289] - å— 2, æ­¥éª¤ 1/16
2025-07-13 23:29:15 - DEBUG - [server.py:289] - å— 2, æ­¥éª¤ 2/16
2025-07-13 23:29:15 - DEBUG - [server.py:289] - å— 2, æ­¥éª¤ 3/16
2025-07-13 23:29:15 - DEBUG - [server.py:289] - å— 2, æ­¥éª¤ 4/16
2025-07-13 23:29:15 - DEBUG - [server.py:289] - å— 2, æ­¥éª¤ 5/16
2025-07-13 23:29:16 - DEBUG - [server.py:289] - å— 2, æ­¥éª¤ 6/16
2025-07-13 23:29:16 - DEBUG - [server.py:289] - å— 2, æ­¥éª¤ 7/16
2025-07-13 23:29:16 - DEBUG - [server.py:289] - å— 2, æ­¥éª¤ 8/16
2025-07-13 23:29:16 - DEBUG - [server.py:289] - å— 2, æ­¥éª¤ 9/16
2025-07-13 23:29:16 - DEBUG - [server.py:289] - å— 2, æ­¥éª¤ 10/16
2025-07-13 23:29:16 - DEBUG - [server.py:289] - å— 2, æ­¥éª¤ 11/16
2025-07-13 23:29:16 - DEBUG - [server.py:289] - å— 2, æ­¥éª¤ 12/16
2025-07-13 23:29:16 - DEBUG - [server.py:289] - å— 2, æ­¥éª¤ 13/16
2025-07-13 23:29:16 - DEBUG - [server.py:289] - å— 2, æ­¥éª¤ 14/16
2025-07-13 23:29:16 - DEBUG - [server.py:289] - å— 2, æ­¥éª¤ 15/16
2025-07-13 23:29:16 - DEBUG - [server.py:289] - å— 2, æ­¥éª¤ 16/16
2025-07-13 23:29:16 - INFO - [server.py:395] - ç”ŸæˆåGPUå†…å­˜ä½¿ç”¨: 16.72GB
2025-07-13 23:29:16 - INFO - [server.py:397] - ç”Ÿæˆå®Œæˆ!
2025-07-13 23:29:16 - INFO - [server.py:398] - å“åº”æ–‡æœ¬é•¿åº¦: 28
2025-07-13 23:29:16 - INFO - [server.py:399] - å¯è§†åŒ–æ­¥éª¤æ•°: 33
2025-07-13 23:29:16 - INFO - [server.py:400] - ç”Ÿæˆè€—æ—¶: 1.55ç§’
2025-07-13 23:29:16 - DEBUG - [server.py:401] - ç”Ÿæˆçš„å“åº”æ–‡æœ¬: YOLO stands for "You. Later.
2025-07-13 23:29:16 - INFO - [server.py:402] - ============================================================
2025-07-13 23:29:16 - INFO - [server.py:474] - [req_1752420554890] ç”ŸæˆæˆåŠŸ!
2025-07-13 23:29:16 - INFO - [server.py:475] - [req_1752420554890] å“åº”é•¿åº¦: 28
2025-07-13 23:29:16 - INFO - [server.py:476] - [req_1752420554890] å¯è§†åŒ–æ­¥éª¤: 33
2025-07-13 23:29:16 - INFO - [server.py:477] - [req_1752420554890] æ€»è€—æ—¶: 1.55ç§’
2025-07-13 23:29:16 - DEBUG - [server.py:478] - [req_1752420554890] å“åº”æ–‡æœ¬: YOLO stands for "You. Later.
2025-07-13 23:29:16 - INFO - [server.py:92] - å‘é€å“åº”: {
  "status_code": 200,
  "content_length": 29897,
  "content_type": "application/json",
  "timestamp": "2025-07-13T23:29:16.442763"
}
2025-07-13 23:29:16 - INFO - [_internal.py:97] - 127.0.0.1 - - [13/Jul/2025 23:29:16] "POST /generate HTTP/1.1" 200 -
2025-07-13 23:29:29 - INFO - [server.py:73] - æ”¶åˆ°è¯·æ±‚: {
  "method": "GET",
  "url": "http://localhost:9000/health",
  "remote_addr": "127.0.0.1",
  "user_agent": "Mozilla/5.0 (Windows NT 10.0; Win64; x64) AppleWebKit/537.36 (KHTML, like Gecko) Chrome/138.0.0.0 Safari/537.36 Edg/138.0.0.0",
  "timestamp": "2025-07-13T23:29:29.905020"
}
2025-07-13 23:29:29 - INFO - [server.py:92] - å‘é€å“åº”: {
  "status_code": 200,
  "content_length": 37,
  "content_type": "application/json",
  "timestamp": "2025-07-13T23:29:29.905881",
  "response_body": "{\"device\":\"cuda\",\"status\":\"healthy\"}\n"
}
2025-07-13 23:29:29 - INFO - [_internal.py:97] - 127.0.0.1 - - [13/Jul/2025 23:29:29] "GET /health HTTP/1.1" 200 -
2025-07-13 23:29:50 - INFO - [server.py:73] - æ”¶åˆ°è¯·æ±‚: {
  "method": "OPTIONS",
  "url": "http://localhost:9000/generate",
  "remote_addr": "127.0.0.1",
  "user_agent": "Mozilla/5.0 (Windows NT 10.0; Win64; x64) AppleWebKit/537.36 (KHTML, like Gecko) Chrome/138.0.0.0 Safari/537.36 Edg/138.0.0.0",
  "timestamp": "2025-07-13T23:29:50.155778"
}
2025-07-13 23:29:50 - INFO - [server.py:92] - å‘é€å“åº”: {
  "status_code": 200,
  "content_length": null,
  "content_type": "text/html; charset=utf-8",
  "timestamp": "2025-07-13T23:29:50.156725"
}
2025-07-13 23:29:50 - INFO - [_internal.py:97] - 127.0.0.1 - - [13/Jul/2025 23:29:50] "OPTIONS /generate HTTP/1.1" 200 -
2025-07-13 23:29:50 - INFO - [server.py:73] - æ”¶åˆ°è¯·æ±‚: {
  "method": "POST",
  "url": "http://localhost:9000/generate",
  "remote_addr": "127.0.0.1",
  "user_agent": "Mozilla/5.0 (Windows NT 10.0; Win64; x64) AppleWebKit/537.36 (KHTML, like Gecko) Chrome/138.0.0.0 Safari/537.36 Edg/138.0.0.0",
  "timestamp": "2025-07-13T23:29:50.636103",
  "json_data": {
    "messages": [
      {
        "role": "user",
        "content": "What's YOLO"
      },
      {
        "role": "assistant",
        "content": "YOLO stands for \"You. Later."
      },
      {
        "role": "user",
        "content": "What's YOLO"
      }
    ],
    "settings": {
      "temperature": 0,
      "top_p": 0.95,
      "gen_length": 50,
      "num_beams": 4,
      "steps": 32,
      "cfg_scale": 1,
      "constraints": "0:YOLO, 7:great"
    }
  }
}
2025-07-13 23:29:50 - INFO - [server.py:443] - [req_1752420590637] æ”¶åˆ°ç”Ÿæˆè¯·æ±‚
2025-07-13 23:29:50 - INFO - [server.py:451] - [req_1752420590637] è¯·æ±‚æ•°æ®è¯¦æƒ…:
2025-07-13 23:29:50 - INFO - [server.py:452] - [req_1752420590637] - æ¶ˆæ¯æ•°é‡: 3
2025-07-13 23:29:50 - INFO - [server.py:453] - [req_1752420590637] - è®¾ç½®å‚æ•°: {
  "temperature": 0,
  "top_p": 0.95,
  "gen_length": 50,
  "num_beams": 4,
  "steps": 32,
  "cfg_scale": 1,
  "constraints": "0:YOLO, 7:great"
}
2025-07-13 23:29:50 - DEBUG - [server.py:454] - [req_1752420590637] - å®Œæ•´æ¶ˆæ¯åˆ—è¡¨: [
  {
    "role": "user",
    "content": "What's YOLO"
  },
  {
    "role": "assistant",
    "content": "YOLO stands for \"You. Later."
  },
  {
    "role": "user",
    "content": "What's YOLO"
  }
]
2025-07-13 23:29:50 - INFO - [server.py:465] - [req_1752420590637] å¼€å§‹ç”Ÿæˆå“åº”...
2025-07-13 23:29:50 - INFO - [server.py:201] - ============================================================
2025-07-13 23:29:50 - INFO - [server.py:202] - å¼€å§‹ç”Ÿæˆå“åº”
2025-07-13 23:29:50 - INFO - [server.py:203] - è¾“å…¥æ¶ˆæ¯æ•°é‡: 3
2025-07-13 23:29:50 - INFO - [server.py:205] - æ¶ˆæ¯ 1: è§’è‰²=user, å†…å®¹é•¿åº¦=11
2025-07-13 23:29:50 - DEBUG - [server.py:206] - æ¶ˆæ¯ 1 å†…å®¹: What's YOLO
2025-07-13 23:29:50 - INFO - [server.py:205] - æ¶ˆæ¯ 2: è§’è‰²=assistant, å†…å®¹é•¿åº¦=28
2025-07-13 23:29:50 - DEBUG - [server.py:206] - æ¶ˆæ¯ 2 å†…å®¹: YOLO stands for "You. Later.
2025-07-13 23:29:50 - INFO - [server.py:205] - æ¶ˆæ¯ 3: è§’è‰²=user, å†…å®¹é•¿åº¦=11
2025-07-13 23:29:50 - DEBUG - [server.py:206] - æ¶ˆæ¯ 3 å†…å®¹: What's YOLO
2025-07-13 23:29:50 - INFO - [server.py:208] - è®¾ç½®å‚æ•°: {
  "temperature": 0,
  "top_p": 0.95,
  "gen_length": 50,
  "num_beams": 4,
  "steps": 32,
  "cfg_scale": 1,
  "constraints": "0:YOLO, 7:great"
}
2025-07-13 23:29:50 - INFO - [server.py:220] - è§£æåçš„çº¦æŸ: {0: 'YOLO', 7: 'great'}
2025-07-13 23:29:50 - INFO - [server.py:225] - ç”Ÿæˆå‰GPUå†…å­˜ä½¿ç”¨: 14.94GB
2025-07-13 23:29:50 - INFO - [server.py:228] - å‡†å¤‡è¾“å…¥prompt...
2025-07-13 23:29:50 - DEBUG - [server.py:230] - æ ¼å¼åŒ–åçš„chatè¾“å…¥: <|startoftext|><|start_header_id|>user<|end_header_id|>

What's YOLO<|eot_id|><|start_header_id|>assistant<|end_header_id|>

YOLO stands for "You. Later.<|eot_id|><|start_header_id|>user<|end_header_id|>

What's YOLO<|eot_id|><|start_header_id|>assistant<|end_header_id|>


2025-07-13 23:29:50 - INFO - [server.py:234] - è¾“å…¥tokenæ•°é‡: 43
2025-07-13 23:29:50 - INFO - [server.py:241] - åºåˆ—æ€»é•¿åº¦: 93, prompté•¿åº¦: 43, ç”Ÿæˆé•¿åº¦: 50
2025-07-13 23:29:50 - INFO - [server.py:250] - åº”ç”¨çº¦æŸæ•°é‡: 3
2025-07-13 23:29:50 - DEBUG - [server.py:255] - çº¦æŸä½ç½® 0 (ç»å¯¹ä½ç½® 43): token_id=100891
2025-07-13 23:29:50 - DEBUG - [server.py:255] - çº¦æŸä½ç½® 1 (ç»å¯¹ä½ç½® 44): token_id=3251
2025-07-13 23:29:50 - DEBUG - [server.py:255] - çº¦æŸä½ç½® 7 (ç»å¯¹ä½ç½® 50): token_id=1612
2025-07-13 23:29:50 - INFO - [server.py:270] - å—å¤„ç†é…ç½®: å—é•¿åº¦=32, å—æ•°é‡=2, æ¯å—æ­¥æ•°=16
2025-07-13 23:29:50 - INFO - [server.py:274] - å¤„ç†ç¬¬ 1/2 å—...
2025-07-13 23:29:50 - DEBUG - [server.py:289] - å— 1, æ­¥éª¤ 1/16
2025-07-13 23:29:50 - DEBUG - [server.py:289] - å— 1, æ­¥éª¤ 2/16
2025-07-13 23:29:50 - DEBUG - [server.py:289] - å— 1, æ­¥éª¤ 3/16
2025-07-13 23:29:50 - DEBUG - [server.py:289] - å— 1, æ­¥éª¤ 4/16
2025-07-13 23:29:50 - DEBUG - [server.py:289] - å— 1, æ­¥éª¤ 5/16
2025-07-13 23:29:50 - DEBUG - [server.py:289] - å— 1, æ­¥éª¤ 6/16
2025-07-13 23:29:51 - DEBUG - [server.py:289] - å— 1, æ­¥éª¤ 7/16
2025-07-13 23:29:51 - DEBUG - [server.py:289] - å— 1, æ­¥éª¤ 8/16
2025-07-13 23:29:51 - DEBUG - [server.py:289] - å— 1, æ­¥éª¤ 9/16
2025-07-13 23:29:51 - DEBUG - [server.py:289] - å— 1, æ­¥éª¤ 10/16
2025-07-13 23:29:51 - DEBUG - [server.py:289] - å— 1, æ­¥éª¤ 11/16
2025-07-13 23:29:51 - DEBUG - [server.py:289] - å— 1, æ­¥éª¤ 12/16
2025-07-13 23:29:51 - DEBUG - [server.py:289] - å— 1, æ­¥éª¤ 13/16
2025-07-13 23:29:51 - DEBUG - [server.py:289] - å— 1, æ­¥éª¤ 14/16
2025-07-13 23:29:51 - DEBUG - [server.py:289] - å— 1, æ­¥éª¤ 15/16
2025-07-13 23:29:51 - DEBUG - [server.py:289] - å— 1, æ­¥éª¤ 16/16
2025-07-13 23:29:51 - INFO - [server.py:274] - å¤„ç†ç¬¬ 2/2 å—...
2025-07-13 23:29:51 - DEBUG - [server.py:289] - å— 2, æ­¥éª¤ 1/16
2025-07-13 23:29:51 - DEBUG - [server.py:289] - å— 2, æ­¥éª¤ 2/16
2025-07-13 23:29:51 - DEBUG - [server.py:289] - å— 2, æ­¥éª¤ 3/16
2025-07-13 23:29:51 - DEBUG - [server.py:289] - å— 2, æ­¥éª¤ 4/16
2025-07-13 23:29:51 - DEBUG - [server.py:289] - å— 2, æ­¥éª¤ 5/16
2025-07-13 23:29:51 - DEBUG - [server.py:289] - å— 2, æ­¥éª¤ 6/16
2025-07-13 23:29:52 - DEBUG - [server.py:289] - å— 2, æ­¥éª¤ 7/16
2025-07-13 23:29:52 - DEBUG - [server.py:289] - å— 2, æ­¥éª¤ 8/16
2025-07-13 23:29:52 - DEBUG - [server.py:289] - å— 2, æ­¥éª¤ 9/16
2025-07-13 23:29:52 - DEBUG - [server.py:289] - å— 2, æ­¥éª¤ 10/16
2025-07-13 23:29:52 - DEBUG - [server.py:289] - å— 2, æ­¥éª¤ 11/16
2025-07-13 23:29:52 - DEBUG - [server.py:289] - å— 2, æ­¥éª¤ 12/16
2025-07-13 23:29:52 - DEBUG - [server.py:289] - å— 2, æ­¥éª¤ 13/16
2025-07-13 23:29:52 - DEBUG - [server.py:289] - å— 2, æ­¥éª¤ 14/16
2025-07-13 23:29:52 - DEBUG - [server.py:289] - å— 2, æ­¥éª¤ 15/16
2025-07-13 23:29:52 - DEBUG - [server.py:289] - å— 2, æ­¥éª¤ 16/16
2025-07-13 23:29:52 - INFO - [server.py:395] - ç”ŸæˆåGPUå†…å­˜ä½¿ç”¨: 17.39GB
2025-07-13 23:29:52 - INFO - [server.py:397] - ç”Ÿæˆå®Œæˆ!
2025-07-13 23:29:52 - INFO - [server.py:398] - å“åº”æ–‡æœ¬é•¿åº¦: 87
2025-07-13 23:29:52 - INFO - [server.py:399] - å¯è§†åŒ–æ­¥éª¤æ•°: 33
2025-07-13 23:29:52 - INFO - [server.py:400] - ç”Ÿæˆè€—æ—¶: 1.95ç§’
2025-07-13 23:29:52 - DEBUG - [server.py:401] - ç”Ÿæˆçš„å“åº”æ–‡æœ¬:  YOLO is an acronym acronym with great popularity!
YOLO stands for "You Only Live Once"
2025-07-13 23:29:52 - INFO - [server.py:402] - ============================================================
2025-07-13 23:29:52 - INFO - [server.py:474] - [req_1752420590637] ç”ŸæˆæˆåŠŸ!
2025-07-13 23:29:52 - INFO - [server.py:475] - [req_1752420590637] å“åº”é•¿åº¦: 87
2025-07-13 23:29:52 - INFO - [server.py:476] - [req_1752420590637] å¯è§†åŒ–æ­¥éª¤: 33
2025-07-13 23:29:52 - INFO - [server.py:477] - [req_1752420590637] æ€»è€—æ—¶: 1.95ç§’
2025-07-13 23:29:52 - DEBUG - [server.py:478] - [req_1752420590637] å“åº”æ–‡æœ¬:  YOLO is an acronym acronym with great popularity!
YOLO stands for "You Only Live Once"
2025-07-13 23:29:52 - INFO - [server.py:92] - å‘é€å“åº”: {
  "status_code": 200,
  "content_length": 31426,
  "content_type": "application/json",
  "timestamp": "2025-07-13T23:29:52.590347"
}
2025-07-13 23:29:52 - INFO - [_internal.py:97] - 127.0.0.1 - - [13/Jul/2025 23:29:52] "POST /generate HTTP/1.1" 200 -
2025-07-13 23:29:59 - INFO - [server.py:73] - æ”¶åˆ°è¯·æ±‚: {
  "method": "GET",
  "url": "http://localhost:9000/health",
  "remote_addr": "127.0.0.1",
  "user_agent": "Mozilla/5.0 (Windows NT 10.0; Win64; x64) AppleWebKit/537.36 (KHTML, like Gecko) Chrome/138.0.0.0 Safari/537.36 Edg/138.0.0.0",
  "timestamp": "2025-07-13T23:29:59.898691"
}
2025-07-13 23:29:59 - INFO - [server.py:92] - å‘é€å“åº”: {
  "status_code": 200,
  "content_length": 37,
  "content_type": "application/json",
  "timestamp": "2025-07-13T23:29:59.899678",
  "response_body": "{\"device\":\"cuda\",\"status\":\"healthy\"}\n"
}
2025-07-13 23:29:59 - INFO - [_internal.py:97] - 127.0.0.1 - - [13/Jul/2025 23:29:59] "GET /health HTTP/1.1" 200 -
2025-07-13 23:30:29 - INFO - [server.py:73] - æ”¶åˆ°è¯·æ±‚: {
  "method": "GET",
  "url": "http://localhost:9000/health",
  "remote_addr": "127.0.0.1",
  "user_agent": "Mozilla/5.0 (Windows NT 10.0; Win64; x64) AppleWebKit/537.36 (KHTML, like Gecko) Chrome/138.0.0.0 Safari/537.36 Edg/138.0.0.0",
  "timestamp": "2025-07-13T23:30:29.954974"
}
2025-07-13 23:30:29 - INFO - [server.py:92] - å‘é€å“åº”: {
  "status_code": 200,
  "content_length": 37,
  "content_type": "application/json",
  "timestamp": "2025-07-13T23:30:29.955856",
  "response_body": "{\"device\":\"cuda\",\"status\":\"healthy\"}\n"
}
2025-07-13 23:30:29 - INFO - [_internal.py:97] - 127.0.0.1 - - [13/Jul/2025 23:30:29] "GET /health HTTP/1.1" 200 -
2025-07-13 23:30:59 - INFO - [server.py:73] - æ”¶åˆ°è¯·æ±‚: {
  "method": "GET",
  "url": "http://localhost:9000/health",
  "remote_addr": "127.0.0.1",
  "user_agent": "Mozilla/5.0 (Windows NT 10.0; Win64; x64) AppleWebKit/537.36 (KHTML, like Gecko) Chrome/138.0.0.0 Safari/537.36 Edg/138.0.0.0",
  "timestamp": "2025-07-13T23:30:59.953502"
}
2025-07-13 23:30:59 - INFO - [server.py:92] - å‘é€å“åº”: {
  "status_code": 200,
  "content_length": 37,
  "content_type": "application/json",
  "timestamp": "2025-07-13T23:30:59.954466",
  "response_body": "{\"device\":\"cuda\",\"status\":\"healthy\"}\n"
}
2025-07-13 23:30:59 - INFO - [_internal.py:97] - 127.0.0.1 - - [13/Jul/2025 23:30:59] "GET /health HTTP/1.1" 200 -
2025-07-13 23:31:30 - INFO - [server.py:73] - æ”¶åˆ°è¯·æ±‚: {
  "method": "GET",
  "url": "http://localhost:9000/health",
  "remote_addr": "127.0.0.1",
  "user_agent": "Mozilla/5.0 (Windows NT 10.0; Win64; x64) AppleWebKit/537.36 (KHTML, like Gecko) Chrome/138.0.0.0 Safari/537.36 Edg/138.0.0.0",
  "timestamp": "2025-07-13T23:31:30.672541"
}
2025-07-13 23:31:30 - INFO - [server.py:92] - å‘é€å“åº”: {
  "status_code": 200,
  "content_length": 37,
  "content_type": "application/json",
  "timestamp": "2025-07-13T23:31:30.673069",
  "response_body": "{\"device\":\"cuda\",\"status\":\"healthy\"}\n"
}
2025-07-13 23:31:30 - INFO - [_internal.py:97] - 127.0.0.1 - - [13/Jul/2025 23:31:30] "GET /health HTTP/1.1" 200 -
2025-07-13 23:32:00 - INFO - [server.py:73] - æ”¶åˆ°è¯·æ±‚: {
  "method": "GET",
  "url": "http://localhost:9000/health",
  "remote_addr": "127.0.0.1",
  "user_agent": "Mozilla/5.0 (Windows NT 10.0; Win64; x64) AppleWebKit/537.36 (KHTML, like Gecko) Chrome/138.0.0.0 Safari/537.36 Edg/138.0.0.0",
  "timestamp": "2025-07-13T23:32:00.616543"
}
2025-07-13 23:32:00 - INFO - [server.py:92] - å‘é€å“åº”: {
  "status_code": 200,
  "content_length": 37,
  "content_type": "application/json",
  "timestamp": "2025-07-13T23:32:00.617107",
  "response_body": "{\"device\":\"cuda\",\"status\":\"healthy\"}\n"
}
2025-07-13 23:32:00 - INFO - [_internal.py:97] - 127.0.0.1 - - [13/Jul/2025 23:32:00] "GET /health HTTP/1.1" 200 -
2025-07-13 23:32:30 - INFO - [server.py:73] - æ”¶åˆ°è¯·æ±‚: {
  "method": "GET",
  "url": "http://localhost:9000/health",
  "remote_addr": "127.0.0.1",
  "user_agent": "Mozilla/5.0 (Windows NT 10.0; Win64; x64) AppleWebKit/537.36 (KHTML, like Gecko) Chrome/138.0.0.0 Safari/537.36 Edg/138.0.0.0",
  "timestamp": "2025-07-13T23:32:30.622186"
}
2025-07-13 23:32:30 - INFO - [server.py:92] - å‘é€å“åº”: {
  "status_code": 200,
  "content_length": 37,
  "content_type": "application/json",
  "timestamp": "2025-07-13T23:32:30.622758",
  "response_body": "{\"device\":\"cuda\",\"status\":\"healthy\"}\n"
}
2025-07-13 23:32:30 - INFO - [_internal.py:97] - 127.0.0.1 - - [13/Jul/2025 23:32:30] "GET /health HTTP/1.1" 200 -
2025-07-13 23:33:09 - INFO - [server.py:73] - æ”¶åˆ°è¯·æ±‚: {
  "method": "GET",
  "url": "http://localhost:9000/health",
  "remote_addr": "127.0.0.1",
  "user_agent": "Mozilla/5.0 (Windows NT 10.0; Win64; x64) AppleWebKit/537.36 (KHTML, like Gecko) Chrome/138.0.0.0 Safari/537.36 Edg/138.0.0.0",
  "timestamp": "2025-07-13T23:33:09.188011"
}
2025-07-13 23:33:09 - INFO - [server.py:92] - å‘é€å“åº”: {
  "status_code": 200,
  "content_length": 37,
  "content_type": "application/json",
  "timestamp": "2025-07-13T23:33:09.188856",
  "response_body": "{\"device\":\"cuda\",\"status\":\"healthy\"}\n"
}
2025-07-13 23:33:09 - INFO - [_internal.py:97] - 127.0.0.1 - - [13/Jul/2025 23:33:09] "GET /health HTTP/1.1" 200 -
2025-07-13 23:33:30 - INFO - [server.py:73] - æ”¶åˆ°è¯·æ±‚: {
  "method": "GET",
  "url": "http://localhost:9000/health",
  "remote_addr": "127.0.0.1",
  "user_agent": "Mozilla/5.0 (Windows NT 10.0; Win64; x64) AppleWebKit/537.36 (KHTML, like Gecko) Chrome/138.0.0.0 Safari/537.36 Edg/138.0.0.0",
  "timestamp": "2025-07-13T23:33:30.618671"
}
2025-07-13 23:33:30 - INFO - [server.py:92] - å‘é€å“åº”: {
  "status_code": 200,
  "content_length": 37,
  "content_type": "application/json",
  "timestamp": "2025-07-13T23:33:30.619485",
  "response_body": "{\"device\":\"cuda\",\"status\":\"healthy\"}\n"
}
2025-07-13 23:33:30 - INFO - [_internal.py:97] - 127.0.0.1 - - [13/Jul/2025 23:33:30] "GET /health HTTP/1.1" 200 -
2025-07-13 23:34:00 - INFO - [server.py:73] - æ”¶åˆ°è¯·æ±‚: {
  "method": "GET",
  "url": "http://localhost:9000/health",
  "remote_addr": "127.0.0.1",
  "user_agent": "Mozilla/5.0 (Windows NT 10.0; Win64; x64) AppleWebKit/537.36 (KHTML, like Gecko) Chrome/138.0.0.0 Safari/537.36 Edg/138.0.0.0",
  "timestamp": "2025-07-13T23:34:00.623776"
}
2025-07-13 23:34:00 - INFO - [server.py:92] - å‘é€å“åº”: {
  "status_code": 200,
  "content_length": 37,
  "content_type": "application/json",
  "timestamp": "2025-07-13T23:34:00.624212",
  "response_body": "{\"device\":\"cuda\",\"status\":\"healthy\"}\n"
}
2025-07-13 23:34:00 - INFO - [_internal.py:97] - 127.0.0.1 - - [13/Jul/2025 23:34:00] "GET /health HTTP/1.1" 200 -
2025-07-13 23:35:01 - INFO - [server.py:73] - æ”¶åˆ°è¯·æ±‚: {
  "method": "GET",
  "url": "http://localhost:9000/health",
  "remote_addr": "127.0.0.1",
  "user_agent": "Mozilla/5.0 (Windows NT 10.0; Win64; x64) AppleWebKit/537.36 (KHTML, like Gecko) Chrome/138.0.0.0 Safari/537.36 Edg/138.0.0.0",
  "timestamp": "2025-07-13T23:35:01.646100"
}
2025-07-13 23:35:01 - INFO - [server.py:92] - å‘é€å“åº”: {
  "status_code": 200,
  "content_length": 37,
  "content_type": "application/json",
  "timestamp": "2025-07-13T23:35:01.646780",
  "response_body": "{\"device\":\"cuda\",\"status\":\"healthy\"}\n"
}
2025-07-13 23:35:01 - INFO - [_internal.py:97] - 127.0.0.1 - - [13/Jul/2025 23:35:01] "GET /health HTTP/1.1" 200 -
2025-07-13 23:36:02 - INFO - [server.py:73] - æ”¶åˆ°è¯·æ±‚: {
  "method": "GET",
  "url": "http://localhost:9000/health",
  "remote_addr": "127.0.0.1",
  "user_agent": "Mozilla/5.0 (Windows NT 10.0; Win64; x64) AppleWebKit/537.36 (KHTML, like Gecko) Chrome/138.0.0.0 Safari/537.36 Edg/138.0.0.0",
  "timestamp": "2025-07-13T23:36:02.626872"
}
2025-07-13 23:36:02 - INFO - [server.py:92] - å‘é€å“åº”: {
  "status_code": 200,
  "content_length": 37,
  "content_type": "application/json",
  "timestamp": "2025-07-13T23:36:02.627289",
  "response_body": "{\"device\":\"cuda\",\"status\":\"healthy\"}\n"
}
2025-07-13 23:36:02 - INFO - [_internal.py:97] - 127.0.0.1 - - [13/Jul/2025 23:36:02] "GET /health HTTP/1.1" 200 -
2025-07-13 23:37:03 - INFO - [server.py:73] - æ”¶åˆ°è¯·æ±‚: {
  "method": "GET",
  "url": "http://localhost:9000/health",
  "remote_addr": "127.0.0.1",
  "user_agent": "Mozilla/5.0 (Windows NT 10.0; Win64; x64) AppleWebKit/537.36 (KHTML, like Gecko) Chrome/138.0.0.0 Safari/537.36 Edg/138.0.0.0",
  "timestamp": "2025-07-13T23:37:03.789280"
}
2025-07-13 23:37:03 - INFO - [server.py:92] - å‘é€å“åº”: {
  "status_code": 200,
  "content_length": 37,
  "content_type": "application/json",
  "timestamp": "2025-07-13T23:37:03.790246",
  "response_body": "{\"device\":\"cuda\",\"status\":\"healthy\"}\n"
}
2025-07-13 23:37:03 - INFO - [_internal.py:97] - 127.0.0.1 - - [13/Jul/2025 23:37:03] "GET /health HTTP/1.1" 200 -
2025-07-13 23:37:30 - INFO - [server.py:73] - æ”¶åˆ°è¯·æ±‚: {
  "method": "GET",
  "url": "http://localhost:9000/health",
  "remote_addr": "127.0.0.1",
  "user_agent": "Mozilla/5.0 (Windows NT 10.0; Win64; x64) AppleWebKit/537.36 (KHTML, like Gecko) Chrome/138.0.0.0 Safari/537.36 Edg/138.0.0.0",
  "timestamp": "2025-07-13T23:37:30.644914"
}
2025-07-13 23:37:30 - INFO - [server.py:92] - å‘é€å“åº”: {
  "status_code": 200,
  "content_length": 37,
  "content_type": "application/json",
  "timestamp": "2025-07-13T23:37:30.645723",
  "response_body": "{\"device\":\"cuda\",\"status\":\"healthy\"}\n"
}
2025-07-13 23:37:30 - INFO - [_internal.py:97] - 127.0.0.1 - - [13/Jul/2025 23:37:30] "GET /health HTTP/1.1" 200 -
2025-07-13 23:38:00 - INFO - [server.py:73] - æ”¶åˆ°è¯·æ±‚: {
  "method": "GET",
  "url": "http://localhost:9000/health",
  "remote_addr": "127.0.0.1",
  "user_agent": "Mozilla/5.0 (Windows NT 10.0; Win64; x64) AppleWebKit/537.36 (KHTML, like Gecko) Chrome/138.0.0.0 Safari/537.36 Edg/138.0.0.0",
  "timestamp": "2025-07-13T23:38:00.617410"
}
2025-07-13 23:38:00 - INFO - [server.py:92] - å‘é€å“åº”: {
  "status_code": 200,
  "content_length": 37,
  "content_type": "application/json",
  "timestamp": "2025-07-13T23:38:00.618087",
  "response_body": "{\"device\":\"cuda\",\"status\":\"healthy\"}\n"
}
2025-07-13 23:38:00 - INFO - [_internal.py:97] - 127.0.0.1 - - [13/Jul/2025 23:38:00] "GET /health HTTP/1.1" 200 -
2025-07-13 23:39:01 - INFO - [server.py:73] - æ”¶åˆ°è¯·æ±‚: {
  "method": "GET",
  "url": "http://localhost:9000/health",
  "remote_addr": "127.0.0.1",
  "user_agent": "Mozilla/5.0 (Windows NT 10.0; Win64; x64) AppleWebKit/537.36 (KHTML, like Gecko) Chrome/138.0.0.0 Safari/537.36 Edg/138.0.0.0",
  "timestamp": "2025-07-13T23:39:01.656313"
}
2025-07-13 23:39:01 - INFO - [server.py:92] - å‘é€å“åº”: {
  "status_code": 200,
  "content_length": 37,
  "content_type": "application/json",
  "timestamp": "2025-07-13T23:39:01.657155",
  "response_body": "{\"device\":\"cuda\",\"status\":\"healthy\"}\n"
}
2025-07-13 23:39:01 - INFO - [_internal.py:97] - 127.0.0.1 - - [13/Jul/2025 23:39:01] "GET /health HTTP/1.1" 200 -
2025-07-13 23:40:02 - INFO - [server.py:73] - æ”¶åˆ°è¯·æ±‚: {
  "method": "GET",
  "url": "http://localhost:9000/health",
  "remote_addr": "127.0.0.1",
  "user_agent": "Mozilla/5.0 (Windows NT 10.0; Win64; x64) AppleWebKit/537.36 (KHTML, like Gecko) Chrome/138.0.0.0 Safari/537.36 Edg/138.0.0.0",
  "timestamp": "2025-07-13T23:40:02.653788"
}
2025-07-13 23:40:02 - INFO - [server.py:92] - å‘é€å“åº”: {
  "status_code": 200,
  "content_length": 37,
  "content_type": "application/json",
  "timestamp": "2025-07-13T23:40:02.654346",
  "response_body": "{\"device\":\"cuda\",\"status\":\"healthy\"}\n"
}
2025-07-13 23:40:02 - INFO - [_internal.py:97] - 127.0.0.1 - - [13/Jul/2025 23:40:02] "GET /health HTTP/1.1" 200 -
2025-07-13 23:41:03 - INFO - [server.py:73] - æ”¶åˆ°è¯·æ±‚: {
  "method": "GET",
  "url": "http://localhost:9000/health",
  "remote_addr": "127.0.0.1",
  "user_agent": "Mozilla/5.0 (Windows NT 10.0; Win64; x64) AppleWebKit/537.36 (KHTML, like Gecko) Chrome/138.0.0.0 Safari/537.36 Edg/138.0.0.0",
  "timestamp": "2025-07-13T23:41:03.631388"
}
2025-07-13 23:41:03 - INFO - [server.py:92] - å‘é€å“åº”: {
  "status_code": 200,
  "content_length": 37,
  "content_type": "application/json",
  "timestamp": "2025-07-13T23:41:03.631778",
  "response_body": "{\"device\":\"cuda\",\"status\":\"healthy\"}\n"
}
2025-07-13 23:41:03 - INFO - [_internal.py:97] - 127.0.0.1 - - [13/Jul/2025 23:41:03] "GET /health HTTP/1.1" 200 -
2025-07-13 23:41:40 - INFO - [server.py:73] - æ”¶åˆ°è¯·æ±‚: {
  "method": "GET",
  "url": "http://localhost:9000/health",
  "remote_addr": "127.0.0.1",
  "user_agent": "Mozilla/5.0 (Windows NT 10.0; Win64; x64) AppleWebKit/537.36 (KHTML, like Gecko) Chrome/138.0.0.0 Safari/537.36 Edg/138.0.0.0",
  "timestamp": "2025-07-13T23:41:40.356947"
}
2025-07-13 23:41:40 - INFO - [server.py:92] - å‘é€å“åº”: {
  "status_code": 200,
  "content_length": 37,
  "content_type": "application/json",
  "timestamp": "2025-07-13T23:41:40.357490",
  "response_body": "{\"device\":\"cuda\",\"status\":\"healthy\"}\n"
}
2025-07-13 23:41:40 - INFO - [_internal.py:97] - 127.0.0.1 - - [13/Jul/2025 23:41:40] "GET /health HTTP/1.1" 200 -
2025-07-13 23:42:00 - INFO - [server.py:73] - æ”¶åˆ°è¯·æ±‚: {
  "method": "GET",
  "url": "http://localhost:9000/health",
  "remote_addr": "127.0.0.1",
  "user_agent": "Mozilla/5.0 (Windows NT 10.0; Win64; x64) AppleWebKit/537.36 (KHTML, like Gecko) Chrome/138.0.0.0 Safari/537.36 Edg/138.0.0.0",
  "timestamp": "2025-07-13T23:42:00.620475"
}
2025-07-13 23:42:00 - INFO - [server.py:92] - å‘é€å“åº”: {
  "status_code": 200,
  "content_length": 37,
  "content_type": "application/json",
  "timestamp": "2025-07-13T23:42:00.621306",
  "response_body": "{\"device\":\"cuda\",\"status\":\"healthy\"}\n"
}
2025-07-13 23:42:00 - INFO - [_internal.py:97] - 127.0.0.1 - - [13/Jul/2025 23:42:00] "GET /health HTTP/1.1" 200 -
2025-07-13 23:42:30 - INFO - [server.py:73] - æ”¶åˆ°è¯·æ±‚: {
  "method": "GET",
  "url": "http://localhost:9000/health",
  "remote_addr": "127.0.0.1",
  "user_agent": "Mozilla/5.0 (Windows NT 10.0; Win64; x64) AppleWebKit/537.36 (KHTML, like Gecko) Chrome/138.0.0.0 Safari/537.36 Edg/138.0.0.0",
  "timestamp": "2025-07-13T23:42:30.635761"
}
2025-07-13 23:42:30 - INFO - [server.py:92] - å‘é€å“åº”: {
  "status_code": 200,
  "content_length": 37,
  "content_type": "application/json",
  "timestamp": "2025-07-13T23:42:30.636641",
  "response_body": "{\"device\":\"cuda\",\"status\":\"healthy\"}\n"
}
2025-07-13 23:42:30 - INFO - [_internal.py:97] - 127.0.0.1 - - [13/Jul/2025 23:42:30] "GET /health HTTP/1.1" 200 -
2025-07-13 23:43:15 - INFO - [server.py:73] - æ”¶åˆ°è¯·æ±‚: {
  "method": "GET",
  "url": "http://localhost:9000/health",
  "remote_addr": "127.0.0.1",
  "user_agent": "Mozilla/5.0 (Windows NT 10.0; Win64; x64) AppleWebKit/537.36 (KHTML, like Gecko) Chrome/138.0.0.0 Safari/537.36 Edg/138.0.0.0",
  "timestamp": "2025-07-13T23:43:15.925266"
}
2025-07-13 23:43:15 - INFO - [server.py:92] - å‘é€å“åº”: {
  "status_code": 200,
  "content_length": 37,
  "content_type": "application/json",
  "timestamp": "2025-07-13T23:43:15.925729",
  "response_body": "{\"device\":\"cuda\",\"status\":\"healthy\"}\n"
}
2025-07-13 23:43:15 - INFO - [_internal.py:97] - 127.0.0.1 - - [13/Jul/2025 23:43:15] "GET /health HTTP/1.1" 200 -
2025-07-13 23:44:15 - INFO - [server.py:73] - æ”¶åˆ°è¯·æ±‚: {
  "method": "GET",
  "url": "http://localhost:9000/health",
  "remote_addr": "127.0.0.1",
  "user_agent": "Mozilla/5.0 (Windows NT 10.0; Win64; x64) AppleWebKit/537.36 (KHTML, like Gecko) Chrome/138.0.0.0 Safari/537.36 Edg/138.0.0.0",
  "timestamp": "2025-07-13T23:44:15.636500"
}
2025-07-13 23:44:15 - INFO - [server.py:92] - å‘é€å“åº”: {
  "status_code": 200,
  "content_length": 37,
  "content_type": "application/json",
  "timestamp": "2025-07-13T23:44:15.637366",
  "response_body": "{\"device\":\"cuda\",\"status\":\"healthy\"}\n"
}
2025-07-13 23:44:15 - INFO - [_internal.py:97] - 127.0.0.1 - - [13/Jul/2025 23:44:15] "GET /health HTTP/1.1" 200 -
2025-07-13 23:45:15 - INFO - [server.py:73] - æ”¶åˆ°è¯·æ±‚: {
  "method": "GET",
  "url": "http://localhost:9000/health",
  "remote_addr": "127.0.0.1",
  "user_agent": "Mozilla/5.0 (Windows NT 10.0; Win64; x64) AppleWebKit/537.36 (KHTML, like Gecko) Chrome/138.0.0.0 Safari/537.36 Edg/138.0.0.0",
  "timestamp": "2025-07-13T23:45:15.717216"
}
2025-07-13 23:45:15 - INFO - [server.py:92] - å‘é€å“åº”: {
  "status_code": 200,
  "content_length": 37,
  "content_type": "application/json",
  "timestamp": "2025-07-13T23:45:15.718649",
  "response_body": "{\"device\":\"cuda\",\"status\":\"healthy\"}\n"
}
2025-07-13 23:45:15 - INFO - [_internal.py:97] - 127.0.0.1 - - [13/Jul/2025 23:45:15] "GET /health HTTP/1.1" 200 -
2025-07-13 23:46:15 - INFO - [server.py:73] - æ”¶åˆ°è¯·æ±‚: {
  "method": "GET",
  "url": "http://localhost:9000/health",
  "remote_addr": "127.0.0.1",
  "user_agent": "Mozilla/5.0 (Windows NT 10.0; Win64; x64) AppleWebKit/537.36 (KHTML, like Gecko) Chrome/138.0.0.0 Safari/537.36 Edg/138.0.0.0",
  "timestamp": "2025-07-13T23:46:15.642114"
}
2025-07-13 23:46:15 - INFO - [server.py:92] - å‘é€å“åº”: {
  "status_code": 200,
  "content_length": 37,
  "content_type": "application/json",
  "timestamp": "2025-07-13T23:46:15.642978",
  "response_body": "{\"device\":\"cuda\",\"status\":\"healthy\"}\n"
}
2025-07-13 23:46:15 - INFO - [_internal.py:97] - 127.0.0.1 - - [13/Jul/2025 23:46:15] "GET /health HTTP/1.1" 200 -
2025-07-13 23:47:15 - INFO - [server.py:73] - æ”¶åˆ°è¯·æ±‚: {
  "method": "GET",
  "url": "http://localhost:9000/health",
  "remote_addr": "127.0.0.1",
  "user_agent": "Mozilla/5.0 (Windows NT 10.0; Win64; x64) AppleWebKit/537.36 (KHTML, like Gecko) Chrome/138.0.0.0 Safari/537.36 Edg/138.0.0.0",
  "timestamp": "2025-07-13T23:47:15.634014"
}
2025-07-13 23:47:15 - INFO - [server.py:92] - å‘é€å“åº”: {
  "status_code": 200,
  "content_length": 37,
  "content_type": "application/json",
  "timestamp": "2025-07-13T23:47:15.634863",
  "response_body": "{\"device\":\"cuda\",\"status\":\"healthy\"}\n"
}
2025-07-13 23:47:15 - INFO - [_internal.py:97] - 127.0.0.1 - - [13/Jul/2025 23:47:15] "GET /health HTTP/1.1" 200 -
2025-07-13 23:48:15 - INFO - [server.py:73] - æ”¶åˆ°è¯·æ±‚: {
  "method": "GET",
  "url": "http://localhost:9000/health",
  "remote_addr": "127.0.0.1",
  "user_agent": "Mozilla/5.0 (Windows NT 10.0; Win64; x64) AppleWebKit/537.36 (KHTML, like Gecko) Chrome/138.0.0.0 Safari/537.36 Edg/138.0.0.0",
  "timestamp": "2025-07-13T23:48:15.628584"
}
2025-07-13 23:48:15 - INFO - [server.py:92] - å‘é€å“åº”: {
  "status_code": 200,
  "content_length": 37,
  "content_type": "application/json",
  "timestamp": "2025-07-13T23:48:15.629419",
  "response_body": "{\"device\":\"cuda\",\"status\":\"healthy\"}\n"
}
2025-07-13 23:48:15 - INFO - [_internal.py:97] - 127.0.0.1 - - [13/Jul/2025 23:48:15] "GET /health HTTP/1.1" 200 -
2025-07-13 23:49:15 - INFO - [server.py:73] - æ”¶åˆ°è¯·æ±‚: {
  "method": "GET",
  "url": "http://localhost:9000/health",
  "remote_addr": "127.0.0.1",
  "user_agent": "Mozilla/5.0 (Windows NT 10.0; Win64; x64) AppleWebKit/537.36 (KHTML, like Gecko) Chrome/138.0.0.0 Safari/537.36 Edg/138.0.0.0",
  "timestamp": "2025-07-13T23:49:15.637633"
}
2025-07-13 23:49:15 - INFO - [server.py:92] - å‘é€å“åº”: {
  "status_code": 200,
  "content_length": 37,
  "content_type": "application/json",
  "timestamp": "2025-07-13T23:49:15.638167",
  "response_body": "{\"device\":\"cuda\",\"status\":\"healthy\"}\n"
}
2025-07-13 23:49:15 - INFO - [_internal.py:97] - 127.0.0.1 - - [13/Jul/2025 23:49:15] "GET /health HTTP/1.1" 200 -
2025-07-13 23:50:15 - INFO - [server.py:73] - æ”¶åˆ°è¯·æ±‚: {
  "method": "GET",
  "url": "http://localhost:9000/health",
  "remote_addr": "127.0.0.1",
  "user_agent": "Mozilla/5.0 (Windows NT 10.0; Win64; x64) AppleWebKit/537.36 (KHTML, like Gecko) Chrome/138.0.0.0 Safari/537.36 Edg/138.0.0.0",
  "timestamp": "2025-07-13T23:50:15.624071"
}
2025-07-13 23:50:15 - INFO - [server.py:92] - å‘é€å“åº”: {
  "status_code": 200,
  "content_length": 37,
  "content_type": "application/json",
  "timestamp": "2025-07-13T23:50:15.624931",
  "response_body": "{\"device\":\"cuda\",\"status\":\"healthy\"}\n"
}
2025-07-13 23:50:15 - INFO - [_internal.py:97] - 127.0.0.1 - - [13/Jul/2025 23:50:15] "GET /health HTTP/1.1" 200 -
2025-07-13 23:51:15 - INFO - [server.py:73] - æ”¶åˆ°è¯·æ±‚: {
  "method": "GET",
  "url": "http://localhost:9000/health",
  "remote_addr": "127.0.0.1",
  "user_agent": "Mozilla/5.0 (Windows NT 10.0; Win64; x64) AppleWebKit/537.36 (KHTML, like Gecko) Chrome/138.0.0.0 Safari/537.36 Edg/138.0.0.0",
  "timestamp": "2025-07-13T23:51:15.629750"
}
2025-07-13 23:51:15 - INFO - [server.py:92] - å‘é€å“åº”: {
  "status_code": 200,
  "content_length": 37,
  "content_type": "application/json",
  "timestamp": "2025-07-13T23:51:15.630595",
  "response_body": "{\"device\":\"cuda\",\"status\":\"healthy\"}\n"
}
2025-07-13 23:51:15 - INFO - [_internal.py:97] - 127.0.0.1 - - [13/Jul/2025 23:51:15] "GET /health HTTP/1.1" 200 -
2025-07-13 23:52:15 - INFO - [server.py:73] - æ”¶åˆ°è¯·æ±‚: {
  "method": "GET",
  "url": "http://localhost:9000/health",
  "remote_addr": "127.0.0.1",
  "user_agent": "Mozilla/5.0 (Windows NT 10.0; Win64; x64) AppleWebKit/537.36 (KHTML, like Gecko) Chrome/138.0.0.0 Safari/537.36 Edg/138.0.0.0",
  "timestamp": "2025-07-13T23:52:15.633734"
}
2025-07-13 23:52:15 - INFO - [server.py:92] - å‘é€å“åº”: {
  "status_code": 200,
  "content_length": 37,
  "content_type": "application/json",
  "timestamp": "2025-07-13T23:52:15.634106",
  "response_body": "{\"device\":\"cuda\",\"status\":\"healthy\"}\n"
}
2025-07-13 23:52:15 - INFO - [_internal.py:97] - 127.0.0.1 - - [13/Jul/2025 23:52:15] "GET /health HTTP/1.1" 200 -
2025-07-13 23:53:15 - INFO - [server.py:73] - æ”¶åˆ°è¯·æ±‚: {
  "method": "GET",
  "url": "http://localhost:9000/health",
  "remote_addr": "127.0.0.1",
  "user_agent": "Mozilla/5.0 (Windows NT 10.0; Win64; x64) AppleWebKit/537.36 (KHTML, like Gecko) Chrome/138.0.0.0 Safari/537.36 Edg/138.0.0.0",
  "timestamp": "2025-07-13T23:53:15.640002"
}
2025-07-13 23:53:15 - INFO - [server.py:92] - å‘é€å“åº”: {
  "status_code": 200,
  "content_length": 37,
  "content_type": "application/json",
  "timestamp": "2025-07-13T23:53:15.640834",
  "response_body": "{\"device\":\"cuda\",\"status\":\"healthy\"}\n"
}
2025-07-13 23:53:15 - INFO - [_internal.py:97] - 127.0.0.1 - - [13/Jul/2025 23:53:15] "GET /health HTTP/1.1" 200 -
2025-07-13 23:54:06 - INFO - [server.py:73] - æ”¶åˆ°è¯·æ±‚: {
  "method": "GET",
  "url": "http://localhost:9000/health",
  "remote_addr": "127.0.0.1",
  "user_agent": "Mozilla/5.0 (Windows NT 10.0; Win64; x64) AppleWebKit/537.36 (KHTML, like Gecko) Chrome/138.0.0.0 Safari/537.36 Edg/138.0.0.0",
  "timestamp": "2025-07-13T23:54:06.596579"
}
2025-07-13 23:54:06 - INFO - [server.py:92] - å‘é€å“åº”: {
  "status_code": 200,
  "content_length": 37,
  "content_type": "application/json",
  "timestamp": "2025-07-13T23:54:06.597423",
  "response_body": "{\"device\":\"cuda\",\"status\":\"healthy\"}\n"
}
2025-07-13 23:54:06 - INFO - [_internal.py:97] - 127.0.0.1 - - [13/Jul/2025 23:54:06] "GET /health HTTP/1.1" 200 -
2025-07-13 23:54:30 - INFO - [server.py:73] - æ”¶åˆ°è¯·æ±‚: {
  "method": "GET",
  "url": "http://localhost:9000/health",
  "remote_addr": "127.0.0.1",
  "user_agent": "Mozilla/5.0 (Windows NT 10.0; Win64; x64) AppleWebKit/537.36 (KHTML, like Gecko) Chrome/138.0.0.0 Safari/537.36 Edg/138.0.0.0",
  "timestamp": "2025-07-13T23:54:30.621657"
}
2025-07-13 23:54:30 - INFO - [server.py:92] - å‘é€å“åº”: {
  "status_code": 200,
  "content_length": 37,
  "content_type": "application/json",
  "timestamp": "2025-07-13T23:54:30.622482",
  "response_body": "{\"device\":\"cuda\",\"status\":\"healthy\"}\n"
}
2025-07-13 23:54:30 - INFO - [_internal.py:97] - 127.0.0.1 - - [13/Jul/2025 23:54:30] "GET /health HTTP/1.1" 200 -
2025-07-13 23:55:00 - INFO - [server.py:73] - æ”¶åˆ°è¯·æ±‚: {
  "method": "GET",
  "url": "http://localhost:9000/health",
  "remote_addr": "127.0.0.1",
  "user_agent": "Mozilla/5.0 (Windows NT 10.0; Win64; x64) AppleWebKit/537.36 (KHTML, like Gecko) Chrome/138.0.0.0 Safari/537.36 Edg/138.0.0.0",
  "timestamp": "2025-07-13T23:55:00.630892"
}
2025-07-13 23:55:00 - INFO - [server.py:92] - å‘é€å“åº”: {
  "status_code": 200,
  "content_length": 37,
  "content_type": "application/json",
  "timestamp": "2025-07-13T23:55:00.631755",
  "response_body": "{\"device\":\"cuda\",\"status\":\"healthy\"}\n"
}
2025-07-13 23:55:00 - INFO - [_internal.py:97] - 127.0.0.1 - - [13/Jul/2025 23:55:00] "GET /health HTTP/1.1" 200 -
2025-07-13 23:56:01 - INFO - [server.py:73] - æ”¶åˆ°è¯·æ±‚: {
  "method": "GET",
  "url": "http://localhost:9000/health",
  "remote_addr": "127.0.0.1",
  "user_agent": "Mozilla/5.0 (Windows NT 10.0; Win64; x64) AppleWebKit/537.36 (KHTML, like Gecko) Chrome/138.0.0.0 Safari/537.36 Edg/138.0.0.0",
  "timestamp": "2025-07-13T23:56:01.631007"
}
2025-07-13 23:56:01 - INFO - [server.py:92] - å‘é€å“åº”: {
  "status_code": 200,
  "content_length": 37,
  "content_type": "application/json",
  "timestamp": "2025-07-13T23:56:01.632171",
  "response_body": "{\"device\":\"cuda\",\"status\":\"healthy\"}\n"
}
2025-07-13 23:56:01 - INFO - [_internal.py:97] - 127.0.0.1 - - [13/Jul/2025 23:56:01] "GET /health HTTP/1.1" 200 -
2025-07-13 23:57:02 - INFO - [server.py:73] - æ”¶åˆ°è¯·æ±‚: {
  "method": "GET",
  "url": "http://localhost:9000/health",
  "remote_addr": "127.0.0.1",
  "user_agent": "Mozilla/5.0 (Windows NT 10.0; Win64; x64) AppleWebKit/537.36 (KHTML, like Gecko) Chrome/138.0.0.0 Safari/537.36 Edg/138.0.0.0",
  "timestamp": "2025-07-13T23:57:02.647828"
}
2025-07-13 23:57:02 - INFO - [server.py:92] - å‘é€å“åº”: {
  "status_code": 200,
  "content_length": 37,
  "content_type": "application/json",
  "timestamp": "2025-07-13T23:57:02.648706",
  "response_body": "{\"device\":\"cuda\",\"status\":\"healthy\"}\n"
}
2025-07-13 23:57:02 - INFO - [_internal.py:97] - 127.0.0.1 - - [13/Jul/2025 23:57:02] "GET /health HTTP/1.1" 200 -
2025-07-13 23:58:03 - INFO - [server.py:73] - æ”¶åˆ°è¯·æ±‚: {
  "method": "GET",
  "url": "http://localhost:9000/health",
  "remote_addr": "127.0.0.1",
  "user_agent": "Mozilla/5.0 (Windows NT 10.0; Win64; x64) AppleWebKit/537.36 (KHTML, like Gecko) Chrome/138.0.0.0 Safari/537.36 Edg/138.0.0.0",
  "timestamp": "2025-07-13T23:58:03.623903"
}
2025-07-13 23:58:03 - INFO - [server.py:92] - å‘é€å“åº”: {
  "status_code": 200,
  "content_length": 37,
  "content_type": "application/json",
  "timestamp": "2025-07-13T23:58:03.624839",
  "response_body": "{\"device\":\"cuda\",\"status\":\"healthy\"}\n"
}
2025-07-13 23:58:03 - INFO - [_internal.py:97] - 127.0.0.1 - - [13/Jul/2025 23:58:03] "GET /health HTTP/1.1" 200 -
2025-07-13 23:59:04 - INFO - [server.py:73] - æ”¶åˆ°è¯·æ±‚: {
  "method": "GET",
  "url": "http://localhost:9000/health",
  "remote_addr": "127.0.0.1",
  "user_agent": "Mozilla/5.0 (Windows NT 10.0; Win64; x64) AppleWebKit/537.36 (KHTML, like Gecko) Chrome/138.0.0.0 Safari/537.36 Edg/138.0.0.0",
  "timestamp": "2025-07-13T23:59:04.653338"
}
2025-07-13 23:59:04 - INFO - [server.py:92] - å‘é€å“åº”: {
  "status_code": 200,
  "content_length": 37,
  "content_type": "application/json",
  "timestamp": "2025-07-13T23:59:04.653765",
  "response_body": "{\"device\":\"cuda\",\"status\":\"healthy\"}\n"
}
2025-07-13 23:59:04 - INFO - [_internal.py:97] - 127.0.0.1 - - [13/Jul/2025 23:59:04] "GET /health HTTP/1.1" 200 -
2025-07-14 00:00:05 - INFO - [server.py:73] - æ”¶åˆ°è¯·æ±‚: {
  "method": "GET",
  "url": "http://localhost:9000/health",
  "remote_addr": "127.0.0.1",
  "user_agent": "Mozilla/5.0 (Windows NT 10.0; Win64; x64) AppleWebKit/537.36 (KHTML, like Gecko) Chrome/138.0.0.0 Safari/537.36 Edg/138.0.0.0",
  "timestamp": "2025-07-14T00:00:05.641814"
}
2025-07-14 00:00:05 - INFO - [server.py:92] - å‘é€å“åº”: {
  "status_code": 200,
  "content_length": 37,
  "content_type": "application/json",
  "timestamp": "2025-07-14T00:00:05.642558",
  "response_body": "{\"device\":\"cuda\",\"status\":\"healthy\"}\n"
}
2025-07-14 00:00:05 - INFO - [_internal.py:97] - 127.0.0.1 - - [14/Jul/2025 00:00:05] "GET /health HTTP/1.1" 200 -
2025-07-14 00:01:06 - INFO - [server.py:73] - æ”¶åˆ°è¯·æ±‚: {
  "method": "GET",
  "url": "http://localhost:9000/health",
  "remote_addr": "127.0.0.1",
  "user_agent": "Mozilla/5.0 (Windows NT 10.0; Win64; x64) AppleWebKit/537.36 (KHTML, like Gecko) Chrome/138.0.0.0 Safari/537.36 Edg/138.0.0.0",
  "timestamp": "2025-07-14T00:01:06.604231"
}
2025-07-14 00:01:06 - INFO - [server.py:92] - å‘é€å“åº”: {
  "status_code": 200,
  "content_length": 37,
  "content_type": "application/json",
  "timestamp": "2025-07-14T00:01:06.605125",
  "response_body": "{\"device\":\"cuda\",\"status\":\"healthy\"}\n"
}
2025-07-14 00:01:06 - INFO - [_internal.py:97] - 127.0.0.1 - - [14/Jul/2025 00:01:06] "GET /health HTTP/1.1" 200 -
2025-07-14 00:02:07 - INFO - [server.py:73] - æ”¶åˆ°è¯·æ±‚: {
  "method": "GET",
  "url": "http://localhost:9000/health",
  "remote_addr": "127.0.0.1",
  "user_agent": "Mozilla/5.0 (Windows NT 10.0; Win64; x64) AppleWebKit/537.36 (KHTML, like Gecko) Chrome/138.0.0.0 Safari/537.36 Edg/138.0.0.0",
  "timestamp": "2025-07-14T00:02:07.765339"
}
2025-07-14 00:02:07 - INFO - [server.py:92] - å‘é€å“åº”: {
  "status_code": 200,
  "content_length": 37,
  "content_type": "application/json",
  "timestamp": "2025-07-14T00:02:07.766209",
  "response_body": "{\"device\":\"cuda\",\"status\":\"healthy\"}\n"
}
2025-07-14 00:02:07 - INFO - [_internal.py:97] - 127.0.0.1 - - [14/Jul/2025 00:02:07] "GET /health HTTP/1.1" 200 -
2025-07-14 00:03:08 - INFO - [server.py:73] - æ”¶åˆ°è¯·æ±‚: {
  "method": "GET",
  "url": "http://localhost:9000/health",
  "remote_addr": "127.0.0.1",
  "user_agent": "Mozilla/5.0 (Windows NT 10.0; Win64; x64) AppleWebKit/537.36 (KHTML, like Gecko) Chrome/138.0.0.0 Safari/537.36 Edg/138.0.0.0",
  "timestamp": "2025-07-14T00:03:08.729316"
}
2025-07-14 00:03:08 - INFO - [server.py:92] - å‘é€å“åº”: {
  "status_code": 200,
  "content_length": 37,
  "content_type": "application/json",
  "timestamp": "2025-07-14T00:03:08.729739",
  "response_body": "{\"device\":\"cuda\",\"status\":\"healthy\"}\n"
}
2025-07-14 00:03:08 - INFO - [_internal.py:97] - 127.0.0.1 - - [14/Jul/2025 00:03:08] "GET /health HTTP/1.1" 200 -
2025-07-14 00:04:09 - INFO - [server.py:73] - æ”¶åˆ°è¯·æ±‚: {
  "method": "GET",
  "url": "http://localhost:9000/health",
  "remote_addr": "127.0.0.1",
  "user_agent": "Mozilla/5.0 (Windows NT 10.0; Win64; x64) AppleWebKit/537.36 (KHTML, like Gecko) Chrome/138.0.0.0 Safari/537.36 Edg/138.0.0.0",
  "timestamp": "2025-07-14T00:04:09.618731"
}
2025-07-14 00:04:09 - INFO - [server.py:92] - å‘é€å“åº”: {
  "status_code": 200,
  "content_length": 37,
  "content_type": "application/json",
  "timestamp": "2025-07-14T00:04:09.619564",
  "response_body": "{\"device\":\"cuda\",\"status\":\"healthy\"}\n"
}
2025-07-14 00:04:09 - INFO - [_internal.py:97] - 127.0.0.1 - - [14/Jul/2025 00:04:09] "GET /health HTTP/1.1" 200 -
2025-07-14 00:05:10 - INFO - [server.py:73] - æ”¶åˆ°è¯·æ±‚: {
  "method": "GET",
  "url": "http://localhost:9000/health",
  "remote_addr": "127.0.0.1",
  "user_agent": "Mozilla/5.0 (Windows NT 10.0; Win64; x64) AppleWebKit/537.36 (KHTML, like Gecko) Chrome/138.0.0.0 Safari/537.36 Edg/138.0.0.0",
  "timestamp": "2025-07-14T00:05:10.625078"
}
2025-07-14 00:05:10 - INFO - [server.py:92] - å‘é€å“åº”: {
  "status_code": 200,
  "content_length": 37,
  "content_type": "application/json",
  "timestamp": "2025-07-14T00:05:10.625534",
  "response_body": "{\"device\":\"cuda\",\"status\":\"healthy\"}\n"
}
2025-07-14 00:05:10 - INFO - [_internal.py:97] - 127.0.0.1 - - [14/Jul/2025 00:05:10] "GET /health HTTP/1.1" 200 -
2025-07-14 00:06:11 - INFO - [server.py:73] - æ”¶åˆ°è¯·æ±‚: {
  "method": "GET",
  "url": "http://localhost:9000/health",
  "remote_addr": "127.0.0.1",
  "user_agent": "Mozilla/5.0 (Windows NT 10.0; Win64; x64) AppleWebKit/537.36 (KHTML, like Gecko) Chrome/138.0.0.0 Safari/537.36 Edg/138.0.0.0",
  "timestamp": "2025-07-14T00:06:11.778941"
}
2025-07-14 00:06:11 - INFO - [server.py:92] - å‘é€å“åº”: {
  "status_code": 200,
  "content_length": 37,
  "content_type": "application/json",
  "timestamp": "2025-07-14T00:06:11.779556",
  "response_body": "{\"device\":\"cuda\",\"status\":\"healthy\"}\n"
}
2025-07-14 00:06:11 - INFO - [_internal.py:97] - 127.0.0.1 - - [14/Jul/2025 00:06:11] "GET /health HTTP/1.1" 200 -
2025-07-14 00:07:12 - INFO - [server.py:73] - æ”¶åˆ°è¯·æ±‚: {
  "method": "GET",
  "url": "http://localhost:9000/health",
  "remote_addr": "127.0.0.1",
  "user_agent": "Mozilla/5.0 (Windows NT 10.0; Win64; x64) AppleWebKit/537.36 (KHTML, like Gecko) Chrome/138.0.0.0 Safari/537.36 Edg/138.0.0.0",
  "timestamp": "2025-07-14T00:07:12.629485"
}
2025-07-14 00:07:12 - INFO - [server.py:92] - å‘é€å“åº”: {
  "status_code": 200,
  "content_length": 37,
  "content_type": "application/json",
  "timestamp": "2025-07-14T00:07:12.630024",
  "response_body": "{\"device\":\"cuda\",\"status\":\"healthy\"}\n"
}
2025-07-14 00:07:12 - INFO - [_internal.py:97] - 127.0.0.1 - - [14/Jul/2025 00:07:12] "GET /health HTTP/1.1" 200 -
2025-07-14 00:08:13 - INFO - [server.py:73] - æ”¶åˆ°è¯·æ±‚: {
  "method": "GET",
  "url": "http://localhost:9000/health",
  "remote_addr": "127.0.0.1",
  "user_agent": "Mozilla/5.0 (Windows NT 10.0; Win64; x64) AppleWebKit/537.36 (KHTML, like Gecko) Chrome/138.0.0.0 Safari/537.36 Edg/138.0.0.0",
  "timestamp": "2025-07-14T00:08:13.713161"
}
2025-07-14 00:08:13 - INFO - [server.py:92] - å‘é€å“åº”: {
  "status_code": 200,
  "content_length": 37,
  "content_type": "application/json",
  "timestamp": "2025-07-14T00:08:13.713631",
  "response_body": "{\"device\":\"cuda\",\"status\":\"healthy\"}\n"
}
2025-07-14 00:08:13 - INFO - [_internal.py:97] - 127.0.0.1 - - [14/Jul/2025 00:08:13] "GET /health HTTP/1.1" 200 -
2025-07-14 00:09:14 - INFO - [server.py:73] - æ”¶åˆ°è¯·æ±‚: {
  "method": "GET",
  "url": "http://localhost:9000/health",
  "remote_addr": "127.0.0.1",
  "user_agent": "Mozilla/5.0 (Windows NT 10.0; Win64; x64) AppleWebKit/537.36 (KHTML, like Gecko) Chrome/138.0.0.0 Safari/537.36 Edg/138.0.0.0",
  "timestamp": "2025-07-14T00:09:14.645668"
}
2025-07-14 00:09:14 - INFO - [server.py:92] - å‘é€å“åº”: {
  "status_code": 200,
  "content_length": 37,
  "content_type": "application/json",
  "timestamp": "2025-07-14T00:09:14.646029",
  "response_body": "{\"device\":\"cuda\",\"status\":\"healthy\"}\n"
}
2025-07-14 00:09:14 - INFO - [_internal.py:97] - 127.0.0.1 - - [14/Jul/2025 00:09:14] "GET /health HTTP/1.1" 200 -
2025-07-14 00:10:15 - INFO - [server.py:73] - æ”¶åˆ°è¯·æ±‚: {
  "method": "GET",
  "url": "http://localhost:9000/health",
  "remote_addr": "127.0.0.1",
  "user_agent": "Mozilla/5.0 (Windows NT 10.0; Win64; x64) AppleWebKit/537.36 (KHTML, like Gecko) Chrome/138.0.0.0 Safari/537.36 Edg/138.0.0.0",
  "timestamp": "2025-07-14T00:10:15.624763"
}
2025-07-14 00:10:15 - INFO - [server.py:92] - å‘é€å“åº”: {
  "status_code": 200,
  "content_length": 37,
  "content_type": "application/json",
  "timestamp": "2025-07-14T00:10:15.625336",
  "response_body": "{\"device\":\"cuda\",\"status\":\"healthy\"}\n"
}
2025-07-14 00:10:15 - INFO - [_internal.py:97] - 127.0.0.1 - - [14/Jul/2025 00:10:15] "GET /health HTTP/1.1" 200 -
2025-07-14 00:11:15 - INFO - [server.py:73] - æ”¶åˆ°è¯·æ±‚: {
  "method": "GET",
  "url": "http://localhost:9000/health",
  "remote_addr": "127.0.0.1",
  "user_agent": "Mozilla/5.0 (Windows NT 10.0; Win64; x64) AppleWebKit/537.36 (KHTML, like Gecko) Chrome/138.0.0.0 Safari/537.36 Edg/138.0.0.0",
  "timestamp": "2025-07-14T00:11:15.655941"
}
2025-07-14 00:11:15 - INFO - [server.py:92] - å‘é€å“åº”: {
  "status_code": 200,
  "content_length": 37,
  "content_type": "application/json",
  "timestamp": "2025-07-14T00:11:15.656423",
  "response_body": "{\"device\":\"cuda\",\"status\":\"healthy\"}\n"
}
2025-07-14 00:11:15 - INFO - [_internal.py:97] - 127.0.0.1 - - [14/Jul/2025 00:11:15] "GET /health HTTP/1.1" 200 -
2025-07-14 00:12:15 - INFO - [server.py:73] - æ”¶åˆ°è¯·æ±‚: {
  "method": "GET",
  "url": "http://localhost:9000/health",
  "remote_addr": "127.0.0.1",
  "user_agent": "Mozilla/5.0 (Windows NT 10.0; Win64; x64) AppleWebKit/537.36 (KHTML, like Gecko) Chrome/138.0.0.0 Safari/537.36 Edg/138.0.0.0",
  "timestamp": "2025-07-14T00:12:15.625753"
}
2025-07-14 00:12:15 - INFO - [server.py:92] - å‘é€å“åº”: {
  "status_code": 200,
  "content_length": 37,
  "content_type": "application/json",
  "timestamp": "2025-07-14T00:12:15.626234",
  "response_body": "{\"device\":\"cuda\",\"status\":\"healthy\"}\n"
}
2025-07-14 00:12:15 - INFO - [_internal.py:97] - 127.0.0.1 - - [14/Jul/2025 00:12:15] "GET /health HTTP/1.1" 200 -
2025-07-14 00:13:15 - INFO - [server.py:73] - æ”¶åˆ°è¯·æ±‚: {
  "method": "GET",
  "url": "http://localhost:9000/health",
  "remote_addr": "127.0.0.1",
  "user_agent": "Mozilla/5.0 (Windows NT 10.0; Win64; x64) AppleWebKit/537.36 (KHTML, like Gecko) Chrome/138.0.0.0 Safari/537.36 Edg/138.0.0.0",
  "timestamp": "2025-07-14T00:13:15.632673"
}
2025-07-14 00:13:15 - INFO - [server.py:92] - å‘é€å“åº”: {
  "status_code": 200,
  "content_length": 37,
  "content_type": "application/json",
  "timestamp": "2025-07-14T00:13:15.633081",
  "response_body": "{\"device\":\"cuda\",\"status\":\"healthy\"}\n"
}
2025-07-14 00:13:15 - INFO - [_internal.py:97] - 127.0.0.1 - - [14/Jul/2025 00:13:15] "GET /health HTTP/1.1" 200 -
2025-07-14 00:14:15 - INFO - [server.py:73] - æ”¶åˆ°è¯·æ±‚: {
  "method": "GET",
  "url": "http://localhost:9000/health",
  "remote_addr": "127.0.0.1",
  "user_agent": "Mozilla/5.0 (Windows NT 10.0; Win64; x64) AppleWebKit/537.36 (KHTML, like Gecko) Chrome/138.0.0.0 Safari/537.36 Edg/138.0.0.0",
  "timestamp": "2025-07-14T00:14:15.638489"
}
2025-07-14 00:14:15 - INFO - [server.py:92] - å‘é€å“åº”: {
  "status_code": 200,
  "content_length": 37,
  "content_type": "application/json",
  "timestamp": "2025-07-14T00:14:15.638871",
  "response_body": "{\"device\":\"cuda\",\"status\":\"healthy\"}\n"
}
2025-07-14 00:14:15 - INFO - [_internal.py:97] - 127.0.0.1 - - [14/Jul/2025 00:14:15] "GET /health HTTP/1.1" 200 -
2025-07-14 00:15:15 - INFO - [server.py:73] - æ”¶åˆ°è¯·æ±‚: {
  "method": "GET",
  "url": "http://localhost:9000/health",
  "remote_addr": "127.0.0.1",
  "user_agent": "Mozilla/5.0 (Windows NT 10.0; Win64; x64) AppleWebKit/537.36 (KHTML, like Gecko) Chrome/138.0.0.0 Safari/537.36 Edg/138.0.0.0",
  "timestamp": "2025-07-14T00:15:15.646767"
}
2025-07-14 00:15:15 - INFO - [server.py:92] - å‘é€å“åº”: {
  "status_code": 200,
  "content_length": 37,
  "content_type": "application/json",
  "timestamp": "2025-07-14T00:15:15.647133",
  "response_body": "{\"device\":\"cuda\",\"status\":\"healthy\"}\n"
}
2025-07-14 00:15:15 - INFO - [_internal.py:97] - 127.0.0.1 - - [14/Jul/2025 00:15:15] "GET /health HTTP/1.1" 200 -
2025-07-14 00:16:15 - INFO - [server.py:73] - æ”¶åˆ°è¯·æ±‚: {
  "method": "GET",
  "url": "http://localhost:9000/health",
  "remote_addr": "127.0.0.1",
  "user_agent": "Mozilla/5.0 (Windows NT 10.0; Win64; x64) AppleWebKit/537.36 (KHTML, like Gecko) Chrome/138.0.0.0 Safari/537.36 Edg/138.0.0.0",
  "timestamp": "2025-07-14T00:16:15.657617"
}
2025-07-14 00:16:15 - INFO - [server.py:92] - å‘é€å“åº”: {
  "status_code": 200,
  "content_length": 37,
  "content_type": "application/json",
  "timestamp": "2025-07-14T00:16:15.657982",
  "response_body": "{\"device\":\"cuda\",\"status\":\"healthy\"}\n"
}
2025-07-14 00:16:15 - INFO - [_internal.py:97] - 127.0.0.1 - - [14/Jul/2025 00:16:15] "GET /health HTTP/1.1" 200 -
2025-07-14 00:17:15 - INFO - [server.py:73] - æ”¶åˆ°è¯·æ±‚: {
  "method": "GET",
  "url": "http://localhost:9000/health",
  "remote_addr": "127.0.0.1",
  "user_agent": "Mozilla/5.0 (Windows NT 10.0; Win64; x64) AppleWebKit/537.36 (KHTML, like Gecko) Chrome/138.0.0.0 Safari/537.36 Edg/138.0.0.0",
  "timestamp": "2025-07-14T00:17:15.684493"
}
2025-07-14 00:17:15 - INFO - [server.py:92] - å‘é€å“åº”: {
  "status_code": 200,
  "content_length": 37,
  "content_type": "application/json",
  "timestamp": "2025-07-14T00:17:15.685372",
  "response_body": "{\"device\":\"cuda\",\"status\":\"healthy\"}\n"
}
2025-07-14 00:17:15 - INFO - [_internal.py:97] - 127.0.0.1 - - [14/Jul/2025 00:17:15] "GET /health HTTP/1.1" 200 -
2025-07-14 00:17:59 - INFO - [server.py:73] - æ”¶åˆ°è¯·æ±‚: {
  "method": "GET",
  "url": "http://localhost:9000/health",
  "remote_addr": "127.0.0.1",
  "user_agent": "Mozilla/5.0 (Windows NT 10.0; Win64; x64) AppleWebKit/537.36 (KHTML, like Gecko) Chrome/138.0.0.0 Safari/537.36 Edg/138.0.0.0",
  "timestamp": "2025-07-14T00:17:59.665902"
}
2025-07-14 00:17:59 - INFO - [server.py:92] - å‘é€å“åº”: {
  "status_code": 200,
  "content_length": 37,
  "content_type": "application/json",
  "timestamp": "2025-07-14T00:17:59.666759",
  "response_body": "{\"device\":\"cuda\",\"status\":\"healthy\"}\n"
}
2025-07-14 00:17:59 - INFO - [_internal.py:97] - 127.0.0.1 - - [14/Jul/2025 00:17:59] "GET /health HTTP/1.1" 200 -
