=== LLaDA åç«¯æœåŠ¡æ—¥å¿— ===
å¯åŠ¨æ—¶é—´: Sun Jul 13 20:55:04 CST 2025
æ—¥å¿—ä¼šè¯: 20250713_205459
Pythonç‰ˆæœ¬: Python 3.12.3
å·¥ä½œç›®å½•: /root/LLaDA-main/lldm
è®¾å¤‡æ£€æµ‹: CUDAå¯ç”¨: True
==========================

2025-07-13 20:55:07 - INFO - [server.py:97] - åˆå§‹åŒ–è®¾å¤‡: cuda
2025-07-13 20:55:07 - INFO - [server.py:97] - åˆå§‹åŒ–è®¾å¤‡: cuda
2025-07-13 20:55:07 - INFO - [server.py:104] - GPUæ€»å†…å­˜: 23.5GB
2025-07-13 20:55:07 - INFO - [server.py:104] - GPUæ€»å†…å­˜: 23.5GB
2025-07-13 20:55:07 - INFO - [server.py:107] - å¼€å§‹åŠ è½½tokenizer...
2025-07-13 20:55:07 - INFO - [server.py:107] - å¼€å§‹åŠ è½½tokenizer...
2025-07-13 20:55:08 - INFO - [server.py:109] - TokenizeråŠ è½½æˆåŠŸ
2025-07-13 20:55:08 - INFO - [server.py:109] - TokenizeråŠ è½½æˆåŠŸ
2025-07-13 20:55:08 - INFO - [server.py:111] - å¼€å§‹åŠ è½½æ¨¡å‹...
2025-07-13 20:55:08 - INFO - [server.py:111] - å¼€å§‹åŠ è½½æ¨¡å‹...
2025-07-13 20:55:09 - INFO - [modeling.py:991] - We will use 90% of the memory on device 0 for storing the model, and 10% for the buffer to avoid OOM. You can set `max_memory` in to a higher value to use more memory (at your own risk).
2025-07-13 20:55:09 - INFO - [modeling.py:991] - We will use 90% of the memory on device 0 for storing the model, and 10% for the buffer to avoid OOM. You can set `max_memory` in to a higher value to use more memory (at your own risk).
2025-07-13 20:55:09 - WARNING - [modeling.py:1114] - The model weights are not tied. Please use the `tie_weights` method before using the `infer_auto_device` function.
2025-07-13 20:55:09 - WARNING - [modeling.py:1114] - The model weights are not tied. Please use the `tie_weights` method before using the `infer_auto_device` function.
Loading checkpoint shards:   0%|          | 0/6 [00:00<?, ?it/s]Loading checkpoint shards:  17%|â–ˆâ–‹        | 1/6 [00:00<00:02,  1.87it/s]Loading checkpoint shards:  33%|â–ˆâ–ˆâ–ˆâ–      | 2/6 [00:01<00:02,  1.48it/s]Loading checkpoint shards:  50%|â–ˆâ–ˆâ–ˆâ–ˆâ–ˆ     | 3/6 [00:02<00:02,  1.35it/s]Loading checkpoint shards:  67%|â–ˆâ–ˆâ–ˆâ–ˆâ–ˆâ–ˆâ–‹   | 4/6 [00:02<00:01,  1.32it/s]Loading checkpoint shards:  83%|â–ˆâ–ˆâ–ˆâ–ˆâ–ˆâ–ˆâ–ˆâ–ˆâ– | 5/6 [00:03<00:00,  1.29it/s]Loading checkpoint shards: 100%|â–ˆâ–ˆâ–ˆâ–ˆâ–ˆâ–ˆâ–ˆâ–ˆâ–ˆâ–ˆ| 6/6 [00:04<00:00,  1.42it/s]Loading checkpoint shards: 100%|â–ˆâ–ˆâ–ˆâ–ˆâ–ˆâ–ˆâ–ˆâ–ˆâ–ˆâ–ˆ| 6/6 [00:04<00:00,  1.40it/s]
2025-07-13 20:55:13 - INFO - [server.py:129] - æ¨¡å‹åŠ è½½æˆåŠŸï¼Œè®¾å¤‡: cuda
2025-07-13 20:55:13 - INFO - [server.py:129] - æ¨¡å‹åŠ è½½æˆåŠŸï¼Œè®¾å¤‡: cuda
2025-07-13 20:55:13 - INFO - [server.py:132] - GPUå·²åˆ†é…å†…å­˜: 14.9GB
2025-07-13 20:55:13 - INFO - [server.py:132] - GPUå·²åˆ†é…å†…å­˜: 14.9GB
 * Serving Flask app 'server'
 * Debug mode: off
2025-07-13 20:55:13 - INFO - [_internal.py:97] - [31m[1mWARNING: This is a development server. Do not use it in a production deployment. Use a production WSGI server instead.[0m
 * Running on all addresses (0.0.0.0)
 * Running on http://127.0.0.1:9000
 * Running on http://172.17.0.3:9000
2025-07-13 20:55:13 - INFO - [_internal.py:97] - [31m[1mWARNING: This is a development server. Do not use it in a production deployment. Use a production WSGI server instead.[0m
 * Running on all addresses (0.0.0.0)
 * Running on http://127.0.0.1:9000
 * Running on http://172.17.0.3:9000
2025-07-13 20:55:13 - INFO - [_internal.py:97] - [33mPress CTRL+C to quit[0m
2025-07-13 20:55:13 - INFO - [_internal.py:97] - [33mPress CTRL+C to quit[0m
2025-07-13 20:55:14 - INFO - [server.py:73] - æ”¶åˆ°è¯·æ±‚: {
  "method": "GET",
  "url": "http://localhost:9000/health",
  "remote_addr": "127.0.0.1",
  "user_agent": "curl/7.81.0",
  "timestamp": "2025-07-13T20:55:14.278826"
}
2025-07-13 20:55:14 - INFO - [server.py:73] - æ”¶åˆ°è¯·æ±‚: {
  "method": "GET",
  "url": "http://localhost:9000/health",
  "remote_addr": "127.0.0.1",
  "user_agent": "curl/7.81.0",
  "timestamp": "2025-07-13T20:55:14.278826"
}
2025-07-13 20:55:14 - INFO - [server.py:92] - å‘é€å“åº”: {
  "status_code": 200,
  "content_length": 37,
  "content_type": "application/json",
  "timestamp": "2025-07-13T20:55:14.279670",
  "response_body": "{\"device\":\"cuda\",\"status\":\"healthy\"}\n"
}
2025-07-13 20:55:14 - INFO - [server.py:92] - å‘é€å“åº”: {
  "status_code": 200,
  "content_length": 37,
  "content_type": "application/json",
  "timestamp": "2025-07-13T20:55:14.279670",
  "response_body": "{\"device\":\"cuda\",\"status\":\"healthy\"}\n"
}
2025-07-13 20:55:14 - INFO - [_internal.py:97] - 127.0.0.1 - - [13/Jul/2025 20:55:14] "GET /health HTTP/1.1" 200 -
2025-07-13 20:55:14 - INFO - [_internal.py:97] - 127.0.0.1 - - [13/Jul/2025 20:55:14] "GET /health HTTP/1.1" 200 -
2025-07-13 20:55:23 - INFO - [server.py:73] - æ”¶åˆ°è¯·æ±‚: {
  "method": "GET",
  "url": "http://localhost:9000/health",
  "remote_addr": "127.0.0.1",
  "user_agent": "python-requests/2.31.0",
  "timestamp": "2025-07-13T20:55:23.897186"
}
2025-07-13 20:55:23 - INFO - [server.py:73] - æ”¶åˆ°è¯·æ±‚: {
  "method": "GET",
  "url": "http://localhost:9000/health",
  "remote_addr": "127.0.0.1",
  "user_agent": "python-requests/2.31.0",
  "timestamp": "2025-07-13T20:55:23.897186"
}
2025-07-13 20:55:23 - INFO - [server.py:92] - å‘é€å“åº”: {
  "status_code": 200,
  "content_length": 37,
  "content_type": "application/json",
  "timestamp": "2025-07-13T20:55:23.898110",
  "response_body": "{\"device\":\"cuda\",\"status\":\"healthy\"}\n"
}
2025-07-13 20:55:23 - INFO - [server.py:92] - å‘é€å“åº”: {
  "status_code": 200,
  "content_length": 37,
  "content_type": "application/json",
  "timestamp": "2025-07-13T20:55:23.898110",
  "response_body": "{\"device\":\"cuda\",\"status\":\"healthy\"}\n"
}
2025-07-13 20:55:23 - INFO - [_internal.py:97] - 127.0.0.1 - - [13/Jul/2025 20:55:23] "GET /health HTTP/1.1" 200 -
2025-07-13 20:55:23 - INFO - [_internal.py:97] - 127.0.0.1 - - [13/Jul/2025 20:55:23] "GET /health HTTP/1.1" 200 -
2025-07-13 20:55:24 - INFO - [server.py:73] - æ”¶åˆ°è¯·æ±‚: {
  "method": "POST",
  "url": "http://localhost:9000/generate",
  "remote_addr": "127.0.0.1",
  "user_agent": "python-requests/2.31.0",
  "timestamp": "2025-07-13T20:55:24.904842",
  "json_data": {
    "messages": [
      {
        "role": "user",
        "content": "ä½ å¥½"
      }
    ],
    "settings": {
      "gen_length": 16,
      "steps": 8,
      "temperature": 0.0,
      "cfg_scale": 0.0
    }
  }
}
2025-07-13 20:55:24 - INFO - [server.py:73] - æ”¶åˆ°è¯·æ±‚: {
  "method": "POST",
  "url": "http://localhost:9000/generate",
  "remote_addr": "127.0.0.1",
  "user_agent": "python-requests/2.31.0",
  "timestamp": "2025-07-13T20:55:24.904842",
  "json_data": {
    "messages": [
      {
        "role": "user",
        "content": "ä½ å¥½"
      }
    ],
    "settings": {
      "gen_length": 16,
      "steps": 8,
      "temperature": 0.0,
      "cfg_scale": 0.0
    }
  }
}
2025-07-13 20:55:24 - INFO - [server.py:443] - [req_1752411324905] æ”¶åˆ°ç”Ÿæˆè¯·æ±‚
2025-07-13 20:55:24 - INFO - [server.py:443] - [req_1752411324905] æ”¶åˆ°ç”Ÿæˆè¯·æ±‚
2025-07-13 20:55:24 - INFO - [server.py:451] - [req_1752411324905] è¯·æ±‚æ•°æ®è¯¦æƒ…:
2025-07-13 20:55:24 - INFO - [server.py:451] - [req_1752411324905] è¯·æ±‚æ•°æ®è¯¦æƒ…:
2025-07-13 20:55:24 - INFO - [server.py:452] - [req_1752411324905] - æ¶ˆæ¯æ•°é‡: 1
2025-07-13 20:55:24 - INFO - [server.py:452] - [req_1752411324905] - æ¶ˆæ¯æ•°é‡: 1
2025-07-13 20:55:24 - INFO - [server.py:453] - [req_1752411324905] - è®¾ç½®å‚æ•°: {
  "gen_length": 16,
  "steps": 8,
  "temperature": 0.0,
  "cfg_scale": 0.0
}
2025-07-13 20:55:24 - INFO - [server.py:453] - [req_1752411324905] - è®¾ç½®å‚æ•°: {
  "gen_length": 16,
  "steps": 8,
  "temperature": 0.0,
  "cfg_scale": 0.0
}
2025-07-13 20:55:24 - DEBUG - [server.py:454] - [req_1752411324905] - å®Œæ•´æ¶ˆæ¯åˆ—è¡¨: [
  {
    "role": "user",
    "content": "ä½ å¥½"
  }
]
2025-07-13 20:55:24 - INFO - [server.py:465] - [req_1752411324905] å¼€å§‹ç”Ÿæˆå“åº”...
2025-07-13 20:55:24 - INFO - [server.py:465] - [req_1752411324905] å¼€å§‹ç”Ÿæˆå“åº”...
2025-07-13 20:55:24 - INFO - [server.py:201] - ============================================================
2025-07-13 20:55:24 - INFO - [server.py:201] - ============================================================
2025-07-13 20:55:24 - INFO - [server.py:202] - å¼€å§‹ç”Ÿæˆå“åº”
2025-07-13 20:55:24 - INFO - [server.py:202] - å¼€å§‹ç”Ÿæˆå“åº”
2025-07-13 20:55:24 - INFO - [server.py:203] - è¾“å…¥æ¶ˆæ¯æ•°é‡: 1
2025-07-13 20:55:24 - INFO - [server.py:203] - è¾“å…¥æ¶ˆæ¯æ•°é‡: 1
2025-07-13 20:55:24 - INFO - [server.py:205] - æ¶ˆæ¯ 1: è§’è‰²=user, å†…å®¹é•¿åº¦=2
2025-07-13 20:55:24 - INFO - [server.py:205] - æ¶ˆæ¯ 1: è§’è‰²=user, å†…å®¹é•¿åº¦=2
2025-07-13 20:55:24 - DEBUG - [server.py:206] - æ¶ˆæ¯ 1 å†…å®¹: ä½ å¥½
2025-07-13 20:55:24 - INFO - [server.py:208] - è®¾ç½®å‚æ•°: {
  "gen_length": 16,
  "steps": 8,
  "temperature": 0.0,
  "cfg_scale": 0.0
}
2025-07-13 20:55:24 - INFO - [server.py:208] - è®¾ç½®å‚æ•°: {
  "gen_length": 16,
  "steps": 8,
  "temperature": 0.0,
  "cfg_scale": 0.0
}
2025-07-13 20:55:24 - INFO - [server.py:220] - è§£æåçš„çº¦æŸ: {}
2025-07-13 20:55:24 - INFO - [server.py:220] - è§£æåçš„çº¦æŸ: {}
2025-07-13 20:55:24 - INFO - [server.py:225] - ç”Ÿæˆå‰GPUå†…å­˜ä½¿ç”¨: 14.93GB
2025-07-13 20:55:24 - INFO - [server.py:225] - ç”Ÿæˆå‰GPUå†…å­˜ä½¿ç”¨: 14.93GB
2025-07-13 20:55:24 - INFO - [server.py:228] - å‡†å¤‡è¾“å…¥prompt...
2025-07-13 20:55:24 - INFO - [server.py:228] - å‡†å¤‡è¾“å…¥prompt...
2025-07-13 20:55:24 - DEBUG - [server.py:230] - æ ¼å¼åŒ–åçš„chatè¾“å…¥: <|startoftext|><|start_header_id|>user<|end_header_id|>

ä½ å¥½<|eot_id|><|start_header_id|>assistant<|end_header_id|>


2025-07-13 20:55:24 - INFO - [server.py:234] - è¾“å…¥tokenæ•°é‡: 14
2025-07-13 20:55:24 - INFO - [server.py:234] - è¾“å…¥tokenæ•°é‡: 14
2025-07-13 20:55:24 - INFO - [server.py:241] - åºåˆ—æ€»é•¿åº¦: 30, prompté•¿åº¦: 14, ç”Ÿæˆé•¿åº¦: 16
2025-07-13 20:55:24 - INFO - [server.py:241] - åºåˆ—æ€»é•¿åº¦: 30, prompté•¿åº¦: 14, ç”Ÿæˆé•¿åº¦: 16
2025-07-13 20:55:24 - INFO - [server.py:250] - åº”ç”¨çº¦æŸæ•°é‡: 0
2025-07-13 20:55:24 - INFO - [server.py:250] - åº”ç”¨çº¦æŸæ•°é‡: 0
2025-07-13 20:55:24 - INFO - [server.py:270] - å—å¤„ç†é…ç½®: å—é•¿åº¦=16, å—æ•°é‡=1, æ¯å—æ­¥æ•°=8
2025-07-13 20:55:24 - INFO - [server.py:270] - å—å¤„ç†é…ç½®: å—é•¿åº¦=16, å—æ•°é‡=1, æ¯å—æ­¥æ•°=8
2025-07-13 20:55:24 - INFO - [server.py:274] - å¤„ç†ç¬¬ 1/1 å—...
2025-07-13 20:55:24 - INFO - [server.py:274] - å¤„ç†ç¬¬ 1/1 å—...
2025-07-13 20:55:24 - DEBUG - [server.py:289] - å— 1, æ­¥éª¤ 1/8
2025-07-13 20:55:25 - DEBUG - [server.py:289] - å— 1, æ­¥éª¤ 2/8
2025-07-13 20:55:25 - DEBUG - [server.py:289] - å— 1, æ­¥éª¤ 3/8
2025-07-13 20:55:25 - DEBUG - [server.py:289] - å— 1, æ­¥éª¤ 4/8
2025-07-13 20:55:25 - DEBUG - [server.py:289] - å— 1, æ­¥éª¤ 5/8
2025-07-13 20:55:25 - DEBUG - [server.py:289] - å— 1, æ­¥éª¤ 6/8
2025-07-13 20:55:25 - DEBUG - [server.py:289] - å— 1, æ­¥éª¤ 7/8
2025-07-13 20:55:25 - DEBUG - [server.py:289] - å— 1, æ­¥éª¤ 8/8
2025-07-13 20:55:25 - INFO - [server.py:395] - ç”ŸæˆåGPUå†…å­˜ä½¿ç”¨: 15.36GB
2025-07-13 20:55:25 - INFO - [server.py:395] - ç”ŸæˆåGPUå†…å­˜ä½¿ç”¨: 15.36GB
2025-07-13 20:55:25 - INFO - [server.py:397] - ç”Ÿæˆå®Œæˆ!
2025-07-13 20:55:25 - INFO - [server.py:397] - ç”Ÿæˆå®Œæˆ!
2025-07-13 20:55:25 - INFO - [server.py:398] - å“åº”æ–‡æœ¬é•¿åº¦: 17
2025-07-13 20:55:25 - INFO - [server.py:398] - å“åº”æ–‡æœ¬é•¿åº¦: 17
2025-07-13 20:55:25 - INFO - [server.py:399] - å¯è§†åŒ–æ­¥éª¤æ•°: 9
2025-07-13 20:55:25 - INFO - [server.py:399] - å¯è§†åŒ–æ­¥éª¤æ•°: 9
2025-07-13 20:55:25 - INFO - [server.py:400] - ç”Ÿæˆè€—æ—¶: 0.75ç§’
2025-07-13 20:55:25 - INFO - [server.py:400] - ç”Ÿæˆè€—æ—¶: 0.75ç§’
2025-07-13 20:55:25 - DEBUG - [server.py:401] - ç”Ÿæˆçš„å“åº”æ–‡æœ¬: ä½ å¥½ï¼æœ‰ä»€ä¹ˆæˆ‘å¯ä»¥å¯ä»¥å¸®åŠ©ä½ çš„å—ï¼Ÿ
2025-07-13 20:55:25 - INFO - [server.py:402] - ============================================================
2025-07-13 20:55:25 - INFO - [server.py:402] - ============================================================
2025-07-13 20:55:25 - INFO - [server.py:474] - [req_1752411324905] ç”ŸæˆæˆåŠŸ!
2025-07-13 20:55:25 - INFO - [server.py:474] - [req_1752411324905] ç”ŸæˆæˆåŠŸ!
2025-07-13 20:55:25 - INFO - [server.py:475] - [req_1752411324905] å“åº”é•¿åº¦: 17
2025-07-13 20:55:25 - INFO - [server.py:475] - [req_1752411324905] å“åº”é•¿åº¦: 17
2025-07-13 20:55:25 - INFO - [server.py:476] - [req_1752411324905] å¯è§†åŒ–æ­¥éª¤: 9
2025-07-13 20:55:25 - INFO - [server.py:476] - [req_1752411324905] å¯è§†åŒ–æ­¥éª¤: 9
2025-07-13 20:55:25 - INFO - [server.py:477] - [req_1752411324905] æ€»è€—æ—¶: 0.75ç§’
2025-07-13 20:55:25 - INFO - [server.py:477] - [req_1752411324905] æ€»è€—æ—¶: 0.75ç§’
2025-07-13 20:55:25 - DEBUG - [server.py:478] - [req_1752411324905] å“åº”æ–‡æœ¬: ä½ å¥½ï¼æœ‰ä»€ä¹ˆæˆ‘å¯ä»¥å¯ä»¥å¸®åŠ©ä½ çš„å—ï¼Ÿ
2025-07-13 20:55:25 - INFO - [server.py:92] - å‘é€å“åº”: {
  "status_code": 200,
  "content_length": 3110,
  "content_type": "application/json",
  "timestamp": "2025-07-13T20:55:25.656867"
}
2025-07-13 20:55:25 - INFO - [server.py:92] - å‘é€å“åº”: {
  "status_code": 200,
  "content_length": 3110,
  "content_type": "application/json",
  "timestamp": "2025-07-13T20:55:25.656867"
}
2025-07-13 20:55:25 - INFO - [_internal.py:97] - 127.0.0.1 - - [13/Jul/2025 20:55:25] "POST /generate HTTP/1.1" 200 -
2025-07-13 20:55:25 - INFO - [_internal.py:97] - 127.0.0.1 - - [13/Jul/2025 20:55:25] "POST /generate HTTP/1.1" 200 -
2025-07-13 20:55:26 - INFO - [server.py:73] - æ”¶åˆ°è¯·æ±‚: {
  "method": "POST",
  "url": "http://localhost:9000/generate",
  "remote_addr": "127.0.0.1",
  "user_agent": "python-requests/2.31.0",
  "timestamp": "2025-07-13T20:55:26.663793",
  "json_data": {
    "messages": [
      {
        "role": "user",
        "content": "ä»Šå¤©å¤©æ°”æ€ä¹ˆæ ·ï¼Ÿ"
      }
    ],
    "settings": {
      "gen_length": 12,
      "steps": 6,
      "temperature": 0.0,
      "constraints": "0:ä»Šå¤©, 2:å¤©æ°”, 4:å¾ˆå¥½"
    }
  }
}
2025-07-13 20:55:26 - INFO - [server.py:73] - æ”¶åˆ°è¯·æ±‚: {
  "method": "POST",
  "url": "http://localhost:9000/generate",
  "remote_addr": "127.0.0.1",
  "user_agent": "python-requests/2.31.0",
  "timestamp": "2025-07-13T20:55:26.663793",
  "json_data": {
    "messages": [
      {
        "role": "user",
        "content": "ä»Šå¤©å¤©æ°”æ€ä¹ˆæ ·ï¼Ÿ"
      }
    ],
    "settings": {
      "gen_length": 12,
      "steps": 6,
      "temperature": 0.0,
      "constraints": "0:ä»Šå¤©, 2:å¤©æ°”, 4:å¾ˆå¥½"
    }
  }
}
2025-07-13 20:55:26 - INFO - [server.py:443] - [req_1752411326664] æ”¶åˆ°ç”Ÿæˆè¯·æ±‚
2025-07-13 20:55:26 - INFO - [server.py:443] - [req_1752411326664] æ”¶åˆ°ç”Ÿæˆè¯·æ±‚
2025-07-13 20:55:26 - INFO - [server.py:451] - [req_1752411326664] è¯·æ±‚æ•°æ®è¯¦æƒ…:
2025-07-13 20:55:26 - INFO - [server.py:451] - [req_1752411326664] è¯·æ±‚æ•°æ®è¯¦æƒ…:
2025-07-13 20:55:26 - INFO - [server.py:452] - [req_1752411326664] - æ¶ˆæ¯æ•°é‡: 1
2025-07-13 20:55:26 - INFO - [server.py:452] - [req_1752411326664] - æ¶ˆæ¯æ•°é‡: 1
2025-07-13 20:55:26 - INFO - [server.py:453] - [req_1752411326664] - è®¾ç½®å‚æ•°: {
  "gen_length": 12,
  "steps": 6,
  "temperature": 0.0,
  "constraints": "0:ä»Šå¤©, 2:å¤©æ°”, 4:å¾ˆå¥½"
}
2025-07-13 20:55:26 - INFO - [server.py:453] - [req_1752411326664] - è®¾ç½®å‚æ•°: {
  "gen_length": 12,
  "steps": 6,
  "temperature": 0.0,
  "constraints": "0:ä»Šå¤©, 2:å¤©æ°”, 4:å¾ˆå¥½"
}
2025-07-13 20:55:26 - DEBUG - [server.py:454] - [req_1752411326664] - å®Œæ•´æ¶ˆæ¯åˆ—è¡¨: [
  {
    "role": "user",
    "content": "ä»Šå¤©å¤©æ°”æ€ä¹ˆæ ·ï¼Ÿ"
  }
]
2025-07-13 20:55:26 - INFO - [server.py:465] - [req_1752411326664] å¼€å§‹ç”Ÿæˆå“åº”...
2025-07-13 20:55:26 - INFO - [server.py:465] - [req_1752411326664] å¼€å§‹ç”Ÿæˆå“åº”...
2025-07-13 20:55:26 - INFO - [server.py:201] - ============================================================
2025-07-13 20:55:26 - INFO - [server.py:201] - ============================================================
2025-07-13 20:55:26 - INFO - [server.py:202] - å¼€å§‹ç”Ÿæˆå“åº”
2025-07-13 20:55:26 - INFO - [server.py:202] - å¼€å§‹ç”Ÿæˆå“åº”
2025-07-13 20:55:26 - INFO - [server.py:203] - è¾“å…¥æ¶ˆæ¯æ•°é‡: 1
2025-07-13 20:55:26 - INFO - [server.py:203] - è¾“å…¥æ¶ˆæ¯æ•°é‡: 1
2025-07-13 20:55:26 - INFO - [server.py:205] - æ¶ˆæ¯ 1: è§’è‰²=user, å†…å®¹é•¿åº¦=8
2025-07-13 20:55:26 - INFO - [server.py:205] - æ¶ˆæ¯ 1: è§’è‰²=user, å†…å®¹é•¿åº¦=8
2025-07-13 20:55:26 - DEBUG - [server.py:206] - æ¶ˆæ¯ 1 å†…å®¹: ä»Šå¤©å¤©æ°”æ€ä¹ˆæ ·ï¼Ÿ
2025-07-13 20:55:26 - INFO - [server.py:208] - è®¾ç½®å‚æ•°: {
  "gen_length": 12,
  "steps": 6,
  "temperature": 0.0,
  "constraints": "0:ä»Šå¤©, 2:å¤©æ°”, 4:å¾ˆå¥½"
}
2025-07-13 20:55:26 - INFO - [server.py:208] - è®¾ç½®å‚æ•°: {
  "gen_length": 12,
  "steps": 6,
  "temperature": 0.0,
  "constraints": "0:ä»Šå¤©, 2:å¤©æ°”, 4:å¾ˆå¥½"
}
2025-07-13 20:55:26 - INFO - [server.py:220] - è§£æåçš„çº¦æŸ: {0: 'ä»Šå¤©', 2: 'å¤©æ°”', 4: 'å¾ˆå¥½'}
2025-07-13 20:55:26 - INFO - [server.py:220] - è§£æåçš„çº¦æŸ: {0: 'ä»Šå¤©', 2: 'å¤©æ°”', 4: 'å¾ˆå¥½'}
2025-07-13 20:55:26 - INFO - [server.py:225] - ç”Ÿæˆå‰GPUå†…å­˜ä½¿ç”¨: 14.94GB
2025-07-13 20:55:26 - INFO - [server.py:225] - ç”Ÿæˆå‰GPUå†…å­˜ä½¿ç”¨: 14.94GB
2025-07-13 20:55:26 - INFO - [server.py:228] - å‡†å¤‡è¾“å…¥prompt...
2025-07-13 20:55:26 - INFO - [server.py:228] - å‡†å¤‡è¾“å…¥prompt...
2025-07-13 20:55:26 - DEBUG - [server.py:230] - æ ¼å¼åŒ–åçš„chatè¾“å…¥: <|startoftext|><|start_header_id|>user<|end_header_id|>

ä»Šå¤©å¤©æ°”æ€ä¹ˆæ ·ï¼Ÿ<|eot_id|><|start_header_id|>assistant<|end_header_id|>


2025-07-13 20:55:26 - INFO - [server.py:234] - è¾“å…¥tokenæ•°é‡: 17
2025-07-13 20:55:26 - INFO - [server.py:234] - è¾“å…¥tokenæ•°é‡: 17
2025-07-13 20:55:26 - INFO - [server.py:241] - åºåˆ—æ€»é•¿åº¦: 29, prompté•¿åº¦: 17, ç”Ÿæˆé•¿åº¦: 12
2025-07-13 20:55:26 - INFO - [server.py:241] - åºåˆ—æ€»é•¿åº¦: 29, prompté•¿åº¦: 17, ç”Ÿæˆé•¿åº¦: 12
2025-07-13 20:55:26 - INFO - [server.py:250] - åº”ç”¨çº¦æŸæ•°é‡: 5
2025-07-13 20:55:26 - INFO - [server.py:250] - åº”ç”¨çº¦æŸæ•°é‡: 5
2025-07-13 20:55:26 - DEBUG - [server.py:255] - çº¦æŸä½ç½® 0 (ç»å¯¹ä½ç½® 17): token_id=34808
2025-07-13 20:55:26 - DEBUG - [server.py:255] - çº¦æŸä½ç½® 2 (ç»å¯¹ä½ç½® 19): token_id=220
2025-07-13 20:55:26 - DEBUG - [server.py:255] - çº¦æŸä½ç½® 3 (ç»å¯¹ä½ç½® 20): token_id=13092
2025-07-13 20:55:26 - DEBUG - [server.py:255] - çº¦æŸä½ç½® 4 (ç»å¯¹ä½ç½® 21): token_id=220
2025-07-13 20:55:26 - DEBUG - [server.py:255] - çº¦æŸä½ç½® 5 (ç»å¯¹ä½ç½® 22): token_id=9052
2025-07-13 20:55:26 - INFO - [server.py:270] - å—å¤„ç†é…ç½®: å—é•¿åº¦=12, å—æ•°é‡=1, æ¯å—æ­¥æ•°=6
2025-07-13 20:55:26 - INFO - [server.py:270] - å—å¤„ç†é…ç½®: å—é•¿åº¦=12, å—æ•°é‡=1, æ¯å—æ­¥æ•°=6
2025-07-13 20:55:26 - INFO - [server.py:274] - å¤„ç†ç¬¬ 1/1 å—...
2025-07-13 20:55:26 - INFO - [server.py:274] - å¤„ç†ç¬¬ 1/1 å—...
2025-07-13 20:55:26 - DEBUG - [server.py:289] - å— 1, æ­¥éª¤ 1/6
2025-07-13 20:55:26 - DEBUG - [server.py:289] - å— 1, æ­¥éª¤ 2/6
2025-07-13 20:55:26 - DEBUG - [server.py:289] - å— 1, æ­¥éª¤ 3/6
2025-07-13 20:55:26 - DEBUG - [server.py:289] - å— 1, æ­¥éª¤ 4/6
2025-07-13 20:55:26 - DEBUG - [server.py:289] - å— 1, æ­¥éª¤ 5/6
2025-07-13 20:55:26 - DEBUG - [server.py:289] - å— 1, æ­¥éª¤ 6/6
2025-07-13 20:55:26 - INFO - [server.py:395] - ç”ŸæˆåGPUå†…å­˜ä½¿ç”¨: 15.35GB
2025-07-13 20:55:26 - INFO - [server.py:395] - ç”ŸæˆåGPUå†…å­˜ä½¿ç”¨: 15.35GB
2025-07-13 20:55:26 - INFO - [server.py:397] - ç”Ÿæˆå®Œæˆ!
2025-07-13 20:55:26 - INFO - [server.py:397] - ç”Ÿæˆå®Œæˆ!
2025-07-13 20:55:26 - INFO - [server.py:398] - å“åº”æ–‡æœ¬é•¿åº¦: 22
2025-07-13 20:55:26 - INFO - [server.py:398] - å“åº”æ–‡æœ¬é•¿åº¦: 22
2025-07-13 20:55:26 - INFO - [server.py:399] - å¯è§†åŒ–æ­¥éª¤æ•°: 7
2025-07-13 20:55:26 - INFO - [server.py:399] - å¯è§†åŒ–æ­¥éª¤æ•°: 7
2025-07-13 20:55:26 - INFO - [server.py:400] - ç”Ÿæˆè€—æ—¶: 0.30ç§’
2025-07-13 20:55:26 - INFO - [server.py:400] - ç”Ÿæˆè€—æ—¶: 0.30ç§’
2025-07-13 20:55:26 - DEBUG - [server.py:401] - ç”Ÿæˆçš„å“åº”æ–‡æœ¬:  ä»Šå¤© çš„ å¤©æ°” å¾ˆå¥½ï¼Œé˜³å…‰æ˜åªšï¼Œæ°”æ¸©é€‚å®œã€‚
2025-07-13 20:55:26 - INFO - [server.py:402] - ============================================================
2025-07-13 20:55:26 - INFO - [server.py:402] - ============================================================
2025-07-13 20:55:26 - INFO - [server.py:474] - [req_1752411326664] ç”ŸæˆæˆåŠŸ!
2025-07-13 20:55:26 - INFO - [server.py:474] - [req_1752411326664] ç”ŸæˆæˆåŠŸ!
2025-07-13 20:55:26 - INFO - [server.py:475] - [req_1752411326664] å“åº”é•¿åº¦: 22
2025-07-13 20:55:26 - INFO - [server.py:475] - [req_1752411326664] å“åº”é•¿åº¦: 22
2025-07-13 20:55:26 - INFO - [server.py:476] - [req_1752411326664] å¯è§†åŒ–æ­¥éª¤: 7
2025-07-13 20:55:26 - INFO - [server.py:476] - [req_1752411326664] å¯è§†åŒ–æ­¥éª¤: 7
2025-07-13 20:55:26 - INFO - [server.py:477] - [req_1752411326664] æ€»è€—æ—¶: 0.31ç§’
2025-07-13 20:55:26 - INFO - [server.py:477] - [req_1752411326664] æ€»è€—æ—¶: 0.31ç§’
2025-07-13 20:55:26 - DEBUG - [server.py:478] - [req_1752411326664] å“åº”æ–‡æœ¬:  ä»Šå¤© çš„ å¤©æ°” å¾ˆå¥½ï¼Œé˜³å…‰æ˜åªšï¼Œæ°”æ¸©é€‚å®œã€‚
2025-07-13 20:55:26 - INFO - [server.py:92] - å‘é€å“åº”: {
  "status_code": 200,
  "content_length": 2097,
  "content_type": "application/json",
  "timestamp": "2025-07-13T20:55:26.971978"
}
2025-07-13 20:55:26 - INFO - [server.py:92] - å‘é€å“åº”: {
  "status_code": 200,
  "content_length": 2097,
  "content_type": "application/json",
  "timestamp": "2025-07-13T20:55:26.971978"
}
2025-07-13 20:55:26 - INFO - [_internal.py:97] - 127.0.0.1 - - [13/Jul/2025 20:55:26] "POST /generate HTTP/1.1" 200 -
2025-07-13 20:55:26 - INFO - [_internal.py:97] - 127.0.0.1 - - [13/Jul/2025 20:55:26] "POST /generate HTTP/1.1" 200 -
2025-07-13 20:57:11 - INFO - [server.py:73] - æ”¶åˆ°è¯·æ±‚: {
  "method": "GET",
  "url": "http://localhost:9000/health",
  "remote_addr": "127.0.0.1",
  "user_agent": "Mozilla/5.0 (Windows NT 10.0; Win64; x64) AppleWebKit/537.36 (KHTML, like Gecko) Chrome/138.0.0.0 Safari/537.36 Edg/138.0.0.0",
  "timestamp": "2025-07-13T20:57:11.241106"
}
2025-07-13 20:57:11 - INFO - [server.py:73] - æ”¶åˆ°è¯·æ±‚: {
  "method": "GET",
  "url": "http://localhost:9000/health",
  "remote_addr": "127.0.0.1",
  "user_agent": "Mozilla/5.0 (Windows NT 10.0; Win64; x64) AppleWebKit/537.36 (KHTML, like Gecko) Chrome/138.0.0.0 Safari/537.36 Edg/138.0.0.0",
  "timestamp": "2025-07-13T20:57:11.241106"
}
2025-07-13 20:57:11 - INFO - [server.py:92] - å‘é€å“åº”: {
  "status_code": 200,
  "content_length": 37,
  "content_type": "application/json",
  "timestamp": "2025-07-13T20:57:11.241499",
  "response_body": "{\"device\":\"cuda\",\"status\":\"healthy\"}\n"
}
2025-07-13 20:57:11 - INFO - [server.py:92] - å‘é€å“åº”: {
  "status_code": 200,
  "content_length": 37,
  "content_type": "application/json",
  "timestamp": "2025-07-13T20:57:11.241499",
  "response_body": "{\"device\":\"cuda\",\"status\":\"healthy\"}\n"
}
2025-07-13 20:57:11 - INFO - [_internal.py:97] - 127.0.0.1 - - [13/Jul/2025 20:57:11] "GET /health HTTP/1.1" 200 -
2025-07-13 20:57:11 - INFO - [_internal.py:97] - 127.0.0.1 - - [13/Jul/2025 20:57:11] "GET /health HTTP/1.1" 200 -
2025-07-13 20:57:11 - INFO - [server.py:73] - æ”¶åˆ°è¯·æ±‚: {
  "method": "GET",
  "url": "http://localhost:9000/health",
  "remote_addr": "127.0.0.1",
  "user_agent": "Mozilla/5.0 (Windows NT 10.0; Win64; x64) AppleWebKit/537.36 (KHTML, like Gecko) Chrome/138.0.0.0 Safari/537.36 Edg/138.0.0.0",
  "timestamp": "2025-07-13T20:57:11.737826"
}
2025-07-13 20:57:11 - INFO - [server.py:73] - æ”¶åˆ°è¯·æ±‚: {
  "method": "GET",
  "url": "http://localhost:9000/health",
  "remote_addr": "127.0.0.1",
  "user_agent": "Mozilla/5.0 (Windows NT 10.0; Win64; x64) AppleWebKit/537.36 (KHTML, like Gecko) Chrome/138.0.0.0 Safari/537.36 Edg/138.0.0.0",
  "timestamp": "2025-07-13T20:57:11.737826"
}
2025-07-13 20:57:11 - INFO - [server.py:92] - å‘é€å“åº”: {
  "status_code": 200,
  "content_length": 37,
  "content_type": "application/json",
  "timestamp": "2025-07-13T20:57:11.738232",
  "response_body": "{\"device\":\"cuda\",\"status\":\"healthy\"}\n"
}
2025-07-13 20:57:11 - INFO - [server.py:92] - å‘é€å“åº”: {
  "status_code": 200,
  "content_length": 37,
  "content_type": "application/json",
  "timestamp": "2025-07-13T20:57:11.738232",
  "response_body": "{\"device\":\"cuda\",\"status\":\"healthy\"}\n"
}
2025-07-13 20:57:11 - INFO - [_internal.py:97] - 127.0.0.1 - - [13/Jul/2025 20:57:11] "GET /health HTTP/1.1" 200 -
2025-07-13 20:57:11 - INFO - [_internal.py:97] - 127.0.0.1 - - [13/Jul/2025 20:57:11] "GET /health HTTP/1.1" 200 -
2025-07-13 20:57:25 - INFO - [server.py:73] - æ”¶åˆ°è¯·æ±‚: {
  "method": "OPTIONS",
  "url": "http://localhost:9000/generate",
  "remote_addr": "127.0.0.1",
  "user_agent": "Mozilla/5.0 (Windows NT 10.0; Win64; x64) AppleWebKit/537.36 (KHTML, like Gecko) Chrome/138.0.0.0 Safari/537.36 Edg/138.0.0.0",
  "timestamp": "2025-07-13T20:57:25.023981"
}
2025-07-13 20:57:25 - INFO - [server.py:73] - æ”¶åˆ°è¯·æ±‚: {
  "method": "OPTIONS",
  "url": "http://localhost:9000/generate",
  "remote_addr": "127.0.0.1",
  "user_agent": "Mozilla/5.0 (Windows NT 10.0; Win64; x64) AppleWebKit/537.36 (KHTML, like Gecko) Chrome/138.0.0.0 Safari/537.36 Edg/138.0.0.0",
  "timestamp": "2025-07-13T20:57:25.023981"
}
2025-07-13 20:57:25 - INFO - [server.py:92] - å‘é€å“åº”: {
  "status_code": 200,
  "content_length": null,
  "content_type": "text/html; charset=utf-8",
  "timestamp": "2025-07-13T20:57:25.024495"
}
2025-07-13 20:57:25 - INFO - [server.py:92] - å‘é€å“åº”: {
  "status_code": 200,
  "content_length": null,
  "content_type": "text/html; charset=utf-8",
  "timestamp": "2025-07-13T20:57:25.024495"
}
2025-07-13 20:57:25 - INFO - [_internal.py:97] - 127.0.0.1 - - [13/Jul/2025 20:57:25] "OPTIONS /generate HTTP/1.1" 200 -
2025-07-13 20:57:25 - INFO - [_internal.py:97] - 127.0.0.1 - - [13/Jul/2025 20:57:25] "OPTIONS /generate HTTP/1.1" 200 -
2025-07-13 20:57:25 - INFO - [server.py:73] - æ”¶åˆ°è¯·æ±‚: {
  "method": "POST",
  "url": "http://localhost:9000/generate",
  "remote_addr": "127.0.0.1",
  "user_agent": "Mozilla/5.0 (Windows NT 10.0; Win64; x64) AppleWebKit/537.36 (KHTML, like Gecko) Chrome/138.0.0.0 Safari/537.36 Edg/138.0.0.0",
  "timestamp": "2025-07-13T20:57:25.507396",
  "json_data": {
    "messages": [
      {
        "role": "user",
        "content": "ä»€ä¹ˆæ˜¯YOLO"
      }
    ],
    "settings": {
      "temperature": 0.7,
      "top_p": 0.95,
      "gen_length": 50,
      "num_beams": 4,
      "steps": 32,
      "cfg_scale": 1,
      "constraints": "0:YOLO, 8:å¾ˆæ£’çš„"
    }
  }
}
2025-07-13 20:57:25 - INFO - [server.py:73] - æ”¶åˆ°è¯·æ±‚: {
  "method": "POST",
  "url": "http://localhost:9000/generate",
  "remote_addr": "127.0.0.1",
  "user_agent": "Mozilla/5.0 (Windows NT 10.0; Win64; x64) AppleWebKit/537.36 (KHTML, like Gecko) Chrome/138.0.0.0 Safari/537.36 Edg/138.0.0.0",
  "timestamp": "2025-07-13T20:57:25.507396",
  "json_data": {
    "messages": [
      {
        "role": "user",
        "content": "ä»€ä¹ˆæ˜¯YOLO"
      }
    ],
    "settings": {
      "temperature": 0.7,
      "top_p": 0.95,
      "gen_length": 50,
      "num_beams": 4,
      "steps": 32,
      "cfg_scale": 1,
      "constraints": "0:YOLO, 8:å¾ˆæ£’çš„"
    }
  }
}
2025-07-13 20:57:25 - INFO - [server.py:443] - [req_1752411445508] æ”¶åˆ°ç”Ÿæˆè¯·æ±‚
2025-07-13 20:57:25 - INFO - [server.py:443] - [req_1752411445508] æ”¶åˆ°ç”Ÿæˆè¯·æ±‚
2025-07-13 20:57:25 - INFO - [server.py:451] - [req_1752411445508] è¯·æ±‚æ•°æ®è¯¦æƒ…:
2025-07-13 20:57:25 - INFO - [server.py:451] - [req_1752411445508] è¯·æ±‚æ•°æ®è¯¦æƒ…:
2025-07-13 20:57:25 - INFO - [server.py:452] - [req_1752411445508] - æ¶ˆæ¯æ•°é‡: 1
2025-07-13 20:57:25 - INFO - [server.py:452] - [req_1752411445508] - æ¶ˆæ¯æ•°é‡: 1
2025-07-13 20:57:25 - INFO - [server.py:453] - [req_1752411445508] - è®¾ç½®å‚æ•°: {
  "temperature": 0.7,
  "top_p": 0.95,
  "gen_length": 50,
  "num_beams": 4,
  "steps": 32,
  "cfg_scale": 1,
  "constraints": "0:YOLO, 8:å¾ˆæ£’çš„"
}
2025-07-13 20:57:25 - INFO - [server.py:453] - [req_1752411445508] - è®¾ç½®å‚æ•°: {
  "temperature": 0.7,
  "top_p": 0.95,
  "gen_length": 50,
  "num_beams": 4,
  "steps": 32,
  "cfg_scale": 1,
  "constraints": "0:YOLO, 8:å¾ˆæ£’çš„"
}
2025-07-13 20:57:25 - DEBUG - [server.py:454] - [req_1752411445508] - å®Œæ•´æ¶ˆæ¯åˆ—è¡¨: [
  {
    "role": "user",
    "content": "ä»€ä¹ˆæ˜¯YOLO"
  }
]
2025-07-13 20:57:25 - INFO - [server.py:465] - [req_1752411445508] å¼€å§‹ç”Ÿæˆå“åº”...
2025-07-13 20:57:25 - INFO - [server.py:465] - [req_1752411445508] å¼€å§‹ç”Ÿæˆå“åº”...
2025-07-13 20:57:25 - INFO - [server.py:201] - ============================================================
2025-07-13 20:57:25 - INFO - [server.py:201] - ============================================================
2025-07-13 20:57:25 - INFO - [server.py:202] - å¼€å§‹ç”Ÿæˆå“åº”
2025-07-13 20:57:25 - INFO - [server.py:202] - å¼€å§‹ç”Ÿæˆå“åº”
2025-07-13 20:57:25 - INFO - [server.py:203] - è¾“å…¥æ¶ˆæ¯æ•°é‡: 1
2025-07-13 20:57:25 - INFO - [server.py:203] - è¾“å…¥æ¶ˆæ¯æ•°é‡: 1
2025-07-13 20:57:25 - INFO - [server.py:205] - æ¶ˆæ¯ 1: è§’è‰²=user, å†…å®¹é•¿åº¦=7
2025-07-13 20:57:25 - INFO - [server.py:205] - æ¶ˆæ¯ 1: è§’è‰²=user, å†…å®¹é•¿åº¦=7
2025-07-13 20:57:25 - DEBUG - [server.py:206] - æ¶ˆæ¯ 1 å†…å®¹: ä»€ä¹ˆæ˜¯YOLO
2025-07-13 20:57:25 - INFO - [server.py:208] - è®¾ç½®å‚æ•°: {
  "temperature": 0.7,
  "top_p": 0.95,
  "gen_length": 50,
  "num_beams": 4,
  "steps": 32,
  "cfg_scale": 1,
  "constraints": "0:YOLO, 8:å¾ˆæ£’çš„"
}
2025-07-13 20:57:25 - INFO - [server.py:208] - è®¾ç½®å‚æ•°: {
  "temperature": 0.7,
  "top_p": 0.95,
  "gen_length": 50,
  "num_beams": 4,
  "steps": 32,
  "cfg_scale": 1,
  "constraints": "0:YOLO, 8:å¾ˆæ£’çš„"
}
2025-07-13 20:57:25 - INFO - [server.py:220] - è§£æåçš„çº¦æŸ: {0: 'YOLO', 8: 'å¾ˆæ£’çš„'}
2025-07-13 20:57:25 - INFO - [server.py:220] - è§£æåçš„çº¦æŸ: {0: 'YOLO', 8: 'å¾ˆæ£’çš„'}
2025-07-13 20:57:25 - INFO - [server.py:225] - ç”Ÿæˆå‰GPUå†…å­˜ä½¿ç”¨: 14.94GB
2025-07-13 20:57:25 - INFO - [server.py:225] - ç”Ÿæˆå‰GPUå†…å­˜ä½¿ç”¨: 14.94GB
2025-07-13 20:57:25 - INFO - [server.py:228] - å‡†å¤‡è¾“å…¥prompt...
2025-07-13 20:57:25 - INFO - [server.py:228] - å‡†å¤‡è¾“å…¥prompt...
2025-07-13 20:57:25 - DEBUG - [server.py:230] - æ ¼å¼åŒ–åçš„chatè¾“å…¥: <|startoftext|><|start_header_id|>user<|end_header_id|>

ä»€ä¹ˆæ˜¯YOLO<|eot_id|><|start_header_id|>assistant<|end_header_id|>


2025-07-13 20:57:25 - INFO - [server.py:234] - è¾“å…¥tokenæ•°é‡: 16
2025-07-13 20:57:25 - INFO - [server.py:234] - è¾“å…¥tokenæ•°é‡: 16
2025-07-13 20:57:25 - INFO - [server.py:241] - åºåˆ—æ€»é•¿åº¦: 66, prompté•¿åº¦: 16, ç”Ÿæˆé•¿åº¦: 50
2025-07-13 20:57:25 - INFO - [server.py:241] - åºåˆ—æ€»é•¿åº¦: 66, prompté•¿åº¦: 16, ç”Ÿæˆé•¿åº¦: 50
2025-07-13 20:57:25 - INFO - [server.py:250] - åº”ç”¨çº¦æŸæ•°é‡: 4
2025-07-13 20:57:25 - INFO - [server.py:250] - åº”ç”¨çº¦æŸæ•°é‡: 4
2025-07-13 20:57:25 - DEBUG - [server.py:255] - çº¦æŸä½ç½® 0 (ç»å¯¹ä½ç½® 16): token_id=100891
2025-07-13 20:57:25 - DEBUG - [server.py:255] - çº¦æŸä½ç½® 1 (ç»å¯¹ä½ç½® 17): token_id=3251
2025-07-13 20:57:25 - DEBUG - [server.py:255] - çº¦æŸä½ç½® 8 (ç»å¯¹ä½ç½® 24): token_id=60371
2025-07-13 20:57:25 - DEBUG - [server.py:255] - çº¦æŸä½ç½® 9 (ç»å¯¹ä½ç½® 25): token_id=70150
2025-07-13 20:57:25 - INFO - [server.py:270] - å—å¤„ç†é…ç½®: å—é•¿åº¦=32, å—æ•°é‡=2, æ¯å—æ­¥æ•°=16
2025-07-13 20:57:25 - INFO - [server.py:270] - å—å¤„ç†é…ç½®: å—é•¿åº¦=32, å—æ•°é‡=2, æ¯å—æ­¥æ•°=16
2025-07-13 20:57:25 - INFO - [server.py:274] - å¤„ç†ç¬¬ 1/2 å—...
2025-07-13 20:57:25 - INFO - [server.py:274] - å¤„ç†ç¬¬ 1/2 å—...
2025-07-13 20:57:25 - DEBUG - [server.py:289] - å— 1, æ­¥éª¤ 1/16
2025-07-13 20:57:25 - DEBUG - [server.py:289] - å— 1, æ­¥éª¤ 2/16
2025-07-13 20:57:25 - DEBUG - [server.py:289] - å— 1, æ­¥éª¤ 3/16
2025-07-13 20:57:25 - DEBUG - [server.py:289] - å— 1, æ­¥éª¤ 4/16
2025-07-13 20:57:25 - DEBUG - [server.py:289] - å— 1, æ­¥éª¤ 5/16
2025-07-13 20:57:25 - DEBUG - [server.py:289] - å— 1, æ­¥éª¤ 6/16
2025-07-13 20:57:25 - DEBUG - [server.py:289] - å— 1, æ­¥éª¤ 7/16
2025-07-13 20:57:26 - DEBUG - [server.py:289] - å— 1, æ­¥éª¤ 8/16
2025-07-13 20:57:26 - DEBUG - [server.py:289] - å— 1, æ­¥éª¤ 9/16
2025-07-13 20:57:26 - DEBUG - [server.py:289] - å— 1, æ­¥éª¤ 10/16
2025-07-13 20:57:26 - DEBUG - [server.py:289] - å— 1, æ­¥éª¤ 11/16
2025-07-13 20:57:26 - DEBUG - [server.py:289] - å— 1, æ­¥éª¤ 12/16
2025-07-13 20:57:26 - DEBUG - [server.py:289] - å— 1, æ­¥éª¤ 13/16
2025-07-13 20:57:26 - DEBUG - [server.py:289] - å— 1, æ­¥éª¤ 14/16
2025-07-13 20:57:26 - DEBUG - [server.py:289] - å— 1, æ­¥éª¤ 15/16
2025-07-13 20:57:26 - DEBUG - [server.py:289] - å— 1, æ­¥éª¤ 16/16
2025-07-13 20:57:26 - INFO - [server.py:274] - å¤„ç†ç¬¬ 2/2 å—...
2025-07-13 20:57:26 - INFO - [server.py:274] - å¤„ç†ç¬¬ 2/2 å—...
2025-07-13 20:57:26 - DEBUG - [server.py:289] - å— 2, æ­¥éª¤ 1/16
2025-07-13 20:57:26 - DEBUG - [server.py:289] - å— 2, æ­¥éª¤ 2/16
2025-07-13 20:57:26 - DEBUG - [server.py:289] - å— 2, æ­¥éª¤ 3/16
2025-07-13 20:57:26 - DEBUG - [server.py:289] - å— 2, æ­¥éª¤ 4/16
2025-07-13 20:57:26 - DEBUG - [server.py:289] - å— 2, æ­¥éª¤ 5/16
2025-07-13 20:57:26 - DEBUG - [server.py:289] - å— 2, æ­¥éª¤ 6/16
2025-07-13 20:57:26 - DEBUG - [server.py:289] - å— 2, æ­¥éª¤ 7/16
2025-07-13 20:57:27 - DEBUG - [server.py:289] - å— 2, æ­¥éª¤ 8/16
2025-07-13 20:57:27 - DEBUG - [server.py:289] - å— 2, æ­¥éª¤ 9/16
2025-07-13 20:57:27 - DEBUG - [server.py:289] - å— 2, æ­¥éª¤ 10/16
2025-07-13 20:57:27 - DEBUG - [server.py:289] - å— 2, æ­¥éª¤ 11/16
2025-07-13 20:57:27 - DEBUG - [server.py:289] - å— 2, æ­¥éª¤ 12/16
2025-07-13 20:57:27 - DEBUG - [server.py:289] - å— 2, æ­¥éª¤ 13/16
2025-07-13 20:57:27 - DEBUG - [server.py:289] - å— 2, æ­¥éª¤ 14/16
2025-07-13 20:57:27 - DEBUG - [server.py:289] - å— 2, æ­¥éª¤ 15/16
2025-07-13 20:57:27 - DEBUG - [server.py:289] - å— 2, æ­¥éª¤ 16/16
2025-07-13 20:57:27 - INFO - [server.py:395] - ç”ŸæˆåGPUå†…å­˜ä½¿ç”¨: 16.89GB
2025-07-13 20:57:27 - INFO - [server.py:395] - ç”ŸæˆåGPUå†…å­˜ä½¿ç”¨: 16.89GB
2025-07-13 20:57:27 - INFO - [server.py:397] - ç”Ÿæˆå®Œæˆ!
2025-07-13 20:57:27 - INFO - [server.py:397] - ç”Ÿæˆå®Œæˆ!
2025-07-13 20:57:27 - INFO - [server.py:398] - å“åº”æ–‡æœ¬é•¿åº¦: 106
2025-07-13 20:57:27 - INFO - [server.py:398] - å“åº”æ–‡æœ¬é•¿åº¦: 106
2025-07-13 20:57:27 - INFO - [server.py:399] - å¯è§†åŒ–æ­¥éª¤æ•°: 33
2025-07-13 20:57:27 - INFO - [server.py:399] - å¯è§†åŒ–æ­¥éª¤æ•°: 33
2025-07-13 20:57:27 - INFO - [server.py:400] - ç”Ÿæˆè€—æ—¶: 2.09ç§’
2025-07-13 20:57:27 - INFO - [server.py:400] - ç”Ÿæˆè€—æ—¶: 2.09ç§’
2025-07-13 20:57:27 - DEBUG - [server.py:401] - ç”Ÿæˆçš„å“åº”æ–‡æœ¬:  YOLO =You Only Look Once. å¾ˆæ£’çš„ä¿šè¯­ï¼YOLO alsoæŒ‡YOLOç®—æ³•ï¼Œä¸€ç§å®æ—¶ç›®æ ‡æ£€æµ‹ç®—æ³•ã€‚YOLOç®—æ³•åŸºäºå·ç§¯ç¥ç»ç½‘ç»œï¼ˆCNNï¼‰ï¼Œä¸å…¶ä»–ç›®æ ‡æ£€æµ‹ç®—æ³•ç›¸æ¯”ï¼ŒYOLOç®—æ³•æ›´å¿«é€Ÿå’Œå‡†ç¡®ã€‚
2025-07-13 20:57:27 - INFO - [server.py:402] - ============================================================
2025-07-13 20:57:27 - INFO - [server.py:402] - ============================================================
2025-07-13 20:57:27 - INFO - [server.py:474] - [req_1752411445508] ç”ŸæˆæˆåŠŸ!
2025-07-13 20:57:27 - INFO - [server.py:474] - [req_1752411445508] ç”ŸæˆæˆåŠŸ!
2025-07-13 20:57:27 - INFO - [server.py:475] - [req_1752411445508] å“åº”é•¿åº¦: 106
2025-07-13 20:57:27 - INFO - [server.py:475] - [req_1752411445508] å“åº”é•¿åº¦: 106
2025-07-13 20:57:27 - INFO - [server.py:476] - [req_1752411445508] å¯è§†åŒ–æ­¥éª¤: 33
2025-07-13 20:57:27 - INFO - [server.py:476] - [req_1752411445508] å¯è§†åŒ–æ­¥éª¤: 33
2025-07-13 20:57:27 - INFO - [server.py:477] - [req_1752411445508] æ€»è€—æ—¶: 2.09ç§’
2025-07-13 20:57:27 - INFO - [server.py:477] - [req_1752411445508] æ€»è€—æ—¶: 2.09ç§’
2025-07-13 20:57:27 - DEBUG - [server.py:478] - [req_1752411445508] å“åº”æ–‡æœ¬:  YOLO =You Only Look Once. å¾ˆæ£’çš„ä¿šè¯­ï¼YOLO alsoæŒ‡YOLOç®—æ³•ï¼Œä¸€ç§å®æ—¶ç›®æ ‡æ£€æµ‹ç®—æ³•ã€‚YOLOç®—æ³•åŸºäºå·ç§¯ç¥ç»ç½‘ç»œï¼ˆCNNï¼‰ï¼Œä¸å…¶ä»–ç›®æ ‡æ£€æµ‹ç®—æ³•ç›¸æ¯”ï¼ŒYOLOç®—æ³•æ›´å¿«é€Ÿå’Œå‡†ç¡®ã€‚
2025-07-13 20:57:27 - INFO - [server.py:92] - å‘é€å“åº”: {
  "status_code": 200,
  "content_length": 36249,
  "content_type": "application/json",
  "timestamp": "2025-07-13T20:57:27.601953"
}
2025-07-13 20:57:27 - INFO - [server.py:92] - å‘é€å“åº”: {
  "status_code": 200,
  "content_length": 36249,
  "content_type": "application/json",
  "timestamp": "2025-07-13T20:57:27.601953"
}
2025-07-13 20:57:27 - INFO - [_internal.py:97] - 127.0.0.1 - - [13/Jul/2025 20:57:27] "POST /generate HTTP/1.1" 200 -
2025-07-13 20:57:27 - INFO - [_internal.py:97] - 127.0.0.1 - - [13/Jul/2025 20:57:27] "POST /generate HTTP/1.1" 200 -
2025-07-13 20:57:41 - INFO - [server.py:73] - æ”¶åˆ°è¯·æ±‚: {
  "method": "GET",
  "url": "http://localhost:9000/health",
  "remote_addr": "127.0.0.1",
  "user_agent": "Mozilla/5.0 (Windows NT 10.0; Win64; x64) AppleWebKit/537.36 (KHTML, like Gecko) Chrome/138.0.0.0 Safari/537.36 Edg/138.0.0.0",
  "timestamp": "2025-07-13T20:57:41.677219"
}
2025-07-13 20:57:41 - INFO - [server.py:73] - æ”¶åˆ°è¯·æ±‚: {
  "method": "GET",
  "url": "http://localhost:9000/health",
  "remote_addr": "127.0.0.1",
  "user_agent": "Mozilla/5.0 (Windows NT 10.0; Win64; x64) AppleWebKit/537.36 (KHTML, like Gecko) Chrome/138.0.0.0 Safari/537.36 Edg/138.0.0.0",
  "timestamp": "2025-07-13T20:57:41.677219"
}
2025-07-13 20:57:41 - INFO - [server.py:92] - å‘é€å“åº”: {
  "status_code": 200,
  "content_length": 37,
  "content_type": "application/json",
  "timestamp": "2025-07-13T20:57:41.678122",
  "response_body": "{\"device\":\"cuda\",\"status\":\"healthy\"}\n"
}
2025-07-13 20:57:41 - INFO - [server.py:92] - å‘é€å“åº”: {
  "status_code": 200,
  "content_length": 37,
  "content_type": "application/json",
  "timestamp": "2025-07-13T20:57:41.678122",
  "response_body": "{\"device\":\"cuda\",\"status\":\"healthy\"}\n"
}
2025-07-13 20:57:41 - INFO - [_internal.py:97] - 127.0.0.1 - - [13/Jul/2025 20:57:41] "GET /health HTTP/1.1" 200 -
2025-07-13 20:57:41 - INFO - [_internal.py:97] - 127.0.0.1 - - [13/Jul/2025 20:57:41] "GET /health HTTP/1.1" 200 -
2025-07-13 20:58:11 - INFO - [server.py:73] - æ”¶åˆ°è¯·æ±‚: {
  "method": "GET",
  "url": "http://localhost:9000/health",
  "remote_addr": "127.0.0.1",
  "user_agent": "Mozilla/5.0 (Windows NT 10.0; Win64; x64) AppleWebKit/537.36 (KHTML, like Gecko) Chrome/138.0.0.0 Safari/537.36 Edg/138.0.0.0",
  "timestamp": "2025-07-13T20:58:11.170334"
}
2025-07-13 20:58:11 - INFO - [server.py:73] - æ”¶åˆ°è¯·æ±‚: {
  "method": "GET",
  "url": "http://localhost:9000/health",
  "remote_addr": "127.0.0.1",
  "user_agent": "Mozilla/5.0 (Windows NT 10.0; Win64; x64) AppleWebKit/537.36 (KHTML, like Gecko) Chrome/138.0.0.0 Safari/537.36 Edg/138.0.0.0",
  "timestamp": "2025-07-13T20:58:11.170334"
}
2025-07-13 20:58:11 - INFO - [server.py:92] - å‘é€å“åº”: {
  "status_code": 200,
  "content_length": 37,
  "content_type": "application/json",
  "timestamp": "2025-07-13T20:58:11.171619",
  "response_body": "{\"device\":\"cuda\",\"status\":\"healthy\"}\n"
}
2025-07-13 20:58:11 - INFO - [server.py:92] - å‘é€å“åº”: {
  "status_code": 200,
  "content_length": 37,
  "content_type": "application/json",
  "timestamp": "2025-07-13T20:58:11.171619",
  "response_body": "{\"device\":\"cuda\",\"status\":\"healthy\"}\n"
}
2025-07-13 20:58:11 - INFO - [_internal.py:97] - 127.0.0.1 - - [13/Jul/2025 20:58:11] "GET /health HTTP/1.1" 200 -
2025-07-13 20:58:11 - INFO - [_internal.py:97] - 127.0.0.1 - - [13/Jul/2025 20:58:11] "GET /health HTTP/1.1" 200 -
2025-07-13 20:58:41 - INFO - [server.py:73] - æ”¶åˆ°è¯·æ±‚: {
  "method": "GET",
  "url": "http://localhost:9000/health",
  "remote_addr": "127.0.0.1",
  "user_agent": "Mozilla/5.0 (Windows NT 10.0; Win64; x64) AppleWebKit/537.36 (KHTML, like Gecko) Chrome/138.0.0.0 Safari/537.36 Edg/138.0.0.0",
  "timestamp": "2025-07-13T20:58:41.172956"
}
2025-07-13 20:58:41 - INFO - [server.py:73] - æ”¶åˆ°è¯·æ±‚: {
  "method": "GET",
  "url": "http://localhost:9000/health",
  "remote_addr": "127.0.0.1",
  "user_agent": "Mozilla/5.0 (Windows NT 10.0; Win64; x64) AppleWebKit/537.36 (KHTML, like Gecko) Chrome/138.0.0.0 Safari/537.36 Edg/138.0.0.0",
  "timestamp": "2025-07-13T20:58:41.172956"
}
2025-07-13 20:58:41 - INFO - [server.py:92] - å‘é€å“åº”: {
  "status_code": 200,
  "content_length": 37,
  "content_type": "application/json",
  "timestamp": "2025-07-13T20:58:41.173582",
  "response_body": "{\"device\":\"cuda\",\"status\":\"healthy\"}\n"
}
2025-07-13 20:58:41 - INFO - [server.py:92] - å‘é€å“åº”: {
  "status_code": 200,
  "content_length": 37,
  "content_type": "application/json",
  "timestamp": "2025-07-13T20:58:41.173582",
  "response_body": "{\"device\":\"cuda\",\"status\":\"healthy\"}\n"
}
2025-07-13 20:58:41 - INFO - [_internal.py:97] - 127.0.0.1 - - [13/Jul/2025 20:58:41] "GET /health HTTP/1.1" 200 -
2025-07-13 20:58:41 - INFO - [_internal.py:97] - 127.0.0.1 - - [13/Jul/2025 20:58:41] "GET /health HTTP/1.1" 200 -
2025-07-13 20:59:11 - INFO - [server.py:73] - æ”¶åˆ°è¯·æ±‚: {
  "method": "GET",
  "url": "http://localhost:9000/health",
  "remote_addr": "127.0.0.1",
  "user_agent": "Mozilla/5.0 (Windows NT 10.0; Win64; x64) AppleWebKit/537.36 (KHTML, like Gecko) Chrome/138.0.0.0 Safari/537.36 Edg/138.0.0.0",
  "timestamp": "2025-07-13T20:59:11.204053"
}
2025-07-13 20:59:11 - INFO - [server.py:73] - æ”¶åˆ°è¯·æ±‚: {
  "method": "GET",
  "url": "http://localhost:9000/health",
  "remote_addr": "127.0.0.1",
  "user_agent": "Mozilla/5.0 (Windows NT 10.0; Win64; x64) AppleWebKit/537.36 (KHTML, like Gecko) Chrome/138.0.0.0 Safari/537.36 Edg/138.0.0.0",
  "timestamp": "2025-07-13T20:59:11.204053"
}
2025-07-13 20:59:11 - INFO - [server.py:92] - å‘é€å“åº”: {
  "status_code": 200,
  "content_length": 37,
  "content_type": "application/json",
  "timestamp": "2025-07-13T20:59:11.204884",
  "response_body": "{\"device\":\"cuda\",\"status\":\"healthy\"}\n"
}
2025-07-13 20:59:11 - INFO - [server.py:92] - å‘é€å“åº”: {
  "status_code": 200,
  "content_length": 37,
  "content_type": "application/json",
  "timestamp": "2025-07-13T20:59:11.204884",
  "response_body": "{\"device\":\"cuda\",\"status\":\"healthy\"}\n"
}
2025-07-13 20:59:11 - INFO - [_internal.py:97] - 127.0.0.1 - - [13/Jul/2025 20:59:11] "GET /health HTTP/1.1" 200 -
2025-07-13 20:59:11 - INFO - [_internal.py:97] - 127.0.0.1 - - [13/Jul/2025 20:59:11] "GET /health HTTP/1.1" 200 -
2025-07-13 20:59:41 - INFO - [server.py:73] - æ”¶åˆ°è¯·æ±‚: {
  "method": "GET",
  "url": "http://localhost:9000/health",
  "remote_addr": "127.0.0.1",
  "user_agent": "Mozilla/5.0 (Windows NT 10.0; Win64; x64) AppleWebKit/537.36 (KHTML, like Gecko) Chrome/138.0.0.0 Safari/537.36 Edg/138.0.0.0",
  "timestamp": "2025-07-13T20:59:41.177298"
}
2025-07-13 20:59:41 - INFO - [server.py:73] - æ”¶åˆ°è¯·æ±‚: {
  "method": "GET",
  "url": "http://localhost:9000/health",
  "remote_addr": "127.0.0.1",
  "user_agent": "Mozilla/5.0 (Windows NT 10.0; Win64; x64) AppleWebKit/537.36 (KHTML, like Gecko) Chrome/138.0.0.0 Safari/537.36 Edg/138.0.0.0",
  "timestamp": "2025-07-13T20:59:41.177298"
}
2025-07-13 20:59:41 - INFO - [server.py:92] - å‘é€å“åº”: {
  "status_code": 200,
  "content_length": 37,
  "content_type": "application/json",
  "timestamp": "2025-07-13T20:59:41.178124",
  "response_body": "{\"device\":\"cuda\",\"status\":\"healthy\"}\n"
}
2025-07-13 20:59:41 - INFO - [server.py:92] - å‘é€å“åº”: {
  "status_code": 200,
  "content_length": 37,
  "content_type": "application/json",
  "timestamp": "2025-07-13T20:59:41.178124",
  "response_body": "{\"device\":\"cuda\",\"status\":\"healthy\"}\n"
}
2025-07-13 20:59:41 - INFO - [_internal.py:97] - 127.0.0.1 - - [13/Jul/2025 20:59:41] "GET /health HTTP/1.1" 200 -
2025-07-13 20:59:41 - INFO - [_internal.py:97] - 127.0.0.1 - - [13/Jul/2025 20:59:41] "GET /health HTTP/1.1" 200 -
2025-07-13 21:00:11 - INFO - [server.py:73] - æ”¶åˆ°è¯·æ±‚: {
  "method": "GET",
  "url": "http://localhost:9000/health",
  "remote_addr": "127.0.0.1",
  "user_agent": "Mozilla/5.0 (Windows NT 10.0; Win64; x64) AppleWebKit/537.36 (KHTML, like Gecko) Chrome/138.0.0.0 Safari/537.36 Edg/138.0.0.0",
  "timestamp": "2025-07-13T21:00:11.423857"
}
2025-07-13 21:00:11 - INFO - [server.py:73] - æ”¶åˆ°è¯·æ±‚: {
  "method": "GET",
  "url": "http://localhost:9000/health",
  "remote_addr": "127.0.0.1",
  "user_agent": "Mozilla/5.0 (Windows NT 10.0; Win64; x64) AppleWebKit/537.36 (KHTML, like Gecko) Chrome/138.0.0.0 Safari/537.36 Edg/138.0.0.0",
  "timestamp": "2025-07-13T21:00:11.423857"
}
2025-07-13 21:00:11 - INFO - [server.py:92] - å‘é€å“åº”: {
  "status_code": 200,
  "content_length": 37,
  "content_type": "application/json",
  "timestamp": "2025-07-13T21:00:11.424658",
  "response_body": "{\"device\":\"cuda\",\"status\":\"healthy\"}\n"
}
2025-07-13 21:00:11 - INFO - [server.py:92] - å‘é€å“åº”: {
  "status_code": 200,
  "content_length": 37,
  "content_type": "application/json",
  "timestamp": "2025-07-13T21:00:11.424658",
  "response_body": "{\"device\":\"cuda\",\"status\":\"healthy\"}\n"
}
2025-07-13 21:00:11 - INFO - [_internal.py:97] - 127.0.0.1 - - [13/Jul/2025 21:00:11] "GET /health HTTP/1.1" 200 -
2025-07-13 21:00:11 - INFO - [_internal.py:97] - 127.0.0.1 - - [13/Jul/2025 21:00:11] "GET /health HTTP/1.1" 200 -
2025-07-13 21:00:41 - INFO - [server.py:73] - æ”¶åˆ°è¯·æ±‚: {
  "method": "GET",
  "url": "http://localhost:9000/health",
  "remote_addr": "127.0.0.1",
  "user_agent": "Mozilla/5.0 (Windows NT 10.0; Win64; x64) AppleWebKit/537.36 (KHTML, like Gecko) Chrome/138.0.0.0 Safari/537.36 Edg/138.0.0.0",
  "timestamp": "2025-07-13T21:00:41.198643"
}
2025-07-13 21:00:41 - INFO - [server.py:73] - æ”¶åˆ°è¯·æ±‚: {
  "method": "GET",
  "url": "http://localhost:9000/health",
  "remote_addr": "127.0.0.1",
  "user_agent": "Mozilla/5.0 (Windows NT 10.0; Win64; x64) AppleWebKit/537.36 (KHTML, like Gecko) Chrome/138.0.0.0 Safari/537.36 Edg/138.0.0.0",
  "timestamp": "2025-07-13T21:00:41.198643"
}
2025-07-13 21:00:41 - INFO - [server.py:92] - å‘é€å“åº”: {
  "status_code": 200,
  "content_length": 37,
  "content_type": "application/json",
  "timestamp": "2025-07-13T21:00:41.199551",
  "response_body": "{\"device\":\"cuda\",\"status\":\"healthy\"}\n"
}
2025-07-13 21:00:41 - INFO - [server.py:92] - å‘é€å“åº”: {
  "status_code": 200,
  "content_length": 37,
  "content_type": "application/json",
  "timestamp": "2025-07-13T21:00:41.199551",
  "response_body": "{\"device\":\"cuda\",\"status\":\"healthy\"}\n"
}
2025-07-13 21:00:41 - INFO - [_internal.py:97] - 127.0.0.1 - - [13/Jul/2025 21:00:41] "GET /health HTTP/1.1" 200 -
2025-07-13 21:00:41 - INFO - [_internal.py:97] - 127.0.0.1 - - [13/Jul/2025 21:00:41] "GET /health HTTP/1.1" 200 -
2025-07-13 21:01:11 - INFO - [server.py:73] - æ”¶åˆ°è¯·æ±‚: {
  "method": "GET",
  "url": "http://localhost:9000/health",
  "remote_addr": "127.0.0.1",
  "user_agent": "Mozilla/5.0 (Windows NT 10.0; Win64; x64) AppleWebKit/537.36 (KHTML, like Gecko) Chrome/138.0.0.0 Safari/537.36 Edg/138.0.0.0",
  "timestamp": "2025-07-13T21:01:11.228127"
}
2025-07-13 21:01:11 - INFO - [server.py:73] - æ”¶åˆ°è¯·æ±‚: {
  "method": "GET",
  "url": "http://localhost:9000/health",
  "remote_addr": "127.0.0.1",
  "user_agent": "Mozilla/5.0 (Windows NT 10.0; Win64; x64) AppleWebKit/537.36 (KHTML, like Gecko) Chrome/138.0.0.0 Safari/537.36 Edg/138.0.0.0",
  "timestamp": "2025-07-13T21:01:11.228127"
}
2025-07-13 21:01:11 - INFO - [server.py:92] - å‘é€å“åº”: {
  "status_code": 200,
  "content_length": 37,
  "content_type": "application/json",
  "timestamp": "2025-07-13T21:01:11.229267",
  "response_body": "{\"device\":\"cuda\",\"status\":\"healthy\"}\n"
}
2025-07-13 21:01:11 - INFO - [server.py:92] - å‘é€å“åº”: {
  "status_code": 200,
  "content_length": 37,
  "content_type": "application/json",
  "timestamp": "2025-07-13T21:01:11.229267",
  "response_body": "{\"device\":\"cuda\",\"status\":\"healthy\"}\n"
}
2025-07-13 21:01:11 - INFO - [_internal.py:97] - 127.0.0.1 - - [13/Jul/2025 21:01:11] "GET /health HTTP/1.1" 200 -
2025-07-13 21:01:11 - INFO - [_internal.py:97] - 127.0.0.1 - - [13/Jul/2025 21:01:11] "GET /health HTTP/1.1" 200 -
2025-07-13 21:01:41 - INFO - [server.py:73] - æ”¶åˆ°è¯·æ±‚: {
  "method": "GET",
  "url": "http://localhost:9000/health",
  "remote_addr": "127.0.0.1",
  "user_agent": "Mozilla/5.0 (Windows NT 10.0; Win64; x64) AppleWebKit/537.36 (KHTML, like Gecko) Chrome/138.0.0.0 Safari/537.36 Edg/138.0.0.0",
  "timestamp": "2025-07-13T21:01:41.174103"
}
2025-07-13 21:01:41 - INFO - [server.py:73] - æ”¶åˆ°è¯·æ±‚: {
  "method": "GET",
  "url": "http://localhost:9000/health",
  "remote_addr": "127.0.0.1",
  "user_agent": "Mozilla/5.0 (Windows NT 10.0; Win64; x64) AppleWebKit/537.36 (KHTML, like Gecko) Chrome/138.0.0.0 Safari/537.36 Edg/138.0.0.0",
  "timestamp": "2025-07-13T21:01:41.174103"
}
2025-07-13 21:01:41 - INFO - [server.py:92] - å‘é€å“åº”: {
  "status_code": 200,
  "content_length": 37,
  "content_type": "application/json",
  "timestamp": "2025-07-13T21:01:41.174896",
  "response_body": "{\"device\":\"cuda\",\"status\":\"healthy\"}\n"
}
2025-07-13 21:01:41 - INFO - [server.py:92] - å‘é€å“åº”: {
  "status_code": 200,
  "content_length": 37,
  "content_type": "application/json",
  "timestamp": "2025-07-13T21:01:41.174896",
  "response_body": "{\"device\":\"cuda\",\"status\":\"healthy\"}\n"
}
2025-07-13 21:01:41 - INFO - [_internal.py:97] - 127.0.0.1 - - [13/Jul/2025 21:01:41] "GET /health HTTP/1.1" 200 -
2025-07-13 21:01:41 - INFO - [_internal.py:97] - 127.0.0.1 - - [13/Jul/2025 21:01:41] "GET /health HTTP/1.1" 200 -
2025-07-13 21:02:11 - INFO - [server.py:73] - æ”¶åˆ°è¯·æ±‚: {
  "method": "GET",
  "url": "http://localhost:9000/health",
  "remote_addr": "127.0.0.1",
  "user_agent": "Mozilla/5.0 (Windows NT 10.0; Win64; x64) AppleWebKit/537.36 (KHTML, like Gecko) Chrome/138.0.0.0 Safari/537.36 Edg/138.0.0.0",
  "timestamp": "2025-07-13T21:02:11.199178"
}
2025-07-13 21:02:11 - INFO - [server.py:73] - æ”¶åˆ°è¯·æ±‚: {
  "method": "GET",
  "url": "http://localhost:9000/health",
  "remote_addr": "127.0.0.1",
  "user_agent": "Mozilla/5.0 (Windows NT 10.0; Win64; x64) AppleWebKit/537.36 (KHTML, like Gecko) Chrome/138.0.0.0 Safari/537.36 Edg/138.0.0.0",
  "timestamp": "2025-07-13T21:02:11.199178"
}
2025-07-13 21:02:11 - INFO - [server.py:92] - å‘é€å“åº”: {
  "status_code": 200,
  "content_length": 37,
  "content_type": "application/json",
  "timestamp": "2025-07-13T21:02:11.200602",
  "response_body": "{\"device\":\"cuda\",\"status\":\"healthy\"}\n"
}
2025-07-13 21:02:11 - INFO - [server.py:92] - å‘é€å“åº”: {
  "status_code": 200,
  "content_length": 37,
  "content_type": "application/json",
  "timestamp": "2025-07-13T21:02:11.200602",
  "response_body": "{\"device\":\"cuda\",\"status\":\"healthy\"}\n"
}
2025-07-13 21:02:11 - INFO - [_internal.py:97] - 127.0.0.1 - - [13/Jul/2025 21:02:11] "GET /health HTTP/1.1" 200 -
2025-07-13 21:02:11 - INFO - [_internal.py:97] - 127.0.0.1 - - [13/Jul/2025 21:02:11] "GET /health HTTP/1.1" 200 -
2025-07-13 21:02:11 - INFO - [server.py:73] - æ”¶åˆ°è¯·æ±‚: {
  "method": "OPTIONS",
  "url": "http://localhost:9000/generate",
  "remote_addr": "127.0.0.1",
  "user_agent": "Mozilla/5.0 (Windows NT 10.0; Win64; x64) AppleWebKit/537.36 (KHTML, like Gecko) Chrome/138.0.0.0 Safari/537.36 Edg/138.0.0.0",
  "timestamp": "2025-07-13T21:02:11.714375"
}
2025-07-13 21:02:11 - INFO - [server.py:73] - æ”¶åˆ°è¯·æ±‚: {
  "method": "OPTIONS",
  "url": "http://localhost:9000/generate",
  "remote_addr": "127.0.0.1",
  "user_agent": "Mozilla/5.0 (Windows NT 10.0; Win64; x64) AppleWebKit/537.36 (KHTML, like Gecko) Chrome/138.0.0.0 Safari/537.36 Edg/138.0.0.0",
  "timestamp": "2025-07-13T21:02:11.714375"
}
2025-07-13 21:02:11 - INFO - [server.py:92] - å‘é€å“åº”: {
  "status_code": 200,
  "content_length": null,
  "content_type": "text/html; charset=utf-8",
  "timestamp": "2025-07-13T21:02:11.715062"
}
2025-07-13 21:02:11 - INFO - [server.py:92] - å‘é€å“åº”: {
  "status_code": 200,
  "content_length": null,
  "content_type": "text/html; charset=utf-8",
  "timestamp": "2025-07-13T21:02:11.715062"
}
2025-07-13 21:02:11 - INFO - [_internal.py:97] - 127.0.0.1 - - [13/Jul/2025 21:02:11] "OPTIONS /generate HTTP/1.1" 200 -
2025-07-13 21:02:11 - INFO - [_internal.py:97] - 127.0.0.1 - - [13/Jul/2025 21:02:11] "OPTIONS /generate HTTP/1.1" 200 -
2025-07-13 21:02:12 - INFO - [server.py:73] - æ”¶åˆ°è¯·æ±‚: {
  "method": "POST",
  "url": "http://localhost:9000/generate",
  "remote_addr": "127.0.0.1",
  "user_agent": "Mozilla/5.0 (Windows NT 10.0; Win64; x64) AppleWebKit/537.36 (KHTML, like Gecko) Chrome/138.0.0.0 Safari/537.36 Edg/138.0.0.0",
  "timestamp": "2025-07-13T21:02:12.180963",
  "json_data": {
    "messages": [
      {
        "role": "user",
        "content": "ä»€ä¹ˆæ˜¯YOLO"
      },
      {
        "role": "assistant",
        "content": " YOLO =You Only Look Once. å¾ˆæ£’çš„ä¿šè¯­ï¼YOLO alsoæŒ‡YOLOç®—æ³•ï¼Œä¸€ç§å®æ—¶ç›®æ ‡æ£€æµ‹ç®—æ³•ã€‚YOLOç®—æ³•åŸºäºå·ç§¯ç¥ç»ç½‘ç»œï¼ˆCNNï¼‰ï¼Œä¸å…¶ä»–ç›®æ ‡æ£€æµ‹ç®—æ³•ç›¸æ¯”ï¼ŒYOLOç®—æ³•æ›´å¿«é€Ÿå’Œå‡†ç¡®ã€‚"
      },
      {
        "role": "user",
        "content": "ä»€ä¹ˆæ˜¯YOLO"
      }
    ],
    "settings": {
      "temperature": 0,
      "top_p": 0.95,
      "gen_length": 50,
      "num_beams": 4,
      "steps": 32,
      "cfg_scale": 1,
      "constraints": "0:YOLO, 8:å¾ˆæ£’çš„"
    }
  }
}
2025-07-13 21:02:12 - INFO - [server.py:73] - æ”¶åˆ°è¯·æ±‚: {
  "method": "POST",
  "url": "http://localhost:9000/generate",
  "remote_addr": "127.0.0.1",
  "user_agent": "Mozilla/5.0 (Windows NT 10.0; Win64; x64) AppleWebKit/537.36 (KHTML, like Gecko) Chrome/138.0.0.0 Safari/537.36 Edg/138.0.0.0",
  "timestamp": "2025-07-13T21:02:12.180963",
  "json_data": {
    "messages": [
      {
        "role": "user",
        "content": "ä»€ä¹ˆæ˜¯YOLO"
      },
      {
        "role": "assistant",
        "content": " YOLO =You Only Look Once. å¾ˆæ£’çš„ä¿šè¯­ï¼YOLO alsoæŒ‡YOLOç®—æ³•ï¼Œä¸€ç§å®æ—¶ç›®æ ‡æ£€æµ‹ç®—æ³•ã€‚YOLOç®—æ³•åŸºäºå·ç§¯ç¥ç»ç½‘ç»œï¼ˆCNNï¼‰ï¼Œä¸å…¶ä»–ç›®æ ‡æ£€æµ‹ç®—æ³•ç›¸æ¯”ï¼ŒYOLOç®—æ³•æ›´å¿«é€Ÿå’Œå‡†ç¡®ã€‚"
      },
      {
        "role": "user",
        "content": "ä»€ä¹ˆæ˜¯YOLO"
      }
    ],
    "settings": {
      "temperature": 0,
      "top_p": 0.95,
      "gen_length": 50,
      "num_beams": 4,
      "steps": 32,
      "cfg_scale": 1,
      "constraints": "0:YOLO, 8:å¾ˆæ£’çš„"
    }
  }
}
2025-07-13 21:02:12 - INFO - [server.py:443] - [req_1752411732182] æ”¶åˆ°ç”Ÿæˆè¯·æ±‚
2025-07-13 21:02:12 - INFO - [server.py:443] - [req_1752411732182] æ”¶åˆ°ç”Ÿæˆè¯·æ±‚
2025-07-13 21:02:12 - INFO - [server.py:451] - [req_1752411732182] è¯·æ±‚æ•°æ®è¯¦æƒ…:
2025-07-13 21:02:12 - INFO - [server.py:451] - [req_1752411732182] è¯·æ±‚æ•°æ®è¯¦æƒ…:
2025-07-13 21:02:12 - INFO - [server.py:452] - [req_1752411732182] - æ¶ˆæ¯æ•°é‡: 3
2025-07-13 21:02:12 - INFO - [server.py:452] - [req_1752411732182] - æ¶ˆæ¯æ•°é‡: 3
2025-07-13 21:02:12 - INFO - [server.py:453] - [req_1752411732182] - è®¾ç½®å‚æ•°: {
  "temperature": 0,
  "top_p": 0.95,
  "gen_length": 50,
  "num_beams": 4,
  "steps": 32,
  "cfg_scale": 1,
  "constraints": "0:YOLO, 8:å¾ˆæ£’çš„"
}
2025-07-13 21:02:12 - INFO - [server.py:453] - [req_1752411732182] - è®¾ç½®å‚æ•°: {
  "temperature": 0,
  "top_p": 0.95,
  "gen_length": 50,
  "num_beams": 4,
  "steps": 32,
  "cfg_scale": 1,
  "constraints": "0:YOLO, 8:å¾ˆæ£’çš„"
}
2025-07-13 21:02:12 - DEBUG - [server.py:454] - [req_1752411732182] - å®Œæ•´æ¶ˆæ¯åˆ—è¡¨: [
  {
    "role": "user",
    "content": "ä»€ä¹ˆæ˜¯YOLO"
  },
  {
    "role": "assistant",
    "content": " YOLO =You Only Look Once. å¾ˆæ£’çš„ä¿šè¯­ï¼YOLO alsoæŒ‡YOLOç®—æ³•ï¼Œä¸€ç§å®æ—¶ç›®æ ‡æ£€æµ‹ç®—æ³•ã€‚YOLOç®—æ³•åŸºäºå·ç§¯ç¥ç»ç½‘ç»œï¼ˆCNNï¼‰ï¼Œä¸å…¶ä»–ç›®æ ‡æ£€æµ‹ç®—æ³•ç›¸æ¯”ï¼ŒYOLOç®—æ³•æ›´å¿«é€Ÿå’Œå‡†ç¡®ã€‚"
  },
  {
    "role": "user",
    "content": "ä»€ä¹ˆæ˜¯YOLO"
  }
]
2025-07-13 21:02:12 - INFO - [server.py:465] - [req_1752411732182] å¼€å§‹ç”Ÿæˆå“åº”...
2025-07-13 21:02:12 - INFO - [server.py:465] - [req_1752411732182] å¼€å§‹ç”Ÿæˆå“åº”...
2025-07-13 21:02:12 - INFO - [server.py:201] - ============================================================
2025-07-13 21:02:12 - INFO - [server.py:201] - ============================================================
2025-07-13 21:02:12 - INFO - [server.py:202] - å¼€å§‹ç”Ÿæˆå“åº”
2025-07-13 21:02:12 - INFO - [server.py:202] - å¼€å§‹ç”Ÿæˆå“åº”
2025-07-13 21:02:12 - INFO - [server.py:203] - è¾“å…¥æ¶ˆæ¯æ•°é‡: 3
2025-07-13 21:02:12 - INFO - [server.py:203] - è¾“å…¥æ¶ˆæ¯æ•°é‡: 3
2025-07-13 21:02:12 - INFO - [server.py:205] - æ¶ˆæ¯ 1: è§’è‰²=user, å†…å®¹é•¿åº¦=7
2025-07-13 21:02:12 - INFO - [server.py:205] - æ¶ˆæ¯ 1: è§’è‰²=user, å†…å®¹é•¿åº¦=7
2025-07-13 21:02:12 - DEBUG - [server.py:206] - æ¶ˆæ¯ 1 å†…å®¹: ä»€ä¹ˆæ˜¯YOLO
2025-07-13 21:02:12 - INFO - [server.py:205] - æ¶ˆæ¯ 2: è§’è‰²=assistant, å†…å®¹é•¿åº¦=106
2025-07-13 21:02:12 - INFO - [server.py:205] - æ¶ˆæ¯ 2: è§’è‰²=assistant, å†…å®¹é•¿åº¦=106
2025-07-13 21:02:12 - DEBUG - [server.py:206] - æ¶ˆæ¯ 2 å†…å®¹:  YOLO =You Only Look Once. å¾ˆæ£’çš„ä¿šè¯­ï¼YOLO alsoæŒ‡YOLOç®—æ³•ï¼Œä¸€ç§å®æ—¶ç›®æ ‡æ£€æµ‹ç®—æ³•ã€‚YOLOç®—æ³•åŸºäºå·ç§¯ç¥ç»ç½‘ç»œï¼ˆCNNï¼‰ï¼Œä¸å…¶ä»–ç›®æ ‡æ£€æµ‹ç®—æ³•ç›¸æ¯”ï¼ŒYOLOç®—æ³•æ›´å¿«é€Ÿå’Œå‡†ç¡®ã€‚
2025-07-13 21:02:12 - INFO - [server.py:205] - æ¶ˆæ¯ 3: è§’è‰²=user, å†…å®¹é•¿åº¦=7
2025-07-13 21:02:12 - INFO - [server.py:205] - æ¶ˆæ¯ 3: è§’è‰²=user, å†…å®¹é•¿åº¦=7
2025-07-13 21:02:12 - DEBUG - [server.py:206] - æ¶ˆæ¯ 3 å†…å®¹: ä»€ä¹ˆæ˜¯YOLO
2025-07-13 21:02:12 - INFO - [server.py:208] - è®¾ç½®å‚æ•°: {
  "temperature": 0,
  "top_p": 0.95,
  "gen_length": 50,
  "num_beams": 4,
  "steps": 32,
  "cfg_scale": 1,
  "constraints": "0:YOLO, 8:å¾ˆæ£’çš„"
}
2025-07-13 21:02:12 - INFO - [server.py:208] - è®¾ç½®å‚æ•°: {
  "temperature": 0,
  "top_p": 0.95,
  "gen_length": 50,
  "num_beams": 4,
  "steps": 32,
  "cfg_scale": 1,
  "constraints": "0:YOLO, 8:å¾ˆæ£’çš„"
}
2025-07-13 21:02:12 - INFO - [server.py:220] - è§£æåçš„çº¦æŸ: {0: 'YOLO', 8: 'å¾ˆæ£’çš„'}
2025-07-13 21:02:12 - INFO - [server.py:220] - è§£æåçš„çº¦æŸ: {0: 'YOLO', 8: 'å¾ˆæ£’çš„'}
2025-07-13 21:02:12 - INFO - [server.py:225] - ç”Ÿæˆå‰GPUå†…å­˜ä½¿ç”¨: 14.94GB
2025-07-13 21:02:12 - INFO - [server.py:225] - ç”Ÿæˆå‰GPUå†…å­˜ä½¿ç”¨: 14.94GB
2025-07-13 21:02:12 - INFO - [server.py:228] - å‡†å¤‡è¾“å…¥prompt...
2025-07-13 21:02:12 - INFO - [server.py:228] - å‡†å¤‡è¾“å…¥prompt...
2025-07-13 21:02:12 - DEBUG - [server.py:230] - æ ¼å¼åŒ–åçš„chatè¾“å…¥: <|startoftext|><|start_header_id|>user<|end_header_id|>

ä»€ä¹ˆæ˜¯YOLO<|eot_id|><|start_header_id|>assistant<|end_header_id|>

YOLO =You Only Look Once. å¾ˆæ£’çš„ä¿šè¯­ï¼YOLO alsoæŒ‡YOLOç®—æ³•ï¼Œä¸€ç§å®æ—¶ç›®æ ‡æ£€æµ‹ç®—æ³•ã€‚YOLOç®—æ³•åŸºäºå·ç§¯ç¥ç»ç½‘ç»œï¼ˆCNNï¼‰ï¼Œä¸å…¶ä»–ç›®æ ‡æ£€æµ‹ç®—æ³•ç›¸æ¯”ï¼ŒYOLOç®—æ³•æ›´å¿«é€Ÿå’Œå‡†ç¡®ã€‚<|eot_id|><|start_header_id|>user<|end_header_id|>

ä»€ä¹ˆæ˜¯YOLO<|eot_id|><|start_header_id|>assistant<|end_header_id|>


2025-07-13 21:02:12 - INFO - [server.py:234] - è¾“å…¥tokenæ•°é‡: 81
2025-07-13 21:02:12 - INFO - [server.py:234] - è¾“å…¥tokenæ•°é‡: 81
2025-07-13 21:02:12 - INFO - [server.py:241] - åºåˆ—æ€»é•¿åº¦: 131, prompté•¿åº¦: 81, ç”Ÿæˆé•¿åº¦: 50
2025-07-13 21:02:12 - INFO - [server.py:241] - åºåˆ—æ€»é•¿åº¦: 131, prompté•¿åº¦: 81, ç”Ÿæˆé•¿åº¦: 50
2025-07-13 21:02:12 - INFO - [server.py:250] - åº”ç”¨çº¦æŸæ•°é‡: 4
2025-07-13 21:02:12 - INFO - [server.py:250] - åº”ç”¨çº¦æŸæ•°é‡: 4
2025-07-13 21:02:12 - DEBUG - [server.py:255] - çº¦æŸä½ç½® 0 (ç»å¯¹ä½ç½® 81): token_id=100891
2025-07-13 21:02:12 - DEBUG - [server.py:255] - çº¦æŸä½ç½® 1 (ç»å¯¹ä½ç½® 82): token_id=3251
2025-07-13 21:02:12 - DEBUG - [server.py:255] - çº¦æŸä½ç½® 8 (ç»å¯¹ä½ç½® 89): token_id=60371
2025-07-13 21:02:12 - DEBUG - [server.py:255] - çº¦æŸä½ç½® 9 (ç»å¯¹ä½ç½® 90): token_id=70150
2025-07-13 21:02:12 - INFO - [server.py:270] - å—å¤„ç†é…ç½®: å—é•¿åº¦=32, å—æ•°é‡=2, æ¯å—æ­¥æ•°=16
2025-07-13 21:02:12 - INFO - [server.py:270] - å—å¤„ç†é…ç½®: å—é•¿åº¦=32, å—æ•°é‡=2, æ¯å—æ­¥æ•°=16
2025-07-13 21:02:12 - INFO - [server.py:274] - å¤„ç†ç¬¬ 1/2 å—...
2025-07-13 21:02:12 - INFO - [server.py:274] - å¤„ç†ç¬¬ 1/2 å—...
2025-07-13 21:02:12 - DEBUG - [server.py:289] - å— 1, æ­¥éª¤ 1/16
2025-07-13 21:02:12 - DEBUG - [server.py:289] - å— 1, æ­¥éª¤ 2/16
2025-07-13 21:02:12 - DEBUG - [server.py:289] - å— 1, æ­¥éª¤ 3/16
2025-07-13 21:02:12 - DEBUG - [server.py:289] - å— 1, æ­¥éª¤ 4/16
2025-07-13 21:02:12 - DEBUG - [server.py:289] - å— 1, æ­¥éª¤ 5/16
2025-07-13 21:02:12 - DEBUG - [server.py:289] - å— 1, æ­¥éª¤ 6/16
2025-07-13 21:02:12 - DEBUG - [server.py:289] - å— 1, æ­¥éª¤ 7/16
2025-07-13 21:02:12 - DEBUG - [server.py:289] - å— 1, æ­¥éª¤ 8/16
2025-07-13 21:02:12 - DEBUG - [server.py:289] - å— 1, æ­¥éª¤ 9/16
2025-07-13 21:02:12 - DEBUG - [server.py:289] - å— 1, æ­¥éª¤ 10/16
2025-07-13 21:02:13 - DEBUG - [server.py:289] - å— 1, æ­¥éª¤ 11/16
2025-07-13 21:02:13 - DEBUG - [server.py:289] - å— 1, æ­¥éª¤ 12/16
2025-07-13 21:02:13 - DEBUG - [server.py:289] - å— 1, æ­¥éª¤ 13/16
2025-07-13 21:02:13 - DEBUG - [server.py:289] - å— 1, æ­¥éª¤ 14/16
2025-07-13 21:02:13 - DEBUG - [server.py:289] - å— 1, æ­¥éª¤ 15/16
2025-07-13 21:02:13 - DEBUG - [server.py:289] - å— 1, æ­¥éª¤ 16/16
2025-07-13 21:02:13 - INFO - [server.py:274] - å¤„ç†ç¬¬ 2/2 å—...
2025-07-13 21:02:13 - INFO - [server.py:274] - å¤„ç†ç¬¬ 2/2 å—...
2025-07-13 21:02:13 - DEBUG - [server.py:289] - å— 2, æ­¥éª¤ 1/16
2025-07-13 21:02:13 - DEBUG - [server.py:289] - å— 2, æ­¥éª¤ 2/16
2025-07-13 21:02:13 - DEBUG - [server.py:289] - å— 2, æ­¥éª¤ 3/16
2025-07-13 21:02:13 - DEBUG - [server.py:289] - å— 2, æ­¥éª¤ 4/16
2025-07-13 21:02:13 - DEBUG - [server.py:289] - å— 2, æ­¥éª¤ 5/16
2025-07-13 21:02:13 - DEBUG - [server.py:289] - å— 2, æ­¥éª¤ 6/16
2025-07-13 21:02:14 - DEBUG - [server.py:289] - å— 2, æ­¥éª¤ 7/16
2025-07-13 21:02:14 - DEBUG - [server.py:289] - å— 2, æ­¥éª¤ 8/16
2025-07-13 21:02:14 - DEBUG - [server.py:289] - å— 2, æ­¥éª¤ 9/16
2025-07-13 21:02:14 - DEBUG - [server.py:289] - å— 2, æ­¥éª¤ 10/16
2025-07-13 21:02:14 - DEBUG - [server.py:289] - å— 2, æ­¥éª¤ 11/16
2025-07-13 21:02:14 - DEBUG - [server.py:289] - å— 2, æ­¥éª¤ 12/16
2025-07-13 21:02:14 - DEBUG - [server.py:289] - å— 2, æ­¥éª¤ 13/16
2025-07-13 21:02:14 - DEBUG - [server.py:289] - å— 2, æ­¥éª¤ 14/16
2025-07-13 21:02:14 - DEBUG - [server.py:289] - å— 2, æ­¥éª¤ 15/16
2025-07-13 21:02:14 - DEBUG - [server.py:289] - å— 2, æ­¥éª¤ 16/16
2025-07-13 21:02:14 - INFO - [server.py:395] - ç”ŸæˆåGPUå†…å­˜ä½¿ç”¨: 18.38GB
2025-07-13 21:02:14 - INFO - [server.py:395] - ç”ŸæˆåGPUå†…å­˜ä½¿ç”¨: 18.38GB
2025-07-13 21:02:14 - INFO - [server.py:397] - ç”Ÿæˆå®Œæˆ!
2025-07-13 21:02:14 - INFO - [server.py:397] - ç”Ÿæˆå®Œæˆ!
2025-07-13 21:02:14 - INFO - [server.py:398] - å“åº”æ–‡æœ¬é•¿åº¦: 106
2025-07-13 21:02:14 - INFO - [server.py:398] - å“åº”æ–‡æœ¬é•¿åº¦: 106
2025-07-13 21:02:14 - INFO - [server.py:399] - å¯è§†åŒ–æ­¥éª¤æ•°: 33
2025-07-13 21:02:14 - INFO - [server.py:399] - å¯è§†åŒ–æ­¥éª¤æ•°: 33
2025-07-13 21:02:14 - INFO - [server.py:400] - ç”Ÿæˆè€—æ—¶: 2.61ç§’
2025-07-13 21:02:14 - INFO - [server.py:400] - ç”Ÿæˆè€—æ—¶: 2.61ç§’
2025-07-13 21:02:14 - DEBUG - [server.py:401] - ç”Ÿæˆçš„å“åº”æ–‡æœ¬:  YOLO =You Only Look Once. å¾ˆæ£’çš„ä¿šè¯­ï¼YOLO alsoæŒ‡YOLOç®—æ³•ï¼Œä¸€ç§å®æ—¶ç›®æ ‡æ£€æµ‹ç®—æ³•ã€‚YOLOç®—æ³•åŸºäºå·ç§¯ç¥ç»ç½‘ç»œï¼ˆCNNï¼‰ï¼Œä¸å…¶ä»–ç›®æ ‡æ£€æµ‹ç®—æ³•ç›¸æ¯”ï¼ŒYOLOç®—æ³•æ›´å¿«é€Ÿå’Œå‡†ç¡®ã€‚
2025-07-13 21:02:14 - INFO - [server.py:402] - ============================================================
2025-07-13 21:02:14 - INFO - [server.py:402] - ============================================================
2025-07-13 21:02:14 - INFO - [server.py:474] - [req_1752411732182] ç”ŸæˆæˆåŠŸ!
2025-07-13 21:02:14 - INFO - [server.py:474] - [req_1752411732182] ç”ŸæˆæˆåŠŸ!
2025-07-13 21:02:14 - INFO - [server.py:475] - [req_1752411732182] å“åº”é•¿åº¦: 106
2025-07-13 21:02:14 - INFO - [server.py:475] - [req_1752411732182] å“åº”é•¿åº¦: 106
2025-07-13 21:02:14 - INFO - [server.py:476] - [req_1752411732182] å¯è§†åŒ–æ­¥éª¤: 33
2025-07-13 21:02:14 - INFO - [server.py:476] - [req_1752411732182] å¯è§†åŒ–æ­¥éª¤: 33
2025-07-13 21:02:14 - INFO - [server.py:477] - [req_1752411732182] æ€»è€—æ—¶: 2.61ç§’
2025-07-13 21:02:14 - INFO - [server.py:477] - [req_1752411732182] æ€»è€—æ—¶: 2.61ç§’
2025-07-13 21:02:14 - DEBUG - [server.py:478] - [req_1752411732182] å“åº”æ–‡æœ¬:  YOLO =You Only Look Once. å¾ˆæ£’çš„ä¿šè¯­ï¼YOLO alsoæŒ‡YOLOç®—æ³•ï¼Œä¸€ç§å®æ—¶ç›®æ ‡æ£€æµ‹ç®—æ³•ã€‚YOLOç®—æ³•åŸºäºå·ç§¯ç¥ç»ç½‘ç»œï¼ˆCNNï¼‰ï¼Œä¸å…¶ä»–ç›®æ ‡æ£€æµ‹ç®—æ³•ç›¸æ¯”ï¼ŒYOLOç®—æ³•æ›´å¿«é€Ÿå’Œå‡†ç¡®ã€‚
2025-07-13 21:02:14 - INFO - [server.py:92] - å‘é€å“åº”: {
  "status_code": 200,
  "content_length": 36922,
  "content_type": "application/json",
  "timestamp": "2025-07-13T21:02:14.795804"
}
2025-07-13 21:02:14 - INFO - [server.py:92] - å‘é€å“åº”: {
  "status_code": 200,
  "content_length": 36922,
  "content_type": "application/json",
  "timestamp": "2025-07-13T21:02:14.795804"
}
2025-07-13 21:02:14 - INFO - [_internal.py:97] - 127.0.0.1 - - [13/Jul/2025 21:02:14] "POST /generate HTTP/1.1" 200 -
2025-07-13 21:02:14 - INFO - [_internal.py:97] - 127.0.0.1 - - [13/Jul/2025 21:02:14] "POST /generate HTTP/1.1" 200 -
2025-07-13 21:02:41 - INFO - [server.py:73] - æ”¶åˆ°è¯·æ±‚: {
  "method": "GET",
  "url": "http://localhost:9000/health",
  "remote_addr": "127.0.0.1",
  "user_agent": "Mozilla/5.0 (Windows NT 10.0; Win64; x64) AppleWebKit/537.36 (KHTML, like Gecko) Chrome/138.0.0.0 Safari/537.36 Edg/138.0.0.0",
  "timestamp": "2025-07-13T21:02:41.187112"
}
2025-07-13 21:02:41 - INFO - [server.py:73] - æ”¶åˆ°è¯·æ±‚: {
  "method": "GET",
  "url": "http://localhost:9000/health",
  "remote_addr": "127.0.0.1",
  "user_agent": "Mozilla/5.0 (Windows NT 10.0; Win64; x64) AppleWebKit/537.36 (KHTML, like Gecko) Chrome/138.0.0.0 Safari/537.36 Edg/138.0.0.0",
  "timestamp": "2025-07-13T21:02:41.187112"
}
2025-07-13 21:02:41 - INFO - [server.py:92] - å‘é€å“åº”: {
  "status_code": 200,
  "content_length": 37,
  "content_type": "application/json",
  "timestamp": "2025-07-13T21:02:41.187610",
  "response_body": "{\"device\":\"cuda\",\"status\":\"healthy\"}\n"
}
2025-07-13 21:02:41 - INFO - [server.py:92] - å‘é€å“åº”: {
  "status_code": 200,
  "content_length": 37,
  "content_type": "application/json",
  "timestamp": "2025-07-13T21:02:41.187610",
  "response_body": "{\"device\":\"cuda\",\"status\":\"healthy\"}\n"
}
2025-07-13 21:02:41 - INFO - [_internal.py:97] - 127.0.0.1 - - [13/Jul/2025 21:02:41] "GET /health HTTP/1.1" 200 -
2025-07-13 21:02:41 - INFO - [_internal.py:97] - 127.0.0.1 - - [13/Jul/2025 21:02:41] "GET /health HTTP/1.1" 200 -
2025-07-13 21:03:11 - INFO - [server.py:73] - æ”¶åˆ°è¯·æ±‚: {
  "method": "GET",
  "url": "http://localhost:9000/health",
  "remote_addr": "127.0.0.1",
  "user_agent": "Mozilla/5.0 (Windows NT 10.0; Win64; x64) AppleWebKit/537.36 (KHTML, like Gecko) Chrome/138.0.0.0 Safari/537.36 Edg/138.0.0.0",
  "timestamp": "2025-07-13T21:03:11.181813"
}
2025-07-13 21:03:11 - INFO - [server.py:73] - æ”¶åˆ°è¯·æ±‚: {
  "method": "GET",
  "url": "http://localhost:9000/health",
  "remote_addr": "127.0.0.1",
  "user_agent": "Mozilla/5.0 (Windows NT 10.0; Win64; x64) AppleWebKit/537.36 (KHTML, like Gecko) Chrome/138.0.0.0 Safari/537.36 Edg/138.0.0.0",
  "timestamp": "2025-07-13T21:03:11.181813"
}
2025-07-13 21:03:11 - INFO - [server.py:92] - å‘é€å“åº”: {
  "status_code": 200,
  "content_length": 37,
  "content_type": "application/json",
  "timestamp": "2025-07-13T21:03:11.182611",
  "response_body": "{\"device\":\"cuda\",\"status\":\"healthy\"}\n"
}
2025-07-13 21:03:11 - INFO - [server.py:92] - å‘é€å“åº”: {
  "status_code": 200,
  "content_length": 37,
  "content_type": "application/json",
  "timestamp": "2025-07-13T21:03:11.182611",
  "response_body": "{\"device\":\"cuda\",\"status\":\"healthy\"}\n"
}
2025-07-13 21:03:11 - INFO - [_internal.py:97] - 127.0.0.1 - - [13/Jul/2025 21:03:11] "GET /health HTTP/1.1" 200 -
2025-07-13 21:03:11 - INFO - [_internal.py:97] - 127.0.0.1 - - [13/Jul/2025 21:03:11] "GET /health HTTP/1.1" 200 -
2025-07-13 21:03:41 - INFO - [server.py:73] - æ”¶åˆ°è¯·æ±‚: {
  "method": "GET",
  "url": "http://localhost:9000/health",
  "remote_addr": "127.0.0.1",
  "user_agent": "Mozilla/5.0 (Windows NT 10.0; Win64; x64) AppleWebKit/537.36 (KHTML, like Gecko) Chrome/138.0.0.0 Safari/537.36 Edg/138.0.0.0",
  "timestamp": "2025-07-13T21:03:41.181552"
}
2025-07-13 21:03:41 - INFO - [server.py:73] - æ”¶åˆ°è¯·æ±‚: {
  "method": "GET",
  "url": "http://localhost:9000/health",
  "remote_addr": "127.0.0.1",
  "user_agent": "Mozilla/5.0 (Windows NT 10.0; Win64; x64) AppleWebKit/537.36 (KHTML, like Gecko) Chrome/138.0.0.0 Safari/537.36 Edg/138.0.0.0",
  "timestamp": "2025-07-13T21:03:41.181552"
}
2025-07-13 21:03:41 - INFO - [server.py:92] - å‘é€å“åº”: {
  "status_code": 200,
  "content_length": 37,
  "content_type": "application/json",
  "timestamp": "2025-07-13T21:03:41.182367",
  "response_body": "{\"device\":\"cuda\",\"status\":\"healthy\"}\n"
}
2025-07-13 21:03:41 - INFO - [server.py:92] - å‘é€å“åº”: {
  "status_code": 200,
  "content_length": 37,
  "content_type": "application/json",
  "timestamp": "2025-07-13T21:03:41.182367",
  "response_body": "{\"device\":\"cuda\",\"status\":\"healthy\"}\n"
}
2025-07-13 21:03:41 - INFO - [_internal.py:97] - 127.0.0.1 - - [13/Jul/2025 21:03:41] "GET /health HTTP/1.1" 200 -
2025-07-13 21:03:41 - INFO - [_internal.py:97] - 127.0.0.1 - - [13/Jul/2025 21:03:41] "GET /health HTTP/1.1" 200 -
2025-07-13 21:04:11 - INFO - [server.py:73] - æ”¶åˆ°è¯·æ±‚: {
  "method": "GET",
  "url": "http://localhost:9000/health",
  "remote_addr": "127.0.0.1",
  "user_agent": "Mozilla/5.0 (Windows NT 10.0; Win64; x64) AppleWebKit/537.36 (KHTML, like Gecko) Chrome/138.0.0.0 Safari/537.36 Edg/138.0.0.0",
  "timestamp": "2025-07-13T21:04:11.182620"
}
2025-07-13 21:04:11 - INFO - [server.py:73] - æ”¶åˆ°è¯·æ±‚: {
  "method": "GET",
  "url": "http://localhost:9000/health",
  "remote_addr": "127.0.0.1",
  "user_agent": "Mozilla/5.0 (Windows NT 10.0; Win64; x64) AppleWebKit/537.36 (KHTML, like Gecko) Chrome/138.0.0.0 Safari/537.36 Edg/138.0.0.0",
  "timestamp": "2025-07-13T21:04:11.182620"
}
2025-07-13 21:04:11 - INFO - [server.py:92] - å‘é€å“åº”: {
  "status_code": 200,
  "content_length": 37,
  "content_type": "application/json",
  "timestamp": "2025-07-13T21:04:11.183291",
  "response_body": "{\"device\":\"cuda\",\"status\":\"healthy\"}\n"
}
2025-07-13 21:04:11 - INFO - [server.py:92] - å‘é€å“åº”: {
  "status_code": 200,
  "content_length": 37,
  "content_type": "application/json",
  "timestamp": "2025-07-13T21:04:11.183291",
  "response_body": "{\"device\":\"cuda\",\"status\":\"healthy\"}\n"
}
2025-07-13 21:04:11 - INFO - [_internal.py:97] - 127.0.0.1 - - [13/Jul/2025 21:04:11] "GET /health HTTP/1.1" 200 -
2025-07-13 21:04:11 - INFO - [_internal.py:97] - 127.0.0.1 - - [13/Jul/2025 21:04:11] "GET /health HTTP/1.1" 200 -
2025-07-13 21:04:41 - INFO - [server.py:73] - æ”¶åˆ°è¯·æ±‚: {
  "method": "GET",
  "url": "http://localhost:9000/health",
  "remote_addr": "127.0.0.1",
  "user_agent": "Mozilla/5.0 (Windows NT 10.0; Win64; x64) AppleWebKit/537.36 (KHTML, like Gecko) Chrome/138.0.0.0 Safari/537.36 Edg/138.0.0.0",
  "timestamp": "2025-07-13T21:04:41.290888"
}
2025-07-13 21:04:41 - INFO - [server.py:73] - æ”¶åˆ°è¯·æ±‚: {
  "method": "GET",
  "url": "http://localhost:9000/health",
  "remote_addr": "127.0.0.1",
  "user_agent": "Mozilla/5.0 (Windows NT 10.0; Win64; x64) AppleWebKit/537.36 (KHTML, like Gecko) Chrome/138.0.0.0 Safari/537.36 Edg/138.0.0.0",
  "timestamp": "2025-07-13T21:04:41.290888"
}
2025-07-13 21:04:41 - INFO - [server.py:92] - å‘é€å“åº”: {
  "status_code": 200,
  "content_length": 37,
  "content_type": "application/json",
  "timestamp": "2025-07-13T21:04:41.291895",
  "response_body": "{\"device\":\"cuda\",\"status\":\"healthy\"}\n"
}
2025-07-13 21:04:41 - INFO - [server.py:92] - å‘é€å“åº”: {
  "status_code": 200,
  "content_length": 37,
  "content_type": "application/json",
  "timestamp": "2025-07-13T21:04:41.291895",
  "response_body": "{\"device\":\"cuda\",\"status\":\"healthy\"}\n"
}
2025-07-13 21:04:41 - INFO - [_internal.py:97] - 127.0.0.1 - - [13/Jul/2025 21:04:41] "GET /health HTTP/1.1" 200 -
2025-07-13 21:04:41 - INFO - [_internal.py:97] - 127.0.0.1 - - [13/Jul/2025 21:04:41] "GET /health HTTP/1.1" 200 -
2025-07-13 21:05:11 - INFO - [server.py:73] - æ”¶åˆ°è¯·æ±‚: {
  "method": "GET",
  "url": "http://localhost:9000/health",
  "remote_addr": "127.0.0.1",
  "user_agent": "Mozilla/5.0 (Windows NT 10.0; Win64; x64) AppleWebKit/537.36 (KHTML, like Gecko) Chrome/138.0.0.0 Safari/537.36 Edg/138.0.0.0",
  "timestamp": "2025-07-13T21:05:11.185540"
}
2025-07-13 21:05:11 - INFO - [server.py:73] - æ”¶åˆ°è¯·æ±‚: {
  "method": "GET",
  "url": "http://localhost:9000/health",
  "remote_addr": "127.0.0.1",
  "user_agent": "Mozilla/5.0 (Windows NT 10.0; Win64; x64) AppleWebKit/537.36 (KHTML, like Gecko) Chrome/138.0.0.0 Safari/537.36 Edg/138.0.0.0",
  "timestamp": "2025-07-13T21:05:11.185540"
}
2025-07-13 21:05:11 - INFO - [server.py:92] - å‘é€å“åº”: {
  "status_code": 200,
  "content_length": 37,
  "content_type": "application/json",
  "timestamp": "2025-07-13T21:05:11.186348",
  "response_body": "{\"device\":\"cuda\",\"status\":\"healthy\"}\n"
}
2025-07-13 21:05:11 - INFO - [server.py:92] - å‘é€å“åº”: {
  "status_code": 200,
  "content_length": 37,
  "content_type": "application/json",
  "timestamp": "2025-07-13T21:05:11.186348",
  "response_body": "{\"device\":\"cuda\",\"status\":\"healthy\"}\n"
}
2025-07-13 21:05:11 - INFO - [_internal.py:97] - 127.0.0.1 - - [13/Jul/2025 21:05:11] "GET /health HTTP/1.1" 200 -
2025-07-13 21:05:11 - INFO - [_internal.py:97] - 127.0.0.1 - - [13/Jul/2025 21:05:11] "GET /health HTTP/1.1" 200 -
2025-07-13 21:05:41 - INFO - [server.py:73] - æ”¶åˆ°è¯·æ±‚: {
  "method": "GET",
  "url": "http://localhost:9000/health",
  "remote_addr": "127.0.0.1",
  "user_agent": "Mozilla/5.0 (Windows NT 10.0; Win64; x64) AppleWebKit/537.36 (KHTML, like Gecko) Chrome/138.0.0.0 Safari/537.36 Edg/138.0.0.0",
  "timestamp": "2025-07-13T21:05:41.228107"
}
2025-07-13 21:05:41 - INFO - [server.py:73] - æ”¶åˆ°è¯·æ±‚: {
  "method": "GET",
  "url": "http://localhost:9000/health",
  "remote_addr": "127.0.0.1",
  "user_agent": "Mozilla/5.0 (Windows NT 10.0; Win64; x64) AppleWebKit/537.36 (KHTML, like Gecko) Chrome/138.0.0.0 Safari/537.36 Edg/138.0.0.0",
  "timestamp": "2025-07-13T21:05:41.228107"
}
2025-07-13 21:05:41 - INFO - [server.py:92] - å‘é€å“åº”: {
  "status_code": 200,
  "content_length": 37,
  "content_type": "application/json",
  "timestamp": "2025-07-13T21:05:41.228916",
  "response_body": "{\"device\":\"cuda\",\"status\":\"healthy\"}\n"
}
2025-07-13 21:05:41 - INFO - [server.py:92] - å‘é€å“åº”: {
  "status_code": 200,
  "content_length": 37,
  "content_type": "application/json",
  "timestamp": "2025-07-13T21:05:41.228916",
  "response_body": "{\"device\":\"cuda\",\"status\":\"healthy\"}\n"
}
2025-07-13 21:05:41 - INFO - [_internal.py:97] - 127.0.0.1 - - [13/Jul/2025 21:05:41] "GET /health HTTP/1.1" 200 -
2025-07-13 21:05:41 - INFO - [_internal.py:97] - 127.0.0.1 - - [13/Jul/2025 21:05:41] "GET /health HTTP/1.1" 200 -
2025-07-13 21:06:11 - INFO - [server.py:73] - æ”¶åˆ°è¯·æ±‚: {
  "method": "GET",
  "url": "http://localhost:9000/health",
  "remote_addr": "127.0.0.1",
  "user_agent": "Mozilla/5.0 (Windows NT 10.0; Win64; x64) AppleWebKit/537.36 (KHTML, like Gecko) Chrome/138.0.0.0 Safari/537.36 Edg/138.0.0.0",
  "timestamp": "2025-07-13T21:06:11.181475"
}
2025-07-13 21:06:11 - INFO - [server.py:73] - æ”¶åˆ°è¯·æ±‚: {
  "method": "GET",
  "url": "http://localhost:9000/health",
  "remote_addr": "127.0.0.1",
  "user_agent": "Mozilla/5.0 (Windows NT 10.0; Win64; x64) AppleWebKit/537.36 (KHTML, like Gecko) Chrome/138.0.0.0 Safari/537.36 Edg/138.0.0.0",
  "timestamp": "2025-07-13T21:06:11.181475"
}
2025-07-13 21:06:11 - INFO - [server.py:92] - å‘é€å“åº”: {
  "status_code": 200,
  "content_length": 37,
  "content_type": "application/json",
  "timestamp": "2025-07-13T21:06:11.182297",
  "response_body": "{\"device\":\"cuda\",\"status\":\"healthy\"}\n"
}
2025-07-13 21:06:11 - INFO - [server.py:92] - å‘é€å“åº”: {
  "status_code": 200,
  "content_length": 37,
  "content_type": "application/json",
  "timestamp": "2025-07-13T21:06:11.182297",
  "response_body": "{\"device\":\"cuda\",\"status\":\"healthy\"}\n"
}
2025-07-13 21:06:11 - INFO - [_internal.py:97] - 127.0.0.1 - - [13/Jul/2025 21:06:11] "GET /health HTTP/1.1" 200 -
2025-07-13 21:06:11 - INFO - [_internal.py:97] - 127.0.0.1 - - [13/Jul/2025 21:06:11] "GET /health HTTP/1.1" 200 -
