=== LLaDA åç«¯æœåŠ¡æ—¥å¿— ===
å¯åŠ¨æ—¶é—´: Sun Jul 13 20:43:04 CST 2025
æ—¥å¿—ä¼šè¯: 20250713_204259
Pythonç‰ˆæœ¬: Python 3.12.3
å·¥ä½œç›®å½•: /root/LLaDA-main/lldm
è®¾å¤‡æ£€æµ‹: CUDAå¯ç”¨: True
==========================

2025-07-13 20:43:07 - INFO - [server.py:97] - åˆå§‹åŒ–è®¾å¤‡: cuda
2025-07-13 20:43:07 - INFO - [server.py:97] - åˆå§‹åŒ–è®¾å¤‡: cuda
2025-07-13 20:43:07 - INFO - [server.py:104] - GPUæ€»å†…å­˜: 23.5GB
2025-07-13 20:43:07 - INFO - [server.py:104] - GPUæ€»å†…å­˜: 23.5GB
2025-07-13 20:43:07 - INFO - [server.py:107] - å¼€å§‹åŠ è½½tokenizer...
2025-07-13 20:43:07 - INFO - [server.py:107] - å¼€å§‹åŠ è½½tokenizer...
2025-07-13 20:43:07 - INFO - [server.py:109] - TokenizeråŠ è½½æˆåŠŸ
2025-07-13 20:43:07 - INFO - [server.py:109] - TokenizeråŠ è½½æˆåŠŸ
2025-07-13 20:43:07 - INFO - [server.py:111] - å¼€å§‹åŠ è½½æ¨¡å‹...
2025-07-13 20:43:07 - INFO - [server.py:111] - å¼€å§‹åŠ è½½æ¨¡å‹...
2025-07-13 20:43:08 - INFO - [modeling.py:991] - We will use 90% of the memory on device 0 for storing the model, and 10% for the buffer to avoid OOM. You can set `max_memory` in to a higher value to use more memory (at your own risk).
2025-07-13 20:43:08 - INFO - [modeling.py:991] - We will use 90% of the memory on device 0 for storing the model, and 10% for the buffer to avoid OOM. You can set `max_memory` in to a higher value to use more memory (at your own risk).
2025-07-13 20:43:08 - WARNING - [modeling.py:1114] - The model weights are not tied. Please use the `tie_weights` method before using the `infer_auto_device` function.
2025-07-13 20:43:08 - WARNING - [modeling.py:1114] - The model weights are not tied. Please use the `tie_weights` method before using the `infer_auto_device` function.
Loading checkpoint shards:   0%|          | 0/6 [00:00<?, ?it/s]Loading checkpoint shards:  17%|â–ˆâ–‹        | 1/6 [00:00<00:02,  1.97it/s]Loading checkpoint shards:  33%|â–ˆâ–ˆâ–ˆâ–      | 2/6 [00:01<00:02,  1.70it/s]Loading checkpoint shards:  50%|â–ˆâ–ˆâ–ˆâ–ˆâ–ˆ     | 3/6 [00:01<00:02,  1.47it/s]Loading checkpoint shards:  67%|â–ˆâ–ˆâ–ˆâ–ˆâ–ˆâ–ˆâ–‹   | 4/6 [00:02<00:01,  1.43it/s]Loading checkpoint shards:  83%|â–ˆâ–ˆâ–ˆâ–ˆâ–ˆâ–ˆâ–ˆâ–ˆâ– | 5/6 [00:03<00:00,  1.38it/s]Loading checkpoint shards: 100%|â–ˆâ–ˆâ–ˆâ–ˆâ–ˆâ–ˆâ–ˆâ–ˆâ–ˆâ–ˆ| 6/6 [00:04<00:00,  1.49it/s]Loading checkpoint shards: 100%|â–ˆâ–ˆâ–ˆâ–ˆâ–ˆâ–ˆâ–ˆâ–ˆâ–ˆâ–ˆ| 6/6 [00:04<00:00,  1.50it/s]
2025-07-13 20:43:12 - INFO - [server.py:129] - æ¨¡å‹åŠ è½½æˆåŠŸï¼Œè®¾å¤‡: cuda
2025-07-13 20:43:12 - INFO - [server.py:129] - æ¨¡å‹åŠ è½½æˆåŠŸï¼Œè®¾å¤‡: cuda
2025-07-13 20:43:12 - INFO - [server.py:132] - GPUå·²åˆ†é…å†…å­˜: 14.9GB
2025-07-13 20:43:12 - INFO - [server.py:132] - GPUå·²åˆ†é…å†…å­˜: 14.9GB
 * Serving Flask app 'server'
 * Debug mode: off
2025-07-13 20:43:12 - INFO - [_internal.py:97] - [31m[1mWARNING: This is a development server. Do not use it in a production deployment. Use a production WSGI server instead.[0m
 * Running on all addresses (0.0.0.0)
 * Running on http://127.0.0.1:9000
 * Running on http://172.17.0.3:9000
2025-07-13 20:43:12 - INFO - [_internal.py:97] - [31m[1mWARNING: This is a development server. Do not use it in a production deployment. Use a production WSGI server instead.[0m
 * Running on all addresses (0.0.0.0)
 * Running on http://127.0.0.1:9000
 * Running on http://172.17.0.3:9000
2025-07-13 20:43:12 - INFO - [_internal.py:97] - [33mPress CTRL+C to quit[0m
2025-07-13 20:43:12 - INFO - [_internal.py:97] - [33mPress CTRL+C to quit[0m
2025-07-13 20:43:12 - INFO - [server.py:73] - æ”¶åˆ°è¯·æ±‚: {
  "method": "GET",
  "url": "http://localhost:9000/health",
  "remote_addr": "127.0.0.1",
  "user_agent": "curl/7.81.0",
  "timestamp": "2025-07-13T20:43:12.787030"
}
2025-07-13 20:43:12 - INFO - [server.py:73] - æ”¶åˆ°è¯·æ±‚: {
  "method": "GET",
  "url": "http://localhost:9000/health",
  "remote_addr": "127.0.0.1",
  "user_agent": "curl/7.81.0",
  "timestamp": "2025-07-13T20:43:12.787030"
}
2025-07-13 20:43:12 - INFO - [server.py:92] - å‘é€å“åº”: {
  "status_code": 200,
  "content_length": 37,
  "content_type": "application/json",
  "timestamp": "2025-07-13T20:43:12.788124",
  "response_body": "{\"device\":\"cuda\",\"status\":\"healthy\"}\n"
}
2025-07-13 20:43:12 - INFO - [server.py:92] - å‘é€å“åº”: {
  "status_code": 200,
  "content_length": 37,
  "content_type": "application/json",
  "timestamp": "2025-07-13T20:43:12.788124",
  "response_body": "{\"device\":\"cuda\",\"status\":\"healthy\"}\n"
}
2025-07-13 20:43:12 - INFO - [_internal.py:97] - 127.0.0.1 - - [13/Jul/2025 20:43:12] "GET /health HTTP/1.1" 200 -
2025-07-13 20:43:12 - INFO - [_internal.py:97] - 127.0.0.1 - - [13/Jul/2025 20:43:12] "GET /health HTTP/1.1" 200 -
2025-07-13 20:43:18 - INFO - [server.py:73] - æ”¶åˆ°è¯·æ±‚: {
  "method": "GET",
  "url": "http://localhost:9000/health",
  "remote_addr": "127.0.0.1",
  "user_agent": "python-requests/2.31.0",
  "timestamp": "2025-07-13T20:43:18.721040"
}
2025-07-13 20:43:18 - INFO - [server.py:73] - æ”¶åˆ°è¯·æ±‚: {
  "method": "GET",
  "url": "http://localhost:9000/health",
  "remote_addr": "127.0.0.1",
  "user_agent": "python-requests/2.31.0",
  "timestamp": "2025-07-13T20:43:18.721040"
}
2025-07-13 20:43:18 - INFO - [server.py:92] - å‘é€å“åº”: {
  "status_code": 200,
  "content_length": 37,
  "content_type": "application/json",
  "timestamp": "2025-07-13T20:43:18.721453",
  "response_body": "{\"device\":\"cuda\",\"status\":\"healthy\"}\n"
}
2025-07-13 20:43:18 - INFO - [server.py:92] - å‘é€å“åº”: {
  "status_code": 200,
  "content_length": 37,
  "content_type": "application/json",
  "timestamp": "2025-07-13T20:43:18.721453",
  "response_body": "{\"device\":\"cuda\",\"status\":\"healthy\"}\n"
}
2025-07-13 20:43:18 - INFO - [_internal.py:97] - 127.0.0.1 - - [13/Jul/2025 20:43:18] "GET /health HTTP/1.1" 200 -
2025-07-13 20:43:18 - INFO - [_internal.py:97] - 127.0.0.1 - - [13/Jul/2025 20:43:18] "GET /health HTTP/1.1" 200 -
2025-07-13 20:43:19 - INFO - [server.py:73] - æ”¶åˆ°è¯·æ±‚: {
  "method": "POST",
  "url": "http://localhost:9000/generate",
  "remote_addr": "127.0.0.1",
  "user_agent": "python-requests/2.31.0",
  "timestamp": "2025-07-13T20:43:19.724859",
  "json_data": {
    "messages": [
      {
        "role": "user",
        "content": "ä½ å¥½"
      }
    ],
    "settings": {
      "gen_length": 16,
      "steps": 8,
      "temperature": 0.0,
      "cfg_scale": 0.0
    }
  }
}
2025-07-13 20:43:19 - INFO - [server.py:73] - æ”¶åˆ°è¯·æ±‚: {
  "method": "POST",
  "url": "http://localhost:9000/generate",
  "remote_addr": "127.0.0.1",
  "user_agent": "python-requests/2.31.0",
  "timestamp": "2025-07-13T20:43:19.724859",
  "json_data": {
    "messages": [
      {
        "role": "user",
        "content": "ä½ å¥½"
      }
    ],
    "settings": {
      "gen_length": 16,
      "steps": 8,
      "temperature": 0.0,
      "cfg_scale": 0.0
    }
  }
}
2025-07-13 20:43:19 - INFO - [server.py:443] - [req_1752410599725] æ”¶åˆ°ç”Ÿæˆè¯·æ±‚
2025-07-13 20:43:19 - INFO - [server.py:443] - [req_1752410599725] æ”¶åˆ°ç”Ÿæˆè¯·æ±‚
2025-07-13 20:43:19 - INFO - [server.py:451] - [req_1752410599725] è¯·æ±‚æ•°æ®è¯¦æƒ…:
2025-07-13 20:43:19 - INFO - [server.py:451] - [req_1752410599725] è¯·æ±‚æ•°æ®è¯¦æƒ…:
2025-07-13 20:43:19 - INFO - [server.py:452] - [req_1752410599725] - æ¶ˆæ¯æ•°é‡: 1
2025-07-13 20:43:19 - INFO - [server.py:452] - [req_1752410599725] - æ¶ˆæ¯æ•°é‡: 1
2025-07-13 20:43:19 - INFO - [server.py:453] - [req_1752410599725] - è®¾ç½®å‚æ•°: {
  "gen_length": 16,
  "steps": 8,
  "temperature": 0.0,
  "cfg_scale": 0.0
}
2025-07-13 20:43:19 - INFO - [server.py:453] - [req_1752410599725] - è®¾ç½®å‚æ•°: {
  "gen_length": 16,
  "steps": 8,
  "temperature": 0.0,
  "cfg_scale": 0.0
}
2025-07-13 20:43:19 - DEBUG - [server.py:454] - [req_1752410599725] - å®Œæ•´æ¶ˆæ¯åˆ—è¡¨: [
  {
    "role": "user",
    "content": "ä½ å¥½"
  }
]
2025-07-13 20:43:19 - INFO - [server.py:465] - [req_1752410599725] å¼€å§‹ç”Ÿæˆå“åº”...
2025-07-13 20:43:19 - INFO - [server.py:465] - [req_1752410599725] å¼€å§‹ç”Ÿæˆå“åº”...
2025-07-13 20:43:19 - INFO - [server.py:201] - ============================================================
2025-07-13 20:43:19 - INFO - [server.py:201] - ============================================================
2025-07-13 20:43:19 - INFO - [server.py:202] - å¼€å§‹ç”Ÿæˆå“åº”
2025-07-13 20:43:19 - INFO - [server.py:202] - å¼€å§‹ç”Ÿæˆå“åº”
2025-07-13 20:43:19 - INFO - [server.py:203] - è¾“å…¥æ¶ˆæ¯æ•°é‡: 1
2025-07-13 20:43:19 - INFO - [server.py:203] - è¾“å…¥æ¶ˆæ¯æ•°é‡: 1
2025-07-13 20:43:19 - INFO - [server.py:205] - æ¶ˆæ¯ 1: è§’è‰²=user, å†…å®¹é•¿åº¦=2
2025-07-13 20:43:19 - INFO - [server.py:205] - æ¶ˆæ¯ 1: è§’è‰²=user, å†…å®¹é•¿åº¦=2
2025-07-13 20:43:19 - DEBUG - [server.py:206] - æ¶ˆæ¯ 1 å†…å®¹: ä½ å¥½
2025-07-13 20:43:19 - INFO - [server.py:208] - è®¾ç½®å‚æ•°: {
  "gen_length": 16,
  "steps": 8,
  "temperature": 0.0,
  "cfg_scale": 0.0
}
2025-07-13 20:43:19 - INFO - [server.py:208] - è®¾ç½®å‚æ•°: {
  "gen_length": 16,
  "steps": 8,
  "temperature": 0.0,
  "cfg_scale": 0.0
}
2025-07-13 20:43:19 - INFO - [server.py:220] - è§£æåçš„çº¦æŸ: {}
2025-07-13 20:43:19 - INFO - [server.py:220] - è§£æåçš„çº¦æŸ: {}
2025-07-13 20:43:19 - INFO - [server.py:225] - ç”Ÿæˆå‰GPUå†…å­˜ä½¿ç”¨: 14.93GB
2025-07-13 20:43:19 - INFO - [server.py:225] - ç”Ÿæˆå‰GPUå†…å­˜ä½¿ç”¨: 14.93GB
2025-07-13 20:43:19 - INFO - [server.py:228] - å‡†å¤‡è¾“å…¥prompt...
2025-07-13 20:43:19 - INFO - [server.py:228] - å‡†å¤‡è¾“å…¥prompt...
2025-07-13 20:43:19 - DEBUG - [server.py:230] - æ ¼å¼åŒ–åçš„chatè¾“å…¥: <|startoftext|><|start_header_id|>user<|end_header_id|>

ä½ å¥½<|eot_id|><|start_header_id|>assistant<|end_header_id|>


2025-07-13 20:43:19 - INFO - [server.py:234] - è¾“å…¥tokenæ•°é‡: 14
2025-07-13 20:43:19 - INFO - [server.py:234] - è¾“å…¥tokenæ•°é‡: 14
2025-07-13 20:43:19 - INFO - [server.py:241] - åºåˆ—æ€»é•¿åº¦: 30, prompté•¿åº¦: 14, ç”Ÿæˆé•¿åº¦: 16
2025-07-13 20:43:19 - INFO - [server.py:241] - åºåˆ—æ€»é•¿åº¦: 30, prompté•¿åº¦: 14, ç”Ÿæˆé•¿åº¦: 16
2025-07-13 20:43:19 - INFO - [server.py:250] - åº”ç”¨çº¦æŸæ•°é‡: 0
2025-07-13 20:43:19 - INFO - [server.py:250] - åº”ç”¨çº¦æŸæ•°é‡: 0
2025-07-13 20:43:19 - INFO - [server.py:270] - å—å¤„ç†é…ç½®: å—é•¿åº¦=16, å—æ•°é‡=1, æ¯å—æ­¥æ•°=8
2025-07-13 20:43:19 - INFO - [server.py:270] - å—å¤„ç†é…ç½®: å—é•¿åº¦=16, å—æ•°é‡=1, æ¯å—æ­¥æ•°=8
2025-07-13 20:43:19 - INFO - [server.py:274] - å¤„ç†ç¬¬ 1/1 å—...
2025-07-13 20:43:19 - INFO - [server.py:274] - å¤„ç†ç¬¬ 1/1 å—...
2025-07-13 20:43:19 - DEBUG - [server.py:289] - å— 1, æ­¥éª¤ 1/8
2025-07-13 20:43:20 - DEBUG - [server.py:289] - å— 1, æ­¥éª¤ 2/8
2025-07-13 20:43:20 - DEBUG - [server.py:289] - å— 1, æ­¥éª¤ 3/8
2025-07-13 20:43:20 - DEBUG - [server.py:289] - å— 1, æ­¥éª¤ 4/8
2025-07-13 20:43:20 - DEBUG - [server.py:289] - å— 1, æ­¥éª¤ 5/8
2025-07-13 20:43:20 - DEBUG - [server.py:289] - å— 1, æ­¥éª¤ 6/8
2025-07-13 20:43:20 - DEBUG - [server.py:289] - å— 1, æ­¥éª¤ 7/8
2025-07-13 20:43:20 - DEBUG - [server.py:289] - å— 1, æ­¥éª¤ 8/8
2025-07-13 20:43:20 - INFO - [server.py:395] - ç”ŸæˆåGPUå†…å­˜ä½¿ç”¨: 15.36GB
2025-07-13 20:43:20 - INFO - [server.py:395] - ç”ŸæˆåGPUå†…å­˜ä½¿ç”¨: 15.36GB
2025-07-13 20:43:20 - INFO - [server.py:397] - ç”Ÿæˆå®Œæˆ!
2025-07-13 20:43:20 - INFO - [server.py:397] - ç”Ÿæˆå®Œæˆ!
2025-07-13 20:43:20 - INFO - [server.py:398] - å“åº”æ–‡æœ¬é•¿åº¦: 17
2025-07-13 20:43:20 - INFO - [server.py:398] - å“åº”æ–‡æœ¬é•¿åº¦: 17
2025-07-13 20:43:20 - INFO - [server.py:399] - å¯è§†åŒ–æ­¥éª¤æ•°: 9
2025-07-13 20:43:20 - INFO - [server.py:399] - å¯è§†åŒ–æ­¥éª¤æ•°: 9
2025-07-13 20:43:20 - INFO - [server.py:400] - ç”Ÿæˆè€—æ—¶: 0.83ç§’
2025-07-13 20:43:20 - INFO - [server.py:400] - ç”Ÿæˆè€—æ—¶: 0.83ç§’
2025-07-13 20:43:20 - DEBUG - [server.py:401] - ç”Ÿæˆçš„å“åº”æ–‡æœ¬: ä½ å¥½ï¼æœ‰ä»€ä¹ˆæˆ‘å¯ä»¥å¯ä»¥å¸®åŠ©ä½ çš„å—ï¼Ÿ
2025-07-13 20:43:20 - INFO - [server.py:402] - ============================================================
2025-07-13 20:43:20 - INFO - [server.py:402] - ============================================================
2025-07-13 20:43:20 - INFO - [server.py:474] - [req_1752410599725] ç”ŸæˆæˆåŠŸ!
2025-07-13 20:43:20 - INFO - [server.py:474] - [req_1752410599725] ç”ŸæˆæˆåŠŸ!
2025-07-13 20:43:20 - INFO - [server.py:475] - [req_1752410599725] å“åº”é•¿åº¦: 17
2025-07-13 20:43:20 - INFO - [server.py:475] - [req_1752410599725] å“åº”é•¿åº¦: 17
2025-07-13 20:43:20 - INFO - [server.py:476] - [req_1752410599725] å¯è§†åŒ–æ­¥éª¤: 9
2025-07-13 20:43:20 - INFO - [server.py:476] - [req_1752410599725] å¯è§†åŒ–æ­¥éª¤: 9
2025-07-13 20:43:20 - INFO - [server.py:477] - [req_1752410599725] æ€»è€—æ—¶: 0.83ç§’
2025-07-13 20:43:20 - INFO - [server.py:477] - [req_1752410599725] æ€»è€—æ—¶: 0.83ç§’
2025-07-13 20:43:20 - DEBUG - [server.py:478] - [req_1752410599725] å“åº”æ–‡æœ¬: ä½ å¥½ï¼æœ‰ä»€ä¹ˆæˆ‘å¯ä»¥å¯ä»¥å¸®åŠ©ä½ çš„å—ï¼Ÿ
2025-07-13 20:43:20 - INFO - [server.py:92] - å‘é€å“åº”: {
  "status_code": 200,
  "content_length": 3111,
  "content_type": "application/json",
  "timestamp": "2025-07-13T20:43:20.558363"
}
2025-07-13 20:43:20 - INFO - [server.py:92] - å‘é€å“åº”: {
  "status_code": 200,
  "content_length": 3111,
  "content_type": "application/json",
  "timestamp": "2025-07-13T20:43:20.558363"
}
2025-07-13 20:43:20 - INFO - [_internal.py:97] - 127.0.0.1 - - [13/Jul/2025 20:43:20] "POST /generate HTTP/1.1" 200 -
2025-07-13 20:43:20 - INFO - [_internal.py:97] - 127.0.0.1 - - [13/Jul/2025 20:43:20] "POST /generate HTTP/1.1" 200 -
2025-07-13 20:43:21 - INFO - [server.py:73] - æ”¶åˆ°è¯·æ±‚: {
  "method": "POST",
  "url": "http://localhost:9000/generate",
  "remote_addr": "127.0.0.1",
  "user_agent": "python-requests/2.31.0",
  "timestamp": "2025-07-13T20:43:21.564577",
  "json_data": {
    "messages": [
      {
        "role": "user",
        "content": "ä»Šå¤©å¤©æ°”æ€ä¹ˆæ ·ï¼Ÿ"
      }
    ],
    "settings": {
      "gen_length": 12,
      "steps": 6,
      "temperature": 0.0,
      "constraints": "0:ä»Šå¤©, 2:å¤©æ°”, 4:å¾ˆå¥½"
    }
  }
}
2025-07-13 20:43:21 - INFO - [server.py:73] - æ”¶åˆ°è¯·æ±‚: {
  "method": "POST",
  "url": "http://localhost:9000/generate",
  "remote_addr": "127.0.0.1",
  "user_agent": "python-requests/2.31.0",
  "timestamp": "2025-07-13T20:43:21.564577",
  "json_data": {
    "messages": [
      {
        "role": "user",
        "content": "ä»Šå¤©å¤©æ°”æ€ä¹ˆæ ·ï¼Ÿ"
      }
    ],
    "settings": {
      "gen_length": 12,
      "steps": 6,
      "temperature": 0.0,
      "constraints": "0:ä»Šå¤©, 2:å¤©æ°”, 4:å¾ˆå¥½"
    }
  }
}
2025-07-13 20:43:21 - INFO - [server.py:443] - [req_1752410601565] æ”¶åˆ°ç”Ÿæˆè¯·æ±‚
2025-07-13 20:43:21 - INFO - [server.py:443] - [req_1752410601565] æ”¶åˆ°ç”Ÿæˆè¯·æ±‚
2025-07-13 20:43:21 - INFO - [server.py:451] - [req_1752410601565] è¯·æ±‚æ•°æ®è¯¦æƒ…:
2025-07-13 20:43:21 - INFO - [server.py:451] - [req_1752410601565] è¯·æ±‚æ•°æ®è¯¦æƒ…:
2025-07-13 20:43:21 - INFO - [server.py:452] - [req_1752410601565] - æ¶ˆæ¯æ•°é‡: 1
2025-07-13 20:43:21 - INFO - [server.py:452] - [req_1752410601565] - æ¶ˆæ¯æ•°é‡: 1
2025-07-13 20:43:21 - INFO - [server.py:453] - [req_1752410601565] - è®¾ç½®å‚æ•°: {
  "gen_length": 12,
  "steps": 6,
  "temperature": 0.0,
  "constraints": "0:ä»Šå¤©, 2:å¤©æ°”, 4:å¾ˆå¥½"
}
2025-07-13 20:43:21 - INFO - [server.py:453] - [req_1752410601565] - è®¾ç½®å‚æ•°: {
  "gen_length": 12,
  "steps": 6,
  "temperature": 0.0,
  "constraints": "0:ä»Šå¤©, 2:å¤©æ°”, 4:å¾ˆå¥½"
}
2025-07-13 20:43:21 - DEBUG - [server.py:454] - [req_1752410601565] - å®Œæ•´æ¶ˆæ¯åˆ—è¡¨: [
  {
    "role": "user",
    "content": "ä»Šå¤©å¤©æ°”æ€ä¹ˆæ ·ï¼Ÿ"
  }
]
2025-07-13 20:43:21 - INFO - [server.py:465] - [req_1752410601565] å¼€å§‹ç”Ÿæˆå“åº”...
2025-07-13 20:43:21 - INFO - [server.py:465] - [req_1752410601565] å¼€å§‹ç”Ÿæˆå“åº”...
2025-07-13 20:43:21 - INFO - [server.py:201] - ============================================================
2025-07-13 20:43:21 - INFO - [server.py:201] - ============================================================
2025-07-13 20:43:21 - INFO - [server.py:202] - å¼€å§‹ç”Ÿæˆå“åº”
2025-07-13 20:43:21 - INFO - [server.py:202] - å¼€å§‹ç”Ÿæˆå“åº”
2025-07-13 20:43:21 - INFO - [server.py:203] - è¾“å…¥æ¶ˆæ¯æ•°é‡: 1
2025-07-13 20:43:21 - INFO - [server.py:203] - è¾“å…¥æ¶ˆæ¯æ•°é‡: 1
2025-07-13 20:43:21 - INFO - [server.py:205] - æ¶ˆæ¯ 1: è§’è‰²=user, å†…å®¹é•¿åº¦=8
2025-07-13 20:43:21 - INFO - [server.py:205] - æ¶ˆæ¯ 1: è§’è‰²=user, å†…å®¹é•¿åº¦=8
2025-07-13 20:43:21 - DEBUG - [server.py:206] - æ¶ˆæ¯ 1 å†…å®¹: ä»Šå¤©å¤©æ°”æ€ä¹ˆæ ·ï¼Ÿ
2025-07-13 20:43:21 - INFO - [server.py:208] - è®¾ç½®å‚æ•°: {
  "gen_length": 12,
  "steps": 6,
  "temperature": 0.0,
  "constraints": "0:ä»Šå¤©, 2:å¤©æ°”, 4:å¾ˆå¥½"
}
2025-07-13 20:43:21 - INFO - [server.py:208] - è®¾ç½®å‚æ•°: {
  "gen_length": 12,
  "steps": 6,
  "temperature": 0.0,
  "constraints": "0:ä»Šå¤©, 2:å¤©æ°”, 4:å¾ˆå¥½"
}
2025-07-13 20:43:21 - INFO - [server.py:220] - è§£æåçš„çº¦æŸ: {0: 'ä»Šå¤©', 2: 'å¤©æ°”', 4: 'å¾ˆå¥½'}
2025-07-13 20:43:21 - INFO - [server.py:220] - è§£æåçš„çº¦æŸ: {0: 'ä»Šå¤©', 2: 'å¤©æ°”', 4: 'å¾ˆå¥½'}
2025-07-13 20:43:21 - INFO - [server.py:225] - ç”Ÿæˆå‰GPUå†…å­˜ä½¿ç”¨: 14.94GB
2025-07-13 20:43:21 - INFO - [server.py:225] - ç”Ÿæˆå‰GPUå†…å­˜ä½¿ç”¨: 14.94GB
2025-07-13 20:43:21 - INFO - [server.py:228] - å‡†å¤‡è¾“å…¥prompt...
2025-07-13 20:43:21 - INFO - [server.py:228] - å‡†å¤‡è¾“å…¥prompt...
2025-07-13 20:43:21 - DEBUG - [server.py:230] - æ ¼å¼åŒ–åçš„chatè¾“å…¥: <|startoftext|><|start_header_id|>user<|end_header_id|>

ä»Šå¤©å¤©æ°”æ€ä¹ˆæ ·ï¼Ÿ<|eot_id|><|start_header_id|>assistant<|end_header_id|>


2025-07-13 20:43:21 - INFO - [server.py:234] - è¾“å…¥tokenæ•°é‡: 17
2025-07-13 20:43:21 - INFO - [server.py:234] - è¾“å…¥tokenæ•°é‡: 17
2025-07-13 20:43:21 - INFO - [server.py:241] - åºåˆ—æ€»é•¿åº¦: 29, prompté•¿åº¦: 17, ç”Ÿæˆé•¿åº¦: 12
2025-07-13 20:43:21 - INFO - [server.py:241] - åºåˆ—æ€»é•¿åº¦: 29, prompté•¿åº¦: 17, ç”Ÿæˆé•¿åº¦: 12
2025-07-13 20:43:21 - INFO - [server.py:250] - åº”ç”¨çº¦æŸæ•°é‡: 5
2025-07-13 20:43:21 - INFO - [server.py:250] - åº”ç”¨çº¦æŸæ•°é‡: 5
2025-07-13 20:43:21 - DEBUG - [server.py:255] - çº¦æŸä½ç½® 0 (ç»å¯¹ä½ç½® 17): token_id=34808
2025-07-13 20:43:21 - DEBUG - [server.py:255] - çº¦æŸä½ç½® 2 (ç»å¯¹ä½ç½® 19): token_id=220
2025-07-13 20:43:21 - DEBUG - [server.py:255] - çº¦æŸä½ç½® 3 (ç»å¯¹ä½ç½® 20): token_id=13092
2025-07-13 20:43:21 - DEBUG - [server.py:255] - çº¦æŸä½ç½® 4 (ç»å¯¹ä½ç½® 21): token_id=220
2025-07-13 20:43:21 - DEBUG - [server.py:255] - çº¦æŸä½ç½® 5 (ç»å¯¹ä½ç½® 22): token_id=9052
2025-07-13 20:43:21 - INFO - [server.py:270] - å—å¤„ç†é…ç½®: å—é•¿åº¦=12, å—æ•°é‡=1, æ¯å—æ­¥æ•°=6
2025-07-13 20:43:21 - INFO - [server.py:270] - å—å¤„ç†é…ç½®: å—é•¿åº¦=12, å—æ•°é‡=1, æ¯å—æ­¥æ•°=6
2025-07-13 20:43:21 - INFO - [server.py:274] - å¤„ç†ç¬¬ 1/1 å—...
2025-07-13 20:43:21 - INFO - [server.py:274] - å¤„ç†ç¬¬ 1/1 å—...
2025-07-13 20:43:21 - DEBUG - [server.py:289] - å— 1, æ­¥éª¤ 1/6
2025-07-13 20:43:21 - DEBUG - [server.py:289] - å— 1, æ­¥éª¤ 2/6
2025-07-13 20:43:21 - DEBUG - [server.py:289] - å— 1, æ­¥éª¤ 3/6
2025-07-13 20:43:21 - DEBUG - [server.py:289] - å— 1, æ­¥éª¤ 4/6
2025-07-13 20:43:21 - DEBUG - [server.py:289] - å— 1, æ­¥éª¤ 5/6
2025-07-13 20:43:21 - DEBUG - [server.py:289] - å— 1, æ­¥éª¤ 6/6
2025-07-13 20:43:21 - INFO - [server.py:395] - ç”ŸæˆåGPUå†…å­˜ä½¿ç”¨: 15.35GB
2025-07-13 20:43:21 - INFO - [server.py:395] - ç”ŸæˆåGPUå†…å­˜ä½¿ç”¨: 15.35GB
2025-07-13 20:43:21 - INFO - [server.py:397] - ç”Ÿæˆå®Œæˆ!
2025-07-13 20:43:21 - INFO - [server.py:397] - ç”Ÿæˆå®Œæˆ!
2025-07-13 20:43:21 - INFO - [server.py:398] - å“åº”æ–‡æœ¬é•¿åº¦: 22
2025-07-13 20:43:21 - INFO - [server.py:398] - å“åº”æ–‡æœ¬é•¿åº¦: 22
2025-07-13 20:43:21 - INFO - [server.py:399] - å¯è§†åŒ–æ­¥éª¤æ•°: 7
2025-07-13 20:43:21 - INFO - [server.py:399] - å¯è§†åŒ–æ­¥éª¤æ•°: 7
2025-07-13 20:43:21 - INFO - [server.py:400] - ç”Ÿæˆè€—æ—¶: 0.33ç§’
2025-07-13 20:43:21 - INFO - [server.py:400] - ç”Ÿæˆè€—æ—¶: 0.33ç§’
2025-07-13 20:43:21 - DEBUG - [server.py:401] - ç”Ÿæˆçš„å“åº”æ–‡æœ¬:  ä»Šå¤© çš„ å¤©æ°” å¾ˆå¥½ï¼Œé˜³å…‰æ˜åªšï¼Œæ°”æ¸©é€‚å®œã€‚
2025-07-13 20:43:21 - INFO - [server.py:402] - ============================================================
2025-07-13 20:43:21 - INFO - [server.py:402] - ============================================================
2025-07-13 20:43:21 - INFO - [server.py:474] - [req_1752410601565] ç”ŸæˆæˆåŠŸ!
2025-07-13 20:43:21 - INFO - [server.py:474] - [req_1752410601565] ç”ŸæˆæˆåŠŸ!
2025-07-13 20:43:21 - INFO - [server.py:475] - [req_1752410601565] å“åº”é•¿åº¦: 22
2025-07-13 20:43:21 - INFO - [server.py:475] - [req_1752410601565] å“åº”é•¿åº¦: 22
2025-07-13 20:43:21 - INFO - [server.py:476] - [req_1752410601565] å¯è§†åŒ–æ­¥éª¤: 7
2025-07-13 20:43:21 - INFO - [server.py:476] - [req_1752410601565] å¯è§†åŒ–æ­¥éª¤: 7
2025-07-13 20:43:21 - INFO - [server.py:477] - [req_1752410601565] æ€»è€—æ—¶: 0.33ç§’
2025-07-13 20:43:21 - INFO - [server.py:477] - [req_1752410601565] æ€»è€—æ—¶: 0.33ç§’
2025-07-13 20:43:21 - DEBUG - [server.py:478] - [req_1752410601565] å“åº”æ–‡æœ¬:  ä»Šå¤© çš„ å¤©æ°” å¾ˆå¥½ï¼Œé˜³å…‰æ˜åªšï¼Œæ°”æ¸©é€‚å®œã€‚
2025-07-13 20:43:21 - INFO - [server.py:92] - å‘é€å“åº”: {
  "status_code": 200,
  "content_length": 2097,
  "content_type": "application/json",
  "timestamp": "2025-07-13T20:43:21.899345"
}
2025-07-13 20:43:21 - INFO - [server.py:92] - å‘é€å“åº”: {
  "status_code": 200,
  "content_length": 2097,
  "content_type": "application/json",
  "timestamp": "2025-07-13T20:43:21.899345"
}
2025-07-13 20:43:21 - INFO - [_internal.py:97] - 127.0.0.1 - - [13/Jul/2025 20:43:21] "POST /generate HTTP/1.1" 200 -
2025-07-13 20:43:21 - INFO - [_internal.py:97] - 127.0.0.1 - - [13/Jul/2025 20:43:21] "POST /generate HTTP/1.1" 200 -
2025-07-13 20:43:41 - INFO - [server.py:73] - æ”¶åˆ°è¯·æ±‚: {
  "method": "GET",
  "url": "http://localhost:9000/health",
  "remote_addr": "127.0.0.1",
  "user_agent": "Mozilla/5.0 (Windows NT 10.0; Win64; x64) AppleWebKit/537.36 (KHTML, like Gecko) Chrome/138.0.0.0 Safari/537.36 Edg/138.0.0.0",
  "timestamp": "2025-07-13T20:43:41.388216"
}
2025-07-13 20:43:41 - INFO - [server.py:73] - æ”¶åˆ°è¯·æ±‚: {
  "method": "GET",
  "url": "http://localhost:9000/health",
  "remote_addr": "127.0.0.1",
  "user_agent": "Mozilla/5.0 (Windows NT 10.0; Win64; x64) AppleWebKit/537.36 (KHTML, like Gecko) Chrome/138.0.0.0 Safari/537.36 Edg/138.0.0.0",
  "timestamp": "2025-07-13T20:43:41.388216"
}
2025-07-13 20:43:41 - INFO - [server.py:92] - å‘é€å“åº”: {
  "status_code": 200,
  "content_length": 37,
  "content_type": "application/json",
  "timestamp": "2025-07-13T20:43:41.389025",
  "response_body": "{\"device\":\"cuda\",\"status\":\"healthy\"}\n"
}
2025-07-13 20:43:41 - INFO - [server.py:92] - å‘é€å“åº”: {
  "status_code": 200,
  "content_length": 37,
  "content_type": "application/json",
  "timestamp": "2025-07-13T20:43:41.389025",
  "response_body": "{\"device\":\"cuda\",\"status\":\"healthy\"}\n"
}
2025-07-13 20:43:41 - INFO - [_internal.py:97] - 127.0.0.1 - - [13/Jul/2025 20:43:41] "GET /health HTTP/1.1" 200 -
2025-07-13 20:43:41 - INFO - [_internal.py:97] - 127.0.0.1 - - [13/Jul/2025 20:43:41] "GET /health HTTP/1.1" 200 -
2025-07-13 20:43:41 - INFO - [server.py:73] - æ”¶åˆ°è¯·æ±‚: {
  "method": "GET",
  "url": "http://localhost:9000/health",
  "remote_addr": "127.0.0.1",
  "user_agent": "Mozilla/5.0 (Windows NT 10.0; Win64; x64) AppleWebKit/537.36 (KHTML, like Gecko) Chrome/138.0.0.0 Safari/537.36 Edg/138.0.0.0",
  "timestamp": "2025-07-13T20:43:41.392217"
}
2025-07-13 20:43:41 - INFO - [server.py:73] - æ”¶åˆ°è¯·æ±‚: {
  "method": "GET",
  "url": "http://localhost:9000/health",
  "remote_addr": "127.0.0.1",
  "user_agent": "Mozilla/5.0 (Windows NT 10.0; Win64; x64) AppleWebKit/537.36 (KHTML, like Gecko) Chrome/138.0.0.0 Safari/537.36 Edg/138.0.0.0",
  "timestamp": "2025-07-13T20:43:41.392217"
}
2025-07-13 20:43:41 - INFO - [server.py:92] - å‘é€å“åº”: {
  "status_code": 200,
  "content_length": 37,
  "content_type": "application/json",
  "timestamp": "2025-07-13T20:43:41.392964",
  "response_body": "{\"device\":\"cuda\",\"status\":\"healthy\"}\n"
}
2025-07-13 20:43:41 - INFO - [server.py:92] - å‘é€å“åº”: {
  "status_code": 200,
  "content_length": 37,
  "content_type": "application/json",
  "timestamp": "2025-07-13T20:43:41.392964",
  "response_body": "{\"device\":\"cuda\",\"status\":\"healthy\"}\n"
}
2025-07-13 20:43:41 - INFO - [_internal.py:97] - 127.0.0.1 - - [13/Jul/2025 20:43:41] "GET /health HTTP/1.1" 200 -
2025-07-13 20:43:41 - INFO - [_internal.py:97] - 127.0.0.1 - - [13/Jul/2025 20:43:41] "GET /health HTTP/1.1" 200 -
2025-07-13 20:43:44 - INFO - [server.py:73] - æ”¶åˆ°è¯·æ±‚: {
  "method": "GET",
  "url": "http://localhost:9000/health",
  "remote_addr": "127.0.0.1",
  "user_agent": "Mozilla/5.0 (Windows NT 10.0; Win64; x64) AppleWebKit/537.36 (KHTML, like Gecko) Chrome/138.0.0.0 Safari/537.36 Edg/138.0.0.0",
  "timestamp": "2025-07-13T20:43:44.634164"
}
2025-07-13 20:43:44 - INFO - [server.py:73] - æ”¶åˆ°è¯·æ±‚: {
  "method": "GET",
  "url": "http://localhost:9000/health",
  "remote_addr": "127.0.0.1",
  "user_agent": "Mozilla/5.0 (Windows NT 10.0; Win64; x64) AppleWebKit/537.36 (KHTML, like Gecko) Chrome/138.0.0.0 Safari/537.36 Edg/138.0.0.0",
  "timestamp": "2025-07-13T20:43:44.634164"
}
2025-07-13 20:43:44 - INFO - [server.py:92] - å‘é€å“åº”: {
  "status_code": 200,
  "content_length": 37,
  "content_type": "application/json",
  "timestamp": "2025-07-13T20:43:44.634948",
  "response_body": "{\"device\":\"cuda\",\"status\":\"healthy\"}\n"
}
2025-07-13 20:43:44 - INFO - [server.py:92] - å‘é€å“åº”: {
  "status_code": 200,
  "content_length": 37,
  "content_type": "application/json",
  "timestamp": "2025-07-13T20:43:44.634948",
  "response_body": "{\"device\":\"cuda\",\"status\":\"healthy\"}\n"
}
2025-07-13 20:43:44 - INFO - [_internal.py:97] - 127.0.0.1 - - [13/Jul/2025 20:43:44] "GET /health HTTP/1.1" 200 -
2025-07-13 20:43:44 - INFO - [_internal.py:97] - 127.0.0.1 - - [13/Jul/2025 20:43:44] "GET /health HTTP/1.1" 200 -
2025-07-13 20:43:54 - INFO - [server.py:73] - æ”¶åˆ°è¯·æ±‚: {
  "method": "GET",
  "url": "http://localhost:9000/health",
  "remote_addr": "127.0.0.1",
  "user_agent": "Mozilla/5.0 (Windows NT 10.0; Win64; x64) AppleWebKit/537.36 (KHTML, like Gecko) Chrome/138.0.0.0 Safari/537.36 Edg/138.0.0.0",
  "timestamp": "2025-07-13T20:43:54.201328"
}
2025-07-13 20:43:54 - INFO - [server.py:73] - æ”¶åˆ°è¯·æ±‚: {
  "method": "GET",
  "url": "http://localhost:9000/health",
  "remote_addr": "127.0.0.1",
  "user_agent": "Mozilla/5.0 (Windows NT 10.0; Win64; x64) AppleWebKit/537.36 (KHTML, like Gecko) Chrome/138.0.0.0 Safari/537.36 Edg/138.0.0.0",
  "timestamp": "2025-07-13T20:43:54.201328"
}
2025-07-13 20:43:54 - INFO - [server.py:92] - å‘é€å“åº”: {
  "status_code": 200,
  "content_length": 37,
  "content_type": "application/json",
  "timestamp": "2025-07-13T20:43:54.201703",
  "response_body": "{\"device\":\"cuda\",\"status\":\"healthy\"}\n"
}
2025-07-13 20:43:54 - INFO - [server.py:92] - å‘é€å“åº”: {
  "status_code": 200,
  "content_length": 37,
  "content_type": "application/json",
  "timestamp": "2025-07-13T20:43:54.201703",
  "response_body": "{\"device\":\"cuda\",\"status\":\"healthy\"}\n"
}
2025-07-13 20:43:54 - INFO - [_internal.py:97] - 127.0.0.1 - - [13/Jul/2025 20:43:54] "GET /health HTTP/1.1" 200 -
2025-07-13 20:43:54 - INFO - [_internal.py:97] - 127.0.0.1 - - [13/Jul/2025 20:43:54] "GET /health HTTP/1.1" 200 -
2025-07-13 20:43:54 - INFO - [server.py:73] - æ”¶åˆ°è¯·æ±‚: {
  "method": "GET",
  "url": "http://localhost:9000/health",
  "remote_addr": "127.0.0.1",
  "user_agent": "Mozilla/5.0 (Windows NT 10.0; Win64; x64) AppleWebKit/537.36 (KHTML, like Gecko) Chrome/138.0.0.0 Safari/537.36 Edg/138.0.0.0",
  "timestamp": "2025-07-13T20:43:54.717925"
}
2025-07-13 20:43:54 - INFO - [server.py:73] - æ”¶åˆ°è¯·æ±‚: {
  "method": "GET",
  "url": "http://localhost:9000/health",
  "remote_addr": "127.0.0.1",
  "user_agent": "Mozilla/5.0 (Windows NT 10.0; Win64; x64) AppleWebKit/537.36 (KHTML, like Gecko) Chrome/138.0.0.0 Safari/537.36 Edg/138.0.0.0",
  "timestamp": "2025-07-13T20:43:54.717925"
}
2025-07-13 20:43:54 - INFO - [server.py:92] - å‘é€å“åº”: {
  "status_code": 200,
  "content_length": 37,
  "content_type": "application/json",
  "timestamp": "2025-07-13T20:43:54.718386",
  "response_body": "{\"device\":\"cuda\",\"status\":\"healthy\"}\n"
}
2025-07-13 20:43:54 - INFO - [server.py:92] - å‘é€å“åº”: {
  "status_code": 200,
  "content_length": 37,
  "content_type": "application/json",
  "timestamp": "2025-07-13T20:43:54.718386",
  "response_body": "{\"device\":\"cuda\",\"status\":\"healthy\"}\n"
}
2025-07-13 20:43:54 - INFO - [_internal.py:97] - 127.0.0.1 - - [13/Jul/2025 20:43:54] "GET /health HTTP/1.1" 200 -
2025-07-13 20:43:54 - INFO - [_internal.py:97] - 127.0.0.1 - - [13/Jul/2025 20:43:54] "GET /health HTTP/1.1" 200 -
2025-07-13 20:44:21 - INFO - [server.py:73] - æ”¶åˆ°è¯·æ±‚: {
  "method": "GET",
  "url": "http://localhost:9000/health",
  "remote_addr": "127.0.0.1",
  "user_agent": "Mozilla/5.0 (Windows NT 10.0; Win64; x64) AppleWebKit/537.36 (KHTML, like Gecko) Chrome/138.0.0.0 Safari/537.36 Edg/138.0.0.0",
  "timestamp": "2025-07-13T20:44:21.467388"
}
2025-07-13 20:44:21 - INFO - [server.py:73] - æ”¶åˆ°è¯·æ±‚: {
  "method": "GET",
  "url": "http://localhost:9000/health",
  "remote_addr": "127.0.0.1",
  "user_agent": "Mozilla/5.0 (Windows NT 10.0; Win64; x64) AppleWebKit/537.36 (KHTML, like Gecko) Chrome/138.0.0.0 Safari/537.36 Edg/138.0.0.0",
  "timestamp": "2025-07-13T20:44:21.467388"
}
2025-07-13 20:44:21 - INFO - [server.py:92] - å‘é€å“åº”: {
  "status_code": 200,
  "content_length": 37,
  "content_type": "application/json",
  "timestamp": "2025-07-13T20:44:21.468220",
  "response_body": "{\"device\":\"cuda\",\"status\":\"healthy\"}\n"
}
2025-07-13 20:44:21 - INFO - [server.py:92] - å‘é€å“åº”: {
  "status_code": 200,
  "content_length": 37,
  "content_type": "application/json",
  "timestamp": "2025-07-13T20:44:21.468220",
  "response_body": "{\"device\":\"cuda\",\"status\":\"healthy\"}\n"
}
2025-07-13 20:44:21 - INFO - [_internal.py:97] - 127.0.0.1 - - [13/Jul/2025 20:44:21] "GET /health HTTP/1.1" 200 -
2025-07-13 20:44:21 - INFO - [_internal.py:97] - 127.0.0.1 - - [13/Jul/2025 20:44:21] "GET /health HTTP/1.1" 200 -
2025-07-13 20:44:34 - INFO - [server.py:97] - åˆå§‹åŒ–è®¾å¤‡: cuda
2025-07-13 20:44:34 - INFO - [server.py:104] - GPUæ€»å†…å­˜: 23.5GB
2025-07-13 20:44:34 - INFO - [server.py:107] - å¼€å§‹åŠ è½½tokenizer...
2025-07-13 20:44:35 - INFO - [server.py:109] - TokenizeråŠ è½½æˆåŠŸ
2025-07-13 20:44:35 - INFO - [server.py:111] - å¼€å§‹åŠ è½½æ¨¡å‹...
2025-07-13 20:44:36 - INFO - [modeling.py:991] - We will use 90% of the memory on device 0 for storing the model, and 10% for the buffer to avoid OOM. You can set `max_memory` in to a higher value to use more memory (at your own risk).
2025-07-13 20:44:36 - WARNING - [modeling.py:1114] - The model weights are not tied. Please use the `tie_weights` method before using the `infer_auto_device` function.
2025-07-13 20:44:37 - WARNING - [big_modeling.py:442] - Some parameters are on the meta device because they were offloaded to the cpu.
2025-07-13 20:44:37 - INFO - [server.py:129] - æ¨¡å‹åŠ è½½æˆåŠŸï¼Œè®¾å¤‡: cuda
2025-07-13 20:44:37 - INFO - [server.py:132] - GPUå·²åˆ†é…å†…å­˜: 5.4GB
2025-07-13 20:44:51 - INFO - [server.py:73] - æ”¶åˆ°è¯·æ±‚: {
  "method": "GET",
  "url": "http://localhost:9000/health",
  "remote_addr": "127.0.0.1",
  "user_agent": "Mozilla/5.0 (Windows NT 10.0; Win64; x64) AppleWebKit/537.36 (KHTML, like Gecko) Chrome/138.0.0.0 Safari/537.36 Edg/138.0.0.0",
  "timestamp": "2025-07-13T20:44:51.368757"
}
2025-07-13 20:44:51 - INFO - [server.py:73] - æ”¶åˆ°è¯·æ±‚: {
  "method": "GET",
  "url": "http://localhost:9000/health",
  "remote_addr": "127.0.0.1",
  "user_agent": "Mozilla/5.0 (Windows NT 10.0; Win64; x64) AppleWebKit/537.36 (KHTML, like Gecko) Chrome/138.0.0.0 Safari/537.36 Edg/138.0.0.0",
  "timestamp": "2025-07-13T20:44:51.368757"
}
2025-07-13 20:44:51 - INFO - [server.py:92] - å‘é€å“åº”: {
  "status_code": 200,
  "content_length": 37,
  "content_type": "application/json",
  "timestamp": "2025-07-13T20:44:51.369283",
  "response_body": "{\"device\":\"cuda\",\"status\":\"healthy\"}\n"
}
2025-07-13 20:44:51 - INFO - [server.py:92] - å‘é€å“åº”: {
  "status_code": 200,
  "content_length": 37,
  "content_type": "application/json",
  "timestamp": "2025-07-13T20:44:51.369283",
  "response_body": "{\"device\":\"cuda\",\"status\":\"healthy\"}\n"
}
2025-07-13 20:44:51 - INFO - [_internal.py:97] - 127.0.0.1 - - [13/Jul/2025 20:44:51] "GET /health HTTP/1.1" 200 -
2025-07-13 20:44:51 - INFO - [_internal.py:97] - 127.0.0.1 - - [13/Jul/2025 20:44:51] "GET /health HTTP/1.1" 200 -
2025-07-13 20:44:55 - INFO - [server.py:73] - æ”¶åˆ°è¯·æ±‚: {
  "method": "GET",
  "url": "http://localhost:9000/health",
  "remote_addr": "127.0.0.1",
  "user_agent": "Mozilla/5.0 (Windows NT 10.0; Win64; x64) AppleWebKit/537.36 (KHTML, like Gecko) Chrome/138.0.0.0 Safari/537.36 Edg/138.0.0.0",
  "timestamp": "2025-07-13T20:44:55.838872"
}
2025-07-13 20:44:55 - INFO - [server.py:73] - æ”¶åˆ°è¯·æ±‚: {
  "method": "GET",
  "url": "http://localhost:9000/health",
  "remote_addr": "127.0.0.1",
  "user_agent": "Mozilla/5.0 (Windows NT 10.0; Win64; x64) AppleWebKit/537.36 (KHTML, like Gecko) Chrome/138.0.0.0 Safari/537.36 Edg/138.0.0.0",
  "timestamp": "2025-07-13T20:44:55.838872"
}
2025-07-13 20:44:55 - INFO - [server.py:92] - å‘é€å“åº”: {
  "status_code": 200,
  "content_length": 37,
  "content_type": "application/json",
  "timestamp": "2025-07-13T20:44:55.839280",
  "response_body": "{\"device\":\"cuda\",\"status\":\"healthy\"}\n"
}
2025-07-13 20:44:55 - INFO - [server.py:92] - å‘é€å“åº”: {
  "status_code": 200,
  "content_length": 37,
  "content_type": "application/json",
  "timestamp": "2025-07-13T20:44:55.839280",
  "response_body": "{\"device\":\"cuda\",\"status\":\"healthy\"}\n"
}
2025-07-13 20:44:55 - INFO - [_internal.py:97] - 127.0.0.1 - - [13/Jul/2025 20:44:55] "GET /health HTTP/1.1" 200 -
2025-07-13 20:44:55 - INFO - [_internal.py:97] - 127.0.0.1 - - [13/Jul/2025 20:44:55] "GET /health HTTP/1.1" 200 -
2025-07-13 20:44:57 - INFO - [server.py:73] - æ”¶åˆ°è¯·æ±‚: {
  "method": "OPTIONS",
  "url": "http://localhost:9000/generate",
  "remote_addr": "127.0.0.1",
  "user_agent": "Mozilla/5.0 (Windows NT 10.0; Win64; x64) AppleWebKit/537.36 (KHTML, like Gecko) Chrome/138.0.0.0 Safari/537.36 Edg/138.0.0.0",
  "timestamp": "2025-07-13T20:44:57.305896"
}
2025-07-13 20:44:57 - INFO - [server.py:73] - æ”¶åˆ°è¯·æ±‚: {
  "method": "OPTIONS",
  "url": "http://localhost:9000/generate",
  "remote_addr": "127.0.0.1",
  "user_agent": "Mozilla/5.0 (Windows NT 10.0; Win64; x64) AppleWebKit/537.36 (KHTML, like Gecko) Chrome/138.0.0.0 Safari/537.36 Edg/138.0.0.0",
  "timestamp": "2025-07-13T20:44:57.305896"
}
2025-07-13 20:44:57 - INFO - [server.py:92] - å‘é€å“åº”: {
  "status_code": 200,
  "content_length": null,
  "content_type": "text/html; charset=utf-8",
  "timestamp": "2025-07-13T20:44:57.306876"
}
2025-07-13 20:44:57 - INFO - [server.py:92] - å‘é€å“åº”: {
  "status_code": 200,
  "content_length": null,
  "content_type": "text/html; charset=utf-8",
  "timestamp": "2025-07-13T20:44:57.306876"
}
2025-07-13 20:44:57 - INFO - [_internal.py:97] - 127.0.0.1 - - [13/Jul/2025 20:44:57] "OPTIONS /generate HTTP/1.1" 200 -
2025-07-13 20:44:57 - INFO - [_internal.py:97] - 127.0.0.1 - - [13/Jul/2025 20:44:57] "OPTIONS /generate HTTP/1.1" 200 -
2025-07-13 20:44:58 - INFO - [server.py:73] - æ”¶åˆ°è¯·æ±‚: {
  "method": "POST",
  "url": "http://localhost:9000/generate",
  "remote_addr": "127.0.0.1",
  "user_agent": "Mozilla/5.0 (Windows NT 10.0; Win64; x64) AppleWebKit/537.36 (KHTML, like Gecko) Chrome/138.0.0.0 Safari/537.36 Edg/138.0.0.0",
  "timestamp": "2025-07-13T20:44:58.032420",
  "json_data": {
    "messages": [
      {
        "role": "user",
        "content": "ä½ å¥½å—"
      }
    ],
    "settings": {
      "temperature": 0.7,
      "top_p": 0.95,
      "gen_length": 50,
      "num_beams": 4,
      "steps": 32,
      "cfg_scale": 1,
      "constraints": ""
    }
  }
}
2025-07-13 20:44:58 - INFO - [server.py:73] - æ”¶åˆ°è¯·æ±‚: {
  "method": "POST",
  "url": "http://localhost:9000/generate",
  "remote_addr": "127.0.0.1",
  "user_agent": "Mozilla/5.0 (Windows NT 10.0; Win64; x64) AppleWebKit/537.36 (KHTML, like Gecko) Chrome/138.0.0.0 Safari/537.36 Edg/138.0.0.0",
  "timestamp": "2025-07-13T20:44:58.032420",
  "json_data": {
    "messages": [
      {
        "role": "user",
        "content": "ä½ å¥½å—"
      }
    ],
    "settings": {
      "temperature": 0.7,
      "top_p": 0.95,
      "gen_length": 50,
      "num_beams": 4,
      "steps": 32,
      "cfg_scale": 1,
      "constraints": ""
    }
  }
}
2025-07-13 20:44:58 - INFO - [server.py:443] - [req_1752410698032] æ”¶åˆ°ç”Ÿæˆè¯·æ±‚
2025-07-13 20:44:58 - INFO - [server.py:443] - [req_1752410698032] æ”¶åˆ°ç”Ÿæˆè¯·æ±‚
2025-07-13 20:44:58 - INFO - [server.py:451] - [req_1752410698032] è¯·æ±‚æ•°æ®è¯¦æƒ…:
2025-07-13 20:44:58 - INFO - [server.py:451] - [req_1752410698032] è¯·æ±‚æ•°æ®è¯¦æƒ…:
2025-07-13 20:44:58 - INFO - [server.py:452] - [req_1752410698032] - æ¶ˆæ¯æ•°é‡: 1
2025-07-13 20:44:58 - INFO - [server.py:452] - [req_1752410698032] - æ¶ˆæ¯æ•°é‡: 1
2025-07-13 20:44:58 - INFO - [server.py:453] - [req_1752410698032] - è®¾ç½®å‚æ•°: {
  "temperature": 0.7,
  "top_p": 0.95,
  "gen_length": 50,
  "num_beams": 4,
  "steps": 32,
  "cfg_scale": 1,
  "constraints": ""
}
2025-07-13 20:44:58 - INFO - [server.py:453] - [req_1752410698032] - è®¾ç½®å‚æ•°: {
  "temperature": 0.7,
  "top_p": 0.95,
  "gen_length": 50,
  "num_beams": 4,
  "steps": 32,
  "cfg_scale": 1,
  "constraints": ""
}
2025-07-13 20:44:58 - DEBUG - [server.py:454] - [req_1752410698032] - å®Œæ•´æ¶ˆæ¯åˆ—è¡¨: [
  {
    "role": "user",
    "content": "ä½ å¥½å—"
  }
]
2025-07-13 20:44:58 - INFO - [server.py:465] - [req_1752410698032] å¼€å§‹ç”Ÿæˆå“åº”...
2025-07-13 20:44:58 - INFO - [server.py:465] - [req_1752410698032] å¼€å§‹ç”Ÿæˆå“åº”...
2025-07-13 20:44:58 - INFO - [server.py:201] - ============================================================
2025-07-13 20:44:58 - INFO - [server.py:201] - ============================================================
2025-07-13 20:44:58 - INFO - [server.py:202] - å¼€å§‹ç”Ÿæˆå“åº”
2025-07-13 20:44:58 - INFO - [server.py:202] - å¼€å§‹ç”Ÿæˆå“åº”
2025-07-13 20:44:58 - INFO - [server.py:203] - è¾“å…¥æ¶ˆæ¯æ•°é‡: 1
2025-07-13 20:44:58 - INFO - [server.py:203] - è¾“å…¥æ¶ˆæ¯æ•°é‡: 1
2025-07-13 20:44:58 - INFO - [server.py:205] - æ¶ˆæ¯ 1: è§’è‰²=user, å†…å®¹é•¿åº¦=3
2025-07-13 20:44:58 - INFO - [server.py:205] - æ¶ˆæ¯ 1: è§’è‰²=user, å†…å®¹é•¿åº¦=3
2025-07-13 20:44:58 - DEBUG - [server.py:206] - æ¶ˆæ¯ 1 å†…å®¹: ä½ å¥½å—
2025-07-13 20:44:58 - INFO - [server.py:208] - è®¾ç½®å‚æ•°: {
  "temperature": 0.7,
  "top_p": 0.95,
  "gen_length": 50,
  "num_beams": 4,
  "steps": 32,
  "cfg_scale": 1,
  "constraints": ""
}
2025-07-13 20:44:58 - INFO - [server.py:208] - è®¾ç½®å‚æ•°: {
  "temperature": 0.7,
  "top_p": 0.95,
  "gen_length": 50,
  "num_beams": 4,
  "steps": 32,
  "cfg_scale": 1,
  "constraints": ""
}
2025-07-13 20:44:58 - INFO - [server.py:220] - è§£æåçš„çº¦æŸ: {}
2025-07-13 20:44:58 - INFO - [server.py:220] - è§£æåçš„çº¦æŸ: {}
2025-07-13 20:44:58 - INFO - [server.py:225] - ç”Ÿæˆå‰GPUå†…å­˜ä½¿ç”¨: 14.94GB
2025-07-13 20:44:58 - INFO - [server.py:225] - ç”Ÿæˆå‰GPUå†…å­˜ä½¿ç”¨: 14.94GB
2025-07-13 20:44:58 - INFO - [server.py:228] - å‡†å¤‡è¾“å…¥prompt...
2025-07-13 20:44:58 - INFO - [server.py:228] - å‡†å¤‡è¾“å…¥prompt...
2025-07-13 20:44:58 - DEBUG - [server.py:230] - æ ¼å¼åŒ–åçš„chatè¾“å…¥: <|startoftext|><|start_header_id|>user<|end_header_id|>

ä½ å¥½å—<|eot_id|><|start_header_id|>assistant<|end_header_id|>


2025-07-13 20:44:58 - INFO - [server.py:234] - è¾“å…¥tokenæ•°é‡: 15
2025-07-13 20:44:58 - INFO - [server.py:234] - è¾“å…¥tokenæ•°é‡: 15
2025-07-13 20:44:58 - INFO - [server.py:241] - åºåˆ—æ€»é•¿åº¦: 65, prompté•¿åº¦: 15, ç”Ÿæˆé•¿åº¦: 50
2025-07-13 20:44:58 - INFO - [server.py:241] - åºåˆ—æ€»é•¿åº¦: 65, prompté•¿åº¦: 15, ç”Ÿæˆé•¿åº¦: 50
2025-07-13 20:44:58 - INFO - [server.py:250] - åº”ç”¨çº¦æŸæ•°é‡: 0
2025-07-13 20:44:58 - INFO - [server.py:250] - åº”ç”¨çº¦æŸæ•°é‡: 0
2025-07-13 20:44:58 - INFO - [server.py:270] - å—å¤„ç†é…ç½®: å—é•¿åº¦=32, å—æ•°é‡=2, æ¯å—æ­¥æ•°=16
2025-07-13 20:44:58 - INFO - [server.py:270] - å—å¤„ç†é…ç½®: å—é•¿åº¦=32, å—æ•°é‡=2, æ¯å—æ­¥æ•°=16
2025-07-13 20:44:58 - INFO - [server.py:274] - å¤„ç†ç¬¬ 1/2 å—...
2025-07-13 20:44:58 - INFO - [server.py:274] - å¤„ç†ç¬¬ 1/2 å—...
2025-07-13 20:44:58 - DEBUG - [server.py:289] - å— 1, æ­¥éª¤ 1/16
2025-07-13 20:44:58 - DEBUG - [server.py:289] - å— 1, æ­¥éª¤ 2/16
2025-07-13 20:44:58 - DEBUG - [server.py:289] - å— 1, æ­¥éª¤ 3/16
2025-07-13 20:44:58 - DEBUG - [server.py:289] - å— 1, æ­¥éª¤ 4/16
2025-07-13 20:44:58 - DEBUG - [server.py:289] - å— 1, æ­¥éª¤ 5/16
2025-07-13 20:44:58 - DEBUG - [server.py:289] - å— 1, æ­¥éª¤ 6/16
2025-07-13 20:44:58 - DEBUG - [server.py:289] - å— 1, æ­¥éª¤ 7/16
2025-07-13 20:44:58 - DEBUG - [server.py:289] - å— 1, æ­¥éª¤ 8/16
2025-07-13 20:44:58 - DEBUG - [server.py:289] - å— 1, æ­¥éª¤ 9/16
2025-07-13 20:44:58 - DEBUG - [server.py:289] - å— 1, æ­¥éª¤ 10/16
2025-07-13 20:44:58 - DEBUG - [server.py:289] - å— 1, æ­¥éª¤ 11/16
2025-07-13 20:44:58 - DEBUG - [server.py:289] - å— 1, æ­¥éª¤ 12/16
2025-07-13 20:44:58 - DEBUG - [server.py:289] - å— 1, æ­¥éª¤ 13/16
2025-07-13 20:44:58 - DEBUG - [server.py:289] - å— 1, æ­¥éª¤ 14/16
2025-07-13 20:44:58 - DEBUG - [server.py:289] - å— 1, æ­¥éª¤ 15/16
2025-07-13 20:44:58 - DEBUG - [server.py:289] - å— 1, æ­¥éª¤ 16/16
2025-07-13 20:44:58 - INFO - [server.py:274] - å¤„ç†ç¬¬ 2/2 å—...
2025-07-13 20:44:58 - INFO - [server.py:274] - å¤„ç†ç¬¬ 2/2 å—...
2025-07-13 20:44:58 - DEBUG - [server.py:289] - å— 2, æ­¥éª¤ 1/16
2025-07-13 20:44:58 - DEBUG - [server.py:289] - å— 2, æ­¥éª¤ 2/16
2025-07-13 20:44:58 - DEBUG - [server.py:289] - å— 2, æ­¥éª¤ 3/16
2025-07-13 20:44:59 - DEBUG - [server.py:289] - å— 2, æ­¥éª¤ 4/16
2025-07-13 20:44:59 - DEBUG - [server.py:289] - å— 2, æ­¥éª¤ 5/16
2025-07-13 20:44:59 - DEBUG - [server.py:289] - å— 2, æ­¥éª¤ 6/16
2025-07-13 20:44:59 - DEBUG - [server.py:289] - å— 2, æ­¥éª¤ 7/16
2025-07-13 20:44:59 - DEBUG - [server.py:289] - å— 2, æ­¥éª¤ 8/16
2025-07-13 20:44:59 - DEBUG - [server.py:289] - å— 2, æ­¥éª¤ 9/16
2025-07-13 20:44:59 - DEBUG - [server.py:289] - å— 2, æ­¥éª¤ 10/16
2025-07-13 20:44:59 - DEBUG - [server.py:289] - å— 2, æ­¥éª¤ 11/16
2025-07-13 20:44:59 - DEBUG - [server.py:289] - å— 2, æ­¥éª¤ 12/16
2025-07-13 20:44:59 - DEBUG - [server.py:289] - å— 2, æ­¥éª¤ 13/16
2025-07-13 20:44:59 - DEBUG - [server.py:289] - å— 2, æ­¥éª¤ 14/16
2025-07-13 20:44:59 - DEBUG - [server.py:289] - å— 2, æ­¥éª¤ 15/16
2025-07-13 20:44:59 - DEBUG - [server.py:289] - å— 2, æ­¥éª¤ 16/16
2025-07-13 20:44:59 - INFO - [server.py:395] - ç”ŸæˆåGPUå†…å­˜ä½¿ç”¨: 16.85GB
2025-07-13 20:44:59 - INFO - [server.py:395] - ç”ŸæˆåGPUå†…å­˜ä½¿ç”¨: 16.85GB
2025-07-13 20:44:59 - INFO - [server.py:397] - ç”Ÿæˆå®Œæˆ!
2025-07-13 20:44:59 - INFO - [server.py:397] - ç”Ÿæˆå®Œæˆ!
2025-07-13 20:44:59 - INFO - [server.py:398] - å“åº”æ–‡æœ¬é•¿åº¦: 13
2025-07-13 20:44:59 - INFO - [server.py:398] - å“åº”æ–‡æœ¬é•¿åº¦: 13
2025-07-13 20:44:59 - INFO - [server.py:399] - å¯è§†åŒ–æ­¥éª¤æ•°: 33
2025-07-13 20:44:59 - INFO - [server.py:399] - å¯è§†åŒ–æ­¥éª¤æ•°: 33
2025-07-13 20:44:59 - INFO - [server.py:400] - ç”Ÿæˆè€—æ—¶: 1.56ç§’
2025-07-13 20:44:59 - INFO - [server.py:400] - ç”Ÿæˆè€—æ—¶: 1.56ç§’
2025-07-13 20:44:59 - DEBUG - [server.py:401] - ç”Ÿæˆçš„å“åº”æ–‡æœ¬: ä½ å¥½ï¼æœ‰ä»€ä¹ˆå¯ä»¥å¸®ä½ çš„å—ï¼Ÿ
2025-07-13 20:44:59 - INFO - [server.py:402] - ============================================================
2025-07-13 20:44:59 - INFO - [server.py:402] - ============================================================
2025-07-13 20:44:59 - INFO - [server.py:474] - [req_1752410698032] ç”ŸæˆæˆåŠŸ!
2025-07-13 20:44:59 - INFO - [server.py:474] - [req_1752410698032] ç”ŸæˆæˆåŠŸ!
2025-07-13 20:44:59 - INFO - [server.py:475] - [req_1752410698032] å“åº”é•¿åº¦: 13
2025-07-13 20:44:59 - INFO - [server.py:475] - [req_1752410698032] å“åº”é•¿åº¦: 13
2025-07-13 20:44:59 - INFO - [server.py:476] - [req_1752410698032] å¯è§†åŒ–æ­¥éª¤: 33
2025-07-13 20:44:59 - INFO - [server.py:476] - [req_1752410698032] å¯è§†åŒ–æ­¥éª¤: 33
2025-07-13 20:44:59 - INFO - [server.py:477] - [req_1752410698032] æ€»è€—æ—¶: 1.57ç§’
2025-07-13 20:44:59 - INFO - [server.py:477] - [req_1752410698032] æ€»è€—æ—¶: 1.57ç§’
2025-07-13 20:44:59 - DEBUG - [server.py:478] - [req_1752410698032] å“åº”æ–‡æœ¬: ä½ å¥½ï¼æœ‰ä»€ä¹ˆå¯ä»¥å¸®ä½ çš„å—ï¼Ÿ
2025-07-13 20:44:59 - INFO - [server.py:92] - å‘é€å“åº”: {
  "status_code": 200,
  "content_length": 30824,
  "content_type": "application/json",
  "timestamp": "2025-07-13T20:44:59.602581"
}
2025-07-13 20:44:59 - INFO - [server.py:92] - å‘é€å“åº”: {
  "status_code": 200,
  "content_length": 30824,
  "content_type": "application/json",
  "timestamp": "2025-07-13T20:44:59.602581"
}
2025-07-13 20:44:59 - INFO - [_internal.py:97] - 127.0.0.1 - - [13/Jul/2025 20:44:59] "POST /generate HTTP/1.1" 200 -
2025-07-13 20:44:59 - INFO - [_internal.py:97] - 127.0.0.1 - - [13/Jul/2025 20:44:59] "POST /generate HTTP/1.1" 200 -
2025-07-13 20:45:21 - INFO - [server.py:73] - æ”¶åˆ°è¯·æ±‚: {
  "method": "GET",
  "url": "http://localhost:9000/health",
  "remote_addr": "127.0.0.1",
  "user_agent": "Mozilla/5.0 (Windows NT 10.0; Win64; x64) AppleWebKit/537.36 (KHTML, like Gecko) Chrome/138.0.0.0 Safari/537.36 Edg/138.0.0.0",
  "timestamp": "2025-07-13T20:45:21.363753"
}
2025-07-13 20:45:21 - INFO - [server.py:73] - æ”¶åˆ°è¯·æ±‚: {
  "method": "GET",
  "url": "http://localhost:9000/health",
  "remote_addr": "127.0.0.1",
  "user_agent": "Mozilla/5.0 (Windows NT 10.0; Win64; x64) AppleWebKit/537.36 (KHTML, like Gecko) Chrome/138.0.0.0 Safari/537.36 Edg/138.0.0.0",
  "timestamp": "2025-07-13T20:45:21.363753"
}
2025-07-13 20:45:21 - INFO - [server.py:92] - å‘é€å“åº”: {
  "status_code": 200,
  "content_length": 37,
  "content_type": "application/json",
  "timestamp": "2025-07-13T20:45:21.364269",
  "response_body": "{\"device\":\"cuda\",\"status\":\"healthy\"}\n"
}
2025-07-13 20:45:21 - INFO - [server.py:92] - å‘é€å“åº”: {
  "status_code": 200,
  "content_length": 37,
  "content_type": "application/json",
  "timestamp": "2025-07-13T20:45:21.364269",
  "response_body": "{\"device\":\"cuda\",\"status\":\"healthy\"}\n"
}
2025-07-13 20:45:21 - INFO - [_internal.py:97] - 127.0.0.1 - - [13/Jul/2025 20:45:21] "GET /health HTTP/1.1" 200 -
2025-07-13 20:45:21 - INFO - [_internal.py:97] - 127.0.0.1 - - [13/Jul/2025 20:45:21] "GET /health HTTP/1.1" 200 -
2025-07-13 20:45:27 - INFO - [server.py:73] - æ”¶åˆ°è¯·æ±‚: {
  "method": "POST",
  "url": "http://localhost:9000/generate",
  "remote_addr": "127.0.0.1",
  "user_agent": "curl/7.81.0",
  "timestamp": "2025-07-13T20:45:27.358406",
  "json_data": {
    "messages": [
      {
        "role": "user",
        "content": "ä½ å¥½ï¼Œè¯·ä»‹ç»ä¸€ä¸‹è‡ªå·±"
      }
    ],
    "settings": {
      "gen_length": 32,
      "steps": 16,
      "temperature": 0.0,
      "cfg_scale": 0.0,
      "block_length": 16,
      "remasking": "low_confidence",
      "constraints": ""
    }
  }
}
2025-07-13 20:45:27 - INFO - [server.py:73] - æ”¶åˆ°è¯·æ±‚: {
  "method": "POST",
  "url": "http://localhost:9000/generate",
  "remote_addr": "127.0.0.1",
  "user_agent": "curl/7.81.0",
  "timestamp": "2025-07-13T20:45:27.358406",
  "json_data": {
    "messages": [
      {
        "role": "user",
        "content": "ä½ å¥½ï¼Œè¯·ä»‹ç»ä¸€ä¸‹è‡ªå·±"
      }
    ],
    "settings": {
      "gen_length": 32,
      "steps": 16,
      "temperature": 0.0,
      "cfg_scale": 0.0,
      "block_length": 16,
      "remasking": "low_confidence",
      "constraints": ""
    }
  }
}
2025-07-13 20:45:27 - INFO - [server.py:443] - [req_1752410727358] æ”¶åˆ°ç”Ÿæˆè¯·æ±‚
2025-07-13 20:45:27 - INFO - [server.py:443] - [req_1752410727358] æ”¶åˆ°ç”Ÿæˆè¯·æ±‚
2025-07-13 20:45:27 - INFO - [server.py:451] - [req_1752410727358] è¯·æ±‚æ•°æ®è¯¦æƒ…:
2025-07-13 20:45:27 - INFO - [server.py:451] - [req_1752410727358] è¯·æ±‚æ•°æ®è¯¦æƒ…:
2025-07-13 20:45:27 - INFO - [server.py:452] - [req_1752410727358] - æ¶ˆæ¯æ•°é‡: 1
2025-07-13 20:45:27 - INFO - [server.py:452] - [req_1752410727358] - æ¶ˆæ¯æ•°é‡: 1
2025-07-13 20:45:27 - INFO - [server.py:453] - [req_1752410727358] - è®¾ç½®å‚æ•°: {
  "gen_length": 32,
  "steps": 16,
  "temperature": 0.0,
  "cfg_scale": 0.0,
  "block_length": 16,
  "remasking": "low_confidence",
  "constraints": ""
}
2025-07-13 20:45:27 - INFO - [server.py:453] - [req_1752410727358] - è®¾ç½®å‚æ•°: {
  "gen_length": 32,
  "steps": 16,
  "temperature": 0.0,
  "cfg_scale": 0.0,
  "block_length": 16,
  "remasking": "low_confidence",
  "constraints": ""
}
2025-07-13 20:45:27 - DEBUG - [server.py:454] - [req_1752410727358] - å®Œæ•´æ¶ˆæ¯åˆ—è¡¨: [
  {
    "role": "user",
    "content": "ä½ å¥½ï¼Œè¯·ä»‹ç»ä¸€ä¸‹è‡ªå·±"
  }
]
2025-07-13 20:45:27 - INFO - [server.py:465] - [req_1752410727358] å¼€å§‹ç”Ÿæˆå“åº”...
2025-07-13 20:45:27 - INFO - [server.py:465] - [req_1752410727358] å¼€å§‹ç”Ÿæˆå“åº”...
2025-07-13 20:45:27 - INFO - [server.py:201] - ============================================================
2025-07-13 20:45:27 - INFO - [server.py:201] - ============================================================
2025-07-13 20:45:27 - INFO - [server.py:202] - å¼€å§‹ç”Ÿæˆå“åº”
2025-07-13 20:45:27 - INFO - [server.py:202] - å¼€å§‹ç”Ÿæˆå“åº”
2025-07-13 20:45:27 - INFO - [server.py:203] - è¾“å…¥æ¶ˆæ¯æ•°é‡: 1
2025-07-13 20:45:27 - INFO - [server.py:203] - è¾“å…¥æ¶ˆæ¯æ•°é‡: 1
2025-07-13 20:45:27 - INFO - [server.py:205] - æ¶ˆæ¯ 1: è§’è‰²=user, å†…å®¹é•¿åº¦=10
2025-07-13 20:45:27 - INFO - [server.py:205] - æ¶ˆæ¯ 1: è§’è‰²=user, å†…å®¹é•¿åº¦=10
2025-07-13 20:45:27 - DEBUG - [server.py:206] - æ¶ˆæ¯ 1 å†…å®¹: ä½ å¥½ï¼Œè¯·ä»‹ç»ä¸€ä¸‹è‡ªå·±
2025-07-13 20:45:27 - INFO - [server.py:208] - è®¾ç½®å‚æ•°: {
  "gen_length": 32,
  "steps": 16,
  "temperature": 0.0,
  "cfg_scale": 0.0,
  "block_length": 16,
  "remasking": "low_confidence",
  "constraints": ""
}
2025-07-13 20:45:27 - INFO - [server.py:208] - è®¾ç½®å‚æ•°: {
  "gen_length": 32,
  "steps": 16,
  "temperature": 0.0,
  "cfg_scale": 0.0,
  "block_length": 16,
  "remasking": "low_confidence",
  "constraints": ""
}
2025-07-13 20:45:27 - INFO - [server.py:220] - è§£æåçš„çº¦æŸ: {}
2025-07-13 20:45:27 - INFO - [server.py:220] - è§£æåçš„çº¦æŸ: {}
2025-07-13 20:45:27 - INFO - [server.py:225] - ç”Ÿæˆå‰GPUå†…å­˜ä½¿ç”¨: 14.94GB
2025-07-13 20:45:27 - INFO - [server.py:225] - ç”Ÿæˆå‰GPUå†…å­˜ä½¿ç”¨: 14.94GB
2025-07-13 20:45:27 - INFO - [server.py:228] - å‡†å¤‡è¾“å…¥prompt...
2025-07-13 20:45:27 - INFO - [server.py:228] - å‡†å¤‡è¾“å…¥prompt...
2025-07-13 20:45:27 - DEBUG - [server.py:230] - æ ¼å¼åŒ–åçš„chatè¾“å…¥: <|startoftext|><|start_header_id|>user<|end_header_id|>

ä½ å¥½ï¼Œè¯·ä»‹ç»ä¸€ä¸‹è‡ªå·±<|eot_id|><|start_header_id|>assistant<|end_header_id|>


2025-07-13 20:45:27 - INFO - [server.py:234] - è¾“å…¥tokenæ•°é‡: 17
2025-07-13 20:45:27 - INFO - [server.py:234] - è¾“å…¥tokenæ•°é‡: 17
2025-07-13 20:45:27 - INFO - [server.py:241] - åºåˆ—æ€»é•¿åº¦: 49, prompté•¿åº¦: 17, ç”Ÿæˆé•¿åº¦: 32
2025-07-13 20:45:27 - INFO - [server.py:241] - åºåˆ—æ€»é•¿åº¦: 49, prompté•¿åº¦: 17, ç”Ÿæˆé•¿åº¦: 32
2025-07-13 20:45:27 - INFO - [server.py:250] - åº”ç”¨çº¦æŸæ•°é‡: 0
2025-07-13 20:45:27 - INFO - [server.py:250] - åº”ç”¨çº¦æŸæ•°é‡: 0
2025-07-13 20:45:27 - INFO - [server.py:270] - å—å¤„ç†é…ç½®: å—é•¿åº¦=16, å—æ•°é‡=2, æ¯å—æ­¥æ•°=8
2025-07-13 20:45:27 - INFO - [server.py:270] - å—å¤„ç†é…ç½®: å—é•¿åº¦=16, å—æ•°é‡=2, æ¯å—æ­¥æ•°=8
2025-07-13 20:45:27 - INFO - [server.py:274] - å¤„ç†ç¬¬ 1/2 å—...
2025-07-13 20:45:27 - INFO - [server.py:274] - å¤„ç†ç¬¬ 1/2 å—...
2025-07-13 20:45:27 - DEBUG - [server.py:289] - å— 1, æ­¥éª¤ 1/8
2025-07-13 20:45:27 - DEBUG - [server.py:289] - å— 1, æ­¥éª¤ 2/8
2025-07-13 20:45:27 - DEBUG - [server.py:289] - å— 1, æ­¥éª¤ 3/8
2025-07-13 20:45:27 - DEBUG - [server.py:289] - å— 1, æ­¥éª¤ 4/8
2025-07-13 20:45:27 - DEBUG - [server.py:289] - å— 1, æ­¥éª¤ 5/8
2025-07-13 20:45:27 - DEBUG - [server.py:289] - å— 1, æ­¥éª¤ 6/8
2025-07-13 20:45:27 - DEBUG - [server.py:289] - å— 1, æ­¥éª¤ 7/8
2025-07-13 20:45:27 - DEBUG - [server.py:289] - å— 1, æ­¥éª¤ 8/8
2025-07-13 20:45:27 - INFO - [server.py:274] - å¤„ç†ç¬¬ 2/2 å—...
2025-07-13 20:45:27 - INFO - [server.py:274] - å¤„ç†ç¬¬ 2/2 å—...
2025-07-13 20:45:27 - DEBUG - [server.py:289] - å— 2, æ­¥éª¤ 1/8
2025-07-13 20:45:27 - DEBUG - [server.py:289] - å— 2, æ­¥éª¤ 2/8
2025-07-13 20:45:27 - DEBUG - [server.py:289] - å— 2, æ­¥éª¤ 3/8
2025-07-13 20:45:28 - DEBUG - [server.py:289] - å— 2, æ­¥éª¤ 4/8
2025-07-13 20:45:28 - DEBUG - [server.py:289] - å— 2, æ­¥éª¤ 5/8
2025-07-13 20:45:28 - DEBUG - [server.py:289] - å— 2, æ­¥éª¤ 6/8
2025-07-13 20:45:28 - DEBUG - [server.py:289] - å— 2, æ­¥éª¤ 7/8
2025-07-13 20:45:28 - DEBUG - [server.py:289] - å— 2, æ­¥éª¤ 8/8
2025-07-13 20:45:28 - INFO - [server.py:395] - ç”ŸæˆåGPUå†…å­˜ä½¿ç”¨: 15.63GB
2025-07-13 20:45:28 - INFO - [server.py:395] - ç”ŸæˆåGPUå†…å­˜ä½¿ç”¨: 15.63GB
2025-07-13 20:45:28 - INFO - [server.py:397] - ç”Ÿæˆå®Œæˆ!
2025-07-13 20:45:28 - INFO - [server.py:397] - ç”Ÿæˆå®Œæˆ!
2025-07-13 20:45:28 - INFO - [server.py:398] - å“åº”æ–‡æœ¬é•¿åº¦: 45
2025-07-13 20:45:28 - INFO - [server.py:398] - å“åº”æ–‡æœ¬é•¿åº¦: 45
2025-07-13 20:45:28 - INFO - [server.py:399] - å¯è§†åŒ–æ­¥éª¤æ•°: 17
2025-07-13 20:45:28 - INFO - [server.py:399] - å¯è§†åŒ–æ­¥éª¤æ•°: 17
2025-07-13 20:45:28 - INFO - [server.py:400] - ç”Ÿæˆè€—æ—¶: 0.94ç§’
2025-07-13 20:45:28 - INFO - [server.py:400] - ç”Ÿæˆè€—æ—¶: 0.94ç§’
2025-07-13 20:45:28 - DEBUG - [server.py:401] - ç”Ÿæˆçš„å“åº”æ–‡æœ¬: ä½ å¥½ï¼Œæˆ‘æ˜¯ç™¾çµï¼Œä¸€ä¸ªèš‚èšé›†å›¢ç ”å‘çš„è¯­è¨€æ¨¡å‹ã€‚æˆ‘çš„å¯ä»¥å›ç­”å›ç­”å„ç§é—®é¢˜ï¼Œæœ‰ä»€ä¹ˆéœ€è¦å¸®å¿™çš„å—ï¼Ÿ
2025-07-13 20:45:28 - INFO - [server.py:402] - ============================================================
2025-07-13 20:45:28 - INFO - [server.py:402] - ============================================================
2025-07-13 20:45:28 - INFO - [server.py:474] - [req_1752410727358] ç”ŸæˆæˆåŠŸ!
2025-07-13 20:45:28 - INFO - [server.py:474] - [req_1752410727358] ç”ŸæˆæˆåŠŸ!
2025-07-13 20:45:28 - INFO - [server.py:475] - [req_1752410727358] å“åº”é•¿åº¦: 45
2025-07-13 20:45:28 - INFO - [server.py:475] - [req_1752410727358] å“åº”é•¿åº¦: 45
2025-07-13 20:45:28 - INFO - [server.py:476] - [req_1752410727358] å¯è§†åŒ–æ­¥éª¤: 17
2025-07-13 20:45:28 - INFO - [server.py:476] - [req_1752410727358] å¯è§†åŒ–æ­¥éª¤: 17
2025-07-13 20:45:28 - INFO - [server.py:477] - [req_1752410727358] æ€»è€—æ—¶: 0.94ç§’
2025-07-13 20:45:28 - INFO - [server.py:477] - [req_1752410727358] æ€»è€—æ—¶: 0.94ç§’
2025-07-13 20:45:28 - DEBUG - [server.py:478] - [req_1752410727358] å“åº”æ–‡æœ¬: ä½ å¥½ï¼Œæˆ‘æ˜¯ç™¾çµï¼Œä¸€ä¸ªèš‚èšé›†å›¢ç ”å‘çš„è¯­è¨€æ¨¡å‹ã€‚æˆ‘çš„å¯ä»¥å›ç­”å›ç­”å„ç§é—®é¢˜ï¼Œæœ‰ä»€ä¹ˆéœ€è¦å¸®å¿™çš„å—ï¼Ÿ
2025-07-13 20:45:28 - INFO - [server.py:92] - å‘é€å“åº”: {
  "status_code": 200,
  "content_length": 12835,
  "content_type": "application/json",
  "timestamp": "2025-07-13T20:45:28.299384"
}
2025-07-13 20:45:28 - INFO - [server.py:92] - å‘é€å“åº”: {
  "status_code": 200,
  "content_length": 12835,
  "content_type": "application/json",
  "timestamp": "2025-07-13T20:45:28.299384"
}
2025-07-13 20:45:28 - INFO - [_internal.py:97] - 127.0.0.1 - - [13/Jul/2025 20:45:28] "POST /generate HTTP/1.1" 200 -
2025-07-13 20:45:28 - INFO - [_internal.py:97] - 127.0.0.1 - - [13/Jul/2025 20:45:28] "POST /generate HTTP/1.1" 200 -
2025-07-13 20:45:35 - INFO - [server.py:73] - æ”¶åˆ°è¯·æ±‚: {
  "method": "OPTIONS",
  "url": "http://localhost:9000/generate",
  "remote_addr": "127.0.0.1",
  "user_agent": "Mozilla/5.0 (Windows NT 10.0; Win64; x64) AppleWebKit/537.36 (KHTML, like Gecko) Chrome/138.0.0.0 Safari/537.36 Edg/138.0.0.0",
  "timestamp": "2025-07-13T20:45:35.662843"
}
2025-07-13 20:45:35 - INFO - [server.py:73] - æ”¶åˆ°è¯·æ±‚: {
  "method": "OPTIONS",
  "url": "http://localhost:9000/generate",
  "remote_addr": "127.0.0.1",
  "user_agent": "Mozilla/5.0 (Windows NT 10.0; Win64; x64) AppleWebKit/537.36 (KHTML, like Gecko) Chrome/138.0.0.0 Safari/537.36 Edg/138.0.0.0",
  "timestamp": "2025-07-13T20:45:35.662843"
}
2025-07-13 20:45:35 - INFO - [server.py:92] - å‘é€å“åº”: {
  "status_code": 200,
  "content_length": null,
  "content_type": "text/html; charset=utf-8",
  "timestamp": "2025-07-13T20:45:35.664129"
}
2025-07-13 20:45:35 - INFO - [server.py:92] - å‘é€å“åº”: {
  "status_code": 200,
  "content_length": null,
  "content_type": "text/html; charset=utf-8",
  "timestamp": "2025-07-13T20:45:35.664129"
}
2025-07-13 20:45:35 - INFO - [_internal.py:97] - 127.0.0.1 - - [13/Jul/2025 20:45:35] "OPTIONS /generate HTTP/1.1" 200 -
2025-07-13 20:45:35 - INFO - [_internal.py:97] - 127.0.0.1 - - [13/Jul/2025 20:45:35] "OPTIONS /generate HTTP/1.1" 200 -
2025-07-13 20:45:36 - INFO - [server.py:73] - æ”¶åˆ°è¯·æ±‚: {
  "method": "POST",
  "url": "http://localhost:9000/generate",
  "remote_addr": "127.0.0.1",
  "user_agent": "Mozilla/5.0 (Windows NT 10.0; Win64; x64) AppleWebKit/537.36 (KHTML, like Gecko) Chrome/138.0.0.0 Safari/537.36 Edg/138.0.0.0",
  "timestamp": "2025-07-13T20:45:36.118729",
  "json_data": {
    "messages": [
      {
        "role": "user",
        "content": "ä½ å¥½å—"
      },
      {
        "role": "assistant",
        "content": "ä½ å¥½ï¼æœ‰ä»€ä¹ˆå¯ä»¥å¸®ä½ çš„å—ï¼Ÿ"
      },
      {
        "role": "user",
        "content": "ä½ å¥½å—"
      }
    ],
    "settings": {
      "temperature": 0.7,
      "top_p": 0.95,
      "gen_length": 50,
      "num_beams": 4,
      "steps": 32,
      "cfg_scale": 1,
      "constraints": ""
    }
  }
}
2025-07-13 20:45:36 - INFO - [server.py:73] - æ”¶åˆ°è¯·æ±‚: {
  "method": "POST",
  "url": "http://localhost:9000/generate",
  "remote_addr": "127.0.0.1",
  "user_agent": "Mozilla/5.0 (Windows NT 10.0; Win64; x64) AppleWebKit/537.36 (KHTML, like Gecko) Chrome/138.0.0.0 Safari/537.36 Edg/138.0.0.0",
  "timestamp": "2025-07-13T20:45:36.118729",
  "json_data": {
    "messages": [
      {
        "role": "user",
        "content": "ä½ å¥½å—"
      },
      {
        "role": "assistant",
        "content": "ä½ å¥½ï¼æœ‰ä»€ä¹ˆå¯ä»¥å¸®ä½ çš„å—ï¼Ÿ"
      },
      {
        "role": "user",
        "content": "ä½ å¥½å—"
      }
    ],
    "settings": {
      "temperature": 0.7,
      "top_p": 0.95,
      "gen_length": 50,
      "num_beams": 4,
      "steps": 32,
      "cfg_scale": 1,
      "constraints": ""
    }
  }
}
2025-07-13 20:45:36 - INFO - [server.py:443] - [req_1752410736119] æ”¶åˆ°ç”Ÿæˆè¯·æ±‚
2025-07-13 20:45:36 - INFO - [server.py:443] - [req_1752410736119] æ”¶åˆ°ç”Ÿæˆè¯·æ±‚
2025-07-13 20:45:36 - INFO - [server.py:451] - [req_1752410736119] è¯·æ±‚æ•°æ®è¯¦æƒ…:
2025-07-13 20:45:36 - INFO - [server.py:451] - [req_1752410736119] è¯·æ±‚æ•°æ®è¯¦æƒ…:
2025-07-13 20:45:36 - INFO - [server.py:452] - [req_1752410736119] - æ¶ˆæ¯æ•°é‡: 3
2025-07-13 20:45:36 - INFO - [server.py:452] - [req_1752410736119] - æ¶ˆæ¯æ•°é‡: 3
2025-07-13 20:45:36 - INFO - [server.py:453] - [req_1752410736119] - è®¾ç½®å‚æ•°: {
  "temperature": 0.7,
  "top_p": 0.95,
  "gen_length": 50,
  "num_beams": 4,
  "steps": 32,
  "cfg_scale": 1,
  "constraints": ""
}
2025-07-13 20:45:36 - INFO - [server.py:453] - [req_1752410736119] - è®¾ç½®å‚æ•°: {
  "temperature": 0.7,
  "top_p": 0.95,
  "gen_length": 50,
  "num_beams": 4,
  "steps": 32,
  "cfg_scale": 1,
  "constraints": ""
}
2025-07-13 20:45:36 - DEBUG - [server.py:454] - [req_1752410736119] - å®Œæ•´æ¶ˆæ¯åˆ—è¡¨: [
  {
    "role": "user",
    "content": "ä½ å¥½å—"
  },
  {
    "role": "assistant",
    "content": "ä½ å¥½ï¼æœ‰ä»€ä¹ˆå¯ä»¥å¸®ä½ çš„å—ï¼Ÿ"
  },
  {
    "role": "user",
    "content": "ä½ å¥½å—"
  }
]
2025-07-13 20:45:36 - INFO - [server.py:465] - [req_1752410736119] å¼€å§‹ç”Ÿæˆå“åº”...
2025-07-13 20:45:36 - INFO - [server.py:465] - [req_1752410736119] å¼€å§‹ç”Ÿæˆå“åº”...
2025-07-13 20:45:36 - INFO - [server.py:201] - ============================================================
2025-07-13 20:45:36 - INFO - [server.py:201] - ============================================================
2025-07-13 20:45:36 - INFO - [server.py:202] - å¼€å§‹ç”Ÿæˆå“åº”
2025-07-13 20:45:36 - INFO - [server.py:202] - å¼€å§‹ç”Ÿæˆå“åº”
2025-07-13 20:45:36 - INFO - [server.py:203] - è¾“å…¥æ¶ˆæ¯æ•°é‡: 3
2025-07-13 20:45:36 - INFO - [server.py:203] - è¾“å…¥æ¶ˆæ¯æ•°é‡: 3
2025-07-13 20:45:36 - INFO - [server.py:205] - æ¶ˆæ¯ 1: è§’è‰²=user, å†…å®¹é•¿åº¦=3
2025-07-13 20:45:36 - INFO - [server.py:205] - æ¶ˆæ¯ 1: è§’è‰²=user, å†…å®¹é•¿åº¦=3
2025-07-13 20:45:36 - DEBUG - [server.py:206] - æ¶ˆæ¯ 1 å†…å®¹: ä½ å¥½å—
2025-07-13 20:45:36 - INFO - [server.py:205] - æ¶ˆæ¯ 2: è§’è‰²=assistant, å†…å®¹é•¿åº¦=13
2025-07-13 20:45:36 - INFO - [server.py:205] - æ¶ˆæ¯ 2: è§’è‰²=assistant, å†…å®¹é•¿åº¦=13
2025-07-13 20:45:36 - DEBUG - [server.py:206] - æ¶ˆæ¯ 2 å†…å®¹: ä½ å¥½ï¼æœ‰ä»€ä¹ˆå¯ä»¥å¸®ä½ çš„å—ï¼Ÿ
2025-07-13 20:45:36 - INFO - [server.py:205] - æ¶ˆæ¯ 3: è§’è‰²=user, å†…å®¹é•¿åº¦=3
2025-07-13 20:45:36 - INFO - [server.py:205] - æ¶ˆæ¯ 3: è§’è‰²=user, å†…å®¹é•¿åº¦=3
2025-07-13 20:45:36 - DEBUG - [server.py:206] - æ¶ˆæ¯ 3 å†…å®¹: ä½ å¥½å—
2025-07-13 20:45:36 - INFO - [server.py:208] - è®¾ç½®å‚æ•°: {
  "temperature": 0.7,
  "top_p": 0.95,
  "gen_length": 50,
  "num_beams": 4,
  "steps": 32,
  "cfg_scale": 1,
  "constraints": ""
}
2025-07-13 20:45:36 - INFO - [server.py:208] - è®¾ç½®å‚æ•°: {
  "temperature": 0.7,
  "top_p": 0.95,
  "gen_length": 50,
  "num_beams": 4,
  "steps": 32,
  "cfg_scale": 1,
  "constraints": ""
}
2025-07-13 20:45:36 - INFO - [server.py:220] - è§£æåçš„çº¦æŸ: {}
2025-07-13 20:45:36 - INFO - [server.py:220] - è§£æåçš„çº¦æŸ: {}
2025-07-13 20:45:36 - INFO - [server.py:225] - ç”Ÿæˆå‰GPUå†…å­˜ä½¿ç”¨: 14.94GB
2025-07-13 20:45:36 - INFO - [server.py:225] - ç”Ÿæˆå‰GPUå†…å­˜ä½¿ç”¨: 14.94GB
2025-07-13 20:45:36 - INFO - [server.py:228] - å‡†å¤‡è¾“å…¥prompt...
2025-07-13 20:45:36 - INFO - [server.py:228] - å‡†å¤‡è¾“å…¥prompt...
2025-07-13 20:45:36 - DEBUG - [server.py:230] - æ ¼å¼åŒ–åçš„chatè¾“å…¥: <|startoftext|><|start_header_id|>user<|end_header_id|>

ä½ å¥½å—<|eot_id|><|start_header_id|>assistant<|end_header_id|>

ä½ å¥½ï¼æœ‰ä»€ä¹ˆå¯ä»¥å¸®ä½ çš„å—ï¼Ÿ<|eot_id|><|start_header_id|>user<|end_header_id|>

ä½ å¥½å—<|eot_id|><|start_header_id|>assistant<|end_header_id|>


2025-07-13 20:45:36 - INFO - [server.py:234] - è¾“å…¥tokenæ•°é‡: 38
2025-07-13 20:45:36 - INFO - [server.py:234] - è¾“å…¥tokenæ•°é‡: 38
2025-07-13 20:45:36 - INFO - [server.py:241] - åºåˆ—æ€»é•¿åº¦: 88, prompté•¿åº¦: 38, ç”Ÿæˆé•¿åº¦: 50
2025-07-13 20:45:36 - INFO - [server.py:241] - åºåˆ—æ€»é•¿åº¦: 88, prompté•¿åº¦: 38, ç”Ÿæˆé•¿åº¦: 50
2025-07-13 20:45:36 - INFO - [server.py:250] - åº”ç”¨çº¦æŸæ•°é‡: 0
2025-07-13 20:45:36 - INFO - [server.py:250] - åº”ç”¨çº¦æŸæ•°é‡: 0
2025-07-13 20:45:36 - INFO - [server.py:270] - å—å¤„ç†é…ç½®: å—é•¿åº¦=32, å—æ•°é‡=2, æ¯å—æ­¥æ•°=16
2025-07-13 20:45:36 - INFO - [server.py:270] - å—å¤„ç†é…ç½®: å—é•¿åº¦=32, å—æ•°é‡=2, æ¯å—æ­¥æ•°=16
2025-07-13 20:45:36 - INFO - [server.py:274] - å¤„ç†ç¬¬ 1/2 å—...
2025-07-13 20:45:36 - INFO - [server.py:274] - å¤„ç†ç¬¬ 1/2 å—...
2025-07-13 20:45:36 - DEBUG - [server.py:289] - å— 1, æ­¥éª¤ 1/16
2025-07-13 20:45:36 - DEBUG - [server.py:289] - å— 1, æ­¥éª¤ 2/16
2025-07-13 20:45:36 - DEBUG - [server.py:289] - å— 1, æ­¥éª¤ 3/16
2025-07-13 20:45:36 - DEBUG - [server.py:289] - å— 1, æ­¥éª¤ 4/16
2025-07-13 20:45:36 - DEBUG - [server.py:289] - å— 1, æ­¥éª¤ 5/16
2025-07-13 20:45:36 - DEBUG - [server.py:289] - å— 1, æ­¥éª¤ 6/16
2025-07-13 20:45:36 - DEBUG - [server.py:289] - å— 1, æ­¥éª¤ 7/16
2025-07-13 20:45:36 - DEBUG - [server.py:289] - å— 1, æ­¥éª¤ 8/16
2025-07-13 20:45:36 - DEBUG - [server.py:289] - å— 1, æ­¥éª¤ 9/16
2025-07-13 20:45:36 - DEBUG - [server.py:289] - å— 1, æ­¥éª¤ 10/16
2025-07-13 20:45:36 - DEBUG - [server.py:289] - å— 1, æ­¥éª¤ 11/16
2025-07-13 20:45:36 - DEBUG - [server.py:289] - å— 1, æ­¥éª¤ 12/16
2025-07-13 20:45:36 - DEBUG - [server.py:289] - å— 1, æ­¥éª¤ 13/16
2025-07-13 20:45:36 - DEBUG - [server.py:289] - å— 1, æ­¥éª¤ 14/16
2025-07-13 20:45:37 - DEBUG - [server.py:289] - å— 1, æ­¥éª¤ 15/16
2025-07-13 20:45:37 - DEBUG - [server.py:289] - å— 1, æ­¥éª¤ 16/16
2025-07-13 20:45:37 - INFO - [server.py:274] - å¤„ç†ç¬¬ 2/2 å—...
2025-07-13 20:45:37 - INFO - [server.py:274] - å¤„ç†ç¬¬ 2/2 å—...
2025-07-13 20:45:37 - DEBUG - [server.py:289] - å— 2, æ­¥éª¤ 1/16
2025-07-13 20:45:37 - DEBUG - [server.py:289] - å— 2, æ­¥éª¤ 2/16
2025-07-13 20:45:37 - DEBUG - [server.py:289] - å— 2, æ­¥éª¤ 3/16
2025-07-13 20:45:37 - DEBUG - [server.py:289] - å— 2, æ­¥éª¤ 4/16
2025-07-13 20:45:37 - DEBUG - [server.py:289] - å— 2, æ­¥éª¤ 5/16
2025-07-13 20:45:37 - DEBUG - [server.py:289] - å— 2, æ­¥éª¤ 6/16
2025-07-13 20:45:37 - DEBUG - [server.py:289] - å— 2, æ­¥éª¤ 7/16
2025-07-13 20:45:37 - DEBUG - [server.py:289] - å— 2, æ­¥éª¤ 8/16
2025-07-13 20:45:37 - DEBUG - [server.py:289] - å— 2, æ­¥éª¤ 9/16
2025-07-13 20:45:37 - DEBUG - [server.py:289] - å— 2, æ­¥éª¤ 10/16
2025-07-13 20:45:37 - DEBUG - [server.py:289] - å— 2, æ­¥éª¤ 11/16
2025-07-13 20:45:37 - DEBUG - [server.py:289] - å— 2, æ­¥éª¤ 12/16
2025-07-13 20:45:37 - DEBUG - [server.py:289] - å— 2, æ­¥éª¤ 13/16
2025-07-13 20:45:38 - DEBUG - [server.py:289] - å— 2, æ­¥éª¤ 14/16
2025-07-13 20:45:38 - DEBUG - [server.py:289] - å— 2, æ­¥éª¤ 15/16
2025-07-13 20:45:38 - DEBUG - [server.py:289] - å— 2, æ­¥éª¤ 16/16
2025-07-13 20:45:38 - INFO - [server.py:395] - ç”ŸæˆåGPUå†…å­˜ä½¿ç”¨: 17.55GB
2025-07-13 20:45:38 - INFO - [server.py:395] - ç”ŸæˆåGPUå†…å­˜ä½¿ç”¨: 17.55GB
2025-07-13 20:45:38 - INFO - [server.py:397] - ç”Ÿæˆå®Œæˆ!
2025-07-13 20:45:38 - INFO - [server.py:397] - ç”Ÿæˆå®Œæˆ!
2025-07-13 20:45:38 - INFO - [server.py:398] - å“åº”æ–‡æœ¬é•¿åº¦: 14
2025-07-13 20:45:38 - INFO - [server.py:398] - å“åº”æ–‡æœ¬é•¿åº¦: 14
2025-07-13 20:45:38 - INFO - [server.py:399] - å¯è§†åŒ–æ­¥éª¤æ•°: 33
2025-07-13 20:45:38 - INFO - [server.py:399] - å¯è§†åŒ–æ­¥éª¤æ•°: 33
2025-07-13 20:45:38 - INFO - [server.py:400] - ç”Ÿæˆè€—æ—¶: 2.07ç§’
2025-07-13 20:45:38 - INFO - [server.py:400] - ç”Ÿæˆè€—æ—¶: 2.07ç§’
2025-07-13 20:45:38 - DEBUG - [server.py:401] - ç”Ÿæˆçš„å“åº”æ–‡æœ¬: ä½ å¥½ï¼æœ‰ä»€ä¹ˆæˆ‘å¯ä»¥å¸®ä½ çš„å—ï¼Ÿ
2025-07-13 20:45:38 - INFO - [server.py:402] - ============================================================
2025-07-13 20:45:38 - INFO - [server.py:402] - ============================================================
2025-07-13 20:45:38 - INFO - [server.py:474] - [req_1752410736119] ç”ŸæˆæˆåŠŸ!
2025-07-13 20:45:38 - INFO - [server.py:474] - [req_1752410736119] ç”ŸæˆæˆåŠŸ!
2025-07-13 20:45:38 - INFO - [server.py:475] - [req_1752410736119] å“åº”é•¿åº¦: 14
2025-07-13 20:45:38 - INFO - [server.py:475] - [req_1752410736119] å“åº”é•¿åº¦: 14
2025-07-13 20:45:38 - INFO - [server.py:476] - [req_1752410736119] å¯è§†åŒ–æ­¥éª¤: 33
2025-07-13 20:45:38 - INFO - [server.py:476] - [req_1752410736119] å¯è§†åŒ–æ­¥éª¤: 33
2025-07-13 20:45:38 - INFO - [server.py:477] - [req_1752410736119] æ€»è€—æ—¶: 2.08ç§’
2025-07-13 20:45:38 - INFO - [server.py:477] - [req_1752410736119] æ€»è€—æ—¶: 2.08ç§’
2025-07-13 20:45:38 - DEBUG - [server.py:478] - [req_1752410736119] å“åº”æ–‡æœ¬: ä½ å¥½ï¼æœ‰ä»€ä¹ˆæˆ‘å¯ä»¥å¸®ä½ çš„å—ï¼Ÿ
2025-07-13 20:45:38 - INFO - [server.py:92] - å‘é€å“åº”: {
  "status_code": 200,
  "content_length": 30903,
  "content_type": "application/json",
  "timestamp": "2025-07-13T20:45:38.195936"
}
2025-07-13 20:45:38 - INFO - [server.py:92] - å‘é€å“åº”: {
  "status_code": 200,
  "content_length": 30903,
  "content_type": "application/json",
  "timestamp": "2025-07-13T20:45:38.195936"
}
2025-07-13 20:45:38 - INFO - [_internal.py:97] - 127.0.0.1 - - [13/Jul/2025 20:45:38] "POST /generate HTTP/1.1" 200 -
2025-07-13 20:45:38 - INFO - [_internal.py:97] - 127.0.0.1 - - [13/Jul/2025 20:45:38] "POST /generate HTTP/1.1" 200 -
2025-07-13 20:45:51 - INFO - [server.py:73] - æ”¶åˆ°è¯·æ±‚: {
  "method": "GET",
  "url": "http://localhost:9000/health",
  "remote_addr": "127.0.0.1",
  "user_agent": "Mozilla/5.0 (Windows NT 10.0; Win64; x64) AppleWebKit/537.36 (KHTML, like Gecko) Chrome/138.0.0.0 Safari/537.36 Edg/138.0.0.0",
  "timestamp": "2025-07-13T20:45:51.346367"
}
2025-07-13 20:45:51 - INFO - [server.py:73] - æ”¶åˆ°è¯·æ±‚: {
  "method": "GET",
  "url": "http://localhost:9000/health",
  "remote_addr": "127.0.0.1",
  "user_agent": "Mozilla/5.0 (Windows NT 10.0; Win64; x64) AppleWebKit/537.36 (KHTML, like Gecko) Chrome/138.0.0.0 Safari/537.36 Edg/138.0.0.0",
  "timestamp": "2025-07-13T20:45:51.346367"
}
2025-07-13 20:45:51 - INFO - [server.py:92] - å‘é€å“åº”: {
  "status_code": 200,
  "content_length": 37,
  "content_type": "application/json",
  "timestamp": "2025-07-13T20:45:51.347221",
  "response_body": "{\"device\":\"cuda\",\"status\":\"healthy\"}\n"
}
2025-07-13 20:45:51 - INFO - [server.py:92] - å‘é€å“åº”: {
  "status_code": 200,
  "content_length": 37,
  "content_type": "application/json",
  "timestamp": "2025-07-13T20:45:51.347221",
  "response_body": "{\"device\":\"cuda\",\"status\":\"healthy\"}\n"
}
2025-07-13 20:45:51 - INFO - [_internal.py:97] - 127.0.0.1 - - [13/Jul/2025 20:45:51] "GET /health HTTP/1.1" 200 -
2025-07-13 20:45:51 - INFO - [_internal.py:97] - 127.0.0.1 - - [13/Jul/2025 20:45:51] "GET /health HTTP/1.1" 200 -
2025-07-13 20:45:57 - INFO - [server.py:73] - æ”¶åˆ°è¯·æ±‚: {
  "method": "GET",
  "url": "http://localhost:9000/health",
  "remote_addr": "127.0.0.1",
  "user_agent": "Mozilla/5.0 (Windows NT 10.0; Win64; x64) AppleWebKit/537.36 (KHTML, like Gecko) Chrome/138.0.0.0 Safari/537.36 Edg/138.0.0.0",
  "timestamp": "2025-07-13T20:45:57.187261"
}
2025-07-13 20:45:57 - INFO - [server.py:73] - æ”¶åˆ°è¯·æ±‚: {
  "method": "GET",
  "url": "http://localhost:9000/health",
  "remote_addr": "127.0.0.1",
  "user_agent": "Mozilla/5.0 (Windows NT 10.0; Win64; x64) AppleWebKit/537.36 (KHTML, like Gecko) Chrome/138.0.0.0 Safari/537.36 Edg/138.0.0.0",
  "timestamp": "2025-07-13T20:45:57.187261"
}
2025-07-13 20:45:57 - INFO - [server.py:92] - å‘é€å“åº”: {
  "status_code": 200,
  "content_length": 37,
  "content_type": "application/json",
  "timestamp": "2025-07-13T20:45:57.188135",
  "response_body": "{\"device\":\"cuda\",\"status\":\"healthy\"}\n"
}
2025-07-13 20:45:57 - INFO - [server.py:92] - å‘é€å“åº”: {
  "status_code": 200,
  "content_length": 37,
  "content_type": "application/json",
  "timestamp": "2025-07-13T20:45:57.188135",
  "response_body": "{\"device\":\"cuda\",\"status\":\"healthy\"}\n"
}
2025-07-13 20:45:57 - INFO - [_internal.py:97] - 127.0.0.1 - - [13/Jul/2025 20:45:57] "GET /health HTTP/1.1" 200 -
2025-07-13 20:45:57 - INFO - [_internal.py:97] - 127.0.0.1 - - [13/Jul/2025 20:45:57] "GET /health HTTP/1.1" 200 -
2025-07-13 20:45:58 - INFO - [server.py:73] - æ”¶åˆ°è¯·æ±‚: {
  "method": "GET",
  "url": "http://localhost:9000/health",
  "remote_addr": "127.0.0.1",
  "user_agent": "curl/7.81.0",
  "timestamp": "2025-07-13T20:45:58.479476"
}
2025-07-13 20:45:58 - INFO - [server.py:73] - æ”¶åˆ°è¯·æ±‚: {
  "method": "GET",
  "url": "http://localhost:9000/health",
  "remote_addr": "127.0.0.1",
  "user_agent": "curl/7.81.0",
  "timestamp": "2025-07-13T20:45:58.479476"
}
2025-07-13 20:45:58 - INFO - [server.py:92] - å‘é€å“åº”: {
  "status_code": 200,
  "content_length": 37,
  "content_type": "application/json",
  "timestamp": "2025-07-13T20:45:58.480288",
  "response_body": "{\"device\":\"cuda\",\"status\":\"healthy\"}\n"
}
2025-07-13 20:45:58 - INFO - [server.py:92] - å‘é€å“åº”: {
  "status_code": 200,
  "content_length": 37,
  "content_type": "application/json",
  "timestamp": "2025-07-13T20:45:58.480288",
  "response_body": "{\"device\":\"cuda\",\"status\":\"healthy\"}\n"
}
2025-07-13 20:45:58 - INFO - [_internal.py:97] - 127.0.0.1 - - [13/Jul/2025 20:45:58] "GET /health HTTP/1.1" 200 -
2025-07-13 20:45:58 - INFO - [_internal.py:97] - 127.0.0.1 - - [13/Jul/2025 20:45:58] "GET /health HTTP/1.1" 200 -
2025-07-13 20:46:09 - INFO - [server.py:73] - æ”¶åˆ°è¯·æ±‚: {
  "method": "POST",
  "url": "http://localhost:9000/generate",
  "remote_addr": "127.0.0.1",
  "user_agent": "curl/7.81.0",
  "timestamp": "2025-07-13T20:46:09.430656",
  "json_data": {
    "messages": [
      {
        "role": "user",
        "content": "ä½ å¥½"
      }
    ],
    "settings": {
      "gen_length": 32,
      "steps": 16,
      "temperature": 0.0,
      "cfg_scale": 0.0,
      "block_length": 16,
      "remasking": "low_confidence",
      "constraints": ""
    }
  }
}
2025-07-13 20:46:09 - INFO - [server.py:73] - æ”¶åˆ°è¯·æ±‚: {
  "method": "POST",
  "url": "http://localhost:9000/generate",
  "remote_addr": "127.0.0.1",
  "user_agent": "curl/7.81.0",
  "timestamp": "2025-07-13T20:46:09.430656",
  "json_data": {
    "messages": [
      {
        "role": "user",
        "content": "ä½ å¥½"
      }
    ],
    "settings": {
      "gen_length": 32,
      "steps": 16,
      "temperature": 0.0,
      "cfg_scale": 0.0,
      "block_length": 16,
      "remasking": "low_confidence",
      "constraints": ""
    }
  }
}
2025-07-13 20:46:09 - INFO - [server.py:443] - [req_1752410769431] æ”¶åˆ°ç”Ÿæˆè¯·æ±‚
2025-07-13 20:46:09 - INFO - [server.py:443] - [req_1752410769431] æ”¶åˆ°ç”Ÿæˆè¯·æ±‚
2025-07-13 20:46:09 - INFO - [server.py:451] - [req_1752410769431] è¯·æ±‚æ•°æ®è¯¦æƒ…:
2025-07-13 20:46:09 - INFO - [server.py:451] - [req_1752410769431] è¯·æ±‚æ•°æ®è¯¦æƒ…:
2025-07-13 20:46:09 - INFO - [server.py:452] - [req_1752410769431] - æ¶ˆæ¯æ•°é‡: 1
2025-07-13 20:46:09 - INFO - [server.py:452] - [req_1752410769431] - æ¶ˆæ¯æ•°é‡: 1
2025-07-13 20:46:09 - INFO - [server.py:453] - [req_1752410769431] - è®¾ç½®å‚æ•°: {
  "gen_length": 32,
  "steps": 16,
  "temperature": 0.0,
  "cfg_scale": 0.0,
  "block_length": 16,
  "remasking": "low_confidence",
  "constraints": ""
}
2025-07-13 20:46:09 - INFO - [server.py:453] - [req_1752410769431] - è®¾ç½®å‚æ•°: {
  "gen_length": 32,
  "steps": 16,
  "temperature": 0.0,
  "cfg_scale": 0.0,
  "block_length": 16,
  "remasking": "low_confidence",
  "constraints": ""
}
2025-07-13 20:46:09 - DEBUG - [server.py:454] - [req_1752410769431] - å®Œæ•´æ¶ˆæ¯åˆ—è¡¨: [
  {
    "role": "user",
    "content": "ä½ å¥½"
  }
]
2025-07-13 20:46:09 - INFO - [server.py:465] - [req_1752410769431] å¼€å§‹ç”Ÿæˆå“åº”...
2025-07-13 20:46:09 - INFO - [server.py:465] - [req_1752410769431] å¼€å§‹ç”Ÿæˆå“åº”...
2025-07-13 20:46:09 - INFO - [server.py:201] - ============================================================
2025-07-13 20:46:09 - INFO - [server.py:201] - ============================================================
2025-07-13 20:46:09 - INFO - [server.py:202] - å¼€å§‹ç”Ÿæˆå“åº”
2025-07-13 20:46:09 - INFO - [server.py:202] - å¼€å§‹ç”Ÿæˆå“åº”
2025-07-13 20:46:09 - INFO - [server.py:203] - è¾“å…¥æ¶ˆæ¯æ•°é‡: 1
2025-07-13 20:46:09 - INFO - [server.py:203] - è¾“å…¥æ¶ˆæ¯æ•°é‡: 1
2025-07-13 20:46:09 - INFO - [server.py:205] - æ¶ˆæ¯ 1: è§’è‰²=user, å†…å®¹é•¿åº¦=2
2025-07-13 20:46:09 - INFO - [server.py:205] - æ¶ˆæ¯ 1: è§’è‰²=user, å†…å®¹é•¿åº¦=2
2025-07-13 20:46:09 - DEBUG - [server.py:206] - æ¶ˆæ¯ 1 å†…å®¹: ä½ å¥½
2025-07-13 20:46:09 - INFO - [server.py:208] - è®¾ç½®å‚æ•°: {
  "gen_length": 32,
  "steps": 16,
  "temperature": 0.0,
  "cfg_scale": 0.0,
  "block_length": 16,
  "remasking": "low_confidence",
  "constraints": ""
}
2025-07-13 20:46:09 - INFO - [server.py:208] - è®¾ç½®å‚æ•°: {
  "gen_length": 32,
  "steps": 16,
  "temperature": 0.0,
  "cfg_scale": 0.0,
  "block_length": 16,
  "remasking": "low_confidence",
  "constraints": ""
}
2025-07-13 20:46:09 - INFO - [server.py:220] - è§£æåçš„çº¦æŸ: {}
2025-07-13 20:46:09 - INFO - [server.py:220] - è§£æåçš„çº¦æŸ: {}
2025-07-13 20:46:09 - INFO - [server.py:225] - ç”Ÿæˆå‰GPUå†…å­˜ä½¿ç”¨: 14.94GB
2025-07-13 20:46:09 - INFO - [server.py:225] - ç”Ÿæˆå‰GPUå†…å­˜ä½¿ç”¨: 14.94GB
2025-07-13 20:46:09 - INFO - [server.py:228] - å‡†å¤‡è¾“å…¥prompt...
2025-07-13 20:46:09 - INFO - [server.py:228] - å‡†å¤‡è¾“å…¥prompt...
2025-07-13 20:46:09 - DEBUG - [server.py:230] - æ ¼å¼åŒ–åçš„chatè¾“å…¥: <|startoftext|><|start_header_id|>user<|end_header_id|>

ä½ å¥½<|eot_id|><|start_header_id|>assistant<|end_header_id|>


2025-07-13 20:46:09 - INFO - [server.py:234] - è¾“å…¥tokenæ•°é‡: 14
2025-07-13 20:46:09 - INFO - [server.py:234] - è¾“å…¥tokenæ•°é‡: 14
2025-07-13 20:46:09 - INFO - [server.py:241] - åºåˆ—æ€»é•¿åº¦: 46, prompté•¿åº¦: 14, ç”Ÿæˆé•¿åº¦: 32
2025-07-13 20:46:09 - INFO - [server.py:241] - åºåˆ—æ€»é•¿åº¦: 46, prompté•¿åº¦: 14, ç”Ÿæˆé•¿åº¦: 32
2025-07-13 20:46:09 - INFO - [server.py:250] - åº”ç”¨çº¦æŸæ•°é‡: 0
2025-07-13 20:46:09 - INFO - [server.py:250] - åº”ç”¨çº¦æŸæ•°é‡: 0
2025-07-13 20:46:09 - INFO - [server.py:270] - å—å¤„ç†é…ç½®: å—é•¿åº¦=16, å—æ•°é‡=2, æ¯å—æ­¥æ•°=8
2025-07-13 20:46:09 - INFO - [server.py:270] - å—å¤„ç†é…ç½®: å—é•¿åº¦=16, å—æ•°é‡=2, æ¯å—æ­¥æ•°=8
2025-07-13 20:46:09 - INFO - [server.py:274] - å¤„ç†ç¬¬ 1/2 å—...
2025-07-13 20:46:09 - INFO - [server.py:274] - å¤„ç†ç¬¬ 1/2 å—...
2025-07-13 20:46:09 - DEBUG - [server.py:289] - å— 1, æ­¥éª¤ 1/8
2025-07-13 20:46:09 - DEBUG - [server.py:289] - å— 1, æ­¥éª¤ 2/8
2025-07-13 20:46:09 - DEBUG - [server.py:289] - å— 1, æ­¥éª¤ 3/8
2025-07-13 20:46:09 - DEBUG - [server.py:289] - å— 1, æ­¥éª¤ 4/8
2025-07-13 20:46:09 - DEBUG - [server.py:289] - å— 1, æ­¥éª¤ 5/8
2025-07-13 20:46:09 - DEBUG - [server.py:289] - å— 1, æ­¥éª¤ 6/8
2025-07-13 20:46:09 - DEBUG - [server.py:289] - å— 1, æ­¥éª¤ 7/8
2025-07-13 20:46:09 - DEBUG - [server.py:289] - å— 1, æ­¥éª¤ 8/8
2025-07-13 20:46:09 - INFO - [server.py:274] - å¤„ç†ç¬¬ 2/2 å—...
2025-07-13 20:46:09 - INFO - [server.py:274] - å¤„ç†ç¬¬ 2/2 å—...
2025-07-13 20:46:09 - DEBUG - [server.py:289] - å— 2, æ­¥éª¤ 1/8
2025-07-13 20:46:10 - DEBUG - [server.py:289] - å— 2, æ­¥éª¤ 2/8
2025-07-13 20:46:10 - DEBUG - [server.py:289] - å— 2, æ­¥éª¤ 3/8
2025-07-13 20:46:10 - DEBUG - [server.py:289] - å— 2, æ­¥éª¤ 4/8
2025-07-13 20:46:10 - DEBUG - [server.py:289] - å— 2, æ­¥éª¤ 5/8
2025-07-13 20:46:10 - DEBUG - [server.py:289] - å— 2, æ­¥éª¤ 6/8
2025-07-13 20:46:10 - DEBUG - [server.py:289] - å— 2, æ­¥éª¤ 7/8
2025-07-13 20:46:10 - DEBUG - [server.py:289] - å— 2, æ­¥éª¤ 8/8
2025-07-13 20:46:10 - INFO - [server.py:395] - ç”ŸæˆåGPUå†…å­˜ä½¿ç”¨: 15.59GB
2025-07-13 20:46:10 - INFO - [server.py:395] - ç”ŸæˆåGPUå†…å­˜ä½¿ç”¨: 15.59GB
2025-07-13 20:46:10 - INFO - [server.py:397] - ç”Ÿæˆå®Œæˆ!
2025-07-13 20:46:10 - INFO - [server.py:397] - ç”Ÿæˆå®Œæˆ!
2025-07-13 20:46:10 - INFO - [server.py:398] - å“åº”æ–‡æœ¬é•¿åº¦: 21
2025-07-13 20:46:10 - INFO - [server.py:398] - å“åº”æ–‡æœ¬é•¿åº¦: 21
2025-07-13 20:46:10 - INFO - [server.py:399] - å¯è§†åŒ–æ­¥éª¤æ•°: 17
2025-07-13 20:46:10 - INFO - [server.py:399] - å¯è§†åŒ–æ­¥éª¤æ•°: 17
2025-07-13 20:46:10 - INFO - [server.py:400] - ç”Ÿæˆè€—æ—¶: 0.95ç§’
2025-07-13 20:46:10 - INFO - [server.py:400] - ç”Ÿæˆè€—æ—¶: 0.95ç§’
2025-07-13 20:46:10 - DEBUG - [server.py:401] - ç”Ÿæˆçš„å“åº”æ–‡æœ¬: ä½ å¥½ï¼å¾ˆé«˜å…´è§åˆ°ä½ ã€‚æœ‰ä»€ä¹ˆæˆ‘å¯ä»¥å¸®ä½ çš„å—ï¼Ÿ
2025-07-13 20:46:10 - INFO - [server.py:402] - ============================================================
2025-07-13 20:46:10 - INFO - [server.py:402] - ============================================================
2025-07-13 20:46:10 - INFO - [server.py:474] - [req_1752410769431] ç”ŸæˆæˆåŠŸ!
2025-07-13 20:46:10 - INFO - [server.py:474] - [req_1752410769431] ç”ŸæˆæˆåŠŸ!
2025-07-13 20:46:10 - INFO - [server.py:475] - [req_1752410769431] å“åº”é•¿åº¦: 21
2025-07-13 20:46:10 - INFO - [server.py:475] - [req_1752410769431] å“åº”é•¿åº¦: 21
2025-07-13 20:46:10 - INFO - [server.py:476] - [req_1752410769431] å¯è§†åŒ–æ­¥éª¤: 17
2025-07-13 20:46:10 - INFO - [server.py:476] - [req_1752410769431] å¯è§†åŒ–æ­¥éª¤: 17
2025-07-13 20:46:10 - INFO - [server.py:477] - [req_1752410769431] æ€»è€—æ—¶: 0.96ç§’
2025-07-13 20:46:10 - INFO - [server.py:477] - [req_1752410769431] æ€»è€—æ—¶: 0.96ç§’
2025-07-13 20:46:10 - DEBUG - [server.py:478] - [req_1752410769431] å“åº”æ–‡æœ¬: ä½ å¥½ï¼å¾ˆé«˜å…´è§åˆ°ä½ ã€‚æœ‰ä»€ä¹ˆæˆ‘å¯ä»¥å¸®ä½ çš„å—ï¼Ÿ
2025-07-13 20:46:10 - INFO - [server.py:92] - å‘é€å“åº”: {
  "status_code": 200,
  "content_length": 11551,
  "content_type": "application/json",
  "timestamp": "2025-07-13T20:46:10.388866"
}
2025-07-13 20:46:10 - INFO - [server.py:92] - å‘é€å“åº”: {
  "status_code": 200,
  "content_length": 11551,
  "content_type": "application/json",
  "timestamp": "2025-07-13T20:46:10.388866"
}
2025-07-13 20:46:10 - INFO - [_internal.py:97] - 127.0.0.1 - - [13/Jul/2025 20:46:10] "POST /generate HTTP/1.1" 200 -
2025-07-13 20:46:10 - INFO - [_internal.py:97] - 127.0.0.1 - - [13/Jul/2025 20:46:10] "POST /generate HTTP/1.1" 200 -
2025-07-13 20:46:21 - INFO - [server.py:73] - æ”¶åˆ°è¯·æ±‚: {
  "method": "GET",
  "url": "http://localhost:9000/health",
  "remote_addr": "127.0.0.1",
  "user_agent": "Mozilla/5.0 (Windows NT 10.0; Win64; x64) AppleWebKit/537.36 (KHTML, like Gecko) Chrome/138.0.0.0 Safari/537.36 Edg/138.0.0.0",
  "timestamp": "2025-07-13T20:46:21.538620"
}
2025-07-13 20:46:21 - INFO - [server.py:73] - æ”¶åˆ°è¯·æ±‚: {
  "method": "GET",
  "url": "http://localhost:9000/health",
  "remote_addr": "127.0.0.1",
  "user_agent": "Mozilla/5.0 (Windows NT 10.0; Win64; x64) AppleWebKit/537.36 (KHTML, like Gecko) Chrome/138.0.0.0 Safari/537.36 Edg/138.0.0.0",
  "timestamp": "2025-07-13T20:46:21.538620"
}
2025-07-13 20:46:21 - INFO - [server.py:92] - å‘é€å“åº”: {
  "status_code": 200,
  "content_length": 37,
  "content_type": "application/json",
  "timestamp": "2025-07-13T20:46:21.539478",
  "response_body": "{\"device\":\"cuda\",\"status\":\"healthy\"}\n"
}
2025-07-13 20:46:21 - INFO - [server.py:92] - å‘é€å“åº”: {
  "status_code": 200,
  "content_length": 37,
  "content_type": "application/json",
  "timestamp": "2025-07-13T20:46:21.539478",
  "response_body": "{\"device\":\"cuda\",\"status\":\"healthy\"}\n"
}
2025-07-13 20:46:21 - INFO - [_internal.py:97] - 127.0.0.1 - - [13/Jul/2025 20:46:21] "GET /health HTTP/1.1" 200 -
2025-07-13 20:46:21 - INFO - [_internal.py:97] - 127.0.0.1 - - [13/Jul/2025 20:46:21] "GET /health HTTP/1.1" 200 -
2025-07-13 20:46:51 - INFO - [server.py:73] - æ”¶åˆ°è¯·æ±‚: {
  "method": "GET",
  "url": "http://localhost:9000/health",
  "remote_addr": "127.0.0.1",
  "user_agent": "Mozilla/5.0 (Windows NT 10.0; Win64; x64) AppleWebKit/537.36 (KHTML, like Gecko) Chrome/138.0.0.0 Safari/537.36 Edg/138.0.0.0",
  "timestamp": "2025-07-13T20:46:51.387889"
}
2025-07-13 20:46:51 - INFO - [server.py:73] - æ”¶åˆ°è¯·æ±‚: {
  "method": "GET",
  "url": "http://localhost:9000/health",
  "remote_addr": "127.0.0.1",
  "user_agent": "Mozilla/5.0 (Windows NT 10.0; Win64; x64) AppleWebKit/537.36 (KHTML, like Gecko) Chrome/138.0.0.0 Safari/537.36 Edg/138.0.0.0",
  "timestamp": "2025-07-13T20:46:51.387889"
}
2025-07-13 20:46:51 - INFO - [server.py:92] - å‘é€å“åº”: {
  "status_code": 200,
  "content_length": 37,
  "content_type": "application/json",
  "timestamp": "2025-07-13T20:46:51.388731",
  "response_body": "{\"device\":\"cuda\",\"status\":\"healthy\"}\n"
}
2025-07-13 20:46:51 - INFO - [server.py:92] - å‘é€å“åº”: {
  "status_code": 200,
  "content_length": 37,
  "content_type": "application/json",
  "timestamp": "2025-07-13T20:46:51.388731",
  "response_body": "{\"device\":\"cuda\",\"status\":\"healthy\"}\n"
}
2025-07-13 20:46:51 - INFO - [_internal.py:97] - 127.0.0.1 - - [13/Jul/2025 20:46:51] "GET /health HTTP/1.1" 200 -
2025-07-13 20:46:51 - INFO - [_internal.py:97] - 127.0.0.1 - - [13/Jul/2025 20:46:51] "GET /health HTTP/1.1" 200 -
2025-07-13 20:46:57 - INFO - [server.py:73] - æ”¶åˆ°è¯·æ±‚: {
  "method": "GET",
  "url": "http://localhost:9000/health",
  "remote_addr": "127.0.0.1",
  "user_agent": "Mozilla/5.0 (Windows NT 10.0; Win64; x64) AppleWebKit/537.36 (KHTML, like Gecko) Chrome/138.0.0.0 Safari/537.36 Edg/138.0.0.0",
  "timestamp": "2025-07-13T20:46:57.588718"
}
2025-07-13 20:46:57 - INFO - [server.py:73] - æ”¶åˆ°è¯·æ±‚: {
  "method": "GET",
  "url": "http://localhost:9000/health",
  "remote_addr": "127.0.0.1",
  "user_agent": "Mozilla/5.0 (Windows NT 10.0; Win64; x64) AppleWebKit/537.36 (KHTML, like Gecko) Chrome/138.0.0.0 Safari/537.36 Edg/138.0.0.0",
  "timestamp": "2025-07-13T20:46:57.588718"
}
2025-07-13 20:46:57 - INFO - [server.py:92] - å‘é€å“åº”: {
  "status_code": 200,
  "content_length": 37,
  "content_type": "application/json",
  "timestamp": "2025-07-13T20:46:57.589239",
  "response_body": "{\"device\":\"cuda\",\"status\":\"healthy\"}\n"
}
2025-07-13 20:46:57 - INFO - [server.py:92] - å‘é€å“åº”: {
  "status_code": 200,
  "content_length": 37,
  "content_type": "application/json",
  "timestamp": "2025-07-13T20:46:57.589239",
  "response_body": "{\"device\":\"cuda\",\"status\":\"healthy\"}\n"
}
2025-07-13 20:46:57 - INFO - [_internal.py:97] - 127.0.0.1 - - [13/Jul/2025 20:46:57] "GET /health HTTP/1.1" 200 -
2025-07-13 20:46:57 - INFO - [_internal.py:97] - 127.0.0.1 - - [13/Jul/2025 20:46:57] "GET /health HTTP/1.1" 200 -
2025-07-13 20:47:21 - INFO - [server.py:73] - æ”¶åˆ°è¯·æ±‚: {
  "method": "GET",
  "url": "http://localhost:9000/health",
  "remote_addr": "127.0.0.1",
  "user_agent": "Mozilla/5.0 (Windows NT 10.0; Win64; x64) AppleWebKit/537.36 (KHTML, like Gecko) Chrome/138.0.0.0 Safari/537.36 Edg/138.0.0.0",
  "timestamp": "2025-07-13T20:47:21.585039"
}
2025-07-13 20:47:21 - INFO - [server.py:73] - æ”¶åˆ°è¯·æ±‚: {
  "method": "GET",
  "url": "http://localhost:9000/health",
  "remote_addr": "127.0.0.1",
  "user_agent": "Mozilla/5.0 (Windows NT 10.0; Win64; x64) AppleWebKit/537.36 (KHTML, like Gecko) Chrome/138.0.0.0 Safari/537.36 Edg/138.0.0.0",
  "timestamp": "2025-07-13T20:47:21.585039"
}
2025-07-13 20:47:21 - INFO - [server.py:92] - å‘é€å“åº”: {
  "status_code": 200,
  "content_length": 37,
  "content_type": "application/json",
  "timestamp": "2025-07-13T20:47:21.585870",
  "response_body": "{\"device\":\"cuda\",\"status\":\"healthy\"}\n"
}
2025-07-13 20:47:21 - INFO - [server.py:92] - å‘é€å“åº”: {
  "status_code": 200,
  "content_length": 37,
  "content_type": "application/json",
  "timestamp": "2025-07-13T20:47:21.585870",
  "response_body": "{\"device\":\"cuda\",\"status\":\"healthy\"}\n"
}
2025-07-13 20:47:21 - INFO - [_internal.py:97] - 127.0.0.1 - - [13/Jul/2025 20:47:21] "GET /health HTTP/1.1" 200 -
2025-07-13 20:47:21 - INFO - [_internal.py:97] - 127.0.0.1 - - [13/Jul/2025 20:47:21] "GET /health HTTP/1.1" 200 -
2025-07-13 20:47:51 - INFO - [server.py:73] - æ”¶åˆ°è¯·æ±‚: {
  "method": "GET",
  "url": "http://localhost:9000/health",
  "remote_addr": "127.0.0.1",
  "user_agent": "Mozilla/5.0 (Windows NT 10.0; Win64; x64) AppleWebKit/537.36 (KHTML, like Gecko) Chrome/138.0.0.0 Safari/537.36 Edg/138.0.0.0",
  "timestamp": "2025-07-13T20:47:51.588634"
}
2025-07-13 20:47:51 - INFO - [server.py:73] - æ”¶åˆ°è¯·æ±‚: {
  "method": "GET",
  "url": "http://localhost:9000/health",
  "remote_addr": "127.0.0.1",
  "user_agent": "Mozilla/5.0 (Windows NT 10.0; Win64; x64) AppleWebKit/537.36 (KHTML, like Gecko) Chrome/138.0.0.0 Safari/537.36 Edg/138.0.0.0",
  "timestamp": "2025-07-13T20:47:51.588634"
}
2025-07-13 20:47:51 - INFO - [server.py:92] - å‘é€å“åº”: {
  "status_code": 200,
  "content_length": 37,
  "content_type": "application/json",
  "timestamp": "2025-07-13T20:47:51.589551",
  "response_body": "{\"device\":\"cuda\",\"status\":\"healthy\"}\n"
}
2025-07-13 20:47:51 - INFO - [server.py:92] - å‘é€å“åº”: {
  "status_code": 200,
  "content_length": 37,
  "content_type": "application/json",
  "timestamp": "2025-07-13T20:47:51.589551",
  "response_body": "{\"device\":\"cuda\",\"status\":\"healthy\"}\n"
}
2025-07-13 20:47:51 - INFO - [_internal.py:97] - 127.0.0.1 - - [13/Jul/2025 20:47:51] "GET /health HTTP/1.1" 200 -
2025-07-13 20:47:51 - INFO - [_internal.py:97] - 127.0.0.1 - - [13/Jul/2025 20:47:51] "GET /health HTTP/1.1" 200 -
2025-07-13 20:47:58 - INFO - [server.py:73] - æ”¶åˆ°è¯·æ±‚: {
  "method": "GET",
  "url": "http://localhost:9000/health",
  "remote_addr": "127.0.0.1",
  "user_agent": "Mozilla/5.0 (Windows NT 10.0; Win64; x64) AppleWebKit/537.36 (KHTML, like Gecko) Chrome/138.0.0.0 Safari/537.36 Edg/138.0.0.0",
  "timestamp": "2025-07-13T20:47:58.681510"
}
2025-07-13 20:47:58 - INFO - [server.py:73] - æ”¶åˆ°è¯·æ±‚: {
  "method": "GET",
  "url": "http://localhost:9000/health",
  "remote_addr": "127.0.0.1",
  "user_agent": "Mozilla/5.0 (Windows NT 10.0; Win64; x64) AppleWebKit/537.36 (KHTML, like Gecko) Chrome/138.0.0.0 Safari/537.36 Edg/138.0.0.0",
  "timestamp": "2025-07-13T20:47:58.681510"
}
2025-07-13 20:47:58 - INFO - [server.py:92] - å‘é€å“åº”: {
  "status_code": 200,
  "content_length": 37,
  "content_type": "application/json",
  "timestamp": "2025-07-13T20:47:58.682364",
  "response_body": "{\"device\":\"cuda\",\"status\":\"healthy\"}\n"
}
2025-07-13 20:47:58 - INFO - [server.py:92] - å‘é€å“åº”: {
  "status_code": 200,
  "content_length": 37,
  "content_type": "application/json",
  "timestamp": "2025-07-13T20:47:58.682364",
  "response_body": "{\"device\":\"cuda\",\"status\":\"healthy\"}\n"
}
2025-07-13 20:47:58 - INFO - [_internal.py:97] - 127.0.0.1 - - [13/Jul/2025 20:47:58] "GET /health HTTP/1.1" 200 -
2025-07-13 20:47:58 - INFO - [_internal.py:97] - 127.0.0.1 - - [13/Jul/2025 20:47:58] "GET /health HTTP/1.1" 200 -
