=== LLaDA åç«¯æœåŠ¡æ—¥å¿— ===
å¯åŠ¨æ—¶é—´: Sun Jul 13 21:06:33 CST 2025
æ—¥å¿—ä¼šè¯: 20250713_210628
Pythonç‰ˆæœ¬: Python 3.12.3
å·¥ä½œç›®å½•: /root/LLaDA-main/lldm
è®¾å¤‡æ£€æµ‹: CUDAå¯ç”¨: True
==========================

2025-07-13 21:06:37 - INFO - [server.py:97] - åˆå§‹åŒ–è®¾å¤‡: cuda
2025-07-13 21:06:37 - INFO - [server.py:97] - åˆå§‹åŒ–è®¾å¤‡: cuda
2025-07-13 21:06:37 - INFO - [server.py:104] - GPUæ€»å†…å­˜: 23.5GB
2025-07-13 21:06:37 - INFO - [server.py:104] - GPUæ€»å†…å­˜: 23.5GB
2025-07-13 21:06:37 - INFO - [server.py:107] - å¼€å§‹åŠ è½½tokenizer...
2025-07-13 21:06:37 - INFO - [server.py:107] - å¼€å§‹åŠ è½½tokenizer...
2025-07-13 21:06:37 - INFO - [server.py:109] - TokenizeråŠ è½½æˆåŠŸ
2025-07-13 21:06:37 - INFO - [server.py:109] - TokenizeråŠ è½½æˆåŠŸ
2025-07-13 21:06:37 - INFO - [server.py:111] - å¼€å§‹åŠ è½½æ¨¡å‹...
2025-07-13 21:06:37 - INFO - [server.py:111] - å¼€å§‹åŠ è½½æ¨¡å‹...
2025-07-13 21:06:38 - INFO - [modeling.py:991] - We will use 90% of the memory on device 0 for storing the model, and 10% for the buffer to avoid OOM. You can set `max_memory` in to a higher value to use more memory (at your own risk).
2025-07-13 21:06:38 - INFO - [modeling.py:991] - We will use 90% of the memory on device 0 for storing the model, and 10% for the buffer to avoid OOM. You can set `max_memory` in to a higher value to use more memory (at your own risk).
2025-07-13 21:06:38 - WARNING - [modeling.py:1114] - The model weights are not tied. Please use the `tie_weights` method before using the `infer_auto_device` function.
2025-07-13 21:06:38 - WARNING - [modeling.py:1114] - The model weights are not tied. Please use the `tie_weights` method before using the `infer_auto_device` function.
Loading checkpoint shards:   0%|          | 0/6 [00:00<?, ?it/s]Loading checkpoint shards:  17%|â–ˆâ–‹        | 1/6 [00:00<00:02,  1.92it/s]Loading checkpoint shards:  33%|â–ˆâ–ˆâ–ˆâ–      | 2/6 [00:01<00:02,  1.73it/s]Loading checkpoint shards:  50%|â–ˆâ–ˆâ–ˆâ–ˆâ–ˆ     | 3/6 [00:01<00:01,  1.54it/s]Loading checkpoint shards:  67%|â–ˆâ–ˆâ–ˆâ–ˆâ–ˆâ–ˆâ–‹   | 4/6 [00:02<00:01,  1.48it/s]Loading checkpoint shards:  83%|â–ˆâ–ˆâ–ˆâ–ˆâ–ˆâ–ˆâ–ˆâ–ˆâ– | 5/6 [00:03<00:00,  1.33it/s]Loading checkpoint shards: 100%|â–ˆâ–ˆâ–ˆâ–ˆâ–ˆâ–ˆâ–ˆâ–ˆâ–ˆâ–ˆ| 6/6 [00:04<00:00,  1.48it/s]Loading checkpoint shards: 100%|â–ˆâ–ˆâ–ˆâ–ˆâ–ˆâ–ˆâ–ˆâ–ˆâ–ˆâ–ˆ| 6/6 [00:04<00:00,  1.50it/s]
2025-07-13 21:06:42 - INFO - [server.py:129] - æ¨¡å‹åŠ è½½æˆåŠŸï¼Œè®¾å¤‡: cuda
2025-07-13 21:06:42 - INFO - [server.py:129] - æ¨¡å‹åŠ è½½æˆåŠŸï¼Œè®¾å¤‡: cuda
2025-07-13 21:06:42 - INFO - [server.py:132] - GPUå·²åˆ†é…å†…å­˜: 14.9GB
2025-07-13 21:06:42 - INFO - [server.py:132] - GPUå·²åˆ†é…å†…å­˜: 14.9GB
 * Serving Flask app 'server'
 * Debug mode: off
2025-07-13 21:06:42 - INFO - [_internal.py:97] - [31m[1mWARNING: This is a development server. Do not use it in a production deployment. Use a production WSGI server instead.[0m
 * Running on all addresses (0.0.0.0)
 * Running on http://127.0.0.1:9000
 * Running on http://172.17.0.3:9000
2025-07-13 21:06:42 - INFO - [_internal.py:97] - [31m[1mWARNING: This is a development server. Do not use it in a production deployment. Use a production WSGI server instead.[0m
 * Running on all addresses (0.0.0.0)
 * Running on http://127.0.0.1:9000
 * Running on http://172.17.0.3:9000
2025-07-13 21:06:42 - INFO - [_internal.py:97] - [33mPress CTRL+C to quit[0m
2025-07-13 21:06:42 - INFO - [_internal.py:97] - [33mPress CTRL+C to quit[0m
2025-07-13 21:06:42 - INFO - [server.py:73] - æ”¶åˆ°è¯·æ±‚: {
  "method": "GET",
  "url": "http://localhost:9000/health",
  "remote_addr": "127.0.0.1",
  "user_agent": "curl/7.81.0",
  "timestamp": "2025-07-13T21:06:42.528759"
}
2025-07-13 21:06:42 - INFO - [server.py:73] - æ”¶åˆ°è¯·æ±‚: {
  "method": "GET",
  "url": "http://localhost:9000/health",
  "remote_addr": "127.0.0.1",
  "user_agent": "curl/7.81.0",
  "timestamp": "2025-07-13T21:06:42.528759"
}
2025-07-13 21:06:42 - INFO - [server.py:92] - å‘é€å“åº”: {
  "status_code": 200,
  "content_length": 37,
  "content_type": "application/json",
  "timestamp": "2025-07-13T21:06:42.529188",
  "response_body": "{\"device\":\"cuda\",\"status\":\"healthy\"}\n"
}
2025-07-13 21:06:42 - INFO - [server.py:92] - å‘é€å“åº”: {
  "status_code": 200,
  "content_length": 37,
  "content_type": "application/json",
  "timestamp": "2025-07-13T21:06:42.529188",
  "response_body": "{\"device\":\"cuda\",\"status\":\"healthy\"}\n"
}
2025-07-13 21:06:42 - INFO - [_internal.py:97] - 127.0.0.1 - - [13/Jul/2025 21:06:42] "GET /health HTTP/1.1" 200 -
2025-07-13 21:06:42 - INFO - [_internal.py:97] - 127.0.0.1 - - [13/Jul/2025 21:06:42] "GET /health HTTP/1.1" 200 -
2025-07-13 21:06:52 - INFO - [server.py:73] - æ”¶åˆ°è¯·æ±‚: {
  "method": "GET",
  "url": "http://localhost:9000/health",
  "remote_addr": "127.0.0.1",
  "user_agent": "python-requests/2.31.0",
  "timestamp": "2025-07-13T21:06:52.075190"
}
2025-07-13 21:06:52 - INFO - [server.py:73] - æ”¶åˆ°è¯·æ±‚: {
  "method": "GET",
  "url": "http://localhost:9000/health",
  "remote_addr": "127.0.0.1",
  "user_agent": "python-requests/2.31.0",
  "timestamp": "2025-07-13T21:06:52.075190"
}
2025-07-13 21:06:52 - INFO - [server.py:92] - å‘é€å“åº”: {
  "status_code": 200,
  "content_length": 37,
  "content_type": "application/json",
  "timestamp": "2025-07-13T21:06:52.076176",
  "response_body": "{\"device\":\"cuda\",\"status\":\"healthy\"}\n"
}
2025-07-13 21:06:52 - INFO - [server.py:92] - å‘é€å“åº”: {
  "status_code": 200,
  "content_length": 37,
  "content_type": "application/json",
  "timestamp": "2025-07-13T21:06:52.076176",
  "response_body": "{\"device\":\"cuda\",\"status\":\"healthy\"}\n"
}
2025-07-13 21:06:52 - INFO - [_internal.py:97] - 127.0.0.1 - - [13/Jul/2025 21:06:52] "GET /health HTTP/1.1" 200 -
2025-07-13 21:06:52 - INFO - [_internal.py:97] - 127.0.0.1 - - [13/Jul/2025 21:06:52] "GET /health HTTP/1.1" 200 -
2025-07-13 21:06:53 - INFO - [server.py:73] - æ”¶åˆ°è¯·æ±‚: {
  "method": "POST",
  "url": "http://localhost:9000/generate",
  "remote_addr": "127.0.0.1",
  "user_agent": "python-requests/2.31.0",
  "timestamp": "2025-07-13T21:06:53.084873",
  "json_data": {
    "messages": [
      {
        "role": "user",
        "content": "ä½ å¥½"
      }
    ],
    "settings": {
      "gen_length": 16,
      "steps": 8,
      "temperature": 0.0,
      "cfg_scale": 0.0
    }
  }
}
2025-07-13 21:06:53 - INFO - [server.py:73] - æ”¶åˆ°è¯·æ±‚: {
  "method": "POST",
  "url": "http://localhost:9000/generate",
  "remote_addr": "127.0.0.1",
  "user_agent": "python-requests/2.31.0",
  "timestamp": "2025-07-13T21:06:53.084873",
  "json_data": {
    "messages": [
      {
        "role": "user",
        "content": "ä½ å¥½"
      }
    ],
    "settings": {
      "gen_length": 16,
      "steps": 8,
      "temperature": 0.0,
      "cfg_scale": 0.0
    }
  }
}
2025-07-13 21:06:53 - INFO - [server.py:443] - [req_1752412013085] æ”¶åˆ°ç”Ÿæˆè¯·æ±‚
2025-07-13 21:06:53 - INFO - [server.py:443] - [req_1752412013085] æ”¶åˆ°ç”Ÿæˆè¯·æ±‚
2025-07-13 21:06:53 - INFO - [server.py:451] - [req_1752412013085] è¯·æ±‚æ•°æ®è¯¦æƒ…:
2025-07-13 21:06:53 - INFO - [server.py:451] - [req_1752412013085] è¯·æ±‚æ•°æ®è¯¦æƒ…:
2025-07-13 21:06:53 - INFO - [server.py:452] - [req_1752412013085] - æ¶ˆæ¯æ•°é‡: 1
2025-07-13 21:06:53 - INFO - [server.py:452] - [req_1752412013085] - æ¶ˆæ¯æ•°é‡: 1
2025-07-13 21:06:53 - INFO - [server.py:453] - [req_1752412013085] - è®¾ç½®å‚æ•°: {
  "gen_length": 16,
  "steps": 8,
  "temperature": 0.0,
  "cfg_scale": 0.0
}
2025-07-13 21:06:53 - INFO - [server.py:453] - [req_1752412013085] - è®¾ç½®å‚æ•°: {
  "gen_length": 16,
  "steps": 8,
  "temperature": 0.0,
  "cfg_scale": 0.0
}
2025-07-13 21:06:53 - DEBUG - [server.py:454] - [req_1752412013085] - å®Œæ•´æ¶ˆæ¯åˆ—è¡¨: [
  {
    "role": "user",
    "content": "ä½ å¥½"
  }
]
2025-07-13 21:06:53 - INFO - [server.py:465] - [req_1752412013085] å¼€å§‹ç”Ÿæˆå“åº”...
2025-07-13 21:06:53 - INFO - [server.py:465] - [req_1752412013085] å¼€å§‹ç”Ÿæˆå“åº”...
2025-07-13 21:06:53 - INFO - [server.py:201] - ============================================================
2025-07-13 21:06:53 - INFO - [server.py:201] - ============================================================
2025-07-13 21:06:53 - INFO - [server.py:202] - å¼€å§‹ç”Ÿæˆå“åº”
2025-07-13 21:06:53 - INFO - [server.py:202] - å¼€å§‹ç”Ÿæˆå“åº”
2025-07-13 21:06:53 - INFO - [server.py:203] - è¾“å…¥æ¶ˆæ¯æ•°é‡: 1
2025-07-13 21:06:53 - INFO - [server.py:203] - è¾“å…¥æ¶ˆæ¯æ•°é‡: 1
2025-07-13 21:06:53 - INFO - [server.py:205] - æ¶ˆæ¯ 1: è§’è‰²=user, å†…å®¹é•¿åº¦=2
2025-07-13 21:06:53 - INFO - [server.py:205] - æ¶ˆæ¯ 1: è§’è‰²=user, å†…å®¹é•¿åº¦=2
2025-07-13 21:06:53 - DEBUG - [server.py:206] - æ¶ˆæ¯ 1 å†…å®¹: ä½ å¥½
2025-07-13 21:06:53 - INFO - [server.py:208] - è®¾ç½®å‚æ•°: {
  "gen_length": 16,
  "steps": 8,
  "temperature": 0.0,
  "cfg_scale": 0.0
}
2025-07-13 21:06:53 - INFO - [server.py:208] - è®¾ç½®å‚æ•°: {
  "gen_length": 16,
  "steps": 8,
  "temperature": 0.0,
  "cfg_scale": 0.0
}
2025-07-13 21:06:53 - INFO - [server.py:220] - è§£æåçš„çº¦æŸ: {}
2025-07-13 21:06:53 - INFO - [server.py:220] - è§£æåçš„çº¦æŸ: {}
2025-07-13 21:06:53 - INFO - [server.py:225] - ç”Ÿæˆå‰GPUå†…å­˜ä½¿ç”¨: 14.93GB
2025-07-13 21:06:53 - INFO - [server.py:225] - ç”Ÿæˆå‰GPUå†…å­˜ä½¿ç”¨: 14.93GB
2025-07-13 21:06:53 - INFO - [server.py:228] - å‡†å¤‡è¾“å…¥prompt...
2025-07-13 21:06:53 - INFO - [server.py:228] - å‡†å¤‡è¾“å…¥prompt...
2025-07-13 21:06:53 - DEBUG - [server.py:230] - æ ¼å¼åŒ–åçš„chatè¾“å…¥: <|startoftext|><|start_header_id|>user<|end_header_id|>

ä½ å¥½<|eot_id|><|start_header_id|>assistant<|end_header_id|>


2025-07-13 21:06:53 - INFO - [server.py:234] - è¾“å…¥tokenæ•°é‡: 14
2025-07-13 21:06:53 - INFO - [server.py:234] - è¾“å…¥tokenæ•°é‡: 14
2025-07-13 21:06:53 - INFO - [server.py:241] - åºåˆ—æ€»é•¿åº¦: 30, prompté•¿åº¦: 14, ç”Ÿæˆé•¿åº¦: 16
2025-07-13 21:06:53 - INFO - [server.py:241] - åºåˆ—æ€»é•¿åº¦: 30, prompté•¿åº¦: 14, ç”Ÿæˆé•¿åº¦: 16
2025-07-13 21:06:53 - INFO - [server.py:250] - åº”ç”¨çº¦æŸæ•°é‡: 0
2025-07-13 21:06:53 - INFO - [server.py:250] - åº”ç”¨çº¦æŸæ•°é‡: 0
2025-07-13 21:06:53 - INFO - [server.py:270] - å—å¤„ç†é…ç½®: å—é•¿åº¦=16, å—æ•°é‡=1, æ¯å—æ­¥æ•°=8
2025-07-13 21:06:53 - INFO - [server.py:270] - å—å¤„ç†é…ç½®: å—é•¿åº¦=16, å—æ•°é‡=1, æ¯å—æ­¥æ•°=8
2025-07-13 21:06:53 - INFO - [server.py:274] - å¤„ç†ç¬¬ 1/1 å—...
2025-07-13 21:06:53 - INFO - [server.py:274] - å¤„ç†ç¬¬ 1/1 å—...
2025-07-13 21:06:53 - DEBUG - [server.py:289] - å— 1, æ­¥éª¤ 1/8
2025-07-13 21:06:53 - DEBUG - [server.py:289] - å— 1, æ­¥éª¤ 2/8
2025-07-13 21:06:53 - DEBUG - [server.py:289] - å— 1, æ­¥éª¤ 3/8
2025-07-13 21:06:53 - DEBUG - [server.py:289] - å— 1, æ­¥éª¤ 4/8
2025-07-13 21:06:53 - DEBUG - [server.py:289] - å— 1, æ­¥éª¤ 5/8
2025-07-13 21:06:53 - DEBUG - [server.py:289] - å— 1, æ­¥éª¤ 6/8
2025-07-13 21:06:53 - DEBUG - [server.py:289] - å— 1, æ­¥éª¤ 7/8
2025-07-13 21:06:53 - DEBUG - [server.py:289] - å— 1, æ­¥éª¤ 8/8
2025-07-13 21:06:53 - INFO - [server.py:395] - ç”ŸæˆåGPUå†…å­˜ä½¿ç”¨: 15.36GB
2025-07-13 21:06:53 - INFO - [server.py:395] - ç”ŸæˆåGPUå†…å­˜ä½¿ç”¨: 15.36GB
2025-07-13 21:06:53 - INFO - [server.py:397] - ç”Ÿæˆå®Œæˆ!
2025-07-13 21:06:53 - INFO - [server.py:397] - ç”Ÿæˆå®Œæˆ!
2025-07-13 21:06:53 - INFO - [server.py:398] - å“åº”æ–‡æœ¬é•¿åº¦: 17
2025-07-13 21:06:53 - INFO - [server.py:398] - å“åº”æ–‡æœ¬é•¿åº¦: 17
2025-07-13 21:06:53 - INFO - [server.py:399] - å¯è§†åŒ–æ­¥éª¤æ•°: 9
2025-07-13 21:06:53 - INFO - [server.py:399] - å¯è§†åŒ–æ­¥éª¤æ•°: 9
2025-07-13 21:06:53 - INFO - [server.py:400] - ç”Ÿæˆè€—æ—¶: 0.82ç§’
2025-07-13 21:06:53 - INFO - [server.py:400] - ç”Ÿæˆè€—æ—¶: 0.82ç§’
2025-07-13 21:06:53 - DEBUG - [server.py:401] - ç”Ÿæˆçš„å“åº”æ–‡æœ¬: ä½ å¥½ï¼æœ‰ä»€ä¹ˆæˆ‘å¯ä»¥å¯ä»¥å¸®åŠ©ä½ çš„å—ï¼Ÿ
2025-07-13 21:06:53 - INFO - [server.py:402] - ============================================================
2025-07-13 21:06:53 - INFO - [server.py:402] - ============================================================
2025-07-13 21:06:53 - INFO - [server.py:474] - [req_1752412013085] ç”ŸæˆæˆåŠŸ!
2025-07-13 21:06:53 - INFO - [server.py:474] - [req_1752412013085] ç”ŸæˆæˆåŠŸ!
2025-07-13 21:06:53 - INFO - [server.py:475] - [req_1752412013085] å“åº”é•¿åº¦: 17
2025-07-13 21:06:53 - INFO - [server.py:475] - [req_1752412013085] å“åº”é•¿åº¦: 17
2025-07-13 21:06:53 - INFO - [server.py:476] - [req_1752412013085] å¯è§†åŒ–æ­¥éª¤: 9
2025-07-13 21:06:53 - INFO - [server.py:476] - [req_1752412013085] å¯è§†åŒ–æ­¥éª¤: 9
2025-07-13 21:06:53 - INFO - [server.py:477] - [req_1752412013085] æ€»è€—æ—¶: 0.83ç§’
2025-07-13 21:06:53 - INFO - [server.py:477] - [req_1752412013085] æ€»è€—æ—¶: 0.83ç§’
2025-07-13 21:06:53 - DEBUG - [server.py:478] - [req_1752412013085] å“åº”æ–‡æœ¬: ä½ å¥½ï¼æœ‰ä»€ä¹ˆæˆ‘å¯ä»¥å¯ä»¥å¸®åŠ©ä½ çš„å—ï¼Ÿ
2025-07-13 21:06:53 - INFO - [server.py:92] - å‘é€å“åº”: {
  "status_code": 200,
  "content_length": 3111,
  "content_type": "application/json",
  "timestamp": "2025-07-13T21:06:53.912046"
}
2025-07-13 21:06:53 - INFO - [server.py:92] - å‘é€å“åº”: {
  "status_code": 200,
  "content_length": 3111,
  "content_type": "application/json",
  "timestamp": "2025-07-13T21:06:53.912046"
}
2025-07-13 21:06:53 - INFO - [_internal.py:97] - 127.0.0.1 - - [13/Jul/2025 21:06:53] "POST /generate HTTP/1.1" 200 -
2025-07-13 21:06:53 - INFO - [_internal.py:97] - 127.0.0.1 - - [13/Jul/2025 21:06:53] "POST /generate HTTP/1.1" 200 -
2025-07-13 21:06:54 - INFO - [server.py:73] - æ”¶åˆ°è¯·æ±‚: {
  "method": "POST",
  "url": "http://localhost:9000/generate",
  "remote_addr": "127.0.0.1",
  "user_agent": "python-requests/2.31.0",
  "timestamp": "2025-07-13T21:06:54.917168",
  "json_data": {
    "messages": [
      {
        "role": "user",
        "content": "ä»Šå¤©å¤©æ°”æ€ä¹ˆæ ·ï¼Ÿ"
      }
    ],
    "settings": {
      "gen_length": 12,
      "steps": 6,
      "temperature": 0.0,
      "constraints": "0:ä»Šå¤©, 2:å¤©æ°”, 4:å¾ˆå¥½"
    }
  }
}
2025-07-13 21:06:54 - INFO - [server.py:73] - æ”¶åˆ°è¯·æ±‚: {
  "method": "POST",
  "url": "http://localhost:9000/generate",
  "remote_addr": "127.0.0.1",
  "user_agent": "python-requests/2.31.0",
  "timestamp": "2025-07-13T21:06:54.917168",
  "json_data": {
    "messages": [
      {
        "role": "user",
        "content": "ä»Šå¤©å¤©æ°”æ€ä¹ˆæ ·ï¼Ÿ"
      }
    ],
    "settings": {
      "gen_length": 12,
      "steps": 6,
      "temperature": 0.0,
      "constraints": "0:ä»Šå¤©, 2:å¤©æ°”, 4:å¾ˆå¥½"
    }
  }
}
2025-07-13 21:06:54 - INFO - [server.py:443] - [req_1752412014917] æ”¶åˆ°ç”Ÿæˆè¯·æ±‚
2025-07-13 21:06:54 - INFO - [server.py:443] - [req_1752412014917] æ”¶åˆ°ç”Ÿæˆè¯·æ±‚
2025-07-13 21:06:54 - INFO - [server.py:451] - [req_1752412014917] è¯·æ±‚æ•°æ®è¯¦æƒ…:
2025-07-13 21:06:54 - INFO - [server.py:451] - [req_1752412014917] è¯·æ±‚æ•°æ®è¯¦æƒ…:
2025-07-13 21:06:54 - INFO - [server.py:452] - [req_1752412014917] - æ¶ˆæ¯æ•°é‡: 1
2025-07-13 21:06:54 - INFO - [server.py:452] - [req_1752412014917] - æ¶ˆæ¯æ•°é‡: 1
2025-07-13 21:06:54 - INFO - [server.py:453] - [req_1752412014917] - è®¾ç½®å‚æ•°: {
  "gen_length": 12,
  "steps": 6,
  "temperature": 0.0,
  "constraints": "0:ä»Šå¤©, 2:å¤©æ°”, 4:å¾ˆå¥½"
}
2025-07-13 21:06:54 - INFO - [server.py:453] - [req_1752412014917] - è®¾ç½®å‚æ•°: {
  "gen_length": 12,
  "steps": 6,
  "temperature": 0.0,
  "constraints": "0:ä»Šå¤©, 2:å¤©æ°”, 4:å¾ˆå¥½"
}
2025-07-13 21:06:54 - DEBUG - [server.py:454] - [req_1752412014917] - å®Œæ•´æ¶ˆæ¯åˆ—è¡¨: [
  {
    "role": "user",
    "content": "ä»Šå¤©å¤©æ°”æ€ä¹ˆæ ·ï¼Ÿ"
  }
]
2025-07-13 21:06:54 - INFO - [server.py:465] - [req_1752412014917] å¼€å§‹ç”Ÿæˆå“åº”...
2025-07-13 21:06:54 - INFO - [server.py:465] - [req_1752412014917] å¼€å§‹ç”Ÿæˆå“åº”...
2025-07-13 21:06:54 - INFO - [server.py:201] - ============================================================
2025-07-13 21:06:54 - INFO - [server.py:201] - ============================================================
2025-07-13 21:06:54 - INFO - [server.py:202] - å¼€å§‹ç”Ÿæˆå“åº”
2025-07-13 21:06:54 - INFO - [server.py:202] - å¼€å§‹ç”Ÿæˆå“åº”
2025-07-13 21:06:54 - INFO - [server.py:203] - è¾“å…¥æ¶ˆæ¯æ•°é‡: 1
2025-07-13 21:06:54 - INFO - [server.py:203] - è¾“å…¥æ¶ˆæ¯æ•°é‡: 1
2025-07-13 21:06:54 - INFO - [server.py:205] - æ¶ˆæ¯ 1: è§’è‰²=user, å†…å®¹é•¿åº¦=8
2025-07-13 21:06:54 - INFO - [server.py:205] - æ¶ˆæ¯ 1: è§’è‰²=user, å†…å®¹é•¿åº¦=8
2025-07-13 21:06:54 - DEBUG - [server.py:206] - æ¶ˆæ¯ 1 å†…å®¹: ä»Šå¤©å¤©æ°”æ€ä¹ˆæ ·ï¼Ÿ
2025-07-13 21:06:54 - INFO - [server.py:208] - è®¾ç½®å‚æ•°: {
  "gen_length": 12,
  "steps": 6,
  "temperature": 0.0,
  "constraints": "0:ä»Šå¤©, 2:å¤©æ°”, 4:å¾ˆå¥½"
}
2025-07-13 21:06:54 - INFO - [server.py:208] - è®¾ç½®å‚æ•°: {
  "gen_length": 12,
  "steps": 6,
  "temperature": 0.0,
  "constraints": "0:ä»Šå¤©, 2:å¤©æ°”, 4:å¾ˆå¥½"
}
2025-07-13 21:06:54 - INFO - [server.py:220] - è§£æåçš„çº¦æŸ: {0: 'ä»Šå¤©', 2: 'å¤©æ°”', 4: 'å¾ˆå¥½'}
2025-07-13 21:06:54 - INFO - [server.py:220] - è§£æåçš„çº¦æŸ: {0: 'ä»Šå¤©', 2: 'å¤©æ°”', 4: 'å¾ˆå¥½'}
2025-07-13 21:06:54 - INFO - [server.py:225] - ç”Ÿæˆå‰GPUå†…å­˜ä½¿ç”¨: 14.94GB
2025-07-13 21:06:54 - INFO - [server.py:225] - ç”Ÿæˆå‰GPUå†…å­˜ä½¿ç”¨: 14.94GB
2025-07-13 21:06:54 - INFO - [server.py:228] - å‡†å¤‡è¾“å…¥prompt...
2025-07-13 21:06:54 - INFO - [server.py:228] - å‡†å¤‡è¾“å…¥prompt...
2025-07-13 21:06:54 - DEBUG - [server.py:230] - æ ¼å¼åŒ–åçš„chatè¾“å…¥: <|startoftext|><|start_header_id|>user<|end_header_id|>

ä»Šå¤©å¤©æ°”æ€ä¹ˆæ ·ï¼Ÿ<|eot_id|><|start_header_id|>assistant<|end_header_id|>


2025-07-13 21:06:54 - INFO - [server.py:234] - è¾“å…¥tokenæ•°é‡: 17
2025-07-13 21:06:54 - INFO - [server.py:234] - è¾“å…¥tokenæ•°é‡: 17
2025-07-13 21:06:54 - INFO - [server.py:241] - åºåˆ—æ€»é•¿åº¦: 29, prompté•¿åº¦: 17, ç”Ÿæˆé•¿åº¦: 12
2025-07-13 21:06:54 - INFO - [server.py:241] - åºåˆ—æ€»é•¿åº¦: 29, prompté•¿åº¦: 17, ç”Ÿæˆé•¿åº¦: 12
2025-07-13 21:06:54 - INFO - [server.py:250] - åº”ç”¨çº¦æŸæ•°é‡: 5
2025-07-13 21:06:54 - INFO - [server.py:250] - åº”ç”¨çº¦æŸæ•°é‡: 5
2025-07-13 21:06:54 - DEBUG - [server.py:255] - çº¦æŸä½ç½® 0 (ç»å¯¹ä½ç½® 17): token_id=34808
2025-07-13 21:06:54 - DEBUG - [server.py:255] - çº¦æŸä½ç½® 2 (ç»å¯¹ä½ç½® 19): token_id=220
2025-07-13 21:06:54 - DEBUG - [server.py:255] - çº¦æŸä½ç½® 3 (ç»å¯¹ä½ç½® 20): token_id=13092
2025-07-13 21:06:54 - DEBUG - [server.py:255] - çº¦æŸä½ç½® 4 (ç»å¯¹ä½ç½® 21): token_id=220
2025-07-13 21:06:54 - DEBUG - [server.py:255] - çº¦æŸä½ç½® 5 (ç»å¯¹ä½ç½® 22): token_id=9052
2025-07-13 21:06:54 - INFO - [server.py:270] - å—å¤„ç†é…ç½®: å—é•¿åº¦=12, å—æ•°é‡=1, æ¯å—æ­¥æ•°=6
2025-07-13 21:06:54 - INFO - [server.py:270] - å—å¤„ç†é…ç½®: å—é•¿åº¦=12, å—æ•°é‡=1, æ¯å—æ­¥æ•°=6
2025-07-13 21:06:54 - INFO - [server.py:274] - å¤„ç†ç¬¬ 1/1 å—...
2025-07-13 21:06:54 - INFO - [server.py:274] - å¤„ç†ç¬¬ 1/1 å—...
2025-07-13 21:06:54 - DEBUG - [server.py:289] - å— 1, æ­¥éª¤ 1/6
2025-07-13 21:06:54 - DEBUG - [server.py:289] - å— 1, æ­¥éª¤ 2/6
2025-07-13 21:06:55 - DEBUG - [server.py:289] - å— 1, æ­¥éª¤ 3/6
2025-07-13 21:06:55 - DEBUG - [server.py:289] - å— 1, æ­¥éª¤ 4/6
2025-07-13 21:06:55 - DEBUG - [server.py:289] - å— 1, æ­¥éª¤ 5/6
2025-07-13 21:06:55 - DEBUG - [server.py:289] - å— 1, æ­¥éª¤ 6/6
2025-07-13 21:06:55 - INFO - [server.py:395] - ç”ŸæˆåGPUå†…å­˜ä½¿ç”¨: 15.35GB
2025-07-13 21:06:55 - INFO - [server.py:395] - ç”ŸæˆåGPUå†…å­˜ä½¿ç”¨: 15.35GB
2025-07-13 21:06:55 - INFO - [server.py:397] - ç”Ÿæˆå®Œæˆ!
2025-07-13 21:06:55 - INFO - [server.py:397] - ç”Ÿæˆå®Œæˆ!
2025-07-13 21:06:55 - INFO - [server.py:398] - å“åº”æ–‡æœ¬é•¿åº¦: 22
2025-07-13 21:06:55 - INFO - [server.py:398] - å“åº”æ–‡æœ¬é•¿åº¦: 22
2025-07-13 21:06:55 - INFO - [server.py:399] - å¯è§†åŒ–æ­¥éª¤æ•°: 7
2025-07-13 21:06:55 - INFO - [server.py:399] - å¯è§†åŒ–æ­¥éª¤æ•°: 7
2025-07-13 21:06:55 - INFO - [server.py:400] - ç”Ÿæˆè€—æ—¶: 0.37ç§’
2025-07-13 21:06:55 - INFO - [server.py:400] - ç”Ÿæˆè€—æ—¶: 0.37ç§’
2025-07-13 21:06:55 - DEBUG - [server.py:401] - ç”Ÿæˆçš„å“åº”æ–‡æœ¬:  ä»Šå¤© çš„ å¤©æ°” å¾ˆå¥½ï¼Œé˜³å…‰æ˜åªšï¼Œæ°”æ¸©é€‚å®œã€‚
2025-07-13 21:06:55 - INFO - [server.py:402] - ============================================================
2025-07-13 21:06:55 - INFO - [server.py:402] - ============================================================
2025-07-13 21:06:55 - INFO - [server.py:474] - [req_1752412014917] ç”ŸæˆæˆåŠŸ!
2025-07-13 21:06:55 - INFO - [server.py:474] - [req_1752412014917] ç”ŸæˆæˆåŠŸ!
2025-07-13 21:06:55 - INFO - [server.py:475] - [req_1752412014917] å“åº”é•¿åº¦: 22
2025-07-13 21:06:55 - INFO - [server.py:475] - [req_1752412014917] å“åº”é•¿åº¦: 22
2025-07-13 21:06:55 - INFO - [server.py:476] - [req_1752412014917] å¯è§†åŒ–æ­¥éª¤: 7
2025-07-13 21:06:55 - INFO - [server.py:476] - [req_1752412014917] å¯è§†åŒ–æ­¥éª¤: 7
2025-07-13 21:06:55 - INFO - [server.py:477] - [req_1752412014917] æ€»è€—æ—¶: 0.38ç§’
2025-07-13 21:06:55 - INFO - [server.py:477] - [req_1752412014917] æ€»è€—æ—¶: 0.38ç§’
2025-07-13 21:06:55 - DEBUG - [server.py:478] - [req_1752412014917] å“åº”æ–‡æœ¬:  ä»Šå¤© çš„ å¤©æ°” å¾ˆå¥½ï¼Œé˜³å…‰æ˜åªšï¼Œæ°”æ¸©é€‚å®œã€‚
2025-07-13 21:06:55 - INFO - [server.py:92] - å‘é€å“åº”: {
  "status_code": 200,
  "content_length": 2097,
  "content_type": "application/json",
  "timestamp": "2025-07-13T21:06:55.299125"
}
2025-07-13 21:06:55 - INFO - [server.py:92] - å‘é€å“åº”: {
  "status_code": 200,
  "content_length": 2097,
  "content_type": "application/json",
  "timestamp": "2025-07-13T21:06:55.299125"
}
2025-07-13 21:06:55 - INFO - [_internal.py:97] - 127.0.0.1 - - [13/Jul/2025 21:06:55] "POST /generate HTTP/1.1" 200 -
2025-07-13 21:06:55 - INFO - [_internal.py:97] - 127.0.0.1 - - [13/Jul/2025 21:06:55] "POST /generate HTTP/1.1" 200 -
2025-07-13 21:07:03 - INFO - [server.py:73] - æ”¶åˆ°è¯·æ±‚: {
  "method": "GET",
  "url": "http://localhost:9000/health",
  "remote_addr": "127.0.0.1",
  "user_agent": "Mozilla/5.0 (Windows NT 10.0; Win64; x64) AppleWebKit/537.36 (KHTML, like Gecko) Chrome/138.0.0.0 Safari/537.36 Edg/138.0.0.0",
  "timestamp": "2025-07-13T21:07:03.886585"
}
2025-07-13 21:07:03 - INFO - [server.py:73] - æ”¶åˆ°è¯·æ±‚: {
  "method": "GET",
  "url": "http://localhost:9000/health",
  "remote_addr": "127.0.0.1",
  "user_agent": "Mozilla/5.0 (Windows NT 10.0; Win64; x64) AppleWebKit/537.36 (KHTML, like Gecko) Chrome/138.0.0.0 Safari/537.36 Edg/138.0.0.0",
  "timestamp": "2025-07-13T21:07:03.886585"
}
2025-07-13 21:07:03 - INFO - [server.py:92] - å‘é€å“åº”: {
  "status_code": 200,
  "content_length": 37,
  "content_type": "application/json",
  "timestamp": "2025-07-13T21:07:03.887275",
  "response_body": "{\"device\":\"cuda\",\"status\":\"healthy\"}\n"
}
2025-07-13 21:07:03 - INFO - [server.py:92] - å‘é€å“åº”: {
  "status_code": 200,
  "content_length": 37,
  "content_type": "application/json",
  "timestamp": "2025-07-13T21:07:03.887275",
  "response_body": "{\"device\":\"cuda\",\"status\":\"healthy\"}\n"
}
2025-07-13 21:07:03 - INFO - [_internal.py:97] - 127.0.0.1 - - [13/Jul/2025 21:07:03] "GET /health HTTP/1.1" 200 -
2025-07-13 21:07:03 - INFO - [_internal.py:97] - 127.0.0.1 - - [13/Jul/2025 21:07:03] "GET /health HTTP/1.1" 200 -
2025-07-13 21:07:04 - INFO - [server.py:73] - æ”¶åˆ°è¯·æ±‚: {
  "method": "GET",
  "url": "http://localhost:9000/health",
  "remote_addr": "127.0.0.1",
  "user_agent": "Mozilla/5.0 (Windows NT 10.0; Win64; x64) AppleWebKit/537.36 (KHTML, like Gecko) Chrome/138.0.0.0 Safari/537.36 Edg/138.0.0.0",
  "timestamp": "2025-07-13T21:07:04.429438"
}
2025-07-13 21:07:04 - INFO - [server.py:73] - æ”¶åˆ°è¯·æ±‚: {
  "method": "GET",
  "url": "http://localhost:9000/health",
  "remote_addr": "127.0.0.1",
  "user_agent": "Mozilla/5.0 (Windows NT 10.0; Win64; x64) AppleWebKit/537.36 (KHTML, like Gecko) Chrome/138.0.0.0 Safari/537.36 Edg/138.0.0.0",
  "timestamp": "2025-07-13T21:07:04.429438"
}
2025-07-13 21:07:04 - INFO - [server.py:92] - å‘é€å“åº”: {
  "status_code": 200,
  "content_length": 37,
  "content_type": "application/json",
  "timestamp": "2025-07-13T21:07:04.430270",
  "response_body": "{\"device\":\"cuda\",\"status\":\"healthy\"}\n"
}
2025-07-13 21:07:04 - INFO - [server.py:92] - å‘é€å“åº”: {
  "status_code": 200,
  "content_length": 37,
  "content_type": "application/json",
  "timestamp": "2025-07-13T21:07:04.430270",
  "response_body": "{\"device\":\"cuda\",\"status\":\"healthy\"}\n"
}
2025-07-13 21:07:04 - INFO - [_internal.py:97] - 127.0.0.1 - - [13/Jul/2025 21:07:04] "GET /health HTTP/1.1" 200 -
2025-07-13 21:07:04 - INFO - [_internal.py:97] - 127.0.0.1 - - [13/Jul/2025 21:07:04] "GET /health HTTP/1.1" 200 -
2025-07-13 21:07:28 - INFO - [server.py:73] - æ”¶åˆ°è¯·æ±‚: {
  "method": "OPTIONS",
  "url": "http://localhost:9000/generate",
  "remote_addr": "127.0.0.1",
  "user_agent": "Mozilla/5.0 (Windows NT 10.0; Win64; x64) AppleWebKit/537.36 (KHTML, like Gecko) Chrome/138.0.0.0 Safari/537.36 Edg/138.0.0.0",
  "timestamp": "2025-07-13T21:07:28.746793"
}
2025-07-13 21:07:28 - INFO - [server.py:73] - æ”¶åˆ°è¯·æ±‚: {
  "method": "OPTIONS",
  "url": "http://localhost:9000/generate",
  "remote_addr": "127.0.0.1",
  "user_agent": "Mozilla/5.0 (Windows NT 10.0; Win64; x64) AppleWebKit/537.36 (KHTML, like Gecko) Chrome/138.0.0.0 Safari/537.36 Edg/138.0.0.0",
  "timestamp": "2025-07-13T21:07:28.746793"
}
2025-07-13 21:07:28 - INFO - [server.py:92] - å‘é€å“åº”: {
  "status_code": 200,
  "content_length": null,
  "content_type": "text/html; charset=utf-8",
  "timestamp": "2025-07-13T21:07:28.747327"
}
2025-07-13 21:07:28 - INFO - [server.py:92] - å‘é€å“åº”: {
  "status_code": 200,
  "content_length": null,
  "content_type": "text/html; charset=utf-8",
  "timestamp": "2025-07-13T21:07:28.747327"
}
2025-07-13 21:07:28 - INFO - [_internal.py:97] - 127.0.0.1 - - [13/Jul/2025 21:07:28] "OPTIONS /generate HTTP/1.1" 200 -
2025-07-13 21:07:28 - INFO - [_internal.py:97] - 127.0.0.1 - - [13/Jul/2025 21:07:28] "OPTIONS /generate HTTP/1.1" 200 -
2025-07-13 21:07:29 - INFO - [server.py:73] - æ”¶åˆ°è¯·æ±‚: {
  "method": "POST",
  "url": "http://localhost:9000/generate",
  "remote_addr": "127.0.0.1",
  "user_agent": "Mozilla/5.0 (Windows NT 10.0; Win64; x64) AppleWebKit/537.36 (KHTML, like Gecko) Chrome/138.0.0.0 Safari/537.36 Edg/138.0.0.0",
  "timestamp": "2025-07-13T21:07:29.475865",
  "json_data": {
    "messages": [
      {
        "role": "user",
        "content": "ä½ å¥½"
      }
    ],
    "settings": {
      "temperature": 0.7,
      "top_p": 0.95,
      "gen_length": 64,
      "num_beams": 4,
      "steps": 32,
      "cfg_scale": 1,
      "constraints": ""
    }
  }
}
2025-07-13 21:07:29 - INFO - [server.py:73] - æ”¶åˆ°è¯·æ±‚: {
  "method": "POST",
  "url": "http://localhost:9000/generate",
  "remote_addr": "127.0.0.1",
  "user_agent": "Mozilla/5.0 (Windows NT 10.0; Win64; x64) AppleWebKit/537.36 (KHTML, like Gecko) Chrome/138.0.0.0 Safari/537.36 Edg/138.0.0.0",
  "timestamp": "2025-07-13T21:07:29.475865",
  "json_data": {
    "messages": [
      {
        "role": "user",
        "content": "ä½ å¥½"
      }
    ],
    "settings": {
      "temperature": 0.7,
      "top_p": 0.95,
      "gen_length": 64,
      "num_beams": 4,
      "steps": 32,
      "cfg_scale": 1,
      "constraints": ""
    }
  }
}
2025-07-13 21:07:29 - INFO - [server.py:443] - [req_1752412049476] æ”¶åˆ°ç”Ÿæˆè¯·æ±‚
2025-07-13 21:07:29 - INFO - [server.py:443] - [req_1752412049476] æ”¶åˆ°ç”Ÿæˆè¯·æ±‚
2025-07-13 21:07:29 - INFO - [server.py:451] - [req_1752412049476] è¯·æ±‚æ•°æ®è¯¦æƒ…:
2025-07-13 21:07:29 - INFO - [server.py:451] - [req_1752412049476] è¯·æ±‚æ•°æ®è¯¦æƒ…:
2025-07-13 21:07:29 - INFO - [server.py:452] - [req_1752412049476] - æ¶ˆæ¯æ•°é‡: 1
2025-07-13 21:07:29 - INFO - [server.py:452] - [req_1752412049476] - æ¶ˆæ¯æ•°é‡: 1
2025-07-13 21:07:29 - INFO - [server.py:453] - [req_1752412049476] - è®¾ç½®å‚æ•°: {
  "temperature": 0.7,
  "top_p": 0.95,
  "gen_length": 64,
  "num_beams": 4,
  "steps": 32,
  "cfg_scale": 1,
  "constraints": ""
}
2025-07-13 21:07:29 - INFO - [server.py:453] - [req_1752412049476] - è®¾ç½®å‚æ•°: {
  "temperature": 0.7,
  "top_p": 0.95,
  "gen_length": 64,
  "num_beams": 4,
  "steps": 32,
  "cfg_scale": 1,
  "constraints": ""
}
2025-07-13 21:07:29 - DEBUG - [server.py:454] - [req_1752412049476] - å®Œæ•´æ¶ˆæ¯åˆ—è¡¨: [
  {
    "role": "user",
    "content": "ä½ å¥½"
  }
]
2025-07-13 21:07:29 - INFO - [server.py:465] - [req_1752412049476] å¼€å§‹ç”Ÿæˆå“åº”...
2025-07-13 21:07:29 - INFO - [server.py:465] - [req_1752412049476] å¼€å§‹ç”Ÿæˆå“åº”...
2025-07-13 21:07:29 - INFO - [server.py:201] - ============================================================
2025-07-13 21:07:29 - INFO - [server.py:201] - ============================================================
2025-07-13 21:07:29 - INFO - [server.py:202] - å¼€å§‹ç”Ÿæˆå“åº”
2025-07-13 21:07:29 - INFO - [server.py:202] - å¼€å§‹ç”Ÿæˆå“åº”
2025-07-13 21:07:29 - INFO - [server.py:203] - è¾“å…¥æ¶ˆæ¯æ•°é‡: 1
2025-07-13 21:07:29 - INFO - [server.py:203] - è¾“å…¥æ¶ˆæ¯æ•°é‡: 1
2025-07-13 21:07:29 - INFO - [server.py:205] - æ¶ˆæ¯ 1: è§’è‰²=user, å†…å®¹é•¿åº¦=2
2025-07-13 21:07:29 - INFO - [server.py:205] - æ¶ˆæ¯ 1: è§’è‰²=user, å†…å®¹é•¿åº¦=2
2025-07-13 21:07:29 - DEBUG - [server.py:206] - æ¶ˆæ¯ 1 å†…å®¹: ä½ å¥½
2025-07-13 21:07:29 - INFO - [server.py:208] - è®¾ç½®å‚æ•°: {
  "temperature": 0.7,
  "top_p": 0.95,
  "gen_length": 64,
  "num_beams": 4,
  "steps": 32,
  "cfg_scale": 1,
  "constraints": ""
}
2025-07-13 21:07:29 - INFO - [server.py:208] - è®¾ç½®å‚æ•°: {
  "temperature": 0.7,
  "top_p": 0.95,
  "gen_length": 64,
  "num_beams": 4,
  "steps": 32,
  "cfg_scale": 1,
  "constraints": ""
}
2025-07-13 21:07:29 - INFO - [server.py:220] - è§£æåçš„çº¦æŸ: {}
2025-07-13 21:07:29 - INFO - [server.py:220] - è§£æåçš„çº¦æŸ: {}
2025-07-13 21:07:29 - INFO - [server.py:225] - ç”Ÿæˆå‰GPUå†…å­˜ä½¿ç”¨: 14.94GB
2025-07-13 21:07:29 - INFO - [server.py:225] - ç”Ÿæˆå‰GPUå†…å­˜ä½¿ç”¨: 14.94GB
2025-07-13 21:07:29 - INFO - [server.py:228] - å‡†å¤‡è¾“å…¥prompt...
2025-07-13 21:07:29 - INFO - [server.py:228] - å‡†å¤‡è¾“å…¥prompt...
2025-07-13 21:07:29 - DEBUG - [server.py:230] - æ ¼å¼åŒ–åçš„chatè¾“å…¥: <|startoftext|><|start_header_id|>user<|end_header_id|>

ä½ å¥½<|eot_id|><|start_header_id|>assistant<|end_header_id|>


2025-07-13 21:07:29 - INFO - [server.py:234] - è¾“å…¥tokenæ•°é‡: 14
2025-07-13 21:07:29 - INFO - [server.py:234] - è¾“å…¥tokenæ•°é‡: 14
2025-07-13 21:07:29 - INFO - [server.py:241] - åºåˆ—æ€»é•¿åº¦: 78, prompté•¿åº¦: 14, ç”Ÿæˆé•¿åº¦: 64
2025-07-13 21:07:29 - INFO - [server.py:241] - åºåˆ—æ€»é•¿åº¦: 78, prompté•¿åº¦: 14, ç”Ÿæˆé•¿åº¦: 64
2025-07-13 21:07:29 - INFO - [server.py:250] - åº”ç”¨çº¦æŸæ•°é‡: 0
2025-07-13 21:07:29 - INFO - [server.py:250] - åº”ç”¨çº¦æŸæ•°é‡: 0
2025-07-13 21:07:29 - INFO - [server.py:270] - å—å¤„ç†é…ç½®: å—é•¿åº¦=32, å—æ•°é‡=2, æ¯å—æ­¥æ•°=16
2025-07-13 21:07:29 - INFO - [server.py:270] - å—å¤„ç†é…ç½®: å—é•¿åº¦=32, å—æ•°é‡=2, æ¯å—æ­¥æ•°=16
2025-07-13 21:07:29 - INFO - [server.py:274] - å¤„ç†ç¬¬ 1/2 å—...
2025-07-13 21:07:29 - INFO - [server.py:274] - å¤„ç†ç¬¬ 1/2 å—...
2025-07-13 21:07:29 - DEBUG - [server.py:289] - å— 1, æ­¥éª¤ 1/16
2025-07-13 21:07:29 - DEBUG - [server.py:289] - å— 1, æ­¥éª¤ 2/16
2025-07-13 21:07:29 - DEBUG - [server.py:289] - å— 1, æ­¥éª¤ 3/16
2025-07-13 21:07:29 - DEBUG - [server.py:289] - å— 1, æ­¥éª¤ 4/16
2025-07-13 21:07:29 - DEBUG - [server.py:289] - å— 1, æ­¥éª¤ 5/16
2025-07-13 21:07:29 - DEBUG - [server.py:289] - å— 1, æ­¥éª¤ 6/16
2025-07-13 21:07:29 - DEBUG - [server.py:289] - å— 1, æ­¥éª¤ 7/16
2025-07-13 21:07:30 - DEBUG - [server.py:289] - å— 1, æ­¥éª¤ 8/16
2025-07-13 21:07:30 - DEBUG - [server.py:289] - å— 1, æ­¥éª¤ 9/16
2025-07-13 21:07:30 - DEBUG - [server.py:289] - å— 1, æ­¥éª¤ 10/16
2025-07-13 21:07:30 - DEBUG - [server.py:289] - å— 1, æ­¥éª¤ 11/16
2025-07-13 21:07:30 - DEBUG - [server.py:289] - å— 1, æ­¥éª¤ 12/16
2025-07-13 21:07:30 - DEBUG - [server.py:289] - å— 1, æ­¥éª¤ 13/16
2025-07-13 21:07:30 - DEBUG - [server.py:289] - å— 1, æ­¥éª¤ 14/16
2025-07-13 21:07:30 - DEBUG - [server.py:289] - å— 1, æ­¥éª¤ 15/16
2025-07-13 21:07:30 - DEBUG - [server.py:289] - å— 1, æ­¥éª¤ 16/16
2025-07-13 21:07:30 - INFO - [server.py:274] - å¤„ç†ç¬¬ 2/2 å—...
2025-07-13 21:07:30 - INFO - [server.py:274] - å¤„ç†ç¬¬ 2/2 å—...
2025-07-13 21:07:30 - DEBUG - [server.py:289] - å— 2, æ­¥éª¤ 1/16
2025-07-13 21:07:30 - DEBUG - [server.py:289] - å— 2, æ­¥éª¤ 2/16
2025-07-13 21:07:30 - DEBUG - [server.py:289] - å— 2, æ­¥éª¤ 3/16
2025-07-13 21:07:30 - DEBUG - [server.py:289] - å— 2, æ­¥éª¤ 4/16
2025-07-13 21:07:30 - DEBUG - [server.py:289] - å— 2, æ­¥éª¤ 5/16
2025-07-13 21:07:30 - DEBUG - [server.py:289] - å— 2, æ­¥éª¤ 6/16
2025-07-13 21:07:31 - DEBUG - [server.py:289] - å— 2, æ­¥éª¤ 7/16
2025-07-13 21:07:31 - DEBUG - [server.py:289] - å— 2, æ­¥éª¤ 8/16
2025-07-13 21:07:31 - DEBUG - [server.py:289] - å— 2, æ­¥éª¤ 9/16
2025-07-13 21:07:31 - DEBUG - [server.py:289] - å— 2, æ­¥éª¤ 10/16
2025-07-13 21:07:31 - DEBUG - [server.py:289] - å— 2, æ­¥éª¤ 11/16
2025-07-13 21:07:31 - DEBUG - [server.py:289] - å— 2, æ­¥éª¤ 12/16
2025-07-13 21:07:31 - DEBUG - [server.py:289] - å— 2, æ­¥éª¤ 13/16
2025-07-13 21:07:31 - DEBUG - [server.py:289] - å— 2, æ­¥éª¤ 14/16
2025-07-13 21:07:31 - DEBUG - [server.py:289] - å— 2, æ­¥éª¤ 15/16
2025-07-13 21:07:31 - DEBUG - [server.py:289] - å— 2, æ­¥éª¤ 16/16
2025-07-13 21:07:31 - INFO - [server.py:395] - ç”ŸæˆåGPUå†…å­˜ä½¿ç”¨: 17.25GB
2025-07-13 21:07:31 - INFO - [server.py:395] - ç”ŸæˆåGPUå†…å­˜ä½¿ç”¨: 17.25GB
2025-07-13 21:07:31 - INFO - [server.py:397] - ç”Ÿæˆå®Œæˆ!
2025-07-13 21:07:31 - INFO - [server.py:397] - ç”Ÿæˆå®Œæˆ!
2025-07-13 21:07:31 - INFO - [server.py:398] - å“åº”æ–‡æœ¬é•¿åº¦: 17
2025-07-13 21:07:31 - INFO - [server.py:398] - å“åº”æ–‡æœ¬é•¿åº¦: 17
2025-07-13 21:07:31 - INFO - [server.py:399] - å¯è§†åŒ–æ­¥éª¤æ•°: 33
2025-07-13 21:07:31 - INFO - [server.py:399] - å¯è§†åŒ–æ­¥éª¤æ•°: 33
2025-07-13 21:07:31 - INFO - [server.py:400] - ç”Ÿæˆè€—æ—¶: 2.13ç§’
2025-07-13 21:07:31 - INFO - [server.py:400] - ç”Ÿæˆè€—æ—¶: 2.13ç§’
2025-07-13 21:07:31 - DEBUG - [server.py:401] - ç”Ÿæˆçš„å“åº”æ–‡æœ¬: ä½ å¥½ï¼æœ‰ä»€ä¹ˆæœ‰ä»€ä¹ˆå¯ä»¥å¸®åŠ©ä½ çš„å—ï¼Ÿ
2025-07-13 21:07:31 - INFO - [server.py:402] - ============================================================
2025-07-13 21:07:31 - INFO - [server.py:402] - ============================================================
2025-07-13 21:07:31 - INFO - [server.py:474] - [req_1752412049476] ç”ŸæˆæˆåŠŸ!
2025-07-13 21:07:31 - INFO - [server.py:474] - [req_1752412049476] ç”ŸæˆæˆåŠŸ!
2025-07-13 21:07:31 - INFO - [server.py:475] - [req_1752412049476] å“åº”é•¿åº¦: 17
2025-07-13 21:07:31 - INFO - [server.py:475] - [req_1752412049476] å“åº”é•¿åº¦: 17
2025-07-13 21:07:31 - INFO - [server.py:476] - [req_1752412049476] å¯è§†åŒ–æ­¥éª¤: 33
2025-07-13 21:07:31 - INFO - [server.py:476] - [req_1752412049476] å¯è§†åŒ–æ­¥éª¤: 33
2025-07-13 21:07:31 - INFO - [server.py:477] - [req_1752412049476] æ€»è€—æ—¶: 2.13ç§’
2025-07-13 21:07:31 - INFO - [server.py:477] - [req_1752412049476] æ€»è€—æ—¶: 2.13ç§’
2025-07-13 21:07:31 - DEBUG - [server.py:478] - [req_1752412049476] å“åº”æ–‡æœ¬: ä½ å¥½ï¼æœ‰ä»€ä¹ˆæœ‰ä»€ä¹ˆå¯ä»¥å¸®åŠ©ä½ çš„å—ï¼Ÿ
2025-07-13 21:07:31 - INFO - [server.py:92] - å‘é€å“åº”: {
  "status_code": 200,
  "content_length": 40365,
  "content_type": "application/json",
  "timestamp": "2025-07-13T21:07:31.610547"
}
2025-07-13 21:07:31 - INFO - [server.py:92] - å‘é€å“åº”: {
  "status_code": 200,
  "content_length": 40365,
  "content_type": "application/json",
  "timestamp": "2025-07-13T21:07:31.610547"
}
2025-07-13 21:07:31 - INFO - [_internal.py:97] - 127.0.0.1 - - [13/Jul/2025 21:07:31] "POST /generate HTTP/1.1" 200 -
2025-07-13 21:07:31 - INFO - [_internal.py:97] - 127.0.0.1 - - [13/Jul/2025 21:07:31] "POST /generate HTTP/1.1" 200 -
2025-07-13 21:07:33 - INFO - [server.py:73] - æ”¶åˆ°è¯·æ±‚: {
  "method": "GET",
  "url": "http://localhost:9000/health",
  "remote_addr": "127.0.0.1",
  "user_agent": "Mozilla/5.0 (Windows NT 10.0; Win64; x64) AppleWebKit/537.36 (KHTML, like Gecko) Chrome/138.0.0.0 Safari/537.36 Edg/138.0.0.0",
  "timestamp": "2025-07-13T21:07:33.789848"
}
2025-07-13 21:07:33 - INFO - [server.py:73] - æ”¶åˆ°è¯·æ±‚: {
  "method": "GET",
  "url": "http://localhost:9000/health",
  "remote_addr": "127.0.0.1",
  "user_agent": "Mozilla/5.0 (Windows NT 10.0; Win64; x64) AppleWebKit/537.36 (KHTML, like Gecko) Chrome/138.0.0.0 Safari/537.36 Edg/138.0.0.0",
  "timestamp": "2025-07-13T21:07:33.789848"
}
2025-07-13 21:07:33 - INFO - [server.py:92] - å‘é€å“åº”: {
  "status_code": 200,
  "content_length": 37,
  "content_type": "application/json",
  "timestamp": "2025-07-13T21:07:33.790281",
  "response_body": "{\"device\":\"cuda\",\"status\":\"healthy\"}\n"
}
2025-07-13 21:07:33 - INFO - [server.py:92] - å‘é€å“åº”: {
  "status_code": 200,
  "content_length": 37,
  "content_type": "application/json",
  "timestamp": "2025-07-13T21:07:33.790281",
  "response_body": "{\"device\":\"cuda\",\"status\":\"healthy\"}\n"
}
2025-07-13 21:07:33 - INFO - [_internal.py:97] - 127.0.0.1 - - [13/Jul/2025 21:07:33] "GET /health HTTP/1.1" 200 -
2025-07-13 21:07:33 - INFO - [_internal.py:97] - 127.0.0.1 - - [13/Jul/2025 21:07:33] "GET /health HTTP/1.1" 200 -
2025-07-13 21:07:51 - INFO - [server.py:73] - æ”¶åˆ°è¯·æ±‚: {
  "method": "OPTIONS",
  "url": "http://localhost:9000/generate",
  "remote_addr": "127.0.0.1",
  "user_agent": "Mozilla/5.0 (Windows NT 10.0; Win64; x64) AppleWebKit/537.36 (KHTML, like Gecko) Chrome/138.0.0.0 Safari/537.36 Edg/138.0.0.0",
  "timestamp": "2025-07-13T21:07:51.929234"
}
2025-07-13 21:07:51 - INFO - [server.py:73] - æ”¶åˆ°è¯·æ±‚: {
  "method": "OPTIONS",
  "url": "http://localhost:9000/generate",
  "remote_addr": "127.0.0.1",
  "user_agent": "Mozilla/5.0 (Windows NT 10.0; Win64; x64) AppleWebKit/537.36 (KHTML, like Gecko) Chrome/138.0.0.0 Safari/537.36 Edg/138.0.0.0",
  "timestamp": "2025-07-13T21:07:51.929234"
}
2025-07-13 21:07:51 - INFO - [server.py:92] - å‘é€å“åº”: {
  "status_code": 200,
  "content_length": null,
  "content_type": "text/html; charset=utf-8",
  "timestamp": "2025-07-13T21:07:51.929825"
}
2025-07-13 21:07:51 - INFO - [server.py:92] - å‘é€å“åº”: {
  "status_code": 200,
  "content_length": null,
  "content_type": "text/html; charset=utf-8",
  "timestamp": "2025-07-13T21:07:51.929825"
}
2025-07-13 21:07:51 - INFO - [_internal.py:97] - 127.0.0.1 - - [13/Jul/2025 21:07:51] "OPTIONS /generate HTTP/1.1" 200 -
2025-07-13 21:07:51 - INFO - [_internal.py:97] - 127.0.0.1 - - [13/Jul/2025 21:07:51] "OPTIONS /generate HTTP/1.1" 200 -
2025-07-13 21:07:52 - INFO - [server.py:73] - æ”¶åˆ°è¯·æ±‚: {
  "method": "POST",
  "url": "http://localhost:9000/generate",
  "remote_addr": "127.0.0.1",
  "user_agent": "Mozilla/5.0 (Windows NT 10.0; Win64; x64) AppleWebKit/537.36 (KHTML, like Gecko) Chrome/138.0.0.0 Safari/537.36 Edg/138.0.0.0",
  "timestamp": "2025-07-13T21:07:52.642727",
  "json_data": {
    "messages": [
      {
        "role": "user",
        "content": "ä½ å¥½"
      },
      {
        "role": "assistant",
        "content": "ä½ å¥½ï¼æœ‰ä»€ä¹ˆæœ‰ä»€ä¹ˆå¯ä»¥å¸®åŠ©ä½ çš„å—ï¼Ÿ"
      },
      {
        "role": "user",
        "content": "What's YOLO"
      }
    ],
    "settings": {
      "temperature": 0.7,
      "top_p": 0.95,
      "gen_length": 64,
      "num_beams": 4,
      "steps": 32,
      "cfg_scale": 1,
      "constraints": "0:YOLO, 7:great"
    }
  }
}
2025-07-13 21:07:52 - INFO - [server.py:73] - æ”¶åˆ°è¯·æ±‚: {
  "method": "POST",
  "url": "http://localhost:9000/generate",
  "remote_addr": "127.0.0.1",
  "user_agent": "Mozilla/5.0 (Windows NT 10.0; Win64; x64) AppleWebKit/537.36 (KHTML, like Gecko) Chrome/138.0.0.0 Safari/537.36 Edg/138.0.0.0",
  "timestamp": "2025-07-13T21:07:52.642727",
  "json_data": {
    "messages": [
      {
        "role": "user",
        "content": "ä½ å¥½"
      },
      {
        "role": "assistant",
        "content": "ä½ å¥½ï¼æœ‰ä»€ä¹ˆæœ‰ä»€ä¹ˆå¯ä»¥å¸®åŠ©ä½ çš„å—ï¼Ÿ"
      },
      {
        "role": "user",
        "content": "What's YOLO"
      }
    ],
    "settings": {
      "temperature": 0.7,
      "top_p": 0.95,
      "gen_length": 64,
      "num_beams": 4,
      "steps": 32,
      "cfg_scale": 1,
      "constraints": "0:YOLO, 7:great"
    }
  }
}
2025-07-13 21:07:52 - INFO - [server.py:443] - [req_1752412072643] æ”¶åˆ°ç”Ÿæˆè¯·æ±‚
2025-07-13 21:07:52 - INFO - [server.py:443] - [req_1752412072643] æ”¶åˆ°ç”Ÿæˆè¯·æ±‚
2025-07-13 21:07:52 - INFO - [server.py:451] - [req_1752412072643] è¯·æ±‚æ•°æ®è¯¦æƒ…:
2025-07-13 21:07:52 - INFO - [server.py:451] - [req_1752412072643] è¯·æ±‚æ•°æ®è¯¦æƒ…:
2025-07-13 21:07:52 - INFO - [server.py:452] - [req_1752412072643] - æ¶ˆæ¯æ•°é‡: 3
2025-07-13 21:07:52 - INFO - [server.py:452] - [req_1752412072643] - æ¶ˆæ¯æ•°é‡: 3
2025-07-13 21:07:52 - INFO - [server.py:453] - [req_1752412072643] - è®¾ç½®å‚æ•°: {
  "temperature": 0.7,
  "top_p": 0.95,
  "gen_length": 64,
  "num_beams": 4,
  "steps": 32,
  "cfg_scale": 1,
  "constraints": "0:YOLO, 7:great"
}
2025-07-13 21:07:52 - INFO - [server.py:453] - [req_1752412072643] - è®¾ç½®å‚æ•°: {
  "temperature": 0.7,
  "top_p": 0.95,
  "gen_length": 64,
  "num_beams": 4,
  "steps": 32,
  "cfg_scale": 1,
  "constraints": "0:YOLO, 7:great"
}
2025-07-13 21:07:52 - DEBUG - [server.py:454] - [req_1752412072643] - å®Œæ•´æ¶ˆæ¯åˆ—è¡¨: [
  {
    "role": "user",
    "content": "ä½ å¥½"
  },
  {
    "role": "assistant",
    "content": "ä½ å¥½ï¼æœ‰ä»€ä¹ˆæœ‰ä»€ä¹ˆå¯ä»¥å¸®åŠ©ä½ çš„å—ï¼Ÿ"
  },
  {
    "role": "user",
    "content": "What's YOLO"
  }
]
2025-07-13 21:07:52 - INFO - [server.py:465] - [req_1752412072643] å¼€å§‹ç”Ÿæˆå“åº”...
2025-07-13 21:07:52 - INFO - [server.py:465] - [req_1752412072643] å¼€å§‹ç”Ÿæˆå“åº”...
2025-07-13 21:07:52 - INFO - [server.py:201] - ============================================================
2025-07-13 21:07:52 - INFO - [server.py:201] - ============================================================
2025-07-13 21:07:52 - INFO - [server.py:202] - å¼€å§‹ç”Ÿæˆå“åº”
2025-07-13 21:07:52 - INFO - [server.py:202] - å¼€å§‹ç”Ÿæˆå“åº”
2025-07-13 21:07:52 - INFO - [server.py:203] - è¾“å…¥æ¶ˆæ¯æ•°é‡: 3
2025-07-13 21:07:52 - INFO - [server.py:203] - è¾“å…¥æ¶ˆæ¯æ•°é‡: 3
2025-07-13 21:07:52 - INFO - [server.py:205] - æ¶ˆæ¯ 1: è§’è‰²=user, å†…å®¹é•¿åº¦=2
2025-07-13 21:07:52 - INFO - [server.py:205] - æ¶ˆæ¯ 1: è§’è‰²=user, å†…å®¹é•¿åº¦=2
2025-07-13 21:07:52 - DEBUG - [server.py:206] - æ¶ˆæ¯ 1 å†…å®¹: ä½ å¥½
2025-07-13 21:07:52 - INFO - [server.py:205] - æ¶ˆæ¯ 2: è§’è‰²=assistant, å†…å®¹é•¿åº¦=17
2025-07-13 21:07:52 - INFO - [server.py:205] - æ¶ˆæ¯ 2: è§’è‰²=assistant, å†…å®¹é•¿åº¦=17
2025-07-13 21:07:52 - DEBUG - [server.py:206] - æ¶ˆæ¯ 2 å†…å®¹: ä½ å¥½ï¼æœ‰ä»€ä¹ˆæœ‰ä»€ä¹ˆå¯ä»¥å¸®åŠ©ä½ çš„å—ï¼Ÿ
2025-07-13 21:07:52 - INFO - [server.py:205] - æ¶ˆæ¯ 3: è§’è‰²=user, å†…å®¹é•¿åº¦=11
2025-07-13 21:07:52 - INFO - [server.py:205] - æ¶ˆæ¯ 3: è§’è‰²=user, å†…å®¹é•¿åº¦=11
2025-07-13 21:07:52 - DEBUG - [server.py:206] - æ¶ˆæ¯ 3 å†…å®¹: What's YOLO
2025-07-13 21:07:52 - INFO - [server.py:208] - è®¾ç½®å‚æ•°: {
  "temperature": 0.7,
  "top_p": 0.95,
  "gen_length": 64,
  "num_beams": 4,
  "steps": 32,
  "cfg_scale": 1,
  "constraints": "0:YOLO, 7:great"
}
2025-07-13 21:07:52 - INFO - [server.py:208] - è®¾ç½®å‚æ•°: {
  "temperature": 0.7,
  "top_p": 0.95,
  "gen_length": 64,
  "num_beams": 4,
  "steps": 32,
  "cfg_scale": 1,
  "constraints": "0:YOLO, 7:great"
}
2025-07-13 21:07:52 - INFO - [server.py:220] - è§£æåçš„çº¦æŸ: {0: 'YOLO', 7: 'great'}
2025-07-13 21:07:52 - INFO - [server.py:220] - è§£æåçš„çº¦æŸ: {0: 'YOLO', 7: 'great'}
2025-07-13 21:07:52 - INFO - [server.py:225] - ç”Ÿæˆå‰GPUå†…å­˜ä½¿ç”¨: 14.94GB
2025-07-13 21:07:52 - INFO - [server.py:225] - ç”Ÿæˆå‰GPUå†…å­˜ä½¿ç”¨: 14.94GB
2025-07-13 21:07:52 - INFO - [server.py:228] - å‡†å¤‡è¾“å…¥prompt...
2025-07-13 21:07:52 - INFO - [server.py:228] - å‡†å¤‡è¾“å…¥prompt...
2025-07-13 21:07:52 - DEBUG - [server.py:230] - æ ¼å¼åŒ–åçš„chatè¾“å…¥: <|startoftext|><|start_header_id|>user<|end_header_id|>

ä½ å¥½<|eot_id|><|start_header_id|>assistant<|end_header_id|>

ä½ å¥½ï¼æœ‰ä»€ä¹ˆæœ‰ä»€ä¹ˆå¯ä»¥å¸®åŠ©ä½ çš„å—ï¼Ÿ<|eot_id|><|start_header_id|>user<|end_header_id|>

What's YOLO<|eot_id|><|start_header_id|>assistant<|end_header_id|>


2025-07-13 21:07:52 - INFO - [server.py:234] - è¾“å…¥tokenæ•°é‡: 39
2025-07-13 21:07:52 - INFO - [server.py:234] - è¾“å…¥tokenæ•°é‡: 39
2025-07-13 21:07:52 - INFO - [server.py:241] - åºåˆ—æ€»é•¿åº¦: 103, prompté•¿åº¦: 39, ç”Ÿæˆé•¿åº¦: 64
2025-07-13 21:07:52 - INFO - [server.py:241] - åºåˆ—æ€»é•¿åº¦: 103, prompté•¿åº¦: 39, ç”Ÿæˆé•¿åº¦: 64
2025-07-13 21:07:52 - INFO - [server.py:250] - åº”ç”¨çº¦æŸæ•°é‡: 3
2025-07-13 21:07:52 - INFO - [server.py:250] - åº”ç”¨çº¦æŸæ•°é‡: 3
2025-07-13 21:07:52 - DEBUG - [server.py:255] - çº¦æŸä½ç½® 0 (ç»å¯¹ä½ç½® 39): token_id=100891
2025-07-13 21:07:52 - DEBUG - [server.py:255] - çº¦æŸä½ç½® 1 (ç»å¯¹ä½ç½® 40): token_id=3251
2025-07-13 21:07:52 - DEBUG - [server.py:255] - çº¦æŸä½ç½® 7 (ç»å¯¹ä½ç½® 46): token_id=1612
2025-07-13 21:07:52 - INFO - [server.py:270] - å—å¤„ç†é…ç½®: å—é•¿åº¦=32, å—æ•°é‡=2, æ¯å—æ­¥æ•°=16
2025-07-13 21:07:52 - INFO - [server.py:270] - å—å¤„ç†é…ç½®: å—é•¿åº¦=32, å—æ•°é‡=2, æ¯å—æ­¥æ•°=16
2025-07-13 21:07:52 - INFO - [server.py:274] - å¤„ç†ç¬¬ 1/2 å—...
2025-07-13 21:07:52 - INFO - [server.py:274] - å¤„ç†ç¬¬ 1/2 å—...
2025-07-13 21:07:52 - DEBUG - [server.py:289] - å— 1, æ­¥éª¤ 1/16
2025-07-13 21:07:52 - DEBUG - [server.py:289] - å— 1, æ­¥éª¤ 2/16
2025-07-13 21:07:52 - DEBUG - [server.py:289] - å— 1, æ­¥éª¤ 3/16
2025-07-13 21:07:52 - DEBUG - [server.py:289] - å— 1, æ­¥éª¤ 4/16
2025-07-13 21:07:52 - DEBUG - [server.py:289] - å— 1, æ­¥éª¤ 5/16
2025-07-13 21:07:53 - DEBUG - [server.py:289] - å— 1, æ­¥éª¤ 6/16
2025-07-13 21:07:53 - DEBUG - [server.py:289] - å— 1, æ­¥éª¤ 7/16
2025-07-13 21:07:53 - DEBUG - [server.py:289] - å— 1, æ­¥éª¤ 8/16
2025-07-13 21:07:53 - DEBUG - [server.py:289] - å— 1, æ­¥éª¤ 9/16
2025-07-13 21:07:53 - DEBUG - [server.py:289] - å— 1, æ­¥éª¤ 10/16
2025-07-13 21:07:53 - DEBUG - [server.py:289] - å— 1, æ­¥éª¤ 11/16
2025-07-13 21:07:53 - DEBUG - [server.py:289] - å— 1, æ­¥éª¤ 12/16
2025-07-13 21:07:53 - DEBUG - [server.py:289] - å— 1, æ­¥éª¤ 13/16
2025-07-13 21:07:53 - DEBUG - [server.py:289] - å— 1, æ­¥éª¤ 14/16
2025-07-13 21:07:53 - DEBUG - [server.py:289] - å— 1, æ­¥éª¤ 15/16
2025-07-13 21:07:53 - DEBUG - [server.py:289] - å— 1, æ­¥éª¤ 16/16
2025-07-13 21:07:53 - INFO - [server.py:274] - å¤„ç†ç¬¬ 2/2 å—...
2025-07-13 21:07:53 - INFO - [server.py:274] - å¤„ç†ç¬¬ 2/2 å—...
2025-07-13 21:07:53 - DEBUG - [server.py:289] - å— 2, æ­¥éª¤ 1/16
2025-07-13 21:07:53 - DEBUG - [server.py:289] - å— 2, æ­¥éª¤ 2/16
2025-07-13 21:07:54 - DEBUG - [server.py:289] - å— 2, æ­¥éª¤ 3/16
2025-07-13 21:07:54 - DEBUG - [server.py:289] - å— 2, æ­¥éª¤ 4/16
2025-07-13 21:07:54 - DEBUG - [server.py:289] - å— 2, æ­¥éª¤ 5/16
2025-07-13 21:07:54 - DEBUG - [server.py:289] - å— 2, æ­¥éª¤ 6/16
2025-07-13 21:07:54 - DEBUG - [server.py:289] - å— 2, æ­¥éª¤ 7/16
2025-07-13 21:07:54 - DEBUG - [server.py:289] - å— 2, æ­¥éª¤ 8/16
2025-07-13 21:07:54 - DEBUG - [server.py:289] - å— 2, æ­¥éª¤ 9/16
2025-07-13 21:07:54 - DEBUG - [server.py:289] - å— 2, æ­¥éª¤ 10/16
2025-07-13 21:07:54 - DEBUG - [server.py:289] - å— 2, æ­¥éª¤ 11/16
2025-07-13 21:07:54 - DEBUG - [server.py:289] - å— 2, æ­¥éª¤ 12/16
2025-07-13 21:07:54 - DEBUG - [server.py:289] - å— 2, æ­¥éª¤ 13/16
2025-07-13 21:07:54 - DEBUG - [server.py:289] - å— 2, æ­¥éª¤ 14/16
2025-07-13 21:07:55 - DEBUG - [server.py:289] - å— 2, æ­¥éª¤ 15/16
2025-07-13 21:07:55 - DEBUG - [server.py:289] - å— 2, æ­¥éª¤ 16/16
2025-07-13 21:07:55 - INFO - [server.py:395] - ç”ŸæˆåGPUå†…å­˜ä½¿ç”¨: 18.02GB
2025-07-13 21:07:55 - INFO - [server.py:395] - ç”ŸæˆåGPUå†…å­˜ä½¿ç”¨: 18.02GB
2025-07-13 21:07:55 - INFO - [server.py:397] - ç”Ÿæˆå®Œæˆ!
2025-07-13 21:07:55 - INFO - [server.py:397] - ç”Ÿæˆå®Œæˆ!
2025-07-13 21:07:55 - INFO - [server.py:398] - å“åº”æ–‡æœ¬é•¿åº¦: 332
2025-07-13 21:07:55 - INFO - [server.py:398] - å“åº”æ–‡æœ¬é•¿åº¦: 332
2025-07-13 21:07:55 - INFO - [server.py:399] - å¯è§†åŒ–æ­¥éª¤æ•°: 33
2025-07-13 21:07:55 - INFO - [server.py:399] - å¯è§†åŒ–æ­¥éª¤æ•°: 33
2025-07-13 21:07:55 - INFO - [server.py:400] - ç”Ÿæˆè€—æ—¶: 2.59ç§’
2025-07-13 21:07:55 - INFO - [server.py:400] - ç”Ÿæˆè€—æ—¶: 2.59ç§’
2025-07-13 21:07:55 - DEBUG - [server.py:401] - ç”Ÿæˆçš„å“åº”æ–‡æœ¬:  YOLO stands an acronym for a great phrase that means You Only Live Once Once. It's used to encourage people to take risks to live life to the fullest and to live life to the fullest. However, it has gained a negative connotation and being associated with reckless behavior and making decisions without considering the consequences.
2025-07-13 21:07:55 - INFO - [server.py:402] - ============================================================
2025-07-13 21:07:55 - INFO - [server.py:402] - ============================================================
2025-07-13 21:07:55 - INFO - [server.py:474] - [req_1752412072643] ç”ŸæˆæˆåŠŸ!
2025-07-13 21:07:55 - INFO - [server.py:474] - [req_1752412072643] ç”ŸæˆæˆåŠŸ!
2025-07-13 21:07:55 - INFO - [server.py:475] - [req_1752412072643] å“åº”é•¿åº¦: 332
2025-07-13 21:07:55 - INFO - [server.py:475] - [req_1752412072643] å“åº”é•¿åº¦: 332
2025-07-13 21:07:55 - INFO - [server.py:476] - [req_1752412072643] å¯è§†åŒ–æ­¥éª¤: 33
2025-07-13 21:07:55 - INFO - [server.py:476] - [req_1752412072643] å¯è§†åŒ–æ­¥éª¤: 33
2025-07-13 21:07:55 - INFO - [server.py:477] - [req_1752412072643] æ€»è€—æ—¶: 2.59ç§’
2025-07-13 21:07:55 - INFO - [server.py:477] - [req_1752412072643] æ€»è€—æ—¶: 2.59ç§’
2025-07-13 21:07:55 - DEBUG - [server.py:478] - [req_1752412072643] å“åº”æ–‡æœ¬:  YOLO stands an acronym for a great phrase that means You Only Live Once Once. It's used to encourage people to take risks to live life to the fullest and to live life to the fullest. However, it has gained a negative connotation and being associated with reckless behavior and making decisions without considering the consequences.
2025-07-13 21:07:55 - INFO - [server.py:92] - å‘é€å“åº”: {
  "status_code": 200,
  "content_length": 43695,
  "content_type": "application/json",
  "timestamp": "2025-07-13T21:07:55.237498"
}
2025-07-13 21:07:55 - INFO - [server.py:92] - å‘é€å“åº”: {
  "status_code": 200,
  "content_length": 43695,
  "content_type": "application/json",
  "timestamp": "2025-07-13T21:07:55.237498"
}
2025-07-13 21:07:55 - INFO - [_internal.py:97] - 127.0.0.1 - - [13/Jul/2025 21:07:55] "POST /generate HTTP/1.1" 200 -
2025-07-13 21:07:55 - INFO - [_internal.py:97] - 127.0.0.1 - - [13/Jul/2025 21:07:55] "POST /generate HTTP/1.1" 200 -
2025-07-13 21:08:06 - INFO - [server.py:73] - æ”¶åˆ°è¯·æ±‚: {
  "method": "GET",
  "url": "http://localhost:9000/health",
  "remote_addr": "127.0.0.1",
  "user_agent": "Mozilla/5.0 (Windows NT 10.0; Win64; x64) AppleWebKit/537.36 (KHTML, like Gecko) Chrome/138.0.0.0 Safari/537.36 Edg/138.0.0.0",
  "timestamp": "2025-07-13T21:08:06.181937"
}
2025-07-13 21:08:06 - INFO - [server.py:73] - æ”¶åˆ°è¯·æ±‚: {
  "method": "GET",
  "url": "http://localhost:9000/health",
  "remote_addr": "127.0.0.1",
  "user_agent": "Mozilla/5.0 (Windows NT 10.0; Win64; x64) AppleWebKit/537.36 (KHTML, like Gecko) Chrome/138.0.0.0 Safari/537.36 Edg/138.0.0.0",
  "timestamp": "2025-07-13T21:08:06.181937"
}
2025-07-13 21:08:06 - INFO - [server.py:92] - å‘é€å“åº”: {
  "status_code": 200,
  "content_length": 37,
  "content_type": "application/json",
  "timestamp": "2025-07-13T21:08:06.182776",
  "response_body": "{\"device\":\"cuda\",\"status\":\"healthy\"}\n"
}
2025-07-13 21:08:06 - INFO - [server.py:92] - å‘é€å“åº”: {
  "status_code": 200,
  "content_length": 37,
  "content_type": "application/json",
  "timestamp": "2025-07-13T21:08:06.182776",
  "response_body": "{\"device\":\"cuda\",\"status\":\"healthy\"}\n"
}
2025-07-13 21:08:06 - INFO - [_internal.py:97] - 127.0.0.1 - - [13/Jul/2025 21:08:06] "GET /health HTTP/1.1" 200 -
2025-07-13 21:08:06 - INFO - [_internal.py:97] - 127.0.0.1 - - [13/Jul/2025 21:08:06] "GET /health HTTP/1.1" 200 -
2025-07-13 21:08:14 - INFO - [server.py:73] - æ”¶åˆ°è¯·æ±‚: {
  "method": "OPTIONS",
  "url": "http://localhost:9000/generate",
  "remote_addr": "127.0.0.1",
  "user_agent": "Mozilla/5.0 (Windows NT 10.0; Win64; x64) AppleWebKit/537.36 (KHTML, like Gecko) Chrome/138.0.0.0 Safari/537.36 Edg/138.0.0.0",
  "timestamp": "2025-07-13T21:08:14.681081"
}
2025-07-13 21:08:14 - INFO - [server.py:73] - æ”¶åˆ°è¯·æ±‚: {
  "method": "OPTIONS",
  "url": "http://localhost:9000/generate",
  "remote_addr": "127.0.0.1",
  "user_agent": "Mozilla/5.0 (Windows NT 10.0; Win64; x64) AppleWebKit/537.36 (KHTML, like Gecko) Chrome/138.0.0.0 Safari/537.36 Edg/138.0.0.0",
  "timestamp": "2025-07-13T21:08:14.681081"
}
2025-07-13 21:08:14 - INFO - [server.py:92] - å‘é€å“åº”: {
  "status_code": 200,
  "content_length": null,
  "content_type": "text/html; charset=utf-8",
  "timestamp": "2025-07-13T21:08:14.682011"
}
2025-07-13 21:08:14 - INFO - [server.py:92] - å‘é€å“åº”: {
  "status_code": 200,
  "content_length": null,
  "content_type": "text/html; charset=utf-8",
  "timestamp": "2025-07-13T21:08:14.682011"
}
2025-07-13 21:08:14 - INFO - [_internal.py:97] - 127.0.0.1 - - [13/Jul/2025 21:08:14] "OPTIONS /generate HTTP/1.1" 200 -
2025-07-13 21:08:14 - INFO - [_internal.py:97] - 127.0.0.1 - - [13/Jul/2025 21:08:14] "OPTIONS /generate HTTP/1.1" 200 -
2025-07-13 21:08:15 - INFO - [server.py:73] - æ”¶åˆ°è¯·æ±‚: {
  "method": "POST",
  "url": "http://localhost:9000/generate",
  "remote_addr": "127.0.0.1",
  "user_agent": "Mozilla/5.0 (Windows NT 10.0; Win64; x64) AppleWebKit/537.36 (KHTML, like Gecko) Chrome/138.0.0.0 Safari/537.36 Edg/138.0.0.0",
  "timestamp": "2025-07-13T21:08:15.420198",
  "json_data": {
    "messages": [
      {
        "role": "user",
        "content": "ä½ å¥½"
      },
      {
        "role": "assistant",
        "content": "ä½ å¥½ï¼æœ‰ä»€ä¹ˆæœ‰ä»€ä¹ˆå¯ä»¥å¸®åŠ©ä½ çš„å—ï¼Ÿ"
      },
      {
        "role": "user",
        "content": "What's YOLO"
      },
      {
        "role": "assistant",
        "content": " YOLO stands an acronym for a great phrase that means You Only Live Once Once. It's used to encourage people to take risks to live life to the fullest and to live life to the fullest. However, it has gained a negative connotation and being associated with reckless behavior and making decisions without considering the consequences."
      },
      {
        "role": "user",
        "content": "What's YOLO"
      }
    ],
    "settings": {
      "temperature": 0.7,
      "top_p": 0.95,
      "gen_length": 64,
      "num_beams": 4,
      "steps": 32,
      "cfg_scale": 1,
      "constraints": "0:YOLO, 7:great"
    }
  }
}
2025-07-13 21:08:15 - INFO - [server.py:73] - æ”¶åˆ°è¯·æ±‚: {
  "method": "POST",
  "url": "http://localhost:9000/generate",
  "remote_addr": "127.0.0.1",
  "user_agent": "Mozilla/5.0 (Windows NT 10.0; Win64; x64) AppleWebKit/537.36 (KHTML, like Gecko) Chrome/138.0.0.0 Safari/537.36 Edg/138.0.0.0",
  "timestamp": "2025-07-13T21:08:15.420198",
  "json_data": {
    "messages": [
      {
        "role": "user",
        "content": "ä½ å¥½"
      },
      {
        "role": "assistant",
        "content": "ä½ å¥½ï¼æœ‰ä»€ä¹ˆæœ‰ä»€ä¹ˆå¯ä»¥å¸®åŠ©ä½ çš„å—ï¼Ÿ"
      },
      {
        "role": "user",
        "content": "What's YOLO"
      },
      {
        "role": "assistant",
        "content": " YOLO stands an acronym for a great phrase that means You Only Live Once Once. It's used to encourage people to take risks to live life to the fullest and to live life to the fullest. However, it has gained a negative connotation and being associated with reckless behavior and making decisions without considering the consequences."
      },
      {
        "role": "user",
        "content": "What's YOLO"
      }
    ],
    "settings": {
      "temperature": 0.7,
      "top_p": 0.95,
      "gen_length": 64,
      "num_beams": 4,
      "steps": 32,
      "cfg_scale": 1,
      "constraints": "0:YOLO, 7:great"
    }
  }
}
2025-07-13 21:08:15 - INFO - [server.py:443] - [req_1752412095421] æ”¶åˆ°ç”Ÿæˆè¯·æ±‚
2025-07-13 21:08:15 - INFO - [server.py:443] - [req_1752412095421] æ”¶åˆ°ç”Ÿæˆè¯·æ±‚
2025-07-13 21:08:15 - INFO - [server.py:451] - [req_1752412095421] è¯·æ±‚æ•°æ®è¯¦æƒ…:
2025-07-13 21:08:15 - INFO - [server.py:451] - [req_1752412095421] è¯·æ±‚æ•°æ®è¯¦æƒ…:
2025-07-13 21:08:15 - INFO - [server.py:452] - [req_1752412095421] - æ¶ˆæ¯æ•°é‡: 5
2025-07-13 21:08:15 - INFO - [server.py:452] - [req_1752412095421] - æ¶ˆæ¯æ•°é‡: 5
2025-07-13 21:08:15 - INFO - [server.py:453] - [req_1752412095421] - è®¾ç½®å‚æ•°: {
  "temperature": 0.7,
  "top_p": 0.95,
  "gen_length": 64,
  "num_beams": 4,
  "steps": 32,
  "cfg_scale": 1,
  "constraints": "0:YOLO, 7:great"
}
2025-07-13 21:08:15 - INFO - [server.py:453] - [req_1752412095421] - è®¾ç½®å‚æ•°: {
  "temperature": 0.7,
  "top_p": 0.95,
  "gen_length": 64,
  "num_beams": 4,
  "steps": 32,
  "cfg_scale": 1,
  "constraints": "0:YOLO, 7:great"
}
2025-07-13 21:08:15 - DEBUG - [server.py:454] - [req_1752412095421] - å®Œæ•´æ¶ˆæ¯åˆ—è¡¨: [
  {
    "role": "user",
    "content": "ä½ å¥½"
  },
  {
    "role": "assistant",
    "content": "ä½ å¥½ï¼æœ‰ä»€ä¹ˆæœ‰ä»€ä¹ˆå¯ä»¥å¸®åŠ©ä½ çš„å—ï¼Ÿ"
  },
  {
    "role": "user",
    "content": "What's YOLO"
  },
  {
    "role": "assistant",
    "content": " YOLO stands an acronym for a great phrase that means You Only Live Once Once. It's used to encourage people to take risks to live life to the fullest and to live life to the fullest. However, it has gained a negative connotation and being associated with reckless behavior and making decisions without considering the consequences."
  },
  {
    "role": "user",
    "content": "What's YOLO"
  }
]
2025-07-13 21:08:15 - INFO - [server.py:465] - [req_1752412095421] å¼€å§‹ç”Ÿæˆå“åº”...
2025-07-13 21:08:15 - INFO - [server.py:465] - [req_1752412095421] å¼€å§‹ç”Ÿæˆå“åº”...
2025-07-13 21:08:15 - INFO - [server.py:201] - ============================================================
2025-07-13 21:08:15 - INFO - [server.py:201] - ============================================================
2025-07-13 21:08:15 - INFO - [server.py:202] - å¼€å§‹ç”Ÿæˆå“åº”
2025-07-13 21:08:15 - INFO - [server.py:202] - å¼€å§‹ç”Ÿæˆå“åº”
2025-07-13 21:08:15 - INFO - [server.py:203] - è¾“å…¥æ¶ˆæ¯æ•°é‡: 5
2025-07-13 21:08:15 - INFO - [server.py:203] - è¾“å…¥æ¶ˆæ¯æ•°é‡: 5
2025-07-13 21:08:15 - INFO - [server.py:205] - æ¶ˆæ¯ 1: è§’è‰²=user, å†…å®¹é•¿åº¦=2
2025-07-13 21:08:15 - INFO - [server.py:205] - æ¶ˆæ¯ 1: è§’è‰²=user, å†…å®¹é•¿åº¦=2
2025-07-13 21:08:15 - DEBUG - [server.py:206] - æ¶ˆæ¯ 1 å†…å®¹: ä½ å¥½
2025-07-13 21:08:15 - INFO - [server.py:205] - æ¶ˆæ¯ 2: è§’è‰²=assistant, å†…å®¹é•¿åº¦=17
2025-07-13 21:08:15 - INFO - [server.py:205] - æ¶ˆæ¯ 2: è§’è‰²=assistant, å†…å®¹é•¿åº¦=17
2025-07-13 21:08:15 - DEBUG - [server.py:206] - æ¶ˆæ¯ 2 å†…å®¹: ä½ å¥½ï¼æœ‰ä»€ä¹ˆæœ‰ä»€ä¹ˆå¯ä»¥å¸®åŠ©ä½ çš„å—ï¼Ÿ
2025-07-13 21:08:15 - INFO - [server.py:205] - æ¶ˆæ¯ 3: è§’è‰²=user, å†…å®¹é•¿åº¦=11
2025-07-13 21:08:15 - INFO - [server.py:205] - æ¶ˆæ¯ 3: è§’è‰²=user, å†…å®¹é•¿åº¦=11
2025-07-13 21:08:15 - DEBUG - [server.py:206] - æ¶ˆæ¯ 3 å†…å®¹: What's YOLO
2025-07-13 21:08:15 - INFO - [server.py:205] - æ¶ˆæ¯ 4: è§’è‰²=assistant, å†…å®¹é•¿åº¦=332
2025-07-13 21:08:15 - INFO - [server.py:205] - æ¶ˆæ¯ 4: è§’è‰²=assistant, å†…å®¹é•¿åº¦=332
2025-07-13 21:08:15 - DEBUG - [server.py:206] - æ¶ˆæ¯ 4 å†…å®¹:  YOLO stands an acronym for a great phrase that means You Only Live Once Once. It's used to encourage people to take risks to live life to the fullest and to live life to the fullest. However, it has gained a negative connotation and being associated with reckless behavior and making decisions without considering the consequences.
2025-07-13 21:08:15 - INFO - [server.py:205] - æ¶ˆæ¯ 5: è§’è‰²=user, å†…å®¹é•¿åº¦=11
2025-07-13 21:08:15 - INFO - [server.py:205] - æ¶ˆæ¯ 5: è§’è‰²=user, å†…å®¹é•¿åº¦=11
2025-07-13 21:08:15 - DEBUG - [server.py:206] - æ¶ˆæ¯ 5 å†…å®¹: What's YOLO
2025-07-13 21:08:15 - INFO - [server.py:208] - è®¾ç½®å‚æ•°: {
  "temperature": 0.7,
  "top_p": 0.95,
  "gen_length": 64,
  "num_beams": 4,
  "steps": 32,
  "cfg_scale": 1,
  "constraints": "0:YOLO, 7:great"
}
2025-07-13 21:08:15 - INFO - [server.py:208] - è®¾ç½®å‚æ•°: {
  "temperature": 0.7,
  "top_p": 0.95,
  "gen_length": 64,
  "num_beams": 4,
  "steps": 32,
  "cfg_scale": 1,
  "constraints": "0:YOLO, 7:great"
}
2025-07-13 21:08:15 - INFO - [server.py:220] - è§£æåçš„çº¦æŸ: {0: 'YOLO', 7: 'great'}
2025-07-13 21:08:15 - INFO - [server.py:220] - è§£æåçš„çº¦æŸ: {0: 'YOLO', 7: 'great'}
2025-07-13 21:08:15 - INFO - [server.py:225] - ç”Ÿæˆå‰GPUå†…å­˜ä½¿ç”¨: 14.94GB
2025-07-13 21:08:15 - INFO - [server.py:225] - ç”Ÿæˆå‰GPUå†…å­˜ä½¿ç”¨: 14.94GB
2025-07-13 21:08:15 - INFO - [server.py:228] - å‡†å¤‡è¾“å…¥prompt...
2025-07-13 21:08:15 - INFO - [server.py:228] - å‡†å¤‡è¾“å…¥prompt...
2025-07-13 21:08:15 - DEBUG - [server.py:230] - æ ¼å¼åŒ–åçš„chatè¾“å…¥: <|startoftext|><|start_header_id|>user<|end_header_id|>

ä½ å¥½<|eot_id|><|start_header_id|>assistant<|end_header_id|>

ä½ å¥½ï¼æœ‰ä»€ä¹ˆæœ‰ä»€ä¹ˆå¯ä»¥å¸®åŠ©ä½ çš„å—ï¼Ÿ<|eot_id|><|start_header_id|>user<|end_header_id|>

What's YOLO<|eot_id|><|start_header_id|>assistant<|end_header_id|>

YOLO stands an acronym for a great phrase that means You Only Live Once Once. It's used to encourage people to take risks to live life to the fullest and to live life to the fullest. However, it has gained a negative connotation and being associated with reckless behavior and making decisions without considering the consequences.<|eot_id|><|start_header_id|>user<|end_header_id|>

What's YOLO<|eot_id|><|start_header_id|>assistant<|end_header_id|>


2025-07-13 21:08:15 - INFO - [server.py:234] - è¾“å…¥tokenæ•°é‡: 119
2025-07-13 21:08:15 - INFO - [server.py:234] - è¾“å…¥tokenæ•°é‡: 119
2025-07-13 21:08:15 - INFO - [server.py:241] - åºåˆ—æ€»é•¿åº¦: 183, prompté•¿åº¦: 119, ç”Ÿæˆé•¿åº¦: 64
2025-07-13 21:08:15 - INFO - [server.py:241] - åºåˆ—æ€»é•¿åº¦: 183, prompté•¿åº¦: 119, ç”Ÿæˆé•¿åº¦: 64
2025-07-13 21:08:15 - INFO - [server.py:250] - åº”ç”¨çº¦æŸæ•°é‡: 3
2025-07-13 21:08:15 - INFO - [server.py:250] - åº”ç”¨çº¦æŸæ•°é‡: 3
2025-07-13 21:08:15 - DEBUG - [server.py:255] - çº¦æŸä½ç½® 0 (ç»å¯¹ä½ç½® 119): token_id=100891
2025-07-13 21:08:15 - DEBUG - [server.py:255] - çº¦æŸä½ç½® 1 (ç»å¯¹ä½ç½® 120): token_id=3251
2025-07-13 21:08:15 - DEBUG - [server.py:255] - çº¦æŸä½ç½® 7 (ç»å¯¹ä½ç½® 126): token_id=1612
2025-07-13 21:08:15 - INFO - [server.py:270] - å—å¤„ç†é…ç½®: å—é•¿åº¦=32, å—æ•°é‡=2, æ¯å—æ­¥æ•°=16
2025-07-13 21:08:15 - INFO - [server.py:270] - å—å¤„ç†é…ç½®: å—é•¿åº¦=32, å—æ•°é‡=2, æ¯å—æ­¥æ•°=16
2025-07-13 21:08:15 - INFO - [server.py:274] - å¤„ç†ç¬¬ 1/2 å—...
2025-07-13 21:08:15 - INFO - [server.py:274] - å¤„ç†ç¬¬ 1/2 å—...
2025-07-13 21:08:15 - DEBUG - [server.py:289] - å— 1, æ­¥éª¤ 1/16
2025-07-13 21:08:15 - DEBUG - [server.py:289] - å— 1, æ­¥éª¤ 2/16
2025-07-13 21:08:15 - DEBUG - [server.py:289] - å— 1, æ­¥éª¤ 3/16
2025-07-13 21:08:15 - DEBUG - [server.py:289] - å— 1, æ­¥éª¤ 4/16
2025-07-13 21:08:15 - DEBUG - [server.py:289] - å— 1, æ­¥éª¤ 5/16
2025-07-13 21:08:16 - DEBUG - [server.py:289] - å— 1, æ­¥éª¤ 6/16
2025-07-13 21:08:16 - DEBUG - [server.py:289] - å— 1, æ­¥éª¤ 7/16
2025-07-13 21:08:16 - DEBUG - [server.py:289] - å— 1, æ­¥éª¤ 8/16
2025-07-13 21:08:16 - DEBUG - [server.py:289] - å— 1, æ­¥éª¤ 9/16
2025-07-13 21:08:16 - DEBUG - [server.py:289] - å— 1, æ­¥éª¤ 10/16
2025-07-13 21:08:16 - DEBUG - [server.py:289] - å— 1, æ­¥éª¤ 11/16
2025-07-13 21:08:16 - DEBUG - [server.py:289] - å— 1, æ­¥éª¤ 12/16
2025-07-13 21:08:16 - DEBUG - [server.py:289] - å— 1, æ­¥éª¤ 13/16
2025-07-13 21:08:16 - DEBUG - [server.py:289] - å— 1, æ­¥éª¤ 14/16
2025-07-13 21:08:17 - DEBUG - [server.py:289] - å— 1, æ­¥éª¤ 15/16
2025-07-13 21:08:17 - DEBUG - [server.py:289] - å— 1, æ­¥éª¤ 16/16
2025-07-13 21:08:17 - INFO - [server.py:274] - å¤„ç†ç¬¬ 2/2 å—...
2025-07-13 21:08:17 - INFO - [server.py:274] - å¤„ç†ç¬¬ 2/2 å—...
2025-07-13 21:08:17 - DEBUG - [server.py:289] - å— 2, æ­¥éª¤ 1/16
2025-07-13 21:08:17 - ERROR - [server.py:411] - ç”Ÿæˆè¿‡ç¨‹ä¸­å‘ç”Ÿé”™è¯¯!
2025-07-13 21:08:17 - ERROR - [server.py:411] - ç”Ÿæˆè¿‡ç¨‹ä¸­å‘ç”Ÿé”™è¯¯!
2025-07-13 21:08:17 - ERROR - [server.py:412] - é”™è¯¯ç±»å‹: OutOfMemoryError
2025-07-13 21:08:17 - ERROR - [server.py:412] - é”™è¯¯ç±»å‹: OutOfMemoryError
2025-07-13 21:08:17 - ERROR - [server.py:413] - é”™è¯¯ä¿¡æ¯: CUDA out of memory. Tried to allocate 20.00 MiB. GPU 
2025-07-13 21:08:17 - ERROR - [server.py:413] - é”™è¯¯ä¿¡æ¯: CUDA out of memory. Tried to allocate 20.00 MiB. GPU 
2025-07-13 21:08:17 - ERROR - [server.py:414] - é”™è¯¯å‘ç”Ÿæ—¶é—´: 2025-07-13T21:08:17.267570
2025-07-13 21:08:17 - ERROR - [server.py:414] - é”™è¯¯å‘ç”Ÿæ—¶é—´: 2025-07-13T21:08:17.267570
2025-07-13 21:08:17 - ERROR - [server.py:415] - ç”Ÿæˆè€—æ—¶(è‡³é”™è¯¯): 1.85ç§’
2025-07-13 21:08:17 - ERROR - [server.py:415] - ç”Ÿæˆè€—æ—¶(è‡³é”™è¯¯): 1.85ç§’
2025-07-13 21:08:17 - ERROR - [server.py:416] - è¾“å…¥æ¶ˆæ¯æ•°é‡: 5
2025-07-13 21:08:17 - ERROR - [server.py:416] - è¾“å…¥æ¶ˆæ¯æ•°é‡: 5
2025-07-13 21:08:17 - ERROR - [server.py:417] - è®¾ç½®å‚æ•°: {"temperature": 0.7, "top_p": 0.95, "gen_length": 64, "num_beams": 4, "steps": 32, "cfg_scale": 1, "constraints": "0:YOLO, 7:great"}
2025-07-13 21:08:17 - ERROR - [server.py:417] - è®¾ç½®å‚æ•°: {"temperature": 0.7, "top_p": 0.95, "gen_length": 64, "num_beams": 4, "steps": 32, "cfg_scale": 1, "constraints": "0:YOLO, 7:great"}
2025-07-13 21:08:17 - ERROR - [server.py:418] - è¯¦ç»†é”™è¯¯å †æ ˆ:
2025-07-13 21:08:17 - ERROR - [server.py:418] - è¯¦ç»†é”™è¯¯å †æ ˆ:
2025-07-13 21:08:17 - ERROR - [server.py:419] - Traceback (most recent call last):
  File "/root/LLaDA-main/lldm/server.py", line 301, in generate_response
    logits = model(x_).logits
             ^^^^^^^^^
  File "/root/miniconda3/lib/python3.12/site-packages/torch/nn/modules/module.py", line 1532, in _wrapped_call_impl
    return self._call_impl(*args, **kwargs)
           ^^^^^^^^^^^^^^^^^^^^^^^^^^^^^^^^
  File "/root/miniconda3/lib/python3.12/site-packages/torch/nn/modules/module.py", line 1541, in _call_impl
    return forward_call(*args, **kwargs)
           ^^^^^^^^^^^^^^^^^^^^^^^^^^^^^
  File "/root/.cache/huggingface/modules/transformers_modules/model/modeling_llada.py", line 1418, in forward
    outputs = self.model.forward(
              ^^^^^^^^^^^^^^^^^^^
  File "/root/.cache/huggingface/modules/transformers_modules/model/modeling_llada.py", line 1315, in forward
    x, cache = block(x, attention_bias=attention_bias, layer_past=layer_past, use_cache=use_cache)
               ^^^^^^^^^^^^^^^^^^^^^^^^^^^^^^^^^^^^^^^^^^^^^^^^^^^^^^^^^^^^^^^^^^^^^^^^^^^^^^^^^^^
  File "/root/miniconda3/lib/python3.12/site-packages/torch/nn/modules/module.py", line 1532, in _wrapped_call_impl
    return self._call_impl(*args, **kwargs)
           ^^^^^^^^^^^^^^^^^^^^^^^^^^^^^^^^
  File "/root/miniconda3/lib/python3.12/site-packages/torch/nn/modules/module.py", line 1541, in _call_impl
    return forward_call(*args, **kwargs)
           ^^^^^^^^^^^^^^^^^^^^^^^^^^^^^
  File "/root/.cache/huggingface/modules/transformers_modules/model/modeling_llada.py", line 929, in forward
    x = x * x_up # new add
        ~~^~~~~~
torch.cuda.OutOfMemoryError: CUDA out of memory. Tried to allocate 20.00 MiB. GPU 

2025-07-13 21:08:17 - ERROR - [server.py:419] - Traceback (most recent call last):
  File "/root/LLaDA-main/lldm/server.py", line 301, in generate_response
    logits = model(x_).logits
             ^^^^^^^^^
  File "/root/miniconda3/lib/python3.12/site-packages/torch/nn/modules/module.py", line 1532, in _wrapped_call_impl
    return self._call_impl(*args, **kwargs)
           ^^^^^^^^^^^^^^^^^^^^^^^^^^^^^^^^
  File "/root/miniconda3/lib/python3.12/site-packages/torch/nn/modules/module.py", line 1541, in _call_impl
    return forward_call(*args, **kwargs)
           ^^^^^^^^^^^^^^^^^^^^^^^^^^^^^
  File "/root/.cache/huggingface/modules/transformers_modules/model/modeling_llada.py", line 1418, in forward
    outputs = self.model.forward(
              ^^^^^^^^^^^^^^^^^^^
  File "/root/.cache/huggingface/modules/transformers_modules/model/modeling_llada.py", line 1315, in forward
    x, cache = block(x, attention_bias=attention_bias, layer_past=layer_past, use_cache=use_cache)
               ^^^^^^^^^^^^^^^^^^^^^^^^^^^^^^^^^^^^^^^^^^^^^^^^^^^^^^^^^^^^^^^^^^^^^^^^^^^^^^^^^^^
  File "/root/miniconda3/lib/python3.12/site-packages/torch/nn/modules/module.py", line 1532, in _wrapped_call_impl
    return self._call_impl(*args, **kwargs)
           ^^^^^^^^^^^^^^^^^^^^^^^^^^^^^^^^
  File "/root/miniconda3/lib/python3.12/site-packages/torch/nn/modules/module.py", line 1541, in _call_impl
    return forward_call(*args, **kwargs)
           ^^^^^^^^^^^^^^^^^^^^^^^^^^^^^
  File "/root/.cache/huggingface/modules/transformers_modules/model/modeling_llada.py", line 929, in forward
    x = x * x_up # new add
        ~~^~~~~~
torch.cuda.OutOfMemoryError: CUDA out of memory. Tried to allocate 20.00 MiB. GPU 

2025-07-13 21:08:17 - INFO - [server.py:420] - ============================================================
2025-07-13 21:08:17 - INFO - [server.py:420] - ============================================================
2025-07-13 21:08:17 - ERROR - [server.py:492] - [req_1752412095421] ç”Ÿæˆè¿‡ç¨‹ä¸­å‘ç”Ÿé”™è¯¯!
2025-07-13 21:08:17 - ERROR - [server.py:492] - [req_1752412095421] ç”Ÿæˆè¿‡ç¨‹ä¸­å‘ç”Ÿé”™è¯¯!
2025-07-13 21:08:17 - ERROR - [server.py:493] - [req_1752412095421] é”™è¯¯ç±»å‹: OutOfMemoryError
2025-07-13 21:08:17 - ERROR - [server.py:493] - [req_1752412095421] é”™è¯¯ç±»å‹: OutOfMemoryError
2025-07-13 21:08:17 - ERROR - [server.py:494] - [req_1752412095421] é”™è¯¯ä¿¡æ¯: CUDA out of memory. Tried to allocate 20.00 MiB. GPU 
2025-07-13 21:08:17 - ERROR - [server.py:494] - [req_1752412095421] é”™è¯¯ä¿¡æ¯: CUDA out of memory. Tried to allocate 20.00 MiB. GPU 
2025-07-13 21:08:17 - ERROR - [server.py:495] - [req_1752412095421] é”™è¯¯è€—æ—¶: 1.85ç§’
2025-07-13 21:08:17 - ERROR - [server.py:495] - [req_1752412095421] é”™è¯¯è€—æ—¶: 1.85ç§’
2025-07-13 21:08:17 - ERROR - [server.py:496] - [req_1752412095421] é”™è¯¯å †æ ˆ:
2025-07-13 21:08:17 - ERROR - [server.py:496] - [req_1752412095421] é”™è¯¯å †æ ˆ:
2025-07-13 21:08:17 - ERROR - [server.py:497] - Traceback (most recent call last):
  File "/root/LLaDA-main/lldm/server.py", line 468, in generate
    response_text, visualization = generate_response(messages, settings)
                                   ^^^^^^^^^^^^^^^^^^^^^^^^^^^^^^^^^^^^^
  File "/root/LLaDA-main/lldm/server.py", line 427, in generate_response
    raise e
  File "/root/LLaDA-main/lldm/server.py", line 301, in generate_response
    logits = model(x_).logits
             ^^^^^^^^^
  File "/root/miniconda3/lib/python3.12/site-packages/torch/nn/modules/module.py", line 1532, in _wrapped_call_impl
    return self._call_impl(*args, **kwargs)
           ^^^^^^^^^^^^^^^^^^^^^^^^^^^^^^^^
  File "/root/miniconda3/lib/python3.12/site-packages/torch/nn/modules/module.py", line 1541, in _call_impl
    return forward_call(*args, **kwargs)
           ^^^^^^^^^^^^^^^^^^^^^^^^^^^^^
  File "/root/.cache/huggingface/modules/transformers_modules/model/modeling_llada.py", line 1418, in forward
    outputs = self.model.forward(
              ^^^^^^^^^^^^^^^^^^^
  File "/root/.cache/huggingface/modules/transformers_modules/model/modeling_llada.py", line 1315, in forward
    x, cache = block(x, attention_bias=attention_bias, layer_past=layer_past, use_cache=use_cache)
               ^^^^^^^^^^^^^^^^^^^^^^^^^^^^^^^^^^^^^^^^^^^^^^^^^^^^^^^^^^^^^^^^^^^^^^^^^^^^^^^^^^^
  File "/root/miniconda3/lib/python3.12/site-packages/torch/nn/modules/module.py", line 1532, in _wrapped_call_impl
    return self._call_impl(*args, **kwargs)
           ^^^^^^^^^^^^^^^^^^^^^^^^^^^^^^^^
  File "/root/miniconda3/lib/python3.12/site-packages/torch/nn/modules/module.py", line 1541, in _call_impl
    return forward_call(*args, **kwargs)
           ^^^^^^^^^^^^^^^^^^^^^^^^^^^^^
  File "/root/.cache/huggingface/modules/transformers_modules/model/modeling_llada.py", line 929, in forward
    x = x * x_up # new add
        ~~^~~~~~
torch.cuda.OutOfMemoryError: CUDA out of memory. Tried to allocate 20.00 MiB. GPU 

2025-07-13 21:08:17 - ERROR - [server.py:497] - Traceback (most recent call last):
  File "/root/LLaDA-main/lldm/server.py", line 468, in generate
    response_text, visualization = generate_response(messages, settings)
                                   ^^^^^^^^^^^^^^^^^^^^^^^^^^^^^^^^^^^^^
  File "/root/LLaDA-main/lldm/server.py", line 427, in generate_response
    raise e
  File "/root/LLaDA-main/lldm/server.py", line 301, in generate_response
    logits = model(x_).logits
             ^^^^^^^^^
  File "/root/miniconda3/lib/python3.12/site-packages/torch/nn/modules/module.py", line 1532, in _wrapped_call_impl
    return self._call_impl(*args, **kwargs)
           ^^^^^^^^^^^^^^^^^^^^^^^^^^^^^^^^
  File "/root/miniconda3/lib/python3.12/site-packages/torch/nn/modules/module.py", line 1541, in _call_impl
    return forward_call(*args, **kwargs)
           ^^^^^^^^^^^^^^^^^^^^^^^^^^^^^
  File "/root/.cache/huggingface/modules/transformers_modules/model/modeling_llada.py", line 1418, in forward
    outputs = self.model.forward(
              ^^^^^^^^^^^^^^^^^^^
  File "/root/.cache/huggingface/modules/transformers_modules/model/modeling_llada.py", line 1315, in forward
    x, cache = block(x, attention_bias=attention_bias, layer_past=layer_past, use_cache=use_cache)
               ^^^^^^^^^^^^^^^^^^^^^^^^^^^^^^^^^^^^^^^^^^^^^^^^^^^^^^^^^^^^^^^^^^^^^^^^^^^^^^^^^^^
  File "/root/miniconda3/lib/python3.12/site-packages/torch/nn/modules/module.py", line 1532, in _wrapped_call_impl
    return self._call_impl(*args, **kwargs)
           ^^^^^^^^^^^^^^^^^^^^^^^^^^^^^^^^
  File "/root/miniconda3/lib/python3.12/site-packages/torch/nn/modules/module.py", line 1541, in _call_impl
    return forward_call(*args, **kwargs)
           ^^^^^^^^^^^^^^^^^^^^^^^^^^^^^
  File "/root/.cache/huggingface/modules/transformers_modules/model/modeling_llada.py", line 929, in forward
    x = x * x_up # new add
        ~~^~~~~~
torch.cuda.OutOfMemoryError: CUDA out of memory. Tried to allocate 20.00 MiB. GPU 

2025-07-13 21:08:17 - INFO - [server.py:92] - å‘é€å“åº”: {
  "status_code": 500,
  "content_length": 131,
  "content_type": "application/json",
  "timestamp": "2025-07-13T21:08:17.271052",
  "response_body": "{\"error\":\"CUDA out of memory. Tried to allocate 20.00 MiB. GPU \",\"error_type\":\"OutOfMemoryError\",\"request_id\":\"req_1752412095421\"}\n"
}
2025-07-13 21:08:17 - INFO - [server.py:92] - å‘é€å“åº”: {
  "status_code": 500,
  "content_length": 131,
  "content_type": "application/json",
  "timestamp": "2025-07-13T21:08:17.271052",
  "response_body": "{\"error\":\"CUDA out of memory. Tried to allocate 20.00 MiB. GPU \",\"error_type\":\"OutOfMemoryError\",\"request_id\":\"req_1752412095421\"}\n"
}
2025-07-13 21:08:17 - INFO - [_internal.py:97] - 127.0.0.1 - - [13/Jul/2025 21:08:17] "[35m[1mPOST /generate HTTP/1.1[0m" 500 -
2025-07-13 21:08:17 - INFO - [_internal.py:97] - 127.0.0.1 - - [13/Jul/2025 21:08:17] "[35m[1mPOST /generate HTTP/1.1[0m" 500 -
2025-07-13 21:08:34 - INFO - [server.py:73] - æ”¶åˆ°è¯·æ±‚: {
  "method": "GET",
  "url": "http://localhost:9000/health",
  "remote_addr": "127.0.0.1",
  "user_agent": "Mozilla/5.0 (Windows NT 10.0; Win64; x64) AppleWebKit/537.36 (KHTML, like Gecko) Chrome/138.0.0.0 Safari/537.36 Edg/138.0.0.0",
  "timestamp": "2025-07-13T21:08:34.669102"
}
2025-07-13 21:08:34 - INFO - [server.py:73] - æ”¶åˆ°è¯·æ±‚: {
  "method": "GET",
  "url": "http://localhost:9000/health",
  "remote_addr": "127.0.0.1",
  "user_agent": "Mozilla/5.0 (Windows NT 10.0; Win64; x64) AppleWebKit/537.36 (KHTML, like Gecko) Chrome/138.0.0.0 Safari/537.36 Edg/138.0.0.0",
  "timestamp": "2025-07-13T21:08:34.669102"
}
2025-07-13 21:08:34 - INFO - [server.py:92] - å‘é€å“åº”: {
  "status_code": 200,
  "content_length": 37,
  "content_type": "application/json",
  "timestamp": "2025-07-13T21:08:34.669774",
  "response_body": "{\"device\":\"cuda\",\"status\":\"healthy\"}\n"
}
2025-07-13 21:08:34 - INFO - [server.py:92] - å‘é€å“åº”: {
  "status_code": 200,
  "content_length": 37,
  "content_type": "application/json",
  "timestamp": "2025-07-13T21:08:34.669774",
  "response_body": "{\"device\":\"cuda\",\"status\":\"healthy\"}\n"
}
2025-07-13 21:08:34 - INFO - [_internal.py:97] - 127.0.0.1 - - [13/Jul/2025 21:08:34] "GET /health HTTP/1.1" 200 -
2025-07-13 21:08:34 - INFO - [_internal.py:97] - 127.0.0.1 - - [13/Jul/2025 21:08:34] "GET /health HTTP/1.1" 200 -
2025-07-13 21:09:04 - INFO - [server.py:73] - æ”¶åˆ°è¯·æ±‚: {
  "method": "GET",
  "url": "http://localhost:9000/health",
  "remote_addr": "127.0.0.1",
  "user_agent": "Mozilla/5.0 (Windows NT 10.0; Win64; x64) AppleWebKit/537.36 (KHTML, like Gecko) Chrome/138.0.0.0 Safari/537.36 Edg/138.0.0.0",
  "timestamp": "2025-07-13T21:09:04.616228"
}
2025-07-13 21:09:04 - INFO - [server.py:73] - æ”¶åˆ°è¯·æ±‚: {
  "method": "GET",
  "url": "http://localhost:9000/health",
  "remote_addr": "127.0.0.1",
  "user_agent": "Mozilla/5.0 (Windows NT 10.0; Win64; x64) AppleWebKit/537.36 (KHTML, like Gecko) Chrome/138.0.0.0 Safari/537.36 Edg/138.0.0.0",
  "timestamp": "2025-07-13T21:09:04.616228"
}
2025-07-13 21:09:04 - INFO - [server.py:92] - å‘é€å“åº”: {
  "status_code": 200,
  "content_length": 37,
  "content_type": "application/json",
  "timestamp": "2025-07-13T21:09:04.616762",
  "response_body": "{\"device\":\"cuda\",\"status\":\"healthy\"}\n"
}
2025-07-13 21:09:04 - INFO - [server.py:92] - å‘é€å“åº”: {
  "status_code": 200,
  "content_length": 37,
  "content_type": "application/json",
  "timestamp": "2025-07-13T21:09:04.616762",
  "response_body": "{\"device\":\"cuda\",\"status\":\"healthy\"}\n"
}
2025-07-13 21:09:04 - INFO - [_internal.py:97] - 127.0.0.1 - - [13/Jul/2025 21:09:04] "GET /health HTTP/1.1" 200 -
2025-07-13 21:09:04 - INFO - [_internal.py:97] - 127.0.0.1 - - [13/Jul/2025 21:09:04] "GET /health HTTP/1.1" 200 -
2025-07-13 21:09:33 - INFO - [server.py:73] - æ”¶åˆ°è¯·æ±‚: {
  "method": "GET",
  "url": "http://localhost:9000/health",
  "remote_addr": "127.0.0.1",
  "user_agent": "Mozilla/5.0 (Windows NT 10.0; Win64; x64) AppleWebKit/537.36 (KHTML, like Gecko) Chrome/138.0.0.0 Safari/537.36 Edg/138.0.0.0",
  "timestamp": "2025-07-13T21:09:33.992847"
}
2025-07-13 21:09:33 - INFO - [server.py:73] - æ”¶åˆ°è¯·æ±‚: {
  "method": "GET",
  "url": "http://localhost:9000/health",
  "remote_addr": "127.0.0.1",
  "user_agent": "Mozilla/5.0 (Windows NT 10.0; Win64; x64) AppleWebKit/537.36 (KHTML, like Gecko) Chrome/138.0.0.0 Safari/537.36 Edg/138.0.0.0",
  "timestamp": "2025-07-13T21:09:33.992847"
}
2025-07-13 21:09:33 - INFO - [server.py:92] - å‘é€å“åº”: {
  "status_code": 200,
  "content_length": 37,
  "content_type": "application/json",
  "timestamp": "2025-07-13T21:09:33.993655",
  "response_body": "{\"device\":\"cuda\",\"status\":\"healthy\"}\n"
}
2025-07-13 21:09:33 - INFO - [server.py:92] - å‘é€å“åº”: {
  "status_code": 200,
  "content_length": 37,
  "content_type": "application/json",
  "timestamp": "2025-07-13T21:09:33.993655",
  "response_body": "{\"device\":\"cuda\",\"status\":\"healthy\"}\n"
}
2025-07-13 21:09:33 - INFO - [_internal.py:97] - 127.0.0.1 - - [13/Jul/2025 21:09:33] "GET /health HTTP/1.1" 200 -
2025-07-13 21:09:33 - INFO - [_internal.py:97] - 127.0.0.1 - - [13/Jul/2025 21:09:33] "GET /health HTTP/1.1" 200 -
