=== LLaDA åç«¯æœåŠ¡æ—¥å¿— ===
å¯åŠ¨æ—¶é—´: Mon Jul 14 00:31:03 CST 2025
æ—¥å¿—ä¼šè¯: 20250714_003058
Pythonç‰ˆæœ¬: Python 3.12.3
å·¥ä½œç›®å½•: /root/LLaDA-main/lldm
è®¾å¤‡æ£€æµ‹: CUDAå¯ç”¨: True
==========================

2025-07-14 00:31:06 - INFO - [server.py:97] - åˆå§‹åŒ–è®¾å¤‡: cuda
2025-07-14 00:31:06 - INFO - [server.py:104] - GPUæ€»å†…å­˜: 23.5GB
2025-07-14 00:31:06 - INFO - [server.py:107] - å¼€å§‹åŠ è½½tokenizer...
2025-07-14 00:31:06 - INFO - [server.py:109] - TokenizeråŠ è½½æˆåŠŸ
2025-07-14 00:31:06 - INFO - [server.py:111] - å¼€å§‹åŠ è½½æ¨¡å‹...
2025-07-14 00:31:07 - INFO - [modeling.py:991] - We will use 90% of the memory on device 0 for storing the model, and 10% for the buffer to avoid OOM. You can set `max_memory` in to a higher value to use more memory (at your own risk).
2025-07-14 00:31:07 - WARNING - [modeling.py:1114] - The model weights are not tied. Please use the `tie_weights` method before using the `infer_auto_device` function.
2025-07-14 00:31:11 - INFO - [server.py:129] - æ¨¡å‹åŠ è½½æˆåŠŸï¼Œè®¾å¤‡: cuda
2025-07-14 00:31:11 - INFO - [server.py:132] - GPUå·²åˆ†é…å†…å­˜: 14.9GB
2025-07-14 00:31:11 - INFO - [_internal.py:97] - [31m[1mWARNING: This is a development server. Do not use it in a production deployment. Use a production WSGI server instead.[0m
 * Running on all addresses (0.0.0.0)
 * Running on http://127.0.0.1:9000
 * Running on http://172.17.0.3:9000
2025-07-14 00:31:11 - INFO - [_internal.py:97] - [33mPress CTRL+C to quit[0m
2025-07-14 00:31:11 - INFO - [server.py:73] - æ”¶åˆ°è¯·æ±‚: {
  "method": "GET",
  "url": "http://localhost:9000/health",
  "remote_addr": "127.0.0.1",
  "user_agent": "curl/7.81.0",
  "timestamp": "2025-07-14T00:31:11.658508"
}
2025-07-14 00:31:11 - INFO - [server.py:92] - å‘é€å“åº”: {
  "status_code": 200,
  "content_length": 37,
  "content_type": "application/json",
  "timestamp": "2025-07-14T00:31:11.659612",
  "response_body": "{\"device\":\"cuda\",\"status\":\"healthy\"}\n"
}
2025-07-14 00:31:11 - INFO - [_internal.py:97] - 127.0.0.1 - - [14/Jul/2025 00:31:11] "GET /health HTTP/1.1" 200 -
2025-07-14 00:31:18 - INFO - [server.py:73] - æ”¶åˆ°è¯·æ±‚: {
  "method": "GET",
  "url": "http://localhost:9000/health",
  "remote_addr": "127.0.0.1",
  "user_agent": "python-requests/2.31.0",
  "timestamp": "2025-07-14T00:31:18.860673"
}
2025-07-14 00:31:18 - INFO - [server.py:92] - å‘é€å“åº”: {
  "status_code": 200,
  "content_length": 37,
  "content_type": "application/json",
  "timestamp": "2025-07-14T00:31:18.861560",
  "response_body": "{\"device\":\"cuda\",\"status\":\"healthy\"}\n"
}
2025-07-14 00:31:18 - INFO - [_internal.py:97] - 127.0.0.1 - - [14/Jul/2025 00:31:18] "GET /health HTTP/1.1" 200 -
2025-07-14 00:31:19 - INFO - [server.py:73] - æ”¶åˆ°è¯·æ±‚: {
  "method": "POST",
  "url": "http://localhost:9000/generate",
  "remote_addr": "127.0.0.1",
  "user_agent": "python-requests/2.31.0",
  "timestamp": "2025-07-14T00:31:19.868165",
  "json_data": {
    "messages": [
      {
        "role": "user",
        "content": "ä½ å¥½"
      }
    ],
    "settings": {
      "gen_length": 16,
      "steps": 8,
      "temperature": 0.0,
      "cfg_scale": 0.0
    }
  }
}
2025-07-14 00:31:19 - INFO - [server.py:443] - [req_1752424279868] æ”¶åˆ°ç”Ÿæˆè¯·æ±‚
2025-07-14 00:31:19 - INFO - [server.py:451] - [req_1752424279868] è¯·æ±‚æ•°æ®è¯¦æƒ…:
2025-07-14 00:31:19 - INFO - [server.py:452] - [req_1752424279868] - æ¶ˆæ¯æ•°é‡: 1
2025-07-14 00:31:19 - INFO - [server.py:453] - [req_1752424279868] - è®¾ç½®å‚æ•°: {
  "gen_length": 16,
  "steps": 8,
  "temperature": 0.0,
  "cfg_scale": 0.0
}
2025-07-14 00:31:19 - DEBUG - [server.py:454] - [req_1752424279868] - å®Œæ•´æ¶ˆæ¯åˆ—è¡¨: [
  {
    "role": "user",
    "content": "ä½ å¥½"
  }
]
2025-07-14 00:31:19 - INFO - [server.py:465] - [req_1752424279868] å¼€å§‹ç”Ÿæˆå“åº”...
2025-07-14 00:31:19 - INFO - [server.py:201] - ============================================================
2025-07-14 00:31:19 - INFO - [server.py:202] - å¼€å§‹ç”Ÿæˆå“åº”
2025-07-14 00:31:19 - INFO - [server.py:203] - è¾“å…¥æ¶ˆæ¯æ•°é‡: 1
2025-07-14 00:31:19 - INFO - [server.py:205] - æ¶ˆæ¯ 1: è§’è‰²=user, å†…å®¹é•¿åº¦=2
2025-07-14 00:31:19 - DEBUG - [server.py:206] - æ¶ˆæ¯ 1 å†…å®¹: ä½ å¥½
2025-07-14 00:31:19 - INFO - [server.py:208] - è®¾ç½®å‚æ•°: {
  "gen_length": 16,
  "steps": 8,
  "temperature": 0.0,
  "cfg_scale": 0.0
}
2025-07-14 00:31:19 - INFO - [server.py:220] - è§£æåçš„çº¦æŸ: {}
2025-07-14 00:31:19 - INFO - [server.py:225] - ç”Ÿæˆå‰GPUå†…å­˜ä½¿ç”¨: 14.93GB
2025-07-14 00:31:19 - INFO - [server.py:228] - å‡†å¤‡è¾“å…¥prompt...
2025-07-14 00:31:19 - DEBUG - [server.py:230] - æ ¼å¼åŒ–åçš„chatè¾“å…¥: <|startoftext|><|start_header_id|>user<|end_header_id|>

ä½ å¥½<|eot_id|><|start_header_id|>assistant<|end_header_id|>


2025-07-14 00:31:19 - INFO - [server.py:234] - è¾“å…¥tokenæ•°é‡: 14
2025-07-14 00:31:19 - INFO - [server.py:241] - åºåˆ—æ€»é•¿åº¦: 30, prompté•¿åº¦: 14, ç”Ÿæˆé•¿åº¦: 16
2025-07-14 00:31:19 - INFO - [server.py:250] - åº”ç”¨çº¦æŸæ•°é‡: 0
2025-07-14 00:31:19 - INFO - [server.py:270] - å—å¤„ç†é…ç½®: å—é•¿åº¦=16, å—æ•°é‡=1, æ¯å—æ­¥æ•°=8
2025-07-14 00:31:19 - INFO - [server.py:274] - å¤„ç†ç¬¬ 1/1 å—...
2025-07-14 00:31:19 - DEBUG - [server.py:289] - å— 1, æ­¥éª¤ 1/8
2025-07-14 00:31:20 - DEBUG - [server.py:289] - å— 1, æ­¥éª¤ 2/8
2025-07-14 00:31:20 - DEBUG - [server.py:289] - å— 1, æ­¥éª¤ 3/8
2025-07-14 00:31:20 - DEBUG - [server.py:289] - å— 1, æ­¥éª¤ 4/8
2025-07-14 00:31:20 - DEBUG - [server.py:289] - å— 1, æ­¥éª¤ 5/8
2025-07-14 00:31:20 - DEBUG - [server.py:289] - å— 1, æ­¥éª¤ 6/8
2025-07-14 00:31:20 - DEBUG - [server.py:289] - å— 1, æ­¥éª¤ 7/8
2025-07-14 00:31:20 - DEBUG - [server.py:289] - å— 1, æ­¥éª¤ 8/8
2025-07-14 00:31:20 - INFO - [server.py:395] - ç”ŸæˆåGPUå†…å­˜ä½¿ç”¨: 15.36GB
2025-07-14 00:31:20 - INFO - [server.py:397] - ç”Ÿæˆå®Œæˆ!
2025-07-14 00:31:20 - INFO - [server.py:398] - å“åº”æ–‡æœ¬é•¿åº¦: 17
2025-07-14 00:31:20 - INFO - [server.py:399] - å¯è§†åŒ–æ­¥éª¤æ•°: 9
2025-07-14 00:31:20 - INFO - [server.py:400] - ç”Ÿæˆè€—æ—¶: 0.86ç§’
2025-07-14 00:31:20 - DEBUG - [server.py:401] - ç”Ÿæˆçš„å“åº”æ–‡æœ¬: ä½ å¥½ï¼æœ‰ä»€ä¹ˆæˆ‘å¯ä»¥å¯ä»¥å¸®åŠ©ä½ çš„å—ï¼Ÿ
2025-07-14 00:31:20 - INFO - [server.py:402] - ============================================================
2025-07-14 00:31:20 - INFO - [server.py:474] - [req_1752424279868] ç”ŸæˆæˆåŠŸ!
2025-07-14 00:31:20 - INFO - [server.py:475] - [req_1752424279868] å“åº”é•¿åº¦: 17
2025-07-14 00:31:20 - INFO - [server.py:476] - [req_1752424279868] å¯è§†åŒ–æ­¥éª¤: 9
2025-07-14 00:31:20 - INFO - [server.py:477] - [req_1752424279868] æ€»è€—æ—¶: 0.86ç§’
2025-07-14 00:31:20 - DEBUG - [server.py:478] - [req_1752424279868] å“åº”æ–‡æœ¬: ä½ å¥½ï¼æœ‰ä»€ä¹ˆæˆ‘å¯ä»¥å¯ä»¥å¸®åŠ©ä½ çš„å—ï¼Ÿ
2025-07-14 00:31:20 - INFO - [server.py:92] - å‘é€å“åº”: {
  "status_code": 200,
  "content_length": 3111,
  "content_type": "application/json",
  "timestamp": "2025-07-14T00:31:20.731628"
}
2025-07-14 00:31:20 - INFO - [_internal.py:97] - 127.0.0.1 - - [14/Jul/2025 00:31:20] "POST /generate HTTP/1.1" 200 -
2025-07-14 00:31:21 - INFO - [server.py:73] - æ”¶åˆ°è¯·æ±‚: {
  "method": "POST",
  "url": "http://localhost:9000/generate",
  "remote_addr": "127.0.0.1",
  "user_agent": "python-requests/2.31.0",
  "timestamp": "2025-07-14T00:31:21.739752",
  "json_data": {
    "messages": [
      {
        "role": "user",
        "content": "ä»Šå¤©å¤©æ°”æ€ä¹ˆæ ·ï¼Ÿ"
      }
    ],
    "settings": {
      "gen_length": 12,
      "steps": 6,
      "temperature": 0.0,
      "constraints": "0:ä»Šå¤©, 2:å¤©æ°”, 4:å¾ˆå¥½"
    }
  }
}
2025-07-14 00:31:21 - INFO - [server.py:443] - [req_1752424281740] æ”¶åˆ°ç”Ÿæˆè¯·æ±‚
2025-07-14 00:31:21 - INFO - [server.py:451] - [req_1752424281740] è¯·æ±‚æ•°æ®è¯¦æƒ…:
2025-07-14 00:31:21 - INFO - [server.py:452] - [req_1752424281740] - æ¶ˆæ¯æ•°é‡: 1
2025-07-14 00:31:21 - INFO - [server.py:453] - [req_1752424281740] - è®¾ç½®å‚æ•°: {
  "gen_length": 12,
  "steps": 6,
  "temperature": 0.0,
  "constraints": "0:ä»Šå¤©, 2:å¤©æ°”, 4:å¾ˆå¥½"
}
2025-07-14 00:31:21 - DEBUG - [server.py:454] - [req_1752424281740] - å®Œæ•´æ¶ˆæ¯åˆ—è¡¨: [
  {
    "role": "user",
    "content": "ä»Šå¤©å¤©æ°”æ€ä¹ˆæ ·ï¼Ÿ"
  }
]
2025-07-14 00:31:21 - INFO - [server.py:465] - [req_1752424281740] å¼€å§‹ç”Ÿæˆå“åº”...
2025-07-14 00:31:21 - INFO - [server.py:201] - ============================================================
2025-07-14 00:31:21 - INFO - [server.py:202] - å¼€å§‹ç”Ÿæˆå“åº”
2025-07-14 00:31:21 - INFO - [server.py:203] - è¾“å…¥æ¶ˆæ¯æ•°é‡: 1
2025-07-14 00:31:21 - INFO - [server.py:205] - æ¶ˆæ¯ 1: è§’è‰²=user, å†…å®¹é•¿åº¦=8
2025-07-14 00:31:21 - DEBUG - [server.py:206] - æ¶ˆæ¯ 1 å†…å®¹: ä»Šå¤©å¤©æ°”æ€ä¹ˆæ ·ï¼Ÿ
2025-07-14 00:31:21 - INFO - [server.py:208] - è®¾ç½®å‚æ•°: {
  "gen_length": 12,
  "steps": 6,
  "temperature": 0.0,
  "constraints": "0:ä»Šå¤©, 2:å¤©æ°”, 4:å¾ˆå¥½"
}
2025-07-14 00:31:21 - INFO - [server.py:220] - è§£æåçš„çº¦æŸ: {0: 'ä»Šå¤©', 2: 'å¤©æ°”', 4: 'å¾ˆå¥½'}
2025-07-14 00:31:21 - INFO - [server.py:225] - ç”Ÿæˆå‰GPUå†…å­˜ä½¿ç”¨: 14.94GB
2025-07-14 00:31:21 - INFO - [server.py:228] - å‡†å¤‡è¾“å…¥prompt...
2025-07-14 00:31:21 - DEBUG - [server.py:230] - æ ¼å¼åŒ–åçš„chatè¾“å…¥: <|startoftext|><|start_header_id|>user<|end_header_id|>

ä»Šå¤©å¤©æ°”æ€ä¹ˆæ ·ï¼Ÿ<|eot_id|><|start_header_id|>assistant<|end_header_id|>


2025-07-14 00:31:21 - INFO - [server.py:234] - è¾“å…¥tokenæ•°é‡: 17
2025-07-14 00:31:21 - INFO - [server.py:241] - åºåˆ—æ€»é•¿åº¦: 29, prompté•¿åº¦: 17, ç”Ÿæˆé•¿åº¦: 12
2025-07-14 00:31:21 - INFO - [server.py:250] - åº”ç”¨çº¦æŸæ•°é‡: 5
2025-07-14 00:31:21 - DEBUG - [server.py:255] - çº¦æŸä½ç½® 0 (ç»å¯¹ä½ç½® 17): token_id=34808
2025-07-14 00:31:21 - DEBUG - [server.py:255] - çº¦æŸä½ç½® 2 (ç»å¯¹ä½ç½® 19): token_id=220
2025-07-14 00:31:21 - DEBUG - [server.py:255] - çº¦æŸä½ç½® 3 (ç»å¯¹ä½ç½® 20): token_id=13092
2025-07-14 00:31:21 - DEBUG - [server.py:255] - çº¦æŸä½ç½® 4 (ç»å¯¹ä½ç½® 21): token_id=220
2025-07-14 00:31:21 - DEBUG - [server.py:255] - çº¦æŸä½ç½® 5 (ç»å¯¹ä½ç½® 22): token_id=9052
2025-07-14 00:31:21 - INFO - [server.py:270] - å—å¤„ç†é…ç½®: å—é•¿åº¦=12, å—æ•°é‡=1, æ¯å—æ­¥æ•°=6
2025-07-14 00:31:21 - INFO - [server.py:274] - å¤„ç†ç¬¬ 1/1 å—...
2025-07-14 00:31:21 - DEBUG - [server.py:289] - å— 1, æ­¥éª¤ 1/6
2025-07-14 00:31:21 - DEBUG - [server.py:289] - å— 1, æ­¥éª¤ 2/6
2025-07-14 00:31:21 - DEBUG - [server.py:289] - å— 1, æ­¥éª¤ 3/6
2025-07-14 00:31:21 - DEBUG - [server.py:289] - å— 1, æ­¥éª¤ 4/6
2025-07-14 00:31:21 - DEBUG - [server.py:289] - å— 1, æ­¥éª¤ 5/6
2025-07-14 00:31:22 - DEBUG - [server.py:289] - å— 1, æ­¥éª¤ 6/6
2025-07-14 00:31:22 - INFO - [server.py:395] - ç”ŸæˆåGPUå†…å­˜ä½¿ç”¨: 15.35GB
2025-07-14 00:31:22 - INFO - [server.py:397] - ç”Ÿæˆå®Œæˆ!
2025-07-14 00:31:22 - INFO - [server.py:398] - å“åº”æ–‡æœ¬é•¿åº¦: 22
2025-07-14 00:31:22 - INFO - [server.py:399] - å¯è§†åŒ–æ­¥éª¤æ•°: 7
2025-07-14 00:31:22 - INFO - [server.py:400] - ç”Ÿæˆè€—æ—¶: 0.31ç§’
2025-07-14 00:31:22 - DEBUG - [server.py:401] - ç”Ÿæˆçš„å“åº”æ–‡æœ¬:  ä»Šå¤© çš„ å¤©æ°” å¾ˆå¥½ï¼Œé˜³å…‰æ˜åªšï¼Œæ°”æ¸©é€‚å®œã€‚
2025-07-14 00:31:22 - INFO - [server.py:402] - ============================================================
2025-07-14 00:31:22 - INFO - [server.py:474] - [req_1752424281740] ç”ŸæˆæˆåŠŸ!
2025-07-14 00:31:22 - INFO - [server.py:475] - [req_1752424281740] å“åº”é•¿åº¦: 22
2025-07-14 00:31:22 - INFO - [server.py:476] - [req_1752424281740] å¯è§†åŒ–æ­¥éª¤: 7
2025-07-14 00:31:22 - INFO - [server.py:477] - [req_1752424281740] æ€»è€—æ—¶: 0.32ç§’
2025-07-14 00:31:22 - DEBUG - [server.py:478] - [req_1752424281740] å“åº”æ–‡æœ¬:  ä»Šå¤© çš„ å¤©æ°” å¾ˆå¥½ï¼Œé˜³å…‰æ˜åªšï¼Œæ°”æ¸©é€‚å®œã€‚
2025-07-14 00:31:22 - INFO - [server.py:92] - å‘é€å“åº”: {
  "status_code": 200,
  "content_length": 2097,
  "content_type": "application/json",
  "timestamp": "2025-07-14T00:31:22.057327"
}
2025-07-14 00:31:22 - INFO - [_internal.py:97] - 127.0.0.1 - - [14/Jul/2025 00:31:22] "POST /generate HTTP/1.1" 200 -
2025-07-14 00:31:27 - INFO - [server.py:73] - æ”¶åˆ°è¯·æ±‚: {
  "method": "GET",
  "url": "http://localhost:9000/health",
  "remote_addr": "127.0.0.1",
  "user_agent": "Mozilla/5.0 (Windows NT 10.0; Win64; x64) AppleWebKit/537.36 (KHTML, like Gecko) Chrome/138.0.0.0 Safari/537.36 Edg/138.0.0.0",
  "timestamp": "2025-07-14T00:31:27.148157"
}
2025-07-14 00:31:27 - INFO - [server.py:92] - å‘é€å“åº”: {
  "status_code": 200,
  "content_length": 37,
  "content_type": "application/json",
  "timestamp": "2025-07-14T00:31:27.149051",
  "response_body": "{\"device\":\"cuda\",\"status\":\"healthy\"}\n"
}
2025-07-14 00:31:27 - INFO - [_internal.py:97] - 127.0.0.1 - - [14/Jul/2025 00:31:27] "GET /health HTTP/1.1" 200 -
2025-07-14 00:31:27 - INFO - [server.py:73] - æ”¶åˆ°è¯·æ±‚: {
  "method": "GET",
  "url": "http://localhost:9000/health",
  "remote_addr": "127.0.0.1",
  "user_agent": "Mozilla/5.0 (Windows NT 10.0; Win64; x64) AppleWebKit/537.36 (KHTML, like Gecko) Chrome/138.0.0.0 Safari/537.36 Edg/138.0.0.0",
  "timestamp": "2025-07-14T00:31:27.379339"
}
2025-07-14 00:31:27 - INFO - [server.py:92] - å‘é€å“åº”: {
  "status_code": 200,
  "content_length": 37,
  "content_type": "application/json",
  "timestamp": "2025-07-14T00:31:27.380245",
  "response_body": "{\"device\":\"cuda\",\"status\":\"healthy\"}\n"
}
2025-07-14 00:31:27 - INFO - [_internal.py:97] - 127.0.0.1 - - [14/Jul/2025 00:31:27] "GET /health HTTP/1.1" 200 -
2025-07-14 00:31:56 - INFO - [server.py:73] - æ”¶åˆ°è¯·æ±‚: {
  "method": "GET",
  "url": "http://localhost:9000/health",
  "remote_addr": "127.0.0.1",
  "user_agent": "Mozilla/5.0 (Windows NT 10.0; Win64; x64) AppleWebKit/537.36 (KHTML, like Gecko) Chrome/138.0.0.0 Safari/537.36 Edg/138.0.0.0",
  "timestamp": "2025-07-14T00:31:56.712504"
}
2025-07-14 00:31:56 - INFO - [server.py:92] - å‘é€å“åº”: {
  "status_code": 200,
  "content_length": 37,
  "content_type": "application/json",
  "timestamp": "2025-07-14T00:31:56.713357",
  "response_body": "{\"device\":\"cuda\",\"status\":\"healthy\"}\n"
}
2025-07-14 00:31:56 - INFO - [_internal.py:97] - 127.0.0.1 - - [14/Jul/2025 00:31:56] "GET /health HTTP/1.1" 200 -
2025-07-14 00:32:11 - INFO - [server.py:73] - æ”¶åˆ°è¯·æ±‚: {
  "method": "GET",
  "url": "http://localhost:9000/health",
  "remote_addr": "127.0.0.1",
  "user_agent": "Mozilla/5.0 (Windows NT 10.0; Win64; x64) AppleWebKit/537.36 (KHTML, like Gecko) Chrome/138.0.0.0 Safari/537.36 Edg/138.0.0.0",
  "timestamp": "2025-07-14T00:32:11.689771"
}
2025-07-14 00:32:11 - INFO - [server.py:92] - å‘é€å“åº”: {
  "status_code": 200,
  "content_length": 37,
  "content_type": "application/json",
  "timestamp": "2025-07-14T00:32:11.690708",
  "response_body": "{\"device\":\"cuda\",\"status\":\"healthy\"}\n"
}
2025-07-14 00:32:11 - INFO - [_internal.py:97] - 127.0.0.1 - - [14/Jul/2025 00:32:11] "GET /health HTTP/1.1" 200 -
2025-07-14 00:32:26 - INFO - [server.py:73] - æ”¶åˆ°è¯·æ±‚: {
  "method": "GET",
  "url": "http://localhost:9000/health",
  "remote_addr": "127.0.0.1",
  "user_agent": "Mozilla/5.0 (Windows NT 10.0; Win64; x64) AppleWebKit/537.36 (KHTML, like Gecko) Chrome/138.0.0.0 Safari/537.36 Edg/138.0.0.0",
  "timestamp": "2025-07-14T00:32:26.722399"
}
2025-07-14 00:32:26 - INFO - [server.py:92] - å‘é€å“åº”: {
  "status_code": 200,
  "content_length": 37,
  "content_type": "application/json",
  "timestamp": "2025-07-14T00:32:26.723311",
  "response_body": "{\"device\":\"cuda\",\"status\":\"healthy\"}\n"
}
2025-07-14 00:32:26 - INFO - [_internal.py:97] - 127.0.0.1 - - [14/Jul/2025 00:32:26] "GET /health HTTP/1.1" 200 -
2025-07-14 00:32:57 - INFO - [server.py:73] - æ”¶åˆ°è¯·æ±‚: {
  "method": "GET",
  "url": "http://localhost:9000/health",
  "remote_addr": "127.0.0.1",
  "user_agent": "Mozilla/5.0 (Windows NT 10.0; Win64; x64) AppleWebKit/537.36 (KHTML, like Gecko) Chrome/138.0.0.0 Safari/537.36 Edg/138.0.0.0",
  "timestamp": "2025-07-14T00:32:57.129142"
}
2025-07-14 00:32:57 - INFO - [server.py:92] - å‘é€å“åº”: {
  "status_code": 200,
  "content_length": 37,
  "content_type": "application/json",
  "timestamp": "2025-07-14T00:32:57.129537",
  "response_body": "{\"device\":\"cuda\",\"status\":\"healthy\"}\n"
}
2025-07-14 00:32:57 - INFO - [_internal.py:97] - 127.0.0.1 - - [14/Jul/2025 00:32:57] "GET /health HTTP/1.1" 200 -
2025-07-14 00:33:12 - INFO - [server.py:73] - æ”¶åˆ°è¯·æ±‚: {
  "method": "GET",
  "url": "http://localhost:9000/health",
  "remote_addr": "127.0.0.1",
  "user_agent": "Mozilla/5.0 (Windows NT 10.0; Win64; x64) AppleWebKit/537.36 (KHTML, like Gecko) Chrome/138.0.0.0 Safari/537.36 Edg/138.0.0.0",
  "timestamp": "2025-07-14T00:33:12.243589"
}
2025-07-14 00:33:12 - INFO - [server.py:92] - å‘é€å“åº”: {
  "status_code": 200,
  "content_length": 37,
  "content_type": "application/json",
  "timestamp": "2025-07-14T00:33:12.244118",
  "response_body": "{\"device\":\"cuda\",\"status\":\"healthy\"}\n"
}
2025-07-14 00:33:12 - INFO - [_internal.py:97] - 127.0.0.1 - - [14/Jul/2025 00:33:12] "GET /health HTTP/1.1" 200 -
2025-07-14 00:33:27 - INFO - [server.py:73] - æ”¶åˆ°è¯·æ±‚: {
  "method": "GET",
  "url": "http://localhost:9000/health",
  "remote_addr": "127.0.0.1",
  "user_agent": "Mozilla/5.0 (Windows NT 10.0; Win64; x64) AppleWebKit/537.36 (KHTML, like Gecko) Chrome/138.0.0.0 Safari/537.36 Edg/138.0.0.0",
  "timestamp": "2025-07-14T00:33:27.175814"
}
2025-07-14 00:33:27 - INFO - [server.py:92] - å‘é€å“åº”: {
  "status_code": 200,
  "content_length": 37,
  "content_type": "application/json",
  "timestamp": "2025-07-14T00:33:27.176545",
  "response_body": "{\"device\":\"cuda\",\"status\":\"healthy\"}\n"
}
2025-07-14 00:33:27 - INFO - [_internal.py:97] - 127.0.0.1 - - [14/Jul/2025 00:33:27] "GET /health HTTP/1.1" 200 -
2025-07-14 00:33:56 - INFO - [server.py:73] - æ”¶åˆ°è¯·æ±‚: {
  "method": "GET",
  "url": "http://localhost:9000/health",
  "remote_addr": "127.0.0.1",
  "user_agent": "Mozilla/5.0 (Windows NT 10.0; Win64; x64) AppleWebKit/537.36 (KHTML, like Gecko) Chrome/138.0.0.0 Safari/537.36 Edg/138.0.0.0",
  "timestamp": "2025-07-14T00:33:56.711884"
}
2025-07-14 00:33:56 - INFO - [server.py:92] - å‘é€å“åº”: {
  "status_code": 200,
  "content_length": 37,
  "content_type": "application/json",
  "timestamp": "2025-07-14T00:33:56.713037",
  "response_body": "{\"device\":\"cuda\",\"status\":\"healthy\"}\n"
}
2025-07-14 00:33:56 - INFO - [_internal.py:97] - 127.0.0.1 - - [14/Jul/2025 00:33:56] "GET /health HTTP/1.1" 200 -
