=== LLaDA 系统日志 ===
启动时间: Mon Jul 14 00:50:57 CST 2025
日志会话: 20250714_005055
系统信息: Linux autodl-container-29e34aa8c9-8240387a 5.15.0-78-generic #85-Ubuntu SMP Fri Jul 7 15:25:09 UTC 2023 x86_64 x86_64 x86_64 GNU/Linux
内存信息:                total        used        free      shared  buff/cache   available
Mem:           1.0Ti        73Gi        60Gi       1.3Gi       873Gi       926Gi
磁盘信息: overlay          30G   20G   11G  66% /
====================

2025-07-14 00:50:57 - SUCCESS - 日志系统设置完成！
2025-07-14 00:50:57 - INFO - 会话目录: logs/session_20250714_005055
2025-07-14 00:50:57 - INFO - 开始启动流程...
2025-07-14 00:50:57 - INFO - 检查Python环境...
2025-07-14 00:50:57 - SUCCESS - Python版本: 3.12
2025-07-14 00:50:57 - INFO - 检查Node.js环境...
2025-07-14 00:50:57 - SUCCESS - Node.js版本: v22.17.0, npm版本: 10.9.2
2025-07-14 00:50:57 - INFO - 检查模型文件...
2025-07-14 00:50:57 - SUCCESS - 模型目录存在，包含 16 个文件
2025-07-14 00:50:57 - INFO - 检查Python依赖...
2025-07-14 00:51:00 - SUCCESS - Python依赖已满足
2025-07-14 00:51:00 - INFO - 检查Node.js依赖...
2025-07-14 00:51:00 - SUCCESS - Node.js依赖已存在
2025-07-14 00:51:00 - INFO - 启动后端服务...
2025-07-14 00:51:00 - INFO - 启动后端服务，日志保存到: logs/session_20250714_005055/backend.log
2025-07-14 00:51:00 - INFO - 后端服务 PID: 6703 (日志会话: 20250714_005055)
2025-07-14 00:51:00 - INFO - 等待后端服务启动...
2025-07-14 00:51:07 - SUCCESS - 后端服务启动成功 (PID: 6703)
2025-07-14 00:51:07 - INFO - 后端日志路径: logs/session_20250714_005055/backend.log
2025-07-14 00:51:07 - INFO - 启动前端服务...
2025-07-14 00:51:08 - INFO - 启动前端服务，日志保存到: logs/session_20250714_005055/frontend.log
2025-07-14 00:51:08 - INFO - 前端服务 PID: 6813 (日志会话: 20250714_005055)
2025-07-14 00:51:08 - INFO - 等待前端服务启动...
2025-07-14 00:51:14 - SUCCESS - 前端服务启动成功 (PID: 6813)
2025-07-14 00:51:14 - INFO - 前端访问地址: http://localhost:3000
2025-07-14 00:51:14 - INFO - 前端日志路径: logs/session_20250714_005055/frontend.log
2025-07-14 00:51:14 - INFO - 运行基本测试...
2025-07-14 00:51:14 - INFO - 测试后端API...
2025-07-14 00:51:20 - SUCCESS - 后端API测试通过
2025-07-14 00:51:20 - SUCCESS - 前端界面: http://localhost:3000
2025-07-14 00:51:20 - SUCCESS - 后端API:  http://localhost:9000
2025-07-14 00:51:20 - SUCCESS - 健康检查: http://localhost:9000/health
2025-07-14 00:51:20 - INFO - 系统正在运行，实时日志追踪: tail -f backend.log frontend.log
2025-07-14 00:51:20 - INFO - 系统运行中，按 Ctrl+C 停止...
2025-07-14 00:51:45 - INFO - 正在停止服务...
2025-07-14 00:51:46 - INFO - 后端服务已停止
2025-07-14 00:51:46 - SUCCESS - 所有服务已停止！
2025-07-14 00:51:46 - ERROR - 后端服务意外停止
