=== LLaDA åç«¯æœåŠ¡æ—¥å¿— ===
å¯åŠ¨æ—¶é—´: Mon Jul 14 00:18:23 CST 2025
æ—¥å¿—ä¼šè¯: 20250714_001818
Pythonç‰ˆæœ¬: Python 3.12.3
å·¥ä½œç›®å½•: /root/LLaDA-main/lldm
è®¾å¤‡æ£€æµ‹: CUDAå¯ç”¨: True
==========================

2025-07-14 00:18:26 - INFO - [server.py:97] - åˆå§‹åŒ–è®¾å¤‡: cuda
2025-07-14 00:18:26 - INFO - [server.py:104] - GPUæ€»å†…å­˜: 23.5GB
2025-07-14 00:18:26 - INFO - [server.py:107] - å¼€å§‹åŠ è½½tokenizer...
2025-07-14 00:18:26 - INFO - [server.py:109] - TokenizeråŠ è½½æˆåŠŸ
2025-07-14 00:18:26 - INFO - [server.py:111] - å¼€å§‹åŠ è½½æ¨¡å‹...
2025-07-14 00:18:27 - INFO - [modeling.py:991] - We will use 90% of the memory on device 0 for storing the model, and 10% for the buffer to avoid OOM. You can set `max_memory` in to a higher value to use more memory (at your own risk).
2025-07-14 00:18:27 - WARNING - [modeling.py:1114] - The model weights are not tied. Please use the `tie_weights` method before using the `infer_auto_device` function.
2025-07-14 00:18:31 - INFO - [server.py:129] - æ¨¡å‹åŠ è½½æˆåŠŸï¼Œè®¾å¤‡: cuda
2025-07-14 00:18:31 - INFO - [server.py:132] - GPUå·²åˆ†é…å†…å­˜: 14.9GB
2025-07-14 00:18:31 - INFO - [_internal.py:97] - [31m[1mWARNING: This is a development server. Do not use it in a production deployment. Use a production WSGI server instead.[0m
 * Running on all addresses (0.0.0.0)
 * Running on http://127.0.0.1:9000
 * Running on http://172.17.0.3:9000
2025-07-14 00:18:31 - INFO - [_internal.py:97] - [33mPress CTRL+C to quit[0m
2025-07-14 00:18:32 - INFO - [server.py:73] - æ”¶åˆ°è¯·æ±‚: {
  "method": "GET",
  "url": "http://localhost:9000/health",
  "remote_addr": "127.0.0.1",
  "user_agent": "curl/7.81.0",
  "timestamp": "2025-07-14T00:18:32.122307"
}
2025-07-14 00:18:32 - INFO - [server.py:92] - å‘é€å“åº”: {
  "status_code": 200,
  "content_length": 37,
  "content_type": "application/json",
  "timestamp": "2025-07-14T00:18:32.123472",
  "response_body": "{\"device\":\"cuda\",\"status\":\"healthy\"}\n"
}
2025-07-14 00:18:32 - INFO - [_internal.py:97] - 127.0.0.1 - - [14/Jul/2025 00:18:32] "GET /health HTTP/1.1" 200 -
2025-07-14 00:18:40 - INFO - [server.py:73] - æ”¶åˆ°è¯·æ±‚: {
  "method": "GET",
  "url": "http://localhost:9000/health",
  "remote_addr": "127.0.0.1",
  "user_agent": "python-requests/2.31.0",
  "timestamp": "2025-07-14T00:18:40.982199"
}
2025-07-14 00:18:40 - INFO - [server.py:92] - å‘é€å“åº”: {
  "status_code": 200,
  "content_length": 37,
  "content_type": "application/json",
  "timestamp": "2025-07-14T00:18:40.983107",
  "response_body": "{\"device\":\"cuda\",\"status\":\"healthy\"}\n"
}
2025-07-14 00:18:40 - INFO - [_internal.py:97] - 127.0.0.1 - - [14/Jul/2025 00:18:40] "GET /health HTTP/1.1" 200 -
2025-07-14 00:18:41 - INFO - [server.py:73] - æ”¶åˆ°è¯·æ±‚: {
  "method": "POST",
  "url": "http://localhost:9000/generate",
  "remote_addr": "127.0.0.1",
  "user_agent": "python-requests/2.31.0",
  "timestamp": "2025-07-14T00:18:41.991476",
  "json_data": {
    "messages": [
      {
        "role": "user",
        "content": "ä½ å¥½"
      }
    ],
    "settings": {
      "gen_length": 16,
      "steps": 8,
      "temperature": 0.0,
      "cfg_scale": 0.0
    }
  }
}
2025-07-14 00:18:41 - INFO - [server.py:443] - [req_1752423521992] æ”¶åˆ°ç”Ÿæˆè¯·æ±‚
2025-07-14 00:18:41 - INFO - [server.py:451] - [req_1752423521992] è¯·æ±‚æ•°æ®è¯¦æƒ…:
2025-07-14 00:18:41 - INFO - [server.py:452] - [req_1752423521992] - æ¶ˆæ¯æ•°é‡: 1
2025-07-14 00:18:41 - INFO - [server.py:453] - [req_1752423521992] - è®¾ç½®å‚æ•°: {
  "gen_length": 16,
  "steps": 8,
  "temperature": 0.0,
  "cfg_scale": 0.0
}
2025-07-14 00:18:41 - DEBUG - [server.py:454] - [req_1752423521992] - å®Œæ•´æ¶ˆæ¯åˆ—è¡¨: [
  {
    "role": "user",
    "content": "ä½ å¥½"
  }
]
2025-07-14 00:18:41 - INFO - [server.py:465] - [req_1752423521992] å¼€å§‹ç”Ÿæˆå“åº”...
2025-07-14 00:18:41 - INFO - [server.py:201] - ============================================================
2025-07-14 00:18:41 - INFO - [server.py:202] - å¼€å§‹ç”Ÿæˆå“åº”
2025-07-14 00:18:41 - INFO - [server.py:203] - è¾“å…¥æ¶ˆæ¯æ•°é‡: 1
2025-07-14 00:18:41 - INFO - [server.py:205] - æ¶ˆæ¯ 1: è§’è‰²=user, å†…å®¹é•¿åº¦=2
2025-07-14 00:18:41 - DEBUG - [server.py:206] - æ¶ˆæ¯ 1 å†…å®¹: ä½ å¥½
2025-07-14 00:18:41 - INFO - [server.py:208] - è®¾ç½®å‚æ•°: {
  "gen_length": 16,
  "steps": 8,
  "temperature": 0.0,
  "cfg_scale": 0.0
}
2025-07-14 00:18:41 - INFO - [server.py:220] - è§£æåçš„çº¦æŸ: {}
2025-07-14 00:18:41 - INFO - [server.py:225] - ç”Ÿæˆå‰GPUå†…å­˜ä½¿ç”¨: 14.93GB
2025-07-14 00:18:41 - INFO - [server.py:228] - å‡†å¤‡è¾“å…¥prompt...
2025-07-14 00:18:42 - DEBUG - [server.py:230] - æ ¼å¼åŒ–åçš„chatè¾“å…¥: <|startoftext|><|start_header_id|>user<|end_header_id|>

ä½ å¥½<|eot_id|><|start_header_id|>assistant<|end_header_id|>


2025-07-14 00:18:42 - INFO - [server.py:234] - è¾“å…¥tokenæ•°é‡: 14
2025-07-14 00:18:42 - INFO - [server.py:241] - åºåˆ—æ€»é•¿åº¦: 30, prompté•¿åº¦: 14, ç”Ÿæˆé•¿åº¦: 16
2025-07-14 00:18:42 - INFO - [server.py:250] - åº”ç”¨çº¦æŸæ•°é‡: 0
2025-07-14 00:18:42 - INFO - [server.py:270] - å—å¤„ç†é…ç½®: å—é•¿åº¦=16, å—æ•°é‡=1, æ¯å—æ­¥æ•°=8
2025-07-14 00:18:42 - INFO - [server.py:274] - å¤„ç†ç¬¬ 1/1 å—...
2025-07-14 00:18:42 - DEBUG - [server.py:289] - å— 1, æ­¥éª¤ 1/8
2025-07-14 00:18:42 - DEBUG - [server.py:289] - å— 1, æ­¥éª¤ 2/8
2025-07-14 00:18:42 - DEBUG - [server.py:289] - å— 1, æ­¥éª¤ 3/8
2025-07-14 00:18:42 - DEBUG - [server.py:289] - å— 1, æ­¥éª¤ 4/8
2025-07-14 00:18:42 - DEBUG - [server.py:289] - å— 1, æ­¥éª¤ 5/8
2025-07-14 00:18:42 - DEBUG - [server.py:289] - å— 1, æ­¥éª¤ 6/8
2025-07-14 00:18:42 - DEBUG - [server.py:289] - å— 1, æ­¥éª¤ 7/8
2025-07-14 00:18:42 - DEBUG - [server.py:289] - å— 1, æ­¥éª¤ 8/8
2025-07-14 00:18:42 - INFO - [server.py:395] - ç”ŸæˆåGPUå†…å­˜ä½¿ç”¨: 15.36GB
2025-07-14 00:18:42 - INFO - [server.py:397] - ç”Ÿæˆå®Œæˆ!
2025-07-14 00:18:42 - INFO - [server.py:398] - å“åº”æ–‡æœ¬é•¿åº¦: 17
2025-07-14 00:18:42 - INFO - [server.py:399] - å¯è§†åŒ–æ­¥éª¤æ•°: 9
2025-07-14 00:18:42 - INFO - [server.py:400] - ç”Ÿæˆè€—æ—¶: 0.75ç§’
2025-07-14 00:18:42 - DEBUG - [server.py:401] - ç”Ÿæˆçš„å“åº”æ–‡æœ¬: ä½ å¥½ï¼æœ‰ä»€ä¹ˆæˆ‘å¯ä»¥å¯ä»¥å¸®åŠ©ä½ çš„å—ï¼Ÿ
2025-07-14 00:18:42 - INFO - [server.py:402] - ============================================================
2025-07-14 00:18:42 - INFO - [server.py:474] - [req_1752423521992] ç”ŸæˆæˆåŠŸ!
2025-07-14 00:18:42 - INFO - [server.py:475] - [req_1752423521992] å“åº”é•¿åº¦: 17
2025-07-14 00:18:42 - INFO - [server.py:476] - [req_1752423521992] å¯è§†åŒ–æ­¥éª¤: 9
2025-07-14 00:18:42 - INFO - [server.py:477] - [req_1752423521992] æ€»è€—æ—¶: 0.75ç§’
2025-07-14 00:18:42 - DEBUG - [server.py:478] - [req_1752423521992] å“åº”æ–‡æœ¬: ä½ å¥½ï¼æœ‰ä»€ä¹ˆæˆ‘å¯ä»¥å¯ä»¥å¸®åŠ©ä½ çš„å—ï¼Ÿ
2025-07-14 00:18:42 - INFO - [server.py:92] - å‘é€å“åº”: {
  "status_code": 200,
  "content_length": 3111,
  "content_type": "application/json",
  "timestamp": "2025-07-14T00:18:42.743020"
}
2025-07-14 00:18:42 - INFO - [_internal.py:97] - 127.0.0.1 - - [14/Jul/2025 00:18:42] "POST /generate HTTP/1.1" 200 -
2025-07-14 00:18:43 - INFO - [server.py:73] - æ”¶åˆ°è¯·æ±‚: {
  "method": "POST",
  "url": "http://localhost:9000/generate",
  "remote_addr": "127.0.0.1",
  "user_agent": "python-requests/2.31.0",
  "timestamp": "2025-07-14T00:18:43.750511",
  "json_data": {
    "messages": [
      {
        "role": "user",
        "content": "ä»Šå¤©å¤©æ°”æ€ä¹ˆæ ·ï¼Ÿ"
      }
    ],
    "settings": {
      "gen_length": 12,
      "steps": 6,
      "temperature": 0.0,
      "constraints": "0:ä»Šå¤©, 2:å¤©æ°”, 4:å¾ˆå¥½"
    }
  }
}
2025-07-14 00:18:43 - INFO - [server.py:443] - [req_1752423523751] æ”¶åˆ°ç”Ÿæˆè¯·æ±‚
2025-07-14 00:18:43 - INFO - [server.py:451] - [req_1752423523751] è¯·æ±‚æ•°æ®è¯¦æƒ…:
2025-07-14 00:18:43 - INFO - [server.py:452] - [req_1752423523751] - æ¶ˆæ¯æ•°é‡: 1
2025-07-14 00:18:43 - INFO - [server.py:453] - [req_1752423523751] - è®¾ç½®å‚æ•°: {
  "gen_length": 12,
  "steps": 6,
  "temperature": 0.0,
  "constraints": "0:ä»Šå¤©, 2:å¤©æ°”, 4:å¾ˆå¥½"
}
2025-07-14 00:18:43 - DEBUG - [server.py:454] - [req_1752423523751] - å®Œæ•´æ¶ˆæ¯åˆ—è¡¨: [
  {
    "role": "user",
    "content": "ä»Šå¤©å¤©æ°”æ€ä¹ˆæ ·ï¼Ÿ"
  }
]
2025-07-14 00:18:43 - INFO - [server.py:465] - [req_1752423523751] å¼€å§‹ç”Ÿæˆå“åº”...
2025-07-14 00:18:43 - INFO - [server.py:201] - ============================================================
2025-07-14 00:18:43 - INFO - [server.py:202] - å¼€å§‹ç”Ÿæˆå“åº”
2025-07-14 00:18:43 - INFO - [server.py:203] - è¾“å…¥æ¶ˆæ¯æ•°é‡: 1
2025-07-14 00:18:43 - INFO - [server.py:205] - æ¶ˆæ¯ 1: è§’è‰²=user, å†…å®¹é•¿åº¦=8
2025-07-14 00:18:43 - DEBUG - [server.py:206] - æ¶ˆæ¯ 1 å†…å®¹: ä»Šå¤©å¤©æ°”æ€ä¹ˆæ ·ï¼Ÿ
2025-07-14 00:18:43 - INFO - [server.py:208] - è®¾ç½®å‚æ•°: {
  "gen_length": 12,
  "steps": 6,
  "temperature": 0.0,
  "constraints": "0:ä»Šå¤©, 2:å¤©æ°”, 4:å¾ˆå¥½"
}
2025-07-14 00:18:43 - INFO - [server.py:220] - è§£æåçš„çº¦æŸ: {0: 'ä»Šå¤©', 2: 'å¤©æ°”', 4: 'å¾ˆå¥½'}
2025-07-14 00:18:43 - INFO - [server.py:225] - ç”Ÿæˆå‰GPUå†…å­˜ä½¿ç”¨: 14.94GB
2025-07-14 00:18:43 - INFO - [server.py:228] - å‡†å¤‡è¾“å…¥prompt...
2025-07-14 00:18:43 - DEBUG - [server.py:230] - æ ¼å¼åŒ–åçš„chatè¾“å…¥: <|startoftext|><|start_header_id|>user<|end_header_id|>

ä»Šå¤©å¤©æ°”æ€ä¹ˆæ ·ï¼Ÿ<|eot_id|><|start_header_id|>assistant<|end_header_id|>


2025-07-14 00:18:43 - INFO - [server.py:234] - è¾“å…¥tokenæ•°é‡: 17
2025-07-14 00:18:43 - INFO - [server.py:241] - åºåˆ—æ€»é•¿åº¦: 29, prompté•¿åº¦: 17, ç”Ÿæˆé•¿åº¦: 12
2025-07-14 00:18:43 - INFO - [server.py:250] - åº”ç”¨çº¦æŸæ•°é‡: 5
2025-07-14 00:18:43 - DEBUG - [server.py:255] - çº¦æŸä½ç½® 0 (ç»å¯¹ä½ç½® 17): token_id=34808
2025-07-14 00:18:43 - DEBUG - [server.py:255] - çº¦æŸä½ç½® 2 (ç»å¯¹ä½ç½® 19): token_id=220
2025-07-14 00:18:43 - DEBUG - [server.py:255] - çº¦æŸä½ç½® 3 (ç»å¯¹ä½ç½® 20): token_id=13092
2025-07-14 00:18:43 - DEBUG - [server.py:255] - çº¦æŸä½ç½® 4 (ç»å¯¹ä½ç½® 21): token_id=220
2025-07-14 00:18:43 - DEBUG - [server.py:255] - çº¦æŸä½ç½® 5 (ç»å¯¹ä½ç½® 22): token_id=9052
2025-07-14 00:18:43 - INFO - [server.py:270] - å—å¤„ç†é…ç½®: å—é•¿åº¦=12, å—æ•°é‡=1, æ¯å—æ­¥æ•°=6
2025-07-14 00:18:43 - INFO - [server.py:274] - å¤„ç†ç¬¬ 1/1 å—...
2025-07-14 00:18:43 - DEBUG - [server.py:289] - å— 1, æ­¥éª¤ 1/6
2025-07-14 00:18:43 - DEBUG - [server.py:289] - å— 1, æ­¥éª¤ 2/6
2025-07-14 00:18:43 - DEBUG - [server.py:289] - å— 1, æ­¥éª¤ 3/6
2025-07-14 00:18:43 - DEBUG - [server.py:289] - å— 1, æ­¥éª¤ 4/6
2025-07-14 00:18:43 - DEBUG - [server.py:289] - å— 1, æ­¥éª¤ 5/6
2025-07-14 00:18:44 - DEBUG - [server.py:289] - å— 1, æ­¥éª¤ 6/6
2025-07-14 00:18:44 - INFO - [server.py:395] - ç”ŸæˆåGPUå†…å­˜ä½¿ç”¨: 15.35GB
2025-07-14 00:18:44 - INFO - [server.py:397] - ç”Ÿæˆå®Œæˆ!
2025-07-14 00:18:44 - INFO - [server.py:398] - å“åº”æ–‡æœ¬é•¿åº¦: 22
2025-07-14 00:18:44 - INFO - [server.py:399] - å¯è§†åŒ–æ­¥éª¤æ•°: 7
2025-07-14 00:18:44 - INFO - [server.py:400] - ç”Ÿæˆè€—æ—¶: 0.32ç§’
2025-07-14 00:18:44 - DEBUG - [server.py:401] - ç”Ÿæˆçš„å“åº”æ–‡æœ¬:  ä»Šå¤© çš„ å¤©æ°” å¾ˆå¥½ï¼Œé˜³å…‰æ˜åªšï¼Œæ°”æ¸©é€‚å®œã€‚
2025-07-14 00:18:44 - INFO - [server.py:402] - ============================================================
2025-07-14 00:18:44 - INFO - [server.py:474] - [req_1752423523751] ç”ŸæˆæˆåŠŸ!
2025-07-14 00:18:44 - INFO - [server.py:475] - [req_1752423523751] å“åº”é•¿åº¦: 22
2025-07-14 00:18:44 - INFO - [server.py:476] - [req_1752423523751] å¯è§†åŒ–æ­¥éª¤: 7
2025-07-14 00:18:44 - INFO - [server.py:477] - [req_1752423523751] æ€»è€—æ—¶: 0.32ç§’
2025-07-14 00:18:44 - DEBUG - [server.py:478] - [req_1752423523751] å“åº”æ–‡æœ¬:  ä»Šå¤© çš„ å¤©æ°” å¾ˆå¥½ï¼Œé˜³å…‰æ˜åªšï¼Œæ°”æ¸©é€‚å®œã€‚
2025-07-14 00:18:44 - INFO - [server.py:92] - å‘é€å“åº”: {
  "status_code": 200,
  "content_length": 2097,
  "content_type": "application/json",
  "timestamp": "2025-07-14T00:18:44.076021"
}
2025-07-14 00:18:44 - INFO - [_internal.py:97] - 127.0.0.1 - - [14/Jul/2025 00:18:44] "POST /generate HTTP/1.1" 200 -
2025-07-14 00:19:00 - INFO - [server.py:73] - æ”¶åˆ°è¯·æ±‚: {
  "method": "GET",
  "url": "http://localhost:9000/health",
  "remote_addr": "127.0.0.1",
  "user_agent": "Mozilla/5.0 (Windows NT 10.0; Win64; x64) AppleWebKit/537.36 (KHTML, like Gecko) Chrome/138.0.0.0 Safari/537.36 Edg/138.0.0.0",
  "timestamp": "2025-07-14T00:19:00.636454"
}
2025-07-14 00:19:00 - INFO - [server.py:92] - å‘é€å“åº”: {
  "status_code": 200,
  "content_length": 37,
  "content_type": "application/json",
  "timestamp": "2025-07-14T00:19:00.637323",
  "response_body": "{\"device\":\"cuda\",\"status\":\"healthy\"}\n"
}
2025-07-14 00:19:00 - INFO - [_internal.py:97] - 127.0.0.1 - - [14/Jul/2025 00:19:00] "GET /health HTTP/1.1" 200 -
2025-07-14 00:19:30 - INFO - [server.py:73] - æ”¶åˆ°è¯·æ±‚: {
  "method": "GET",
  "url": "http://localhost:9000/health",
  "remote_addr": "127.0.0.1",
  "user_agent": "Mozilla/5.0 (Windows NT 10.0; Win64; x64) AppleWebKit/537.36 (KHTML, like Gecko) Chrome/138.0.0.0 Safari/537.36 Edg/138.0.0.0",
  "timestamp": "2025-07-14T00:19:30.650721"
}
2025-07-14 00:19:30 - INFO - [server.py:92] - å‘é€å“åº”: {
  "status_code": 200,
  "content_length": 37,
  "content_type": "application/json",
  "timestamp": "2025-07-14T00:19:30.651578",
  "response_body": "{\"device\":\"cuda\",\"status\":\"healthy\"}\n"
}
2025-07-14 00:19:30 - INFO - [_internal.py:97] - 127.0.0.1 - - [14/Jul/2025 00:19:30] "GET /health HTTP/1.1" 200 -
2025-07-14 00:20:00 - INFO - [server.py:73] - æ”¶åˆ°è¯·æ±‚: {
  "method": "GET",
  "url": "http://localhost:9000/health",
  "remote_addr": "127.0.0.1",
  "user_agent": "Mozilla/5.0 (Windows NT 10.0; Win64; x64) AppleWebKit/537.36 (KHTML, like Gecko) Chrome/138.0.0.0 Safari/537.36 Edg/138.0.0.0",
  "timestamp": "2025-07-14T00:20:00.641478"
}
2025-07-14 00:20:00 - INFO - [server.py:92] - å‘é€å“åº”: {
  "status_code": 200,
  "content_length": 37,
  "content_type": "application/json",
  "timestamp": "2025-07-14T00:20:00.641913",
  "response_body": "{\"device\":\"cuda\",\"status\":\"healthy\"}\n"
}
2025-07-14 00:20:00 - INFO - [_internal.py:97] - 127.0.0.1 - - [14/Jul/2025 00:20:00] "GET /health HTTP/1.1" 200 -
2025-07-14 00:20:30 - INFO - [server.py:73] - æ”¶åˆ°è¯·æ±‚: {
  "method": "GET",
  "url": "http://localhost:9000/health",
  "remote_addr": "127.0.0.1",
  "user_agent": "Mozilla/5.0 (Windows NT 10.0; Win64; x64) AppleWebKit/537.36 (KHTML, like Gecko) Chrome/138.0.0.0 Safari/537.36 Edg/138.0.0.0",
  "timestamp": "2025-07-14T00:20:30.670724"
}
2025-07-14 00:20:30 - INFO - [server.py:92] - å‘é€å“åº”: {
  "status_code": 200,
  "content_length": 37,
  "content_type": "application/json",
  "timestamp": "2025-07-14T00:20:30.671586",
  "response_body": "{\"device\":\"cuda\",\"status\":\"healthy\"}\n"
}
2025-07-14 00:20:30 - INFO - [_internal.py:97] - 127.0.0.1 - - [14/Jul/2025 00:20:30] "GET /health HTTP/1.1" 200 -
2025-07-14 00:20:37 - INFO - [server.py:73] - æ”¶åˆ°è¯·æ±‚: {
  "method": "GET",
  "url": "http://localhost:9000/health",
  "remote_addr": "127.0.0.1",
  "user_agent": "Mozilla/5.0 (Windows NT 10.0; Win64; x64) AppleWebKit/537.36 (KHTML, like Gecko) Chrome/138.0.0.0 Safari/537.36 Edg/138.0.0.0",
  "timestamp": "2025-07-14T00:20:37.480095"
}
2025-07-14 00:20:37 - INFO - [server.py:92] - å‘é€å“åº”: {
  "status_code": 200,
  "content_length": 37,
  "content_type": "application/json",
  "timestamp": "2025-07-14T00:20:37.480644",
  "response_body": "{\"device\":\"cuda\",\"status\":\"healthy\"}\n"
}
2025-07-14 00:20:37 - INFO - [_internal.py:97] - 127.0.0.1 - - [14/Jul/2025 00:20:37] "GET /health HTTP/1.1" 200 -
2025-07-14 00:20:37 - INFO - [server.py:73] - æ”¶åˆ°è¯·æ±‚: {
  "method": "GET",
  "url": "http://localhost:9000/health",
  "remote_addr": "127.0.0.1",
  "user_agent": "Mozilla/5.0 (Windows NT 10.0; Win64; x64) AppleWebKit/537.36 (KHTML, like Gecko) Chrome/138.0.0.0 Safari/537.36 Edg/138.0.0.0",
  "timestamp": "2025-07-14T00:20:37.967831"
}
2025-07-14 00:20:37 - INFO - [server.py:92] - å‘é€å“åº”: {
  "status_code": 200,
  "content_length": 37,
  "content_type": "application/json",
  "timestamp": "2025-07-14T00:20:37.968380",
  "response_body": "{\"device\":\"cuda\",\"status\":\"healthy\"}\n"
}
2025-07-14 00:20:37 - INFO - [_internal.py:97] - 127.0.0.1 - - [14/Jul/2025 00:20:37] "GET /health HTTP/1.1" 200 -
2025-07-14 00:20:41 - INFO - [server.py:73] - æ”¶åˆ°è¯·æ±‚: {
  "method": "OPTIONS",
  "url": "http://localhost:9000/generate",
  "remote_addr": "127.0.0.1",
  "user_agent": "Mozilla/5.0 (Windows NT 10.0; Win64; x64) AppleWebKit/537.36 (KHTML, like Gecko) Chrome/138.0.0.0 Safari/537.36 Edg/138.0.0.0",
  "timestamp": "2025-07-14T00:20:41.263483"
}
2025-07-14 00:20:41 - INFO - [server.py:92] - å‘é€å“åº”: {
  "status_code": 200,
  "content_length": null,
  "content_type": "text/html; charset=utf-8",
  "timestamp": "2025-07-14T00:20:41.264285"
}
2025-07-14 00:20:41 - INFO - [_internal.py:97] - 127.0.0.1 - - [14/Jul/2025 00:20:41] "OPTIONS /generate HTTP/1.1" 200 -
2025-07-14 00:20:41 - INFO - [server.py:73] - æ”¶åˆ°è¯·æ±‚: {
  "method": "POST",
  "url": "http://localhost:9000/generate",
  "remote_addr": "127.0.0.1",
  "user_agent": "Mozilla/5.0 (Windows NT 10.0; Win64; x64) AppleWebKit/537.36 (KHTML, like Gecko) Chrome/138.0.0.0 Safari/537.36 Edg/138.0.0.0",
  "timestamp": "2025-07-14T00:20:41.765974",
  "json_data": {
    "messages": [
      {
        "role": "user",
        "content": "ä½ å¥½å—"
      }
    ],
    "settings": {
      "temperature": 0,
      "top_p": 0.95,
      "gen_length": 50,
      "num_beams": 4,
      "steps": 32,
      "cfg_scale": 1,
      "constraints": ""
    }
  }
}
2025-07-14 00:20:41 - INFO - [server.py:443] - [req_1752423641766] æ”¶åˆ°ç”Ÿæˆè¯·æ±‚
2025-07-14 00:20:41 - INFO - [server.py:451] - [req_1752423641766] è¯·æ±‚æ•°æ®è¯¦æƒ…:
2025-07-14 00:20:41 - INFO - [server.py:452] - [req_1752423641766] - æ¶ˆæ¯æ•°é‡: 1
2025-07-14 00:20:41 - INFO - [server.py:453] - [req_1752423641766] - è®¾ç½®å‚æ•°: {
  "temperature": 0,
  "top_p": 0.95,
  "gen_length": 50,
  "num_beams": 4,
  "steps": 32,
  "cfg_scale": 1,
  "constraints": ""
}
2025-07-14 00:20:41 - DEBUG - [server.py:454] - [req_1752423641766] - å®Œæ•´æ¶ˆæ¯åˆ—è¡¨: [
  {
    "role": "user",
    "content": "ä½ å¥½å—"
  }
]
2025-07-14 00:20:41 - INFO - [server.py:465] - [req_1752423641766] å¼€å§‹ç”Ÿæˆå“åº”...
2025-07-14 00:20:41 - INFO - [server.py:201] - ============================================================
2025-07-14 00:20:41 - INFO - [server.py:202] - å¼€å§‹ç”Ÿæˆå“åº”
2025-07-14 00:20:41 - INFO - [server.py:203] - è¾“å…¥æ¶ˆæ¯æ•°é‡: 1
2025-07-14 00:20:41 - INFO - [server.py:205] - æ¶ˆæ¯ 1: è§’è‰²=user, å†…å®¹é•¿åº¦=3
2025-07-14 00:20:41 - DEBUG - [server.py:206] - æ¶ˆæ¯ 1 å†…å®¹: ä½ å¥½å—
2025-07-14 00:20:41 - INFO - [server.py:208] - è®¾ç½®å‚æ•°: {
  "temperature": 0,
  "top_p": 0.95,
  "gen_length": 50,
  "num_beams": 4,
  "steps": 32,
  "cfg_scale": 1,
  "constraints": ""
}
2025-07-14 00:20:41 - INFO - [server.py:220] - è§£æåçš„çº¦æŸ: {}
2025-07-14 00:20:41 - INFO - [server.py:225] - ç”Ÿæˆå‰GPUå†…å­˜ä½¿ç”¨: 14.94GB
2025-07-14 00:20:41 - INFO - [server.py:228] - å‡†å¤‡è¾“å…¥prompt...
2025-07-14 00:20:41 - DEBUG - [server.py:230] - æ ¼å¼åŒ–åçš„chatè¾“å…¥: <|startoftext|><|start_header_id|>user<|end_header_id|>

ä½ å¥½å—<|eot_id|><|start_header_id|>assistant<|end_header_id|>


2025-07-14 00:20:41 - INFO - [server.py:234] - è¾“å…¥tokenæ•°é‡: 15
2025-07-14 00:20:41 - INFO - [server.py:241] - åºåˆ—æ€»é•¿åº¦: 65, prompté•¿åº¦: 15, ç”Ÿæˆé•¿åº¦: 50
2025-07-14 00:20:41 - INFO - [server.py:250] - åº”ç”¨çº¦æŸæ•°é‡: 0
2025-07-14 00:20:41 - INFO - [server.py:270] - å—å¤„ç†é…ç½®: å—é•¿åº¦=32, å—æ•°é‡=2, æ¯å—æ­¥æ•°=16
2025-07-14 00:20:41 - INFO - [server.py:274] - å¤„ç†ç¬¬ 1/2 å—...
2025-07-14 00:20:41 - DEBUG - [server.py:289] - å— 1, æ­¥éª¤ 1/16
2025-07-14 00:20:41 - DEBUG - [server.py:289] - å— 1, æ­¥éª¤ 2/16
2025-07-14 00:20:41 - DEBUG - [server.py:289] - å— 1, æ­¥éª¤ 3/16
2025-07-14 00:20:41 - DEBUG - [server.py:289] - å— 1, æ­¥éª¤ 4/16
2025-07-14 00:20:42 - DEBUG - [server.py:289] - å— 1, æ­¥éª¤ 5/16
2025-07-14 00:20:42 - DEBUG - [server.py:289] - å— 1, æ­¥éª¤ 6/16
2025-07-14 00:20:42 - DEBUG - [server.py:289] - å— 1, æ­¥éª¤ 7/16
2025-07-14 00:20:42 - DEBUG - [server.py:289] - å— 1, æ­¥éª¤ 8/16
2025-07-14 00:20:42 - DEBUG - [server.py:289] - å— 1, æ­¥éª¤ 9/16
2025-07-14 00:20:42 - DEBUG - [server.py:289] - å— 1, æ­¥éª¤ 10/16
2025-07-14 00:20:42 - DEBUG - [server.py:289] - å— 1, æ­¥éª¤ 11/16
2025-07-14 00:20:42 - DEBUG - [server.py:289] - å— 1, æ­¥éª¤ 12/16
2025-07-14 00:20:42 - DEBUG - [server.py:289] - å— 1, æ­¥éª¤ 13/16
2025-07-14 00:20:42 - DEBUG - [server.py:289] - å— 1, æ­¥éª¤ 14/16
2025-07-14 00:20:42 - DEBUG - [server.py:289] - å— 1, æ­¥éª¤ 15/16
2025-07-14 00:20:42 - DEBUG - [server.py:289] - å— 1, æ­¥éª¤ 16/16
2025-07-14 00:20:42 - INFO - [server.py:274] - å¤„ç†ç¬¬ 2/2 å—...
2025-07-14 00:20:42 - DEBUG - [server.py:289] - å— 2, æ­¥éª¤ 1/16
2025-07-14 00:20:42 - DEBUG - [server.py:289] - å— 2, æ­¥éª¤ 2/16
2025-07-14 00:20:42 - DEBUG - [server.py:289] - å— 2, æ­¥éª¤ 3/16
2025-07-14 00:20:42 - DEBUG - [server.py:289] - å— 2, æ­¥éª¤ 4/16
2025-07-14 00:20:42 - DEBUG - [server.py:289] - å— 2, æ­¥éª¤ 5/16
2025-07-14 00:20:42 - DEBUG - [server.py:289] - å— 2, æ­¥éª¤ 6/16
2025-07-14 00:20:42 - DEBUG - [server.py:289] - å— 2, æ­¥éª¤ 7/16
2025-07-14 00:20:42 - DEBUG - [server.py:289] - å— 2, æ­¥éª¤ 8/16
2025-07-14 00:20:42 - DEBUG - [server.py:289] - å— 2, æ­¥éª¤ 9/16
2025-07-14 00:20:42 - DEBUG - [server.py:289] - å— 2, æ­¥éª¤ 10/16
2025-07-14 00:20:42 - DEBUG - [server.py:289] - å— 2, æ­¥éª¤ 11/16
2025-07-14 00:20:43 - DEBUG - [server.py:289] - å— 2, æ­¥éª¤ 12/16
2025-07-14 00:20:43 - DEBUG - [server.py:289] - å— 2, æ­¥éª¤ 13/16
2025-07-14 00:20:43 - DEBUG - [server.py:289] - å— 2, æ­¥éª¤ 14/16
2025-07-14 00:20:43 - DEBUG - [server.py:289] - å— 2, æ­¥éª¤ 15/16
2025-07-14 00:20:43 - DEBUG - [server.py:289] - å— 2, æ­¥éª¤ 16/16
2025-07-14 00:20:43 - INFO - [server.py:395] - ç”ŸæˆåGPUå†…å­˜ä½¿ç”¨: 16.68GB
2025-07-14 00:20:43 - INFO - [server.py:397] - ç”Ÿæˆå®Œæˆ!
2025-07-14 00:20:43 - INFO - [server.py:398] - å“åº”æ–‡æœ¬é•¿åº¦: 14
2025-07-14 00:20:43 - INFO - [server.py:399] - å¯è§†åŒ–æ­¥éª¤æ•°: 33
2025-07-14 00:20:43 - INFO - [server.py:400] - ç”Ÿæˆè€—æ—¶: 1.45ç§’
2025-07-14 00:20:43 - DEBUG - [server.py:401] - ç”Ÿæˆçš„å“åº”æ–‡æœ¬: ä½ å¥½ï¼æœ‰ä»€ä¹ˆæˆ‘å¯ä»¥å¸®ä½ çš„å—ï¼Ÿ
2025-07-14 00:20:43 - INFO - [server.py:402] - ============================================================
2025-07-14 00:20:43 - INFO - [server.py:474] - [req_1752423641766] ç”ŸæˆæˆåŠŸ!
2025-07-14 00:20:43 - INFO - [server.py:475] - [req_1752423641766] å“åº”é•¿åº¦: 14
2025-07-14 00:20:43 - INFO - [server.py:476] - [req_1752423641766] å¯è§†åŒ–æ­¥éª¤: 33
2025-07-14 00:20:43 - INFO - [server.py:477] - [req_1752423641766] æ€»è€—æ—¶: 1.45ç§’
2025-07-14 00:20:43 - DEBUG - [server.py:478] - [req_1752423641766] å“åº”æ–‡æœ¬: ä½ å¥½ï¼æœ‰ä»€ä¹ˆæˆ‘å¯ä»¥å¸®ä½ çš„å—ï¼Ÿ
2025-07-14 00:20:43 - INFO - [server.py:92] - å‘é€å“åº”: {
  "status_code": 200,
  "content_length": 30909,
  "content_type": "application/json",
  "timestamp": "2025-07-14T00:20:43.219359"
}
2025-07-14 00:20:43 - INFO - [_internal.py:97] - 127.0.0.1 - - [14/Jul/2025 00:20:43] "POST /generate HTTP/1.1" 200 -
