2025-07-13 20:16:08 - INFO - 开始启动流程...
2025-07-13 20:16:08 - INFO - 检查Python环境...
2025-07-13 20:16:08 - SUCCESS - Python版本: 3.12
2025-07-13 20:16:08 - INFO - 检查Node.js环境...
2025-07-13 20:16:08 - SUCCESS - Node.js版本: v22.17.0, npm版本: 10.9.2
2025-07-13 20:16:08 - INFO - 检查模型文件...
2025-07-13 20:16:08 - SUCCESS - 模型目录存在，包含 16 个文件
2025-07-13 20:16:08 - INFO - 检查Python依赖...
2025-07-13 20:16:11 - SUCCESS - Python依赖已满足
2025-07-13 20:16:11 - INFO - 检查Node.js依赖...
2025-07-13 20:16:11 - SUCCESS - Node.js依赖已存在
2025-07-13 20:16:11 - INFO - 启动后端服务...
2025-07-13 20:16:13 - INFO - 启动后端服务，日志保存到: logs/session_20250713_201608/backend.log
2025-07-13 20:16:13 - INFO - 后端服务 PID: 5508 (日志会话: 20250713_201608)
2025-07-13 20:16:13 - INFO - 等待后端服务启动...
2025-07-13 20:16:20 - SUCCESS - 后端服务启动成功 (PID: 5508)
2025-07-13 20:16:20 - INFO - 后端日志路径: logs/session_20250713_201608/backend.log
2025-07-13 20:16:20 - INFO - 启动前端服务...
2025-07-13 20:16:20 - INFO - 启动前端服务，日志保存到: logs/session_20250713_201608/frontend.log
2025-07-13 20:16:20 - INFO - 前端服务 PID: 5625 (日志会话: 20250713_201608)
2025-07-13 20:16:20 - INFO - 等待前端服务启动...
2025-07-13 20:16:22 - SUCCESS - 前端服务启动成功 (PID: 5625)
2025-07-13 20:16:22 - INFO - 前端访问地址: http://localhost:3000
2025-07-13 20:16:22 - INFO - 前端日志路径: logs/session_20250713_201608/frontend.log
2025-07-13 20:16:22 - INFO - 运行基本测试...
2025-07-13 20:16:22 - INFO - 测试后端API...
2025-07-13 20:16:28 - SUCCESS - 后端API测试通过
2025-07-13 20:16:28 - SUCCESS - 前端界面: http://localhost:3000
2025-07-13 20:16:28 - SUCCESS - 后端API:  http://localhost:9000
2025-07-13 20:16:28 - SUCCESS - 健康检查: http://localhost:9000/health
2025-07-13 20:16:28 - INFO - 系统正在运行，实时日志追踪: tail -f backend.log frontend.log
2025-07-13 20:16:28 - INFO - 系统运行中，按 Ctrl+C 停止...
2025-07-13 20:33:34 - INFO - 正在停止服务...
2025-07-13 20:33:34 - INFO - 后端服务已停止
2025-07-13 20:33:34 - INFO - 前端服务已停止
2025-07-13 20:33:34 - SUCCESS - 所有服务已停止！
2025-07-13 20:33:34 - ERROR - 前端服务已停止
2025-07-13 20:33:34 - ERROR - 前端服务已停止
2025-07-13 20:33:34 - INFO - 正在停止服务...
2025-07-13 20:33:34 - INFO - 后端服务已停止
2025-07-13 20:33:34 - INFO - 前端服务已停止
2025-07-13 20:33:34 - SUCCESS - 所有服务已停止！
