=== LLaDA 系统日志 ===
启动时间: Mon Jul 14 01:06:24 CST 2025
日志会话: 20250714_010623
系统信息: Linux autodl-container-29e34aa8c9-8240387a 5.15.0-78-generic #85-Ubuntu SMP Fri Jul 7 15:25:09 UTC 2023 x86_64 x86_64 x86_64 GNU/Linux
内存信息:                total        used        free      shared  buff/cache   available
Mem:           1.0Ti        73Gi        60Gi       1.3Gi       873Gi       926Gi
磁盘信息: overlay          30G   20G   11G  66% /
====================

2025-07-14 01:06:24 - SUCCESS - 日志系统设置完成！
2025-07-14 01:06:24 - INFO - 会话目录: logs/session_20250714_010623
2025-07-14 01:06:24 - INFO - 开始启动流程...
2025-07-14 01:06:24 - INFO - 检查Python环境...
2025-07-14 01:06:24 - SUCCESS - Python版本: 3.12
2025-07-14 01:06:24 - INFO - 检查Node.js环境...
2025-07-14 01:06:24 - SUCCESS - Node.js版本: v22.17.0, npm版本: 10.9.2
2025-07-14 01:06:24 - INFO - 检查模型文件...
2025-07-14 01:06:24 - SUCCESS - 模型目录存在，包含 16 个文件
2025-07-14 01:06:24 - INFO - 检查Python依赖...
2025-07-14 01:06:28 - SUCCESS - Python依赖已满足
2025-07-14 01:06:28 - INFO - 检查Node.js依赖...
2025-07-14 01:06:28 - SUCCESS - Node.js依赖已存在
2025-07-14 01:06:28 - INFO - 启动后端服务...
2025-07-14 01:06:28 - INFO - 启动后端服务，日志保存到: logs/session_20250714_010623/backend.log
2025-07-14 01:06:28 - INFO - 后端服务 PID: 9404 (日志会话: 20250714_010623)
2025-07-14 01:06:28 - INFO - 等待后端服务启动...
2025-07-14 01:06:29 - INFO - 正在停止服务...
2025-07-14 01:06:30 - SUCCESS - 后端服务已停止
2025-07-14 01:06:30 - INFO - 前端服务PID为空
2025-07-14 01:06:30 - SUCCESS - 所有服务已停止！
2025-07-14 01:06:58 - ERROR - 后端服务启动失败或超时
2025-07-14 01:06:58 - ERROR - 检查后端日志: tail -20 'logs/session_20250714_010623/backend.log'
2025-07-14 01:06:58 - INFO - 启动前端服务...
2025-07-14 01:06:59 - INFO - 启动前端服务，日志保存到: logs/session_20250714_010623/frontend.log
2025-07-14 01:06:59 - INFO - 前端服务 PID: 9781 (日志会话: 20250714_010623)
2025-07-14 01:06:59 - INFO - 等待前端服务启动...
2025-07-14 01:07:01 - SUCCESS - 前端服务启动成功 (PID: 9781)
2025-07-14 01:07:01 - INFO - 前端访问地址: http://localhost:3000
2025-07-14 01:07:01 - INFO - 前端日志路径: logs/session_20250714_010623/frontend.log
2025-07-14 01:07:01 - INFO - 运行基本测试...
2025-07-14 01:07:01 - INFO - 测试后端API...
2025-07-14 01:07:06 - WARNING - 后端API测试失败，但继续启动
2025-07-14 01:07:06 - SUCCESS - 前端界面: http://localhost:3000
2025-07-14 01:07:06 - SUCCESS - 后端API:  http://localhost:9000
2025-07-14 01:07:06 - SUCCESS - 健康检查: http://localhost:9000/health
2025-07-14 01:07:06 - INFO - 系统正在运行，实时日志追踪: tail -f backend.log frontend.log
2025-07-14 01:07:06 - INFO - 系统运行中，按 Ctrl+C 停止...
