=== LLaDA 前端服务日志 ===
启动时间: Sun Jul 13 22:01:20 CST 2025
日志会话: 20250713_220105
Node版本: v22.17.0
NPM版本: 10.9.2
工作目录: /root/LLaDA-main/lldm
环境变量:
  BROWSER=none
  CI=true
  REACT_APP_LOG_LEVEL=debug
==========================


> lldm-chat@1.0.0 start
> react-scripts start

(node:15828) [DEP_WEBPACK_DEV_SERVER_ON_AFTER_SETUP_MIDDLEWARE] DeprecationWarning: 'onAfterSetupMiddleware' option is deprecated. Please use the 'setupMiddlewares' option.
(Use `node --trace-deprecation ...` to show where the warning was created)
(node:15828) [DEP_WEBPACK_DEV_SERVER_ON_BEFORE_SETUP_MIDDLEWARE] DeprecationWarning: 'onBeforeSetupMiddleware' option is deprecated. Please use the 'setupMiddlewares' option.
Starting the development server...

Compiled successfully!

You can now view lldm-chat in the browser.

  Local:            http://localhost:3000
  On Your Network:  http://172.17.0.3:3000

Note that the development build is not optimized.
To create a production build, use npm run build.

webpack compiled successfully
Failed to compile.

Module not found: Error: Can't resolve './App.css' in '/root/LLaDA-main/lldm/src'
ERROR in ./src/App.js 7:0-19
Module not found: Error: Can't resolve './App.css' in '/root/LLaDA-main/lldm/src'

webpack compiled with 1 error
Compiling...
Compiled successfully!
webpack compiled successfully
Failed to compile.

Module not found: Error: Can't resolve './index.css' in '/root/LLaDA-main/lldm/src'
ERROR in ./src/index.js 6:0-21
Module not found: Error: Can't resolve './index.css' in '/root/LLaDA-main/lldm/src'

webpack compiled with 1 error
Compiling...
Compiled successfully!
webpack compiled successfully
Failed to compile.

Module not found: Error: Can't resolve './TestComponent' in '/root/LLaDA-main/lldm/src'
ERROR in ./src/App.js 5:0-44
Module not found: Error: Can't resolve './TestComponent' in '/root/LLaDA-main/lldm/src'

webpack compiled with 1 error
Compiling...
Failed to compile.

Module not found: Error: Can't resolve './style/App.css' in '/root/LLaDA-main/lldm/src'
ERROR in ./src/App.js 6:0-25
Module not found: Error: Can't resolve './style/App.css' in '/root/LLaDA-main/lldm/src'

webpack compiled with 1 error
Compiling...
Failed to compile.

Module not found: Error: Can't resolve './TestComponent' in '/root/LLaDA-main/lldm/src'
ERROR in ./src/App.js 5:0-44
Module not found: Error: Can't resolve './TestComponent' in '/root/LLaDA-main/lldm/src'

ERROR in ./src/App.js 7:0-25
Module not found: Error: Can't resolve './style/App.css' in '/root/LLaDA-main/lldm/src'

webpack compiled with 2 errors
Compiling...
Failed to compile.

Module not found: Error: Can't resolve './style/App.css' in '/root/LLaDA-main/lldm/src'
ERROR in ./src/App.js 7:0-25
Module not found: Error: Can't resolve './style/App.css' in '/root/LLaDA-main/lldm/src'

webpack compiled with 1 error
Compiling...
Failed to compile.

Module not found: Error: Can't resolve './style/App.css' in '/root/LLaDA-main/lldm/src'
ERROR in ./src/App.js 7:0-25
Module not found: Error: Can't resolve './style/App.css' in '/root/LLaDA-main/lldm/src'

webpack compiled with 1 error
Compiling...
Compiled successfully!
webpack compiled successfully
Failed to compile.

Module not found: Error: Can't resolve './TestComponent' in '/root/LLaDA-main/lldm/src'
ERROR in ./src/App.js 5:0-44
Module not found: Error: Can't resolve './TestComponent' in '/root/LLaDA-main/lldm/src'

webpack compiled with 1 error
Compiling...
Compiled successfully!
webpack compiled successfully
Compiling...
Compiled successfully!
webpack compiled successfully
Compiling...
Compiled successfully!
webpack compiled successfully
Compiling...
Compiled successfully!
webpack compiled successfully
Compiling...
Compiled successfully!
webpack compiled successfully
