=== LLaDA 系统日志 ===
启动时间: Sun Jul 13 22:01:07 CST 2025
日志会话: 20250713_220105
系统信息: Linux autodl-container-29e34aa8c9-8240387a 5.15.0-78-generic #85-Ubuntu SMP Fri Jul 7 15:25:09 UTC 2023 x86_64 x86_64 x86_64 GNU/Linux
内存信息:                total        used        free      shared  buff/cache   available
Mem:           1.0Ti        80Gi        91Gi       1.2Gi       835Gi       919Gi
磁盘信息: overlay          30G   20G   11G  65% /
====================

2025-07-13 22:01:07 - INFO - 开始启动流程...
2025-07-13 22:01:07 - INFO - 检查Python环境...
2025-07-13 22:01:07 - SUCCESS - Python版本: 3.12
2025-07-13 22:01:07 - INFO - 检查Node.js环境...
2025-07-13 22:01:07 - SUCCESS - Node.js版本: v22.17.0, npm版本: 10.9.2
2025-07-13 22:01:07 - INFO - 检查模型文件...
2025-07-13 22:01:07 - SUCCESS - 模型目录存在，包含 16 个文件
2025-07-13 22:01:07 - INFO - 检查Python依赖...
2025-07-13 22:01:10 - SUCCESS - Python依赖已满足
2025-07-13 22:01:10 - INFO - 检查Node.js依赖...
2025-07-13 22:01:10 - SUCCESS - Node.js依赖已存在
2025-07-13 22:01:10 - INFO - 启动后端服务...
2025-07-13 22:01:12 - INFO - 启动后端服务，日志保存到: logs/session_20250713_220105/backend.log
2025-07-13 22:01:12 - INFO - 后端服务 PID: 15693 (日志会话: 20250713_220105)
2025-07-13 22:01:12 - INFO - 等待后端服务启动...
2025-07-13 22:01:20 - SUCCESS - 后端服务启动成功 (PID: 15693)
2025-07-13 22:01:20 - INFO - 后端日志路径: logs/session_20250713_220105/backend.log
2025-07-13 22:01:20 - INFO - 启动前端服务...
2025-07-13 22:01:20 - INFO - 启动前端服务，日志保存到: logs/session_20250713_220105/frontend.log
2025-07-13 22:01:20 - INFO - 前端服务 PID: 15805 (日志会话: 20250713_220105)
2025-07-13 22:01:20 - INFO - 等待前端服务启动...
2025-07-13 22:01:22 - SUCCESS - 前端服务启动成功 (PID: 15805)
2025-07-13 22:01:22 - INFO - 前端访问地址: http://localhost:3000
2025-07-13 22:01:22 - INFO - 前端日志路径: logs/session_20250713_220105/frontend.log
2025-07-13 22:01:22 - INFO - 运行基本测试...
2025-07-13 22:01:22 - INFO - 测试后端API...
2025-07-13 22:01:29 - SUCCESS - 后端API测试通过
2025-07-13 22:01:29 - SUCCESS - 前端界面: http://localhost:3000
2025-07-13 22:01:29 - SUCCESS - 后端API:  http://localhost:9000
2025-07-13 22:01:29 - SUCCESS - 健康检查: http://localhost:9000/health
2025-07-13 22:01:29 - INFO - 系统正在运行，实时日志追踪: tail -f backend.log frontend.log
2025-07-13 22:01:29 - INFO - 系统运行中，按 Ctrl+C 停止...
2025-07-13 22:56:59 - INFO - 正在停止服务...
2025-07-13 22:56:59 - INFO - 后端服务已停止
2025-07-13 22:56:59 - INFO - 前端服务已停止
2025-07-13 22:56:59 - SUCCESS - 所有服务已停止！
2025-07-13 22:56:59 - ERROR - 前端服务已停止
2025-07-13 22:56:59 - INFO - 正在停止服务...
2025-07-13 22:56:59 - INFO - 后端服务已停止
2025-07-13 22:56:59 - INFO - 前端服务已停止
2025-07-13 22:56:59 - SUCCESS - 所有服务已停止！
